#
# There is insufficient memory for the Java Runtime Environment to continue.
# Native memory allocation (mmap) failed to map 82837504 bytes for G1 virtual space
# Possible reasons:
#   The system is out of physical RAM or swap space
#   The process is running with CompressedOops enabled, and the Java Heap may be blocking the growth of the native heap
# Possible solutions:
#   Reduce memory load on the system
#   Increase physical memory or swap space
#   Check if swap backing store is full
#   Decrease Java heap size (-Xmx/-Xms)
#   Decrease number of Java threads
#   Decrease Java thread stack sizes (-Xss)
#   Set larger code cache with -XX:ReservedCodeCacheSize=
#   JVM is running with Unscaled Compressed Oops mode in which the Java heap is
#     placed in the first 4GB address space. The Java Heap base address is the
#     maximum limit for the native heap growth. Please use -XX:HeapBaseMinAddress
#     to set the Java Heap base and to place the Java Heap above 4GB virtual address.
# This output file may be truncated or incomplete.
#
#  Out of Memory Error (os_windows.cpp:3769), pid=11136, tid=12924
#
# JRE version: OpenJDK Runtime Environment (17.0.6) (build 17.0.6+0-b2043.56-10027231)
# Java VM: OpenJDK 64-Bit Server VM (17.0.6+0-b2043.56-10027231, mixed mode, tiered, compressed oops, compressed class ptrs, g1 gc, windows-amd64)
# No core dump will be written. Minidumps are not enabled by default on client versions of Windows
#

---------------  S U M M A R Y ------------

Command Line: --add-opens=java.base/java.util=ALL-UNNAMED --add-opens=java.base/java.lang=ALL-UNNAMED --add-opens=java.base/java.lang.invoke=ALL-UNNAMED --add-opens=java.prefs/java.util.prefs=ALL-UNNAMED --add-opens=java.base/java.nio.charset=ALL-UNNAMED --add-opens=java.base/java.net=ALL-UNNAMED --add-opens=java.base/java.util.concurrent.atomic=ALL-UNNAMED -Xmx2048m -Dfile.encoding=UTF-8 -Duser.country=FR -Duser.language=fr -Duser.variant org.gradle.launcher.daemon.bootstrap.GradleDaemon 8.0

Host: Intel(R) Core(TM) i7-8565U CPU @ 1.80GHz, 8 cores, 15G,  Windows 11 , 64 bit Build 22621 (10.0.22621.2428)
Time: Wed Oct 25 21:25:49 2023 Maroc (heure d64 bit Build 22621 (10.0.22621.2428) elapsed time: 8.653266 seconds (0d 0h 0m 8s)

---------------  T H R E A D  ---------------

Current thread (0x000002667ffae330):  VMThread "VM Thread" [stack: 0x0000009a37a00000,0x0000009a37b00000] [id=12924]

Stack: [0x0000009a37a00000,0x0000009a37b00000]
Native frames: (J=compiled Java code, j=interpreted, Vv=VM code, C=native code)
V  [jvm.dll+0x683c9a]
V  [jvm.dll+0x8427a4]
V  [jvm.dll+0x843f9e]
V  [jvm.dll+0x844603]
V  [jvm.dll+0x249b75]
V  [jvm.dll+0x680b69]
V  [jvm.dll+0x67505a]
V  [jvm.dll+0x309acb]
V  [jvm.dll+0x310f86]
V  [jvm.dll+0x3608ee]
V  [jvm.dll+0x360b1f]
V  [jvm.dll+0x2dfbf8]
V  [jvm.dll+0x2ddec4]
V  [jvm.dll+0x2dd4cc]
V  [jvm.dll+0x321f3b]
V  [jvm.dll+0x848ccb]
V  [jvm.dll+0x849a04]
V  [jvm.dll+0x849f1d]
V  [jvm.dll+0x84a2f4]
V  [jvm.dll+0x84a3c0]
V  [jvm.dll+0x7f274a]
V  [jvm.dll+0x682ad5]
C  [ucrtbase.dll+0x29363]
C  [KERNEL32.DLL+0x1257d]
C  [ntdll.dll+0x5aa78]

VM_Operation (0x0000009a394f39f0): G1CollectForAllocation, mode: safepoint, requested by thread 0x00000266168cebc0


---------------  P R O C E S S  ---------------

Threads class SMR info:
_java_thread_list=0x00000266173e3ab0, length=127, elements={
0x000002667911a800, 0x0000026613854260, 0x0000026613855e80, 0x0000026613896f40,
0x0000026613897900, 0x00000266138984b0, 0x000002661389ae70, 0x000002661389bb50,
0x000002661389cd90, 0x000002661389f790, 0x0000026613a22350, 0x0000026613a28c40,
0x0000026616e04800, 0x000002661537de60, 0x0000026616251f10, 0x0000026615426540,
0x0000026615100c40, 0x0000026616ba0730, 0x00000266168cebc0, 0x0000026613a8d7e0,
0x0000026613a8bb00, 0x0000026613a8ce40, 0x0000026613a89e20, 0x0000026613a8b160,
0x0000026613a8bfd0, 0x0000026613a8c970, 0x0000026613a8ac90, 0x0000026613a8a2f0,
0x0000026613a8c4a0, 0x0000026613a8a7c0, 0x0000026616c92250, 0x0000026616c8fbd0,
0x0000026616c918b0, 0x0000026616c92720, 0x0000026616c90a40, 0x0000026616c91d80,
0x0000026616c93a60, 0x0000026616c93590, 0x0000026616c94400, 0x0000026616c92bf0,
0x0000026616c93f30, 0x0000026616c8d550, 0x0000026616c8da20, 0x0000026616c8f700,
0x0000026616c90570, 0x0000026616c8def0, 0x0000026616c8ed60, 0x0000026616c900a0,
0x0000026616c90f10, 0x0000026616c913e0, 0x00000266192468c0, 0x0000026619240880,
0x0000026619244be0, 0x0000026619243d70, 0x000002661923fee0, 0x0000026619241220,
0x00000266192463f0, 0x0000026619244710, 0x00000266192438a0, 0x0000026619246d90,
0x0000026619240d50, 0x00000266192416f0, 0x0000026619244240, 0x0000026619247260,
0x00000266192450b0, 0x0000026619242f00, 0x00000266192403b0, 0x0000026619245580,
0x0000026619245a50, 0x0000026619242090, 0x0000026619245f20, 0x000002661923fa10,
0x0000026619241bc0, 0x0000026619242560, 0x0000026619242a30, 0x00000266192433d0,
0x000002661a8a0030, 0x000002661a8a09d0, 0x000002661a89ecf0, 0x000002661a89c1a0,
0x000002661a89e350, 0x000002661a89bcd0, 0x000002661a8a1840, 0x000002661a899ff0,
0x000002661a89d4e0, 0x000002661a89f1c0, 0x000002661a89de80, 0x000002661a8a0500,
0x000002661a89f690, 0x000002661a89c670, 0x000002661a89fb60, 0x000002661a8a0ea0,
0x000002661a89b800, 0x000002661a89d9b0, 0x000002661a89b330, 0x000002661a89e820,
0x000002661a89cb40, 0x000002661a8a1370, 0x000002661a89ae60, 0x000002661a89d010,
0x000002661a89a4c0, 0x000002661a89a990, 0x000002661a3584b0, 0x000002661a353c80,
0x000002661a351fa0, 0x000002661a354620, 0x000002661a3532e0, 0x000002661a356300,
0x000002661a355960, 0x000002661a3567d0, 0x000002661a352470, 0x000002661a3537b0,
0x000002661a354150, 0x000002661a357640, 0x000002661a354af0, 0x000002661a357170,
0x000002661a356ca0, 0x000002661a354fc0, 0x000002661a357b10, 0x000002661a355490,
0x000002661a355e30, 0x000002661a358e50, 0x000002661a357fe0, 0x000002661a3597f0,
0x000002661a359320, 0x000002661e538280, 0x0000026616e23040
}

Java Threads: ( => current thread )
  0x000002667911a800 JavaThread "main" [_thread_blocked, id=12864, stack(0x0000009a37400000,0x0000009a37500000)]
  0x0000026613854260 JavaThread "Reference Handler" daemon [_thread_blocked, id=1072, stack(0x0000009a37b00000,0x0000009a37c00000)]
  0x0000026613855e80 JavaThread "Finalizer" daemon [_thread_blocked, id=15336, stack(0x0000009a37c00000,0x0000009a37d00000)]
  0x0000026613896f40 JavaThread "Signal Dispatcher" daemon [_thread_blocked, id=19876, stack(0x0000009a37d00000,0x0000009a37e00000)]
  0x0000026613897900 JavaThread "Attach Listener" daemon [_thread_blocked, id=19556, stack(0x0000009a37e00000,0x0000009a37f00000)]
  0x00000266138984b0 JavaThread "Service Thread" daemon [_thread_blocked, id=10488, stack(0x0000009a37f00000,0x0000009a38000000)]
  0x000002661389ae70 JavaThread "Monitor Deflation Thread" daemon [_thread_blocked, id=8508, stack(0x0000009a38000000,0x0000009a38100000)]
  0x000002661389bb50 JavaThread "C2 CompilerThread0" daemon [_thread_blocked, id=4140, stack(0x0000009a38100000,0x0000009a38200000)]
  0x000002661389cd90 JavaThread "C1 CompilerThread0" daemon [_thread_blocked, id=4980, stack(0x0000009a38200000,0x0000009a38300000)]
  0x000002661389f790 JavaThread "Sweeper thread" daemon [_thread_blocked, id=10028, stack(0x0000009a38300000,0x0000009a38400000)]
  0x0000026613a22350 JavaThread "Common-Cleaner" daemon [_thread_blocked, id=4896, stack(0x0000009a38400000,0x0000009a38500000)]
  0x0000026613a28c40 JavaThread "Notification Thread" daemon [_thread_blocked, id=17812, stack(0x0000009a38500000,0x0000009a38600000)]
  0x0000026616e04800 JavaThread "Daemon health stats" [_thread_blocked, id=8156, stack(0x0000009a38e00000,0x0000009a38f00000)]
  0x000002661537de60 JavaThread "Incoming local TCP Connector on port 52128" [_thread_in_native, id=12348, stack(0x0000009a38f00000,0x0000009a39000000)]
  0x0000026616251f10 JavaThread "Daemon periodic checks" [_thread_blocked, id=16804, stack(0x0000009a39000000,0x0000009a39100000)]
  0x0000026615426540 JavaThread "Daemon" [_thread_blocked, id=9396, stack(0x0000009a39100000,0x0000009a39200000)]
  0x0000026615100c40 JavaThread "Handler for socket connection from /127.0.0.1:52128 to /127.0.0.1:52129" [_thread_in_native, id=21028, stack(0x0000009a39200000,0x0000009a39300000)]
  0x0000026616ba0730 JavaThread "Cancel handler" [_thread_blocked, id=12028, stack(0x0000009a39300000,0x0000009a39400000)]
  0x00000266168cebc0 JavaThread "Daemon worker" [_thread_blocked, id=11528, stack(0x0000009a39400000,0x0000009a39500000)]
  0x0000026613a8d7e0 JavaThread "Asynchronous log dispatcher for DefaultDaemonConnection: socket connection from /127.0.0.1:52128 to /127.0.0.1:52129" [_thread_blocked, id=11496, stack(0x0000009a39500000,0x0000009a39600000)]
  0x0000026613a8bb00 JavaThread "Stdin handler" [_thread_blocked, id=18440, stack(0x0000009a39600000,0x0000009a39700000)]
  0x0000026613a8ce40 JavaThread "Daemon client event forwarder" [_thread_blocked, id=19872, stack(0x0000009a39700000,0x0000009a39800000)]
  0x0000026613a89e20 JavaThread "Cache worker for journal cache (C:\Users\hachem safae\.gradle\caches\journal-1)" [_thread_blocked, id=15192, stack(0x0000009a39b00000,0x0000009a39c00000)]
  0x0000026613a8b160 JavaThread "File lock request listener" [_thread_in_native, id=4672, stack(0x0000009a39c00000,0x0000009a39d00000)]
  0x0000026613a8bfd0 JavaThread "Cache worker for file hash cache (C:\Users\hachem safae\.gradle\caches\8.0\fileHashes)" [_thread_blocked, id=10416, stack(0x0000009a39d00000,0x0000009a39e00000)]
  0x0000026613a8c970 JavaThread "File watcher server" daemon [_thread_in_native, id=3312, stack(0x0000009a39e00000,0x0000009a39f00000)]
  0x0000026613a8ac90 JavaThread "File watcher consumer" daemon [_thread_blocked, id=10384, stack(0x0000009a39f00000,0x0000009a3a000000)]
  0x0000026613a8a2f0 JavaThread "jar transforms" [_thread_blocked, id=10812, stack(0x0000009a3a000000,0x0000009a3a100000)]
  0x0000026613a8c4a0 JavaThread "jar transforms Thread 2" [_thread_blocked, id=14828, stack(0x0000009a3a100000,0x0000009a3a200000)]
  0x0000026613a8a7c0 JavaThread "jar transforms Thread 3" [_thread_blocked, id=21444, stack(0x0000009a3a200000,0x0000009a3a300000)]
  0x0000026616c92250 JavaThread "jar transforms Thread 4" [_thread_blocked, id=21480, stack(0x0000009a3a300000,0x0000009a3a400000)]
  0x0000026616c8fbd0 JavaThread "jar transforms Thread 5" [_thread_blocked, id=21344, stack(0x0000009a3a400000,0x0000009a3a500000)]
  0x0000026616c918b0 JavaThread "jar transforms Thread 6" [_thread_blocked, id=11340, stack(0x0000009a3a500000,0x0000009a3a600000)]
  0x0000026616c92720 JavaThread "jar transforms Thread 7" [_thread_blocked, id=16836, stack(0x0000009a3a600000,0x0000009a3a700000)]
  0x0000026616c90a40 JavaThread "jar transforms Thread 8" [_thread_blocked, id=14956, stack(0x0000009a3a700000,0x0000009a3a800000)]
  0x0000026616c91d80 JavaThread "Cache worker for checksums cache (D:\App_Android studio\Tp_Localisation\.gradle\8.0\checksums)" [_thread_blocked, id=19252, stack(0x0000009a3a900000,0x0000009a3aa00000)]
  0x0000026616c93a60 JavaThread "Cache worker for cache directory md-rule (C:\Users\hachem safae\.gradle\caches\8.0\md-rule)" [_thread_blocked, id=16684, stack(0x0000009a3aa00000,0x0000009a3ab00000)]
  0x0000026616c93590 JavaThread "Cache worker for file content cache (C:\Users\hachem safae\.gradle\caches\8.0\fileContent)" [_thread_blocked, id=19312, stack(0x0000009a3ab00000,0x0000009a3ac00000)]
  0x0000026616c94400 JavaThread "Cache worker for file hash cache (D:\App_Android studio\Tp_Localisation\.gradle\8.0\fileHashes)" [_thread_blocked, id=7844, stack(0x0000009a3ac00000,0x0000009a3ad00000)]
  0x0000026616c92bf0 JavaThread "Cache worker for cache directory md-supplier (C:\Users\hachem safae\.gradle\caches\8.0\md-supplier)" [_thread_blocked, id=20960, stack(0x0000009a3ad00000,0x0000009a3ae00000)]
  0x0000026616c93f30 JavaThread "Cache worker for execution history cache (C:\Users\hachem safae\.gradle\caches\8.0\executionHistory)" [_thread_blocked, id=3108, stack(0x0000009a3ae00000,0x0000009a3af00000)]
  0x0000026616c8d550 JavaThread "Cache worker for kotlin-dsl (C:\Users\hachem safae\.gradle\caches\8.0\kotlin-dsl)" [_thread_blocked, id=12204, stack(0x0000009a3af00000,0x0000009a3b000000)]
  0x0000026616c8da20 JavaThread "Cache worker for dependencies-accessors (D:\App_Android studio\Tp_Localisation\.gradle\8.0\dependencies-accessors)" [_thread_blocked, id=2584, stack(0x0000009a3b000000,0x0000009a3b100000)]
  0x0000026616c8f700 JavaThread "Cache worker for Build Output Cleanup Cache (D:\App_Android studio\Tp_Localisation\.gradle\buildOutputCleanup)" [_thread_blocked, id=20832, stack(0x0000009a3b100000,0x0000009a3b200000)]
  0x0000026616c90570 JavaThread "Unconstrained build operations" [_thread_blocked, id=19988, stack(0x0000009a3b200000,0x0000009a3b300000)]
  0x0000026616c8def0 JavaThread "Unconstrained build operations Thread 2" [_thread_blocked, id=18468, stack(0x0000009a3b300000,0x0000009a3b400000)]
  0x0000026616c8ed60 JavaThread "Unconstrained build operations Thread 3" [_thread_blocked, id=19976, stack(0x0000009a3b400000,0x0000009a3b500000)]
  0x0000026616c900a0 JavaThread "Unconstrained build operations Thread 4" [_thread_blocked, id=21280, stack(0x0000009a3b500000,0x0000009a3b600000)]
  0x0000026616c90f10 JavaThread "Unconstrained build operations Thread 5" [_thread_blocked, id=11852, stack(0x0000009a3b600000,0x0000009a3b700000)]
  0x0000026616c913e0 JavaThread "Unconstrained build operations Thread 6" [_thread_blocked, id=17044, stack(0x0000009a3b700000,0x0000009a3b800000)]
  0x00000266192468c0 JavaThread "Unconstrained build operations Thread 7" [_thread_blocked, id=300, stack(0x0000009a3b800000,0x0000009a3b900000)]
  0x0000026619240880 JavaThread "Unconstrained build operations Thread 8" [_thread_blocked, id=19884, stack(0x0000009a3b900000,0x0000009a3ba00000)]
  0x0000026619244be0 JavaThread "Unconstrained build operations Thread 9" [_thread_blocked, id=15856, stack(0x0000009a3ba00000,0x0000009a3bb00000)]
  0x0000026619243d70 JavaThread "Unconstrained build operations Thread 10" [_thread_blocked, id=10064, stack(0x0000009a3bb00000,0x0000009a3bc00000)]
  0x000002661923fee0 JavaThread "Unconstrained build operations Thread 11" [_thread_blocked, id=16992, stack(0x0000009a3bc00000,0x0000009a3bd00000)]
  0x0000026619241220 JavaThread "Unconstrained build operations Thread 12" [_thread_blocked, id=15704, stack(0x0000009a3bd00000,0x0000009a3be00000)]
  0x00000266192463f0 JavaThread "Unconstrained build operations Thread 13" [_thread_blocked, id=16844, stack(0x0000009a3be00000,0x0000009a3bf00000)]
  0x0000026619244710 JavaThread "Unconstrained build operations Thread 14" [_thread_blocked, id=16180, stack(0x0000009a3bf00000,0x0000009a3c000000)]
  0x00000266192438a0 JavaThread "Unconstrained build operations Thread 15" [_thread_blocked, id=3164, stack(0x0000009a3c000000,0x0000009a3c100000)]
  0x0000026619246d90 JavaThread "Unconstrained build operations Thread 16" [_thread_blocked, id=7764, stack(0x0000009a3c100000,0x0000009a3c200000)]
  0x0000026619240d50 JavaThread "Unconstrained build operations Thread 17" [_thread_blocked, id=16520, stack(0x0000009a3c200000,0x0000009a3c300000)]
  0x00000266192416f0 JavaThread "Unconstrained build operations Thread 18" [_thread_blocked, id=10832, stack(0x0000009a3c300000,0x0000009a3c400000)]
  0x0000026619244240 JavaThread "Unconstrained build operations Thread 19" [_thread_blocked, id=1020, stack(0x0000009a3c400000,0x0000009a3c500000)]
  0x0000026619247260 JavaThread "Unconstrained build operations Thread 20" [_thread_blocked, id=13248, stack(0x0000009a3c500000,0x0000009a3c600000)]
  0x00000266192450b0 JavaThread "Unconstrained build operations Thread 21" [_thread_blocked, id=3264, stack(0x0000009a3c600000,0x0000009a3c700000)]
  0x0000026619242f00 JavaThread "Unconstrained build operations Thread 22" [_thread_blocked, id=20996, stack(0x0000009a3c700000,0x0000009a3c800000)]
  0x00000266192403b0 JavaThread "Unconstrained build operations Thread 23" [_thread_blocked, id=14576, stack(0x0000009a3c800000,0x0000009a3c900000)]
  0x0000026619245580 JavaThread "Unconstrained build operations Thread 24" [_thread_blocked, id=21332, stack(0x0000009a3c900000,0x0000009a3ca00000)]
  0x0000026619245a50 JavaThread "Unconstrained build operations Thread 25" [_thread_blocked, id=19920, stack(0x0000009a3ca00000,0x0000009a3cb00000)]
  0x0000026619242090 JavaThread "Unconstrained build operations Thread 26" [_thread_blocked, id=18376, stack(0x0000009a3cb00000,0x0000009a3cc00000)]
  0x0000026619245f20 JavaThread "Unconstrained build operations Thread 27" [_thread_blocked, id=16244, stack(0x0000009a3cc00000,0x0000009a3cd00000)]
  0x000002661923fa10 JavaThread "Unconstrained build operations Thread 28" [_thread_blocked, id=12716, stack(0x0000009a3cd00000,0x0000009a3ce00000)]
  0x0000026619241bc0 JavaThread "Unconstrained build operations Thread 29" [_thread_blocked, id=8260, stack(0x0000009a3ce00000,0x0000009a3cf00000)]
  0x0000026619242560 JavaThread "Unconstrained build operations Thread 30" [_thread_blocked, id=19384, stack(0x0000009a3cf00000,0x0000009a3d000000)]
  0x0000026619242a30 JavaThread "Unconstrained build operations Thread 31" [_thread_blocked, id=6608, stack(0x0000009a3d000000,0x0000009a3d100000)]
  0x00000266192433d0 JavaThread "Unconstrained build operations Thread 32" [_thread_blocked, id=5964, stack(0x0000009a3d100000,0x0000009a3d200000)]
  0x000002661a8a0030 JavaThread "Unconstrained build operations Thread 33" [_thread_blocked, id=5492, stack(0x0000009a3d200000,0x0000009a3d300000)]
  0x000002661a8a09d0 JavaThread "Unconstrained build operations Thread 34" [_thread_blocked, id=19156, stack(0x0000009a3d300000,0x0000009a3d400000)]
  0x000002661a89ecf0 JavaThread "Unconstrained build operations Thread 35" [_thread_blocked, id=9268, stack(0x0000009a3d400000,0x0000009a3d500000)]
  0x000002661a89c1a0 JavaThread "Unconstrained build operations Thread 36" [_thread_blocked, id=14808, stack(0x0000009a3d500000,0x0000009a3d600000)]
  0x000002661a89e350 JavaThread "Unconstrained build operations Thread 37" [_thread_blocked, id=21356, stack(0x0000009a3d600000,0x0000009a3d700000)]
  0x000002661a89bcd0 JavaThread "Unconstrained build operations Thread 38" [_thread_blocked, id=3964, stack(0x0000009a3d700000,0x0000009a3d800000)]
  0x000002661a8a1840 JavaThread "Unconstrained build operations Thread 39" [_thread_blocked, id=12068, stack(0x0000009a3d800000,0x0000009a3d900000)]
  0x000002661a899ff0 JavaThread "Unconstrained build operations Thread 40" [_thread_blocked, id=21396, stack(0x0000009a3d900000,0x0000009a3da00000)]
  0x000002661a89d4e0 JavaThread "Unconstrained build operations Thread 41" [_thread_blocked, id=15456, stack(0x0000009a3da00000,0x0000009a3db00000)]
  0x000002661a89f1c0 JavaThread "Unconstrained build operations Thread 42" [_thread_blocked, id=19464, stack(0x0000009a3db00000,0x0000009a3dc00000)]
  0x000002661a89de80 JavaThread "Unconstrained build operations Thread 43" [_thread_blocked, id=18252, stack(0x0000009a3dc00000,0x0000009a3dd00000)]
  0x000002661a8a0500 JavaThread "Unconstrained build operations Thread 44" [_thread_blocked, id=11972, stack(0x0000009a3dd00000,0x0000009a3de00000)]
  0x000002661a89f690 JavaThread "Unconstrained build operations Thread 45" [_thread_blocked, id=18924, stack(0x0000009a3de00000,0x0000009a3df00000)]
  0x000002661a89c670 JavaThread "Unconstrained build operations Thread 46" [_thread_blocked, id=3104, stack(0x0000009a3df00000,0x0000009a3e000000)]
  0x000002661a89fb60 JavaThread "Unconstrained build operations Thread 47" [_thread_blocked, id=19476, stack(0x0000009a3e000000,0x0000009a3e100000)]
  0x000002661a8a0ea0 JavaThread "Unconstrained build operations Thread 48" [_thread_blocked, id=1208, stack(0x0000009a3e100000,0x0000009a3e200000)]
  0x000002661a89b800 JavaThread "Unconstrained build operations Thread 49" [_thread_blocked, id=8332, stack(0x0000009a3e200000,0x0000009a3e300000)]
  0x000002661a89d9b0 JavaThread "Unconstrained build operations Thread 50" [_thread_blocked, id=8324, stack(0x0000009a3e300000,0x0000009a3e400000)]
  0x000002661a89b330 JavaThread "Unconstrained build operations Thread 51" [_thread_blocked, id=4248, stack(0x0000009a3e400000,0x0000009a3e500000)]
  0x000002661a89e820 JavaThread "Unconstrained build operations Thread 52" [_thread_blocked, id=2344, stack(0x0000009a3e500000,0x0000009a3e600000)]
  0x000002661a89cb40 JavaThread "Unconstrained build operations Thread 53" [_thread_blocked, id=18856, stack(0x0000009a3e600000,0x0000009a3e700000)]
  0x000002661a8a1370 JavaThread "Unconstrained build operations Thread 54" [_thread_blocked, id=4776, stack(0x0000009a3e700000,0x0000009a3e800000)]
  0x000002661a89ae60 JavaThread "Unconstrained build operations Thread 55" [_thread_blocked, id=16912, stack(0x0000009a3e800000,0x0000009a3e900000)]
  0x000002661a89d010 JavaThread "Unconstrained build operations Thread 56" [_thread_blocked, id=1980, stack(0x0000009a3e900000,0x0000009a3ea00000)]
  0x000002661a89a4c0 JavaThread "Unconstrained build operations Thread 57" [_thread_blocked, id=16724, stack(0x0000009a3ea00000,0x0000009a3eb00000)]
  0x000002661a89a990 JavaThread "Unconstrained build operations Thread 58" [_thread_blocked, id=6232, stack(0x0000009a3eb00000,0x0000009a3ec00000)]
  0x000002661a3584b0 JavaThread "Unconstrained build operations Thread 59" [_thread_blocked, id=20896, stack(0x0000009a3ec00000,0x0000009a3ed00000)]
  0x000002661a353c80 JavaThread "Unconstrained build operations Thread 60" [_thread_blocked, id=20196, stack(0x0000009a3ed00000,0x0000009a3ee00000)]
  0x000002661a351fa0 JavaThread "Unconstrained build operations Thread 61" [_thread_blocked, id=17564, stack(0x0000009a3ee00000,0x0000009a3ef00000)]
  0x000002661a354620 JavaThread "Unconstrained build operations Thread 62" [_thread_blocked, id=18648, stack(0x0000009a3ef00000,0x0000009a3f000000)]
  0x000002661a3532e0 JavaThread "Unconstrained build operations Thread 63" [_thread_blocked, id=18336, stack(0x0000009a3f000000,0x0000009a3f100000)]
  0x000002661a356300 JavaThread "Unconstrained build operations Thread 64" [_thread_blocked, id=17924, stack(0x0000009a3f100000,0x0000009a3f200000)]
  0x000002661a355960 JavaThread "Unconstrained build operations Thread 65" [_thread_blocked, id=20488, stack(0x0000009a3f200000,0x0000009a3f300000)]
  0x000002661a3567d0 JavaThread "Unconstrained build operations Thread 66" [_thread_blocked, id=8976, stack(0x0000009a3f300000,0x0000009a3f400000)]
  0x000002661a352470 JavaThread "Unconstrained build operations Thread 67" [_thread_blocked, id=21416, stack(0x0000009a3f400000,0x0000009a3f500000)]
  0x000002661a3537b0 JavaThread "Unconstrained build operations Thread 68" [_thread_blocked, id=18400, stack(0x0000009a3f500000,0x0000009a3f600000)]
  0x000002661a354150 JavaThread "Unconstrained build operations Thread 69" [_thread_blocked, id=17648, stack(0x0000009a3f600000,0x0000009a3f700000)]
  0x000002661a357640 JavaThread "Unconstrained build operations Thread 70" [_thread_blocked, id=12936, stack(0x0000009a3f700000,0x0000009a3f800000)]
  0x000002661a354af0 JavaThread "Unconstrained build operations Thread 71" [_thread_blocked, id=21336, stack(0x0000009a3f800000,0x0000009a3f900000)]
  0x000002661a357170 JavaThread "Unconstrained build operations Thread 72" [_thread_blocked, id=19968, stack(0x0000009a3f900000,0x0000009a3fa00000)]
  0x000002661a356ca0 JavaThread "Unconstrained build operations Thread 73" [_thread_blocked, id=2196, stack(0x0000009a3fa00000,0x0000009a3fb00000)]
  0x000002661a354fc0 JavaThread "Unconstrained build operations Thread 74" [_thread_blocked, id=20092, stack(0x0000009a3fb00000,0x0000009a3fc00000)]
  0x000002661a357b10 JavaThread "Unconstrained build operations Thread 75" [_thread_blocked, id=4476, stack(0x0000009a3fc00000,0x0000009a3fd00000)]
  0x000002661a355490 JavaThread "Unconstrained build operations Thread 76" [_thread_blocked, id=2952, stack(0x0000009a3fd00000,0x0000009a3fe00000)]
  0x000002661a355e30 JavaThread "Unconstrained build operations Thread 77" [_thread_blocked, id=17284, stack(0x0000009a3fe00000,0x0000009a3ff00000)]
  0x000002661a358e50 JavaThread "Unconstrained build operations Thread 78" [_thread_blocked, id=18188, stack(0x0000009a3ff00000,0x0000009a40000000)]
  0x000002661a357fe0 JavaThread "Unconstrained build operations Thread 79" [_thread_blocked, id=20964, stack(0x0000009a40000000,0x0000009a40100000)]
  0x000002661a3597f0 JavaThread "Unconstrained build operations Thread 80" [_thread_blocked, id=12656, stack(0x0000009a40100000,0x0000009a40200000)]
  0x000002661a359320 JavaThread "Memory manager" [_thread_blocked, id=7592, stack(0x0000009a40200000,0x0000009a40300000)]
  0x000002661e538280 JavaThread "C2 CompilerThread1" daemon [_thread_blocked, id=17824, stack(0x0000009a38700000,0x0000009a38800000)]
  0x0000026616e23040 JavaThread "C2 CompilerThread2" daemon [_thread_blocked, id=7000, stack(0x0000009a38800000,0x0000009a38900000)]

Other Threads:
=>0x000002667ffae330 VMThread "VM Thread" [stack: 0x0000009a37a00000,0x0000009a37b00000] [id=12924]
  0x0000026679190560 WatcherThread [stack: 0x0000009a38600000,0x0000009a38700000] [id=7984]
  0x00000266791779d0 GCTaskThread "GC Thread#0" [stack: 0x0000009a37500000,0x0000009a37600000] [id=18240]
  0x000002661469c1e0 GCTaskThread "GC Thread#1" [stack: 0x0000009a38900000,0x0000009a38a00000] [id=10460]
  0x00000266146c15f0 GCTaskThread "GC Thread#2" [stack: 0x0000009a38a00000,0x0000009a38b00000] [id=13572]
  0x000002661466a410 GCTaskThread "GC Thread#3" [stack: 0x0000009a38b00000,0x0000009a38c00000] [id=2672]
  0x00000266148c8d20 GCTaskThread "GC Thread#4" [stack: 0x0000009a38c00000,0x0000009a38d00000] [id=15760]
  0x00000266148c8fd0 GCTaskThread "GC Thread#5" [stack: 0x0000009a38d00000,0x0000009a38e00000] [id=3392]
  0x0000026615207ae0 GCTaskThread "GC Thread#6" [stack: 0x0000009a39800000,0x0000009a39900000] [id=10100]
  0x0000026615207d90 GCTaskThread "GC Thread#7" [stack: 0x0000009a39900000,0x0000009a39a00000] [id=15884]
  0x0000026679188910 ConcurrentGCThread "G1 Main Marker" [stack: 0x0000009a37600000,0x0000009a37700000] [id=20004]
  0x0000026679189320 ConcurrentGCThread "G1 Conc#0" [stack: 0x0000009a37700000,0x0000009a37800000] [id=2956]
  0x0000026616039890 ConcurrentGCThread "G1 Conc#1" [stack: 0x0000009a39a00000,0x0000009a39b00000] [id=9688]
  0x00000266791ddc20 ConcurrentGCThread "G1 Refine#0" [stack: 0x0000009a37800000,0x0000009a37900000] [id=8840]
  0x0000026615102b70 ConcurrentGCThread "G1 Refine#1" [stack: 0x0000009a3a800000,0x0000009a3a900000] [id=4244]
  0x00000266791de640 ConcurrentGCThread "G1 Service" [stack: 0x0000009a37900000,0x0000009a37a00000] [id=288]

Threads with active compile tasks:
C2 CompilerThread1     8677 7823       4       org.jetbrains.kotlin.com.intellij.openapi.vfs.impl.jar.CoreJarHandler::getOrCreateFile (106 bytes)
C2 CompilerThread2     8677 7815       4       org.jetbrains.kotlin.com.intellij.openapi.vfs.impl.ZipHandlerBase::getOrCreate (305 bytes)

VM state: at safepoint (normal execution)

VM Mutex/Monitor currently owned by a thread:  ([mutex/lock_event])
[0x0000026679115670] Threads_lock - owner thread: 0x000002667ffae330
[0x0000026679115940] Heap_lock - owner thread: 0x00000266168cebc0

Heap address: 0x0000000080000000, size: 2048 MB, Compressed Oops mode: 32-bit

CDS archive(s) not mapped
Compressed class space mapped at: 0x0000000100000000-0x0000000140000000, reserved size: 1073741824
Narrow klass base: 0x0000000000000000, Narrow klass shift: 3, Narrow klass range: 0x140000000

GC Precious Log:
 CPUs: 8 total, 8 available
 Memory: 16194M
 Large Page Support: Disabled
 NUMA Support: Disabled
 Compressed Oops: Enabled (32-bit)
 Heap Region Size: 1M
 Heap Min Capacity: 8M
 Heap Initial Capacity: 254M
 Heap Max Capacity: 2G
 Pre-touch: Disabled
 Parallel Workers: 8
 Concurrent Workers: 2
 Concurrent Refinement Workers: 8
 Periodic GC: Disabled

Heap:
 garbage-first heap   total 260096K, used 112477K [0x0000000080000000, 0x0000000100000000)
  region size 1024K, 5 young (5120K), 5 survivors (5120K)
 Metaspace       used 87953K, committed 88704K, reserved 1130496K
  class space    used 12128K, committed 12480K, reserved 1048576K

Heap Regions: E=young(eden), S=young(survivor), O=old, HS=humongous(starts), HC=humongous(continues), CS=collection set, F=free, OA=open archive, CA=closed archive, TAMS=top-at-mark-start (previous, next)
|   0|0x0000000080000000, 0x0000000080100000, 0x0000000080100000|100%|HS|  |TAMS 0x0000000080100000, 0x0000000080100000| Complete 
|   1|0x0000000080100000, 0x0000000080200000, 0x0000000080200000|100%|HC|  |TAMS 0x0000000080200000, 0x0000000080200000| Complete 
|   2|0x0000000080200000, 0x0000000080300000, 0x0000000080300000|100%|HC|  |TAMS 0x0000000080300000, 0x0000000080300000| Complete 
|   3|0x0000000080300000, 0x0000000080400000, 0x0000000080400000|100%|HC|  |TAMS 0x0000000080400000, 0x0000000080400000| Complete 
|   4|0x0000000080400000, 0x0000000080500000, 0x0000000080500000|100%| O|  |TAMS 0x0000000080500000, 0x0000000080500000| Untracked 
|   5|0x0000000080500000, 0x00000000805ffff8, 0x0000000080600000| 99%| O|  |TAMS 0x00000000805ffff8, 0x00000000805ffff8| Untracked 
|   6|0x0000000080600000, 0x0000000080700000, 0x0000000080700000|100%| O|  |TAMS 0x0000000080700000, 0x0000000080700000| Untracked 
|   7|0x0000000080700000, 0x0000000080800000, 0x0000000080800000|100%| O|  |TAMS 0x0000000080800000, 0x0000000080800000| Untracked 
|   8|0x0000000080800000, 0x0000000080900000, 0x0000000080900000|100%| O|  |TAMS 0x0000000080900000, 0x0000000080900000| Untracked 
|   9|0x0000000080900000, 0x0000000080a00000, 0x0000000080a00000|100%| O|  |TAMS 0x0000000080a00000, 0x0000000080a00000| Untracked 
|  10|0x0000000080a00000, 0x0000000080ad7800, 0x0000000080b00000| 84%| O|  |TAMS 0x0000000080ad7800, 0x0000000080ad7800| Untracked 
|  11|0x0000000080b00000, 0x0000000080c00000, 0x0000000080c00000|100%| O|  |TAMS 0x0000000080c00000, 0x0000000080c00000| Untracked 
|  12|0x0000000080c00000, 0x0000000080d00000, 0x0000000080d00000|100%| O|  |TAMS 0x0000000080d00000, 0x0000000080d00000| Untracked 
|  13|0x0000000080d00000, 0x0000000080e00000, 0x0000000080e00000|100%| O|  |TAMS 0x0000000080e00000, 0x0000000080e00000| Untracked 
|  14|0x0000000080e00000, 0x0000000080f00000, 0x0000000080f00000|100%| O|  |TAMS 0x0000000080f00000, 0x0000000080f00000| Untracked 
|  15|0x0000000080f00000, 0x0000000081000000, 0x0000000081000000|100%| O|  |TAMS 0x0000000081000000, 0x0000000081000000| Untracked 
|  16|0x0000000081000000, 0x0000000081100000, 0x0000000081100000|100%| O|  |TAMS 0x0000000081100000, 0x0000000081100000| Untracked 
|  17|0x0000000081100000, 0x0000000081200000, 0x0000000081200000|100%| O|  |TAMS 0x0000000081200000, 0x0000000081200000| Untracked 
|  18|0x0000000081200000, 0x0000000081300000, 0x0000000081300000|100%|HS|  |TAMS 0x0000000081300000, 0x0000000081300000| Complete 
|  19|0x0000000081300000, 0x0000000081400000, 0x0000000081400000|100%|HC|  |TAMS 0x0000000081400000, 0x0000000081400000| Complete 
|  20|0x0000000081400000, 0x0000000081500000, 0x0000000081500000|100%|HS|  |TAMS 0x0000000081500000, 0x0000000081500000| Complete 
|  21|0x0000000081500000, 0x0000000081600000, 0x0000000081600000|100%|HC|  |TAMS 0x0000000081600000, 0x0000000081600000| Complete 
|  22|0x0000000081600000, 0x0000000081700000, 0x0000000081700000|100%|HC|  |TAMS 0x0000000081700000, 0x0000000081700000| Complete 
|  23|0x0000000081700000, 0x0000000081800000, 0x0000000081800000|100%| O|  |TAMS 0x0000000081800000, 0x0000000081800000| Untracked 
|  24|0x0000000081800000, 0x0000000081900000, 0x0000000081900000|100%| O|  |TAMS 0x0000000081900000, 0x0000000081900000| Untracked 
|  25|0x0000000081900000, 0x0000000081a00000, 0x0000000081a00000|100%| O|  |TAMS 0x0000000081a00000, 0x0000000081a00000| Untracked 
|  26|0x0000000081a00000, 0x0000000081b00000, 0x0000000081b00000|100%|HS|  |TAMS 0x0000000081b00000, 0x0000000081b00000| Complete 
|  27|0x0000000081b00000, 0x0000000081c00000, 0x0000000081c00000|100%|HC|  |TAMS 0x0000000081c00000, 0x0000000081c00000| Complete 
|  28|0x0000000081c00000, 0x0000000081d00000, 0x0000000081d00000|100%|HC|  |TAMS 0x0000000081d00000, 0x0000000081d00000| Complete 
|  29|0x0000000081d00000, 0x0000000081e00000, 0x0000000081e00000|100%| O|  |TAMS 0x0000000081e00000, 0x0000000081e00000| Untracked 
|  30|0x0000000081e00000, 0x0000000081f00000, 0x0000000081f00000|100%| O|  |TAMS 0x0000000081f00000, 0x0000000081f00000| Untracked 
|  31|0x0000000081f00000, 0x0000000082000000, 0x0000000082000000|100%| O|  |TAMS 0x0000000082000000, 0x0000000082000000| Untracked 
|  32|0x0000000082000000, 0x0000000082100000, 0x0000000082100000|100%|HS|  |TAMS 0x0000000082100000, 0x0000000082100000| Complete 
|  33|0x0000000082100000, 0x0000000082200000, 0x0000000082200000|100%|HC|  |TAMS 0x0000000082200000, 0x0000000082200000| Complete 
|  34|0x0000000082200000, 0x0000000082300000, 0x0000000082300000|100%| O|  |TAMS 0x0000000082300000, 0x0000000082300000| Untracked 
|  35|0x0000000082300000, 0x0000000082400000, 0x0000000082400000|100%| O|  |TAMS 0x0000000082400000, 0x0000000082400000| Untracked 
|  36|0x0000000082400000, 0x0000000082500000, 0x0000000082500000|100%| O|  |TAMS 0x0000000082500000, 0x0000000082500000| Untracked 
|  37|0x0000000082500000, 0x0000000082600000, 0x0000000082600000|100%| O|  |TAMS 0x0000000082500000, 0x0000000082600000| Untracked 
|  38|0x0000000082600000, 0x0000000082700000, 0x0000000082700000|100%| O|  |TAMS 0x0000000082700000, 0x0000000082700000| Untracked 
|  39|0x0000000082700000, 0x0000000082800000, 0x0000000082800000|100%| O|  |TAMS 0x0000000082800000, 0x0000000082800000| Untracked 
|  40|0x0000000082800000, 0x0000000082900000, 0x0000000082900000|100%|HS|  |TAMS 0x0000000082900000, 0x0000000082900000| Complete 
|  41|0x0000000082900000, 0x0000000082a00000, 0x0000000082a00000|100%|HC|  |TAMS 0x0000000082a00000, 0x0000000082a00000| Complete 
|  42|0x0000000082a00000, 0x0000000082b00000, 0x0000000082b00000|100%|HC|  |TAMS 0x0000000082b00000, 0x0000000082b00000| Complete 
|  43|0x0000000082b00000, 0x0000000082c00000, 0x0000000082c00000|100%|HC|  |TAMS 0x0000000082c00000, 0x0000000082c00000| Complete 
|  44|0x0000000082c00000, 0x0000000082d00000, 0x0000000082d00000|100%|HC|  |TAMS 0x0000000082d00000, 0x0000000082d00000| Complete 
|  45|0x0000000082d00000, 0x0000000082e00000, 0x0000000082e00000|100%|HC|  |TAMS 0x0000000082e00000, 0x0000000082e00000| Complete 
|  46|0x0000000082e00000, 0x0000000082f00000, 0x0000000082f00000|100%|HC|  |TAMS 0x0000000082f00000, 0x0000000082f00000| Complete 
|  47|0x0000000082f00000, 0x0000000083000000, 0x0000000083000000|100%|HC|  |TAMS 0x0000000083000000, 0x0000000083000000| Complete 
|  48|0x0000000083000000, 0x0000000083100000, 0x0000000083100000|100%|HC|  |TAMS 0x0000000083100000, 0x0000000083100000| Complete 
|  49|0x0000000083100000, 0x0000000083200000, 0x0000000083200000|100%|HC|  |TAMS 0x0000000083200000, 0x0000000083200000| Complete 
|  50|0x0000000083200000, 0x0000000083300000, 0x0000000083300000|100%|HC|  |TAMS 0x0000000083300000, 0x0000000083300000| Complete 
|  51|0x0000000083300000, 0x0000000083400000, 0x0000000083400000|100%|HC|  |TAMS 0x0000000083400000, 0x0000000083400000| Complete 
|  52|0x0000000083400000, 0x0000000083500000, 0x0000000083500000|100%| O|  |TAMS 0x0000000083500000, 0x0000000083500000| Untracked 
|  53|0x0000000083500000, 0x0000000083600000, 0x0000000083600000|100%| O|  |TAMS 0x0000000083600000, 0x0000000083600000| Untracked 
|  54|0x0000000083600000, 0x0000000083700000, 0x0000000083700000|100%| O|  |TAMS 0x0000000083700000, 0x0000000083700000| Untracked 
|  55|0x0000000083700000, 0x0000000083800000, 0x0000000083800000|100%|HS|  |TAMS 0x0000000083800000, 0x0000000083800000| Complete 
|  56|0x0000000083800000, 0x0000000083900000, 0x0000000083900000|100%|HC|  |TAMS 0x0000000083900000, 0x0000000083900000| Complete 
|  57|0x0000000083900000, 0x0000000083a00000, 0x0000000083a00000|100%|HC|  |TAMS 0x0000000083a00000, 0x0000000083a00000| Complete 
|  58|0x0000000083a00000, 0x0000000083b00000, 0x0000000083b00000|100%|HS|  |TAMS 0x0000000083b00000, 0x0000000083b00000| Complete 
|  59|0x0000000083b00000, 0x0000000083c00000, 0x0000000083c00000|100%|HC|  |TAMS 0x0000000083c00000, 0x0000000083c00000| Complete 
|  60|0x0000000083c00000, 0x0000000083d00000, 0x0000000083d00000|100%|HC|  |TAMS 0x0000000083d00000, 0x0000000083d00000| Complete 
|  61|0x0000000083d00000, 0x0000000083e00000, 0x0000000083e00000|100%| O|  |TAMS 0x0000000083e00000, 0x0000000083e00000| Untracked 
|  62|0x0000000083e00000, 0x0000000083f00000, 0x0000000083f00000|100%| O|  |TAMS 0x0000000083f00000, 0x0000000083f00000| Untracked 
|  63|0x0000000083f00000, 0x0000000084000000, 0x0000000084000000|100%| O|  |TAMS 0x0000000084000000, 0x0000000084000000| Untracked 
|  64|0x0000000084000000, 0x0000000084100000, 0x0000000084100000|100%| O|  |TAMS 0x0000000084100000, 0x0000000084100000| Untracked 
|  65|0x0000000084100000, 0x0000000084200000, 0x0000000084200000|100%| O|  |TAMS 0x0000000084200000, 0x0000000084200000| Untracked 
|  66|0x0000000084200000, 0x0000000084300000, 0x0000000084300000|100%| O|  |TAMS 0x0000000084300000, 0x0000000084300000| Untracked 
|  67|0x0000000084300000, 0x0000000084400000, 0x0000000084400000|100%| O|  |TAMS 0x0000000084400000, 0x0000000084400000| Untracked 
|  68|0x0000000084400000, 0x0000000084500000, 0x0000000084500000|100%| O|  |TAMS 0x0000000084500000, 0x0000000084500000| Untracked 
|  69|0x0000000084500000, 0x0000000084600000, 0x0000000084600000|100%| O|  |TAMS 0x0000000084600000, 0x0000000084600000| Untracked 
|  70|0x0000000084600000, 0x0000000084700000, 0x0000000084700000|100%| O|  |TAMS 0x0000000084700000, 0x0000000084700000| Untracked 
|  71|0x0000000084700000, 0x0000000084800000, 0x0000000084800000|100%|HS|  |TAMS 0x0000000084800000, 0x0000000084800000| Complete 
|  72|0x0000000084800000, 0x0000000084900000, 0x0000000084900000|100%|HS|  |TAMS 0x0000000084900000, 0x0000000084900000| Complete 
|  73|0x0000000084900000, 0x0000000084a00000, 0x0000000084a00000|100%|HS|  |TAMS 0x0000000084a00000, 0x0000000084a00000| Complete 
|  74|0x0000000084a00000, 0x0000000084b00000, 0x0000000084b00000|100%| O|  |TAMS 0x0000000084a00000, 0x0000000084a00000| Untracked 
|  75|0x0000000084b00000, 0x0000000084c00000, 0x0000000084c00000|100%| O|  |TAMS 0x0000000084c00000, 0x0000000084c00000| Untracked 
|  76|0x0000000084c00000, 0x0000000084d00000, 0x0000000084d00000|100%| O|  |TAMS 0x0000000084d00000, 0x0000000084d00000| Untracked 
|  77|0x0000000084d00000, 0x0000000084e00000, 0x0000000084e00000|100%| O|  |TAMS 0x0000000084e00000, 0x0000000084e00000| Untracked 
|  78|0x0000000084e00000, 0x0000000084f00000, 0x0000000084f00000|100%| O|  |TAMS 0x0000000084f00000, 0x0000000084f00000| Untracked 
|  79|0x0000000084f00000, 0x0000000085000000, 0x0000000085000000|100%| O|  |TAMS 0x0000000085000000, 0x0000000085000000| Untracked 
|  80|0x0000000085000000, 0x0000000085100000, 0x0000000085100000|100%| O|  |TAMS 0x0000000085100000, 0x0000000085100000| Untracked 
|  81|0x0000000085100000, 0x0000000085200000, 0x0000000085200000|100%| O|  |TAMS 0x0000000085200000, 0x0000000085200000| Untracked 
|  82|0x0000000085200000, 0x0000000085300000, 0x0000000085300000|100%| O|  |TAMS 0x0000000085300000, 0x0000000085300000| Untracked 
|  83|0x0000000085300000, 0x0000000085400000, 0x0000000085400000|100%| O|  |TAMS 0x0000000085400000, 0x0000000085400000| Untracked 
|  84|0x0000000085400000, 0x0000000085500000, 0x0000000085500000|100%| O|  |TAMS 0x0000000085500000, 0x0000000085500000| Untracked 
|  85|0x0000000085500000, 0x0000000085600000, 0x0000000085600000|100%| O|  |TAMS 0x0000000085542e00, 0x0000000085600000| Untracked 
|  86|0x0000000085600000, 0x0000000085700000, 0x0000000085700000|100%| O|  |TAMS 0x0000000085700000, 0x0000000085700000| Untracked 
|  87|0x0000000085700000, 0x0000000085800000, 0x0000000085800000|100%| O|  |TAMS 0x0000000085800000, 0x0000000085800000| Untracked 
|  88|0x0000000085800000, 0x0000000085900000, 0x0000000085900000|100%| O|  |TAMS 0x0000000085800000, 0x0000000085900000| Untracked 
|  89|0x0000000085900000, 0x0000000085a00000, 0x0000000085a00000|100%|HS|  |TAMS 0x0000000085900000, 0x0000000085a00000| Complete 
|  90|0x0000000085a00000, 0x0000000085b00000, 0x0000000085b00000|100%|HC|  |TAMS 0x0000000085a00000, 0x0000000085b00000| Complete 
|  91|0x0000000085b00000, 0x0000000085c00000, 0x0000000085c00000|100%|HC|  |TAMS 0x0000000085b00000, 0x0000000085c00000| Complete 
|  92|0x0000000085c00000, 0x0000000085d00000, 0x0000000085d00000|100%|HC|  |TAMS 0x0000000085c00000, 0x0000000085d00000| Complete 
|  93|0x0000000085d00000, 0x0000000085d00000, 0x0000000085e00000|  0%| F|  |TAMS 0x0000000085d00000, 0x0000000085d00000| Untracked 
|  94|0x0000000085e00000, 0x0000000085e00000, 0x0000000085f00000|  0%| F|  |TAMS 0x0000000085e00000, 0x0000000085e00000| Untracked 
|  95|0x0000000085f00000, 0x0000000085f00000, 0x0000000086000000|  0%| F|  |TAMS 0x0000000085f00000, 0x0000000085f00000| Untracked 
|  96|0x0000000086000000, 0x0000000086000000, 0x0000000086100000|  0%| F|  |TAMS 0x0000000086000000, 0x0000000086000000| Untracked 
|  97|0x0000000086100000, 0x0000000086100000, 0x0000000086200000|  0%| F|  |TAMS 0x0000000086100000, 0x0000000086100000| Untracked 
|  98|0x0000000086200000, 0x0000000086200000, 0x0000000086300000|  0%| F|  |TAMS 0x0000000086200000, 0x0000000086200000| Untracked 
|  99|0x0000000086300000, 0x0000000086400000, 0x0000000086400000|100%| O|  |TAMS 0x0000000086300000, 0x0000000086400000| Untracked 
| 100|0x0000000086400000, 0x0000000086500000, 0x0000000086500000|100%| O|  |TAMS 0x0000000086400000, 0x0000000086500000| Untracked 
| 101|0x0000000086500000, 0x0000000086600000, 0x0000000086600000|100%| O|  |TAMS 0x0000000086500000, 0x0000000086600000| Untracked 
| 102|0x0000000086600000, 0x0000000086700000, 0x0000000086700000|100%| O|  |TAMS 0x0000000086600000, 0x0000000086700000| Untracked 
| 103|0x0000000086700000, 0x0000000086800000, 0x0000000086800000|100%| O|  |TAMS 0x0000000086700000, 0x00000000867e7600| Untracked 
| 104|0x0000000086800000, 0x0000000086900000, 0x0000000086900000|100%| O|  |TAMS 0x0000000086800000, 0x0000000086800000| Untracked 
| 105|0x0000000086900000, 0x0000000086a00000, 0x0000000086a00000|100%| O|  |TAMS 0x0000000086900000, 0x0000000086900000| Untracked 
| 106|0x0000000086a00000, 0x0000000086b00000, 0x0000000086b00000|100%| O|  |TAMS 0x0000000086a00000, 0x0000000086a00000| Untracked 
| 107|0x0000000086b00000, 0x0000000086c00000, 0x0000000086c00000|100%| O|  |TAMS 0x0000000086b00000, 0x0000000086b00000| Untracked 
| 108|0x0000000086c00000, 0x0000000086d00000, 0x0000000086d00000|100%| O|  |TAMS 0x0000000086c00000, 0x0000000086c00000| Untracked 
| 109|0x0000000086d00000, 0x0000000086e00000, 0x0000000086e00000|100%| O|  |TAMS 0x0000000086d00000, 0x0000000086d00000| Untracked 
| 110|0x0000000086e00000, 0x0000000086f00000, 0x0000000086f00000|100%| O|  |TAMS 0x0000000086e00000, 0x0000000086e00000| Untracked 
| 111|0x0000000086f00000, 0x0000000086f00000, 0x0000000087000000|  0%| F|  |TAMS 0x0000000086f00000, 0x0000000086f00000| Untracked 
| 112|0x0000000087000000, 0x0000000087000000, 0x0000000087100000|  0%| F|  |TAMS 0x0000000087000000, 0x0000000087000000| Untracked 
| 113|0x0000000087100000, 0x0000000087100000, 0x0000000087200000|  0%| F|  |TAMS 0x0000000087100000, 0x0000000087100000| Untracked 
| 114|0x0000000087200000, 0x0000000087200000, 0x0000000087300000|  0%| F|  |TAMS 0x0000000087200000, 0x0000000087200000| Untracked 
| 115|0x0000000087300000, 0x0000000087300000, 0x0000000087400000|  0%| F|  |TAMS 0x0000000087300000, 0x0000000087300000| Untracked 
| 116|0x0000000087400000, 0x0000000087400000, 0x0000000087500000|  0%| F|  |TAMS 0x0000000087400000, 0x0000000087400000| Untracked 
| 117|0x0000000087500000, 0x0000000087500000, 0x0000000087600000|  0%| F|  |TAMS 0x0000000087500000, 0x0000000087500000| Untracked 
| 118|0x0000000087600000, 0x0000000087600000, 0x0000000087700000|  0%| F|  |TAMS 0x0000000087600000, 0x0000000087600000| Untracked 
| 119|0x0000000087700000, 0x0000000087700000, 0x0000000087800000|  0%| F|  |TAMS 0x0000000087700000, 0x0000000087700000| Untracked 
| 120|0x0000000087800000, 0x0000000087800000, 0x0000000087900000|  0%| F|  |TAMS 0x0000000087800000, 0x0000000087800000| Untracked 
| 121|0x0000000087900000, 0x0000000087900000, 0x0000000087a00000|  0%| F|  |TAMS 0x0000000087900000, 0x0000000087900000| Untracked 
| 122|0x0000000087a00000, 0x0000000087a00000, 0x0000000087b00000|  0%| F|  |TAMS 0x0000000087a00000, 0x0000000087a00000| Untracked 
| 123|0x0000000087b00000, 0x0000000087b00000, 0x0000000087c00000|  0%| F|  |TAMS 0x0000000087b00000, 0x0000000087b00000| Untracked 
| 124|0x0000000087c00000, 0x0000000087c00000, 0x0000000087d00000|  0%| F|  |TAMS 0x0000000087c00000, 0x0000000087c00000| Untracked 
| 125|0x0000000087d00000, 0x0000000087d00000, 0x0000000087e00000|  0%| F|  |TAMS 0x0000000087d00000, 0x0000000087d00000| Untracked 
| 126|0x0000000087e00000, 0x0000000087e00000, 0x0000000087f00000|  0%| F|  |TAMS 0x0000000087e00000, 0x0000000087e00000| Untracked 
| 127|0x0000000087f00000, 0x0000000087f00000, 0x0000000088000000|  0%| F|  |TAMS 0x0000000087f00000, 0x0000000087f00000| Untracked 
| 128|0x0000000088000000, 0x0000000088000000, 0x0000000088100000|  0%| F|  |TAMS 0x0000000088000000, 0x0000000088000000| Untracked 
| 129|0x0000000088100000, 0x0000000088200000, 0x0000000088200000|100%| S|CS|TAMS 0x0000000088100000, 0x0000000088100000| Complete 
| 130|0x0000000088200000, 0x0000000088300000, 0x0000000088300000|100%| S|CS|TAMS 0x0000000088200000, 0x0000000088200000| Complete 
| 131|0x0000000088300000, 0x0000000088400000, 0x0000000088400000|100%| S|CS|TAMS 0x0000000088300000, 0x0000000088300000| Complete 
| 132|0x0000000088400000, 0x0000000088500000, 0x0000000088500000|100%| S|CS|TAMS 0x0000000088400000, 0x0000000088400000| Complete 
| 133|0x0000000088500000, 0x0000000088600000, 0x0000000088600000|100%| S|CS|TAMS 0x0000000088500000, 0x0000000088500000| Complete 
| 134|0x0000000088600000, 0x0000000088600000, 0x0000000088700000|  0%| F|  |TAMS 0x0000000088600000, 0x0000000088600000| Untracked 
| 135|0x0000000088700000, 0x0000000088700000, 0x0000000088800000|  0%| F|  |TAMS 0x0000000088700000, 0x0000000088700000| Untracked 
| 136|0x0000000088800000, 0x0000000088800000, 0x0000000088900000|  0%| F|  |TAMS 0x0000000088800000, 0x0000000088800000| Untracked 
| 137|0x0000000088900000, 0x0000000088900000, 0x0000000088a00000|  0%| F|  |TAMS 0x0000000088900000, 0x0000000088900000| Untracked 
| 138|0x0000000088a00000, 0x0000000088a00000, 0x0000000088b00000|  0%| F|  |TAMS 0x0000000088a00000, 0x0000000088a00000| Untracked 
| 139|0x0000000088b00000, 0x0000000088b00000, 0x0000000088c00000|  0%| F|  |TAMS 0x0000000088b00000, 0x0000000088b00000| Untracked 
| 140|0x0000000088c00000, 0x0000000088c00000, 0x0000000088d00000|  0%| F|  |TAMS 0x0000000088c00000, 0x0000000088c00000| Untracked 
| 141|0x0000000088d00000, 0x0000000088d00000, 0x0000000088e00000|  0%| F|  |TAMS 0x0000000088d00000, 0x0000000088d00000| Untracked 
| 142|0x0000000088e00000, 0x0000000088e00000, 0x0000000088f00000|  0%| F|  |TAMS 0x0000000088e00000, 0x0000000088e00000| Untracked 
| 143|0x0000000088f00000, 0x0000000088f00000, 0x0000000089000000|  0%| F|  |TAMS 0x0000000088f00000, 0x0000000088f00000| Untracked 
| 144|0x0000000089000000, 0x0000000089000000, 0x0000000089100000|  0%| F|  |TAMS 0x0000000089000000, 0x0000000089000000| Untracked 
| 145|0x0000000089100000, 0x0000000089100000, 0x0000000089200000|  0%| F|  |TAMS 0x0000000089100000, 0x0000000089100000| Untracked 
| 146|0x0000000089200000, 0x0000000089200000, 0x0000000089300000|  0%| F|  |TAMS 0x0000000089200000, 0x0000000089200000| Untracked 
| 147|0x0000000089300000, 0x0000000089300000, 0x0000000089400000|  0%| F|  |TAMS 0x0000000089300000, 0x0000000089300000| Untracked 
| 148|0x0000000089400000, 0x0000000089400000, 0x0000000089500000|  0%| F|  |TAMS 0x0000000089400000, 0x0000000089400000| Untracked 
| 149|0x0000000089500000, 0x0000000089500000, 0x0000000089600000|  0%| F|  |TAMS 0x0000000089500000, 0x0000000089500000| Untracked 
| 150|0x0000000089600000, 0x0000000089600000, 0x0000000089700000|  0%| F|  |TAMS 0x0000000089600000, 0x0000000089600000| Untracked 
| 151|0x0000000089700000, 0x0000000089700000, 0x0000000089800000|  0%| F|  |TAMS 0x0000000089700000, 0x0000000089700000| Untracked 
| 152|0x0000000089800000, 0x0000000089800000, 0x0000000089900000|  0%| F|  |TAMS 0x0000000089800000, 0x0000000089800000| Untracked 
| 153|0x0000000089900000, 0x0000000089900000, 0x0000000089a00000|  0%| F|  |TAMS 0x0000000089900000, 0x0000000089900000| Untracked 
| 154|0x0000000089a00000, 0x0000000089a00000, 0x0000000089b00000|  0%| F|  |TAMS 0x0000000089a00000, 0x0000000089a00000| Untracked 
| 155|0x0000000089b00000, 0x0000000089b00000, 0x0000000089c00000|  0%| F|  |TAMS 0x0000000089b00000, 0x0000000089b00000| Untracked 
| 156|0x0000000089c00000, 0x0000000089c00000, 0x0000000089d00000|  0%| F|  |TAMS 0x0000000089c00000, 0x0000000089c00000| Untracked 
| 157|0x0000000089d00000, 0x0000000089d00000, 0x0000000089e00000|  0%| F|  |TAMS 0x0000000089d00000, 0x0000000089d00000| Untracked 
| 158|0x0000000089e00000, 0x0000000089e00000, 0x0000000089f00000|  0%| F|  |TAMS 0x0000000089e00000, 0x0000000089e00000| Untracked 
| 159|0x0000000089f00000, 0x0000000089f00000, 0x000000008a000000|  0%| F|  |TAMS 0x0000000089f00000, 0x0000000089f00000| Untracked 
| 160|0x000000008a000000, 0x000000008a000000, 0x000000008a100000|  0%| F|  |TAMS 0x000000008a000000, 0x000000008a000000| Untracked 
| 161|0x000000008a100000, 0x000000008a100000, 0x000000008a200000|  0%| F|  |TAMS 0x000000008a100000, 0x000000008a100000| Untracked 
| 162|0x000000008a200000, 0x000000008a200000, 0x000000008a300000|  0%| F|  |TAMS 0x000000008a200000, 0x000000008a200000| Untracked 
| 163|0x000000008a300000, 0x000000008a300000, 0x000000008a400000|  0%| F|  |TAMS 0x000000008a300000, 0x000000008a300000| Untracked 
| 164|0x000000008a400000, 0x000000008a400000, 0x000000008a500000|  0%| F|  |TAMS 0x000000008a400000, 0x000000008a400000| Untracked 
| 165|0x000000008a500000, 0x000000008a500000, 0x000000008a600000|  0%| F|  |TAMS 0x000000008a500000, 0x000000008a500000| Untracked 
| 166|0x000000008a600000, 0x000000008a600000, 0x000000008a700000|  0%| F|  |TAMS 0x000000008a600000, 0x000000008a600000| Untracked 
| 167|0x000000008a700000, 0x000000008a700000, 0x000000008a800000|  0%| F|  |TAMS 0x000000008a700000, 0x000000008a700000| Untracked 
| 168|0x000000008a800000, 0x000000008a800000, 0x000000008a900000|  0%| F|  |TAMS 0x000000008a800000, 0x000000008a800000| Untracked 
| 169|0x000000008a900000, 0x000000008a900000, 0x000000008aa00000|  0%| F|  |TAMS 0x000000008a900000, 0x000000008a900000| Untracked 
| 170|0x000000008aa00000, 0x000000008aa00000, 0x000000008ab00000|  0%| F|  |TAMS 0x000000008aa00000, 0x000000008aa00000| Untracked 
| 171|0x000000008ab00000, 0x000000008ab00000, 0x000000008ac00000|  0%| F|  |TAMS 0x000000008ab00000, 0x000000008ab00000| Untracked 
| 172|0x000000008ac00000, 0x000000008ac00000, 0x000000008ad00000|  0%| F|  |TAMS 0x000000008ac00000, 0x000000008ac00000| Untracked 
| 173|0x000000008ad00000, 0x000000008ad00000, 0x000000008ae00000|  0%| F|  |TAMS 0x000000008ad00000, 0x000000008ad00000| Untracked 
| 174|0x000000008ae00000, 0x000000008ae00000, 0x000000008af00000|  0%| F|  |TAMS 0x000000008ae00000, 0x000000008ae00000| Untracked 
| 175|0x000000008af00000, 0x000000008af00000, 0x000000008b000000|  0%| F|  |TAMS 0x000000008af00000, 0x000000008af00000| Untracked 
| 176|0x000000008b000000, 0x000000008b000000, 0x000000008b100000|  0%| F|  |TAMS 0x000000008b000000, 0x000000008b000000| Untracked 
| 177|0x000000008b100000, 0x000000008b100000, 0x000000008b200000|  0%| F|  |TAMS 0x000000008b100000, 0x000000008b100000| Untracked 
| 178|0x000000008b200000, 0x000000008b200000, 0x000000008b300000|  0%| F|  |TAMS 0x000000008b200000, 0x000000008b200000| Untracked 
| 179|0x000000008b300000, 0x000000008b300000, 0x000000008b400000|  0%| F|  |TAMS 0x000000008b300000, 0x000000008b300000| Untracked 
| 180|0x000000008b400000, 0x000000008b400000, 0x000000008b500000|  0%| F|  |TAMS 0x000000008b400000, 0x000000008b400000| Untracked 
| 181|0x000000008b500000, 0x000000008b500000, 0x000000008b600000|  0%| F|  |TAMS 0x000000008b500000, 0x000000008b500000| Untracked 
| 182|0x000000008b600000, 0x000000008b600000, 0x000000008b700000|  0%| F|  |TAMS 0x000000008b600000, 0x000000008b600000| Untracked 
| 183|0x000000008b700000, 0x000000008b700000, 0x000000008b800000|  0%| F|  |TAMS 0x000000008b700000, 0x000000008b700000| Untracked 
| 184|0x000000008b800000, 0x000000008b800000, 0x000000008b900000|  0%| F|  |TAMS 0x000000008b800000, 0x000000008b800000| Untracked 
| 185|0x000000008b900000, 0x000000008b900000, 0x000000008ba00000|  0%| F|  |TAMS 0x000000008b900000, 0x000000008b900000| Untracked 
| 186|0x000000008ba00000, 0x000000008ba00000, 0x000000008bb00000|  0%| F|  |TAMS 0x000000008ba00000, 0x000000008ba00000| Untracked 
| 187|0x000000008bb00000, 0x000000008bb00000, 0x000000008bc00000|  0%| F|  |TAMS 0x000000008bb00000, 0x000000008bb00000| Untracked 
| 188|0x000000008bc00000, 0x000000008bc00000, 0x000000008bd00000|  0%| F|  |TAMS 0x000000008bc00000, 0x000000008bc00000| Untracked 
| 189|0x000000008bd00000, 0x000000008bd00000, 0x000000008be00000|  0%| F|  |TAMS 0x000000008bd00000, 0x000000008bd00000| Untracked 
| 190|0x000000008be00000, 0x000000008be00000, 0x000000008bf00000|  0%| F|  |TAMS 0x000000008be00000, 0x000000008be00000| Untracked 
| 191|0x000000008bf00000, 0x000000008bf00000, 0x000000008c000000|  0%| F|  |TAMS 0x000000008bf00000, 0x000000008bf00000| Untracked 
| 192|0x000000008c000000, 0x000000008c000000, 0x000000008c100000|  0%| F|  |TAMS 0x000000008c000000, 0x000000008c000000| Untracked 
| 193|0x000000008c100000, 0x000000008c100000, 0x000000008c200000|  0%| F|  |TAMS 0x000000008c100000, 0x000000008c100000| Untracked 
| 194|0x000000008c200000, 0x000000008c200000, 0x000000008c300000|  0%| F|  |TAMS 0x000000008c200000, 0x000000008c200000| Untracked 
| 195|0x000000008c300000, 0x000000008c300000, 0x000000008c400000|  0%| F|  |TAMS 0x000000008c300000, 0x000000008c300000| Untracked 
| 196|0x000000008c400000, 0x000000008c400000, 0x000000008c500000|  0%| F|  |TAMS 0x000000008c400000, 0x000000008c400000| Untracked 
| 197|0x000000008c500000, 0x000000008c500000, 0x000000008c600000|  0%| F|  |TAMS 0x000000008c500000, 0x000000008c500000| Untracked 
| 198|0x000000008c600000, 0x000000008c600000, 0x000000008c700000|  0%| F|  |TAMS 0x000000008c600000, 0x000000008c600000| Untracked 
| 199|0x000000008c700000, 0x000000008c700000, 0x000000008c800000|  0%| F|  |TAMS 0x000000008c700000, 0x000000008c700000| Untracked 
| 200|0x000000008c800000, 0x000000008c800000, 0x000000008c900000|  0%| F|  |TAMS 0x000000008c800000, 0x000000008c800000| Untracked 
| 201|0x000000008c900000, 0x000000008c900000, 0x000000008ca00000|  0%| F|  |TAMS 0x000000008c900000, 0x000000008c900000| Untracked 
| 202|0x000000008ca00000, 0x000000008ca00000, 0x000000008cb00000|  0%| F|  |TAMS 0x000000008ca00000, 0x000000008ca00000| Untracked 
| 203|0x000000008cb00000, 0x000000008cb00000, 0x000000008cc00000|  0%| F|  |TAMS 0x000000008cb00000, 0x000000008cb00000| Untracked 
| 204|0x000000008cc00000, 0x000000008cc00000, 0x000000008cd00000|  0%| F|  |TAMS 0x000000008cc00000, 0x000000008cc00000| Untracked 
| 205|0x000000008cd00000, 0x000000008cd00000, 0x000000008ce00000|  0%| F|  |TAMS 0x000000008cd00000, 0x000000008cd00000| Untracked 
| 206|0x000000008ce00000, 0x000000008ce00000, 0x000000008cf00000|  0%| F|  |TAMS 0x000000008ce00000, 0x000000008ce00000| Untracked 
| 207|0x000000008cf00000, 0x000000008cf00000, 0x000000008d000000|  0%| F|  |TAMS 0x000000008cf00000, 0x000000008cf00000| Untracked 
| 208|0x000000008d000000, 0x000000008d000000, 0x000000008d100000|  0%| F|  |TAMS 0x000000008d000000, 0x000000008d000000| Untracked 
| 209|0x000000008d100000, 0x000000008d100000, 0x000000008d200000|  0%| F|  |TAMS 0x000000008d100000, 0x000000008d100000| Untracked 
| 210|0x000000008d200000, 0x000000008d200000, 0x000000008d300000|  0%| F|  |TAMS 0x000000008d200000, 0x000000008d200000| Untracked 
| 211|0x000000008d300000, 0x000000008d300000, 0x000000008d400000|  0%| F|  |TAMS 0x000000008d300000, 0x000000008d300000| Untracked 
| 212|0x000000008d400000, 0x000000008d400000, 0x000000008d500000|  0%| F|  |TAMS 0x000000008d400000, 0x000000008d400000| Untracked 
| 213|0x000000008d500000, 0x000000008d500000, 0x000000008d600000|  0%| F|  |TAMS 0x000000008d500000, 0x000000008d500000| Untracked 
| 214|0x000000008d600000, 0x000000008d600000, 0x000000008d700000|  0%| F|  |TAMS 0x000000008d600000, 0x000000008d600000| Untracked 
| 215|0x000000008d700000, 0x000000008d700000, 0x000000008d800000|  0%| F|  |TAMS 0x000000008d700000, 0x000000008d700000| Untracked 
| 216|0x000000008d800000, 0x000000008d800000, 0x000000008d900000|  0%| F|  |TAMS 0x000000008d800000, 0x000000008d800000| Untracked 
| 217|0x000000008d900000, 0x000000008d900000, 0x000000008da00000|  0%| F|  |TAMS 0x000000008d900000, 0x000000008d900000| Untracked 
| 218|0x000000008da00000, 0x000000008da00000, 0x000000008db00000|  0%| F|  |TAMS 0x000000008da00000, 0x000000008da00000| Untracked 
| 219|0x000000008db00000, 0x000000008db00000, 0x000000008dc00000|  0%| F|  |TAMS 0x000000008db00000, 0x000000008db00000| Untracked 
| 220|0x000000008dc00000, 0x000000008dc00000, 0x000000008dd00000|  0%| F|  |TAMS 0x000000008dc00000, 0x000000008dc00000| Untracked 
| 221|0x000000008dd00000, 0x000000008dd00000, 0x000000008de00000|  0%| F|  |TAMS 0x000000008dd00000, 0x000000008dd00000| Untracked 
| 222|0x000000008de00000, 0x000000008de00000, 0x000000008df00000|  0%| F|  |TAMS 0x000000008de00000, 0x000000008de00000| Untracked 
| 223|0x000000008df00000, 0x000000008df00000, 0x000000008e000000|  0%| F|  |TAMS 0x000000008df00000, 0x000000008df00000| Untracked 
| 224|0x000000008e000000, 0x000000008e000000, 0x000000008e100000|  0%| F|  |TAMS 0x000000008e000000, 0x000000008e000000| Untracked 
| 225|0x000000008e100000, 0x000000008e100000, 0x000000008e200000|  0%| F|  |TAMS 0x000000008e100000, 0x000000008e100000| Untracked 
| 226|0x000000008e200000, 0x000000008e200000, 0x000000008e300000|  0%| F|  |TAMS 0x000000008e200000, 0x000000008e200000| Untracked 
| 227|0x000000008e300000, 0x000000008e300000, 0x000000008e400000|  0%| F|  |TAMS 0x000000008e300000, 0x000000008e300000| Untracked 
| 228|0x000000008e400000, 0x000000008e400000, 0x000000008e500000|  0%| F|  |TAMS 0x000000008e400000, 0x000000008e400000| Untracked 
| 229|0x000000008e500000, 0x000000008e500000, 0x000000008e600000|  0%| F|  |TAMS 0x000000008e500000, 0x000000008e500000| Untracked 
| 230|0x000000008e600000, 0x000000008e600000, 0x000000008e700000|  0%| F|  |TAMS 0x000000008e600000, 0x000000008e600000| Untracked 
| 231|0x000000008e700000, 0x000000008e700000, 0x000000008e800000|  0%| F|  |TAMS 0x000000008e700000, 0x000000008e700000| Untracked 
| 232|0x000000008e800000, 0x000000008e800000, 0x000000008e900000|  0%| F|  |TAMS 0x000000008e800000, 0x000000008e800000| Untracked 
| 233|0x000000008e900000, 0x000000008e900000, 0x000000008ea00000|  0%| F|  |TAMS 0x000000008e900000, 0x000000008e900000| Untracked 
| 234|0x000000008ea00000, 0x000000008ea00000, 0x000000008eb00000|  0%| F|  |TAMS 0x000000008ea00000, 0x000000008ea00000| Untracked 
| 235|0x000000008eb00000, 0x000000008eb00000, 0x000000008ec00000|  0%| F|  |TAMS 0x000000008eb00000, 0x000000008eb00000| Untracked 
| 236|0x000000008ec00000, 0x000000008ec00000, 0x000000008ed00000|  0%| F|  |TAMS 0x000000008ec00000, 0x000000008ec00000| Untracked 
| 237|0x000000008ed00000, 0x000000008ed00000, 0x000000008ee00000|  0%| F|  |TAMS 0x000000008ed00000, 0x000000008ed00000| Untracked 
| 238|0x000000008ee00000, 0x000000008ee00000, 0x000000008ef00000|  0%| F|  |TAMS 0x000000008ee00000, 0x000000008ee00000| Untracked 
| 239|0x000000008ef00000, 0x000000008ef00000, 0x000000008f000000|  0%| F|  |TAMS 0x000000008ef00000, 0x000000008ef00000| Untracked 
| 240|0x000000008f000000, 0x000000008f000000, 0x000000008f100000|  0%| F|  |TAMS 0x000000008f000000, 0x000000008f000000| Untracked 
| 241|0x000000008f100000, 0x000000008f100000, 0x000000008f200000|  0%| F|  |TAMS 0x000000008f100000, 0x000000008f100000| Untracked 
| 242|0x000000008f200000, 0x000000008f200000, 0x000000008f300000|  0%| F|  |TAMS 0x000000008f200000, 0x000000008f200000| Untracked 
| 243|0x000000008f300000, 0x000000008f300000, 0x000000008f400000|  0%| F|  |TAMS 0x000000008f300000, 0x000000008f300000| Untracked 
| 244|0x000000008f400000, 0x000000008f400000, 0x000000008f500000|  0%| F|  |TAMS 0x000000008f400000, 0x000000008f400000| Untracked 
| 245|0x000000008f500000, 0x000000008f500000, 0x000000008f600000|  0%| F|  |TAMS 0x000000008f500000, 0x000000008f500000| Untracked 
| 246|0x000000008f600000, 0x000000008f600000, 0x000000008f700000|  0%| F|  |TAMS 0x000000008f600000, 0x000000008f600000| Untracked 
| 247|0x000000008f700000, 0x000000008f700000, 0x000000008f800000|  0%| F|  |TAMS 0x000000008f700000, 0x000000008f700000| Untracked 
| 248|0x000000008f800000, 0x000000008f800000, 0x000000008f900000|  0%| F|  |TAMS 0x000000008f800000, 0x000000008f800000| Untracked 
| 249|0x000000008f900000, 0x000000008f900000, 0x000000008fa00000|  0%| F|  |TAMS 0x000000008f900000, 0x000000008f900000| Untracked 
| 250|0x000000008fa00000, 0x000000008fa00000, 0x000000008fb00000|  0%| F|  |TAMS 0x000000008fa00000, 0x000000008fa00000| Untracked 
| 251|0x000000008fb00000, 0x000000008fb00000, 0x000000008fc00000|  0%| F|  |TAMS 0x000000008fb00000, 0x000000008fb00000| Untracked 
| 252|0x000000008fc00000, 0x000000008fc00000, 0x000000008fd00000|  0%| F|  |TAMS 0x000000008fc00000, 0x000000008fc00000| Untracked 
| 253|0x000000008fd00000, 0x000000008fd00000, 0x000000008fe00000|  0%| F|  |TAMS 0x000000008fd00000, 0x000000008fd00000| Untracked 

Card table byte_map: [0x000002667cd20000,0x000002667d120000] _byte_map_base: 0x000002667c920000

Marking Bits (Prev, Next): (CMBitMap*) 0x0000026679177fe0, (CMBitMap*) 0x0000026679178020
 Prev Bits: [0x000002667d520000, 0x000002667f520000)
 Next Bits: [0x000002660f000000, 0x0000026611000000)

Polling page: 0x00000266788e0000

Metaspace:

Usage:
  Non-class:     74.05 MB used.
      Class:     11.84 MB used.
       Both:     85.89 MB used.

Virtual space:
  Non-class space:       80.00 MB reserved,      74.44 MB ( 93%) committed,  10 nodes.
      Class space:        1.00 GB reserved,      12.19 MB (  1%) committed,  1 nodes.
             Both:        1.08 GB reserved,      86.62 MB (  8%) committed. 

Chunk freelists:
   Non-Class:  1.44 MB
       Class:  3.86 MB
        Both:  5.30 MB

MaxMetaspaceSize: unlimited
CompressedClassSpaceSize: 1.00 GB
Initial GC threshold: 21.00 MB
Current GC threshold: 130.44 MB
CDS: off
MetaspaceReclaimPolicy: balanced
 - commit_granule_bytes: 65536.
 - commit_granule_words: 8192.
 - virtual_space_node_default_size: 1048576.
 - enlarge_chunks_in_place: 1.
 - new_chunks_are_fully_committed: 0.
 - uncommit_free_chunks: 1.
 - use_allocation_guard: 0.
 - handle_deallocations: 1.


Internal statistics:

num_allocs_failed_limit: 3.
num_arena_births: 912.
num_arena_deaths: 0.
num_vsnodes_births: 11.
num_vsnodes_deaths: 0.
num_space_committed: 1385.
num_space_uncommitted: 0.
num_chunks_returned_to_freelist: 3.
num_chunks_taken_from_freelist: 3946.
num_chunk_merges: 0.
num_chunk_splits: 2728.
num_chunks_enlarged: 1941.
num_purges: 0.
num_inconsistent_stats: 0.

CodeHeap 'non-profiled nmethods': size=120000Kb used=4467Kb max_used=4467Kb free=115532Kb
 bounds [0x0000026607ad0000, 0x0000026607f30000, 0x000002660f000000]
CodeHeap 'profiled nmethods': size=120000Kb used=13242Kb max_used=13242Kb free=106757Kb
 bounds [0x0000026600000000, 0x0000026600cf0000, 0x0000026607530000]
CodeHeap 'non-nmethods': size=5760Kb used=2393Kb max_used=2447Kb free=3366Kb
 bounds [0x0000026607530000, 0x00000266077b0000, 0x0000026607ad0000]
 total_blobs=7969 nmethods=7043 adapters=836
 compilation: enabled
              stopped_count=0, restarted_count=0
 full_count=0

Compilation events (20 events):
Event: 8.610 Thread 0x000002661389bb50 7822       4       org.jetbrains.kotlin.com.intellij.openapi.vfs.impl.ZipHandlerBase::store (74 bytes)
Event: 8.612 Thread 0x000002661389bb50 nmethod 7822 0x0000026607f2ac90 code [0x0000026607f2ae20, 0x0000026607f2b068]
Event: 8.612 Thread 0x000002661389bb50 7835 %     4       org.jetbrains.kotlin.com.intellij.util.containers.ContainerUtil::findAll @ 37 (88 bytes)
Event: 8.629 Thread 0x000002661389bb50 nmethod 7835% 0x0000026607f2b310 code [0x0000026607f2b4c0, 0x0000026607f2be68]
Event: 8.629 Thread 0x000002661389bb50 7816       4       org.jetbrains.kotlin.com.intellij.openapi.util.text.StringUtil::startsWithChar (30 bytes)
Event: 8.630 Thread 0x000002661389cd90 7836       3       org.jetbrains.kotlin.com.intellij.util.containers.hash.HashUtil::hash (27 bytes)
Event: 8.630 Thread 0x000002661389cd90 nmethod 7836 0x0000026600ceab90 code [0x0000026600cead60, 0x0000026600ceb0f8]
Event: 8.630 Thread 0x000002661389cd90 7837       3       org.jetbrains.kotlin.com.intellij.util.io.FileAccessorCache::getHashCode (5 bytes)
Event: 8.630 Thread 0x000002661389cd90 nmethod 7837 0x0000026600ceb290 code [0x0000026600ceb440, 0x0000026600ceb608]
Event: 8.631 Thread 0x000002661389bb50 nmethod 7816 0x0000026607f2c190 code [0x0000026607f2c320, 0x0000026607f2c468]
Event: 8.632 Thread 0x000002661389bb50 7818       4       java.util.zip.ZipEntry::isDirectory (10 bytes)
Event: 8.633 Thread 0x000002661389bb50 nmethod 7818 0x0000026607f2c610 code [0x0000026607f2c780, 0x0000026607f2c898]
Event: 8.633 Thread 0x000002661389bb50 7817       4       org.jetbrains.kotlin.com.intellij.openapi.util.text.StringUtil::endsWithChar (6 bytes)
Event: 8.636 Thread 0x000002661389bb50 nmethod 7817 0x0000026607f2ca10 code [0x0000026607f2cba0, 0x0000026607f2cd08]
Event: 8.637 Thread 0x000002661389cd90 7838       3       java.util.zip.ZipFile$Source$Key::equals (93 bytes)
Event: 8.637 Thread 0x000002661389cd90 nmethod 7838 0x0000026600ceb710 code [0x0000026600ceb9c0, 0x0000026600cec8a8]
Event: 8.637 Thread 0x000002661389cd90 7839       3       java.nio.file.attribute.FileTime::equals (28 bytes)
Event: 8.638 Thread 0x000002661389cd90 nmethod 7839 0x0000026600cecc90 code [0x0000026600cece40, 0x0000026600ced208]
Event: 8.638 Thread 0x000002661389cd90 7840       3       java.nio.file.attribute.FileTime::compareTo (154 bytes)
Event: 8.639 Thread 0x000002661389cd90 nmethod 7840 0x0000026600ced310 code [0x0000026600ced620, 0x0000026600cee4f8]

GC Heap History (20 events):
Event: 5.806 GC heap after
{Heap after GC invocations=31 (full 0):
 garbage-first heap   total 135168K, used 81135K [0x0000000080000000, 0x0000000100000000)
  region size 1024K, 5 young (5120K), 5 survivors (5120K)
 Metaspace       used 56150K, committed 56768K, reserved 1105920K
  class space    used 7570K, committed 7872K, reserved 1048576K
}
Event: 5.981 GC heap before
{Heap before GC invocations=32 (full 0):
 garbage-first heap   total 145408K, used 102639K [0x0000000080000000, 0x0000000100000000)
  region size 1024K, 25 young (25600K), 5 survivors (5120K)
 Metaspace       used 58595K, committed 59200K, reserved 1105920K
  class space    used 7904K, committed 8192K, reserved 1048576K
}
Event: 5.983 GC heap after
{Heap after GC invocations=33 (full 0):
 garbage-first heap   total 175104K, used 83085K [0x0000000080000000, 0x0000000100000000)
  region size 1024K, 2 young (2048K), 2 survivors (2048K)
 Metaspace       used 58595K, committed 59200K, reserved 1105920K
  class space    used 7904K, committed 8192K, reserved 1048576K
}
Event: 6.484 GC heap before
{Heap before GC invocations=33 (full 0):
 garbage-first heap   total 175104K, used 119949K [0x0000000080000000, 0x0000000100000000)
  region size 1024K, 38 young (38912K), 2 survivors (2048K)
 Metaspace       used 64629K, committed 65344K, reserved 1105920K
  class space    used 8685K, committed 9024K, reserved 1048576K
}
Event: 6.488 GC heap after
{Heap after GC invocations=34 (full 0):
 garbage-first heap   total 175104K, used 84581K [0x0000000080000000, 0x0000000100000000)
  region size 1024K, 4 young (4096K), 4 survivors (4096K)
 Metaspace       used 64629K, committed 65344K, reserved 1105920K
  class space    used 8685K, committed 9024K, reserved 1048576K
}
Event: 6.846 GC heap before
{Heap before GC invocations=35 (full 0):
 garbage-first heap   total 175104K, used 130661K [0x0000000080000000, 0x0000000100000000)
  region size 1024K, 43 young (44032K), 4 survivors (4096K)
 Metaspace       used 68314K, committed 68992K, reserved 1114112K
  class space    used 9143K, committed 9472K, reserved 1048576K
}
Event: 6.850 GC heap after
{Heap after GC invocations=36 (full 0):
 garbage-first heap   total 175104K, used 88834K [0x0000000080000000, 0x0000000100000000)
  region size 1024K, 6 young (6144K), 6 survivors (6144K)
 Metaspace       used 68314K, committed 68992K, reserved 1114112K
  class space    used 9143K, committed 9472K, reserved 1048576K
}
Event: 6.868 GC heap before
{Heap before GC invocations=36 (full 0):
 garbage-first heap   total 175104K, used 90882K [0x0000000080000000, 0x0000000100000000)
  region size 1024K, 8 young (8192K), 6 survivors (6144K)
 Metaspace       used 68467K, committed 69120K, reserved 1114112K
  class space    used 9162K, committed 9472K, reserved 1048576K
}
Event: 6.872 GC heap after
{Heap after GC invocations=37 (full 0):
 garbage-first heap   total 175104K, used 89148K [0x0000000080000000, 0x0000000100000000)
  region size 1024K, 1 young (1024K), 1 survivors (1024K)
 Metaspace       used 68467K, committed 69120K, reserved 1114112K
  class space    used 9162K, committed 9472K, reserved 1048576K
}
Event: 7.300 GC heap before
{Heap before GC invocations=37 (full 0):
 garbage-first heap   total 175104K, used 129084K [0x0000000080000000, 0x0000000100000000)
  region size 1024K, 40 young (40960K), 1 survivors (1024K)
 Metaspace       used 73519K, committed 74176K, reserved 1114112K
  class space    used 9851K, committed 10176K, reserved 1048576K
}
Event: 7.303 GC heap after
{Heap after GC invocations=38 (full 0):
 garbage-first heap   total 175104K, used 90732K [0x0000000080000000, 0x0000000100000000)
  region size 1024K, 3 young (3072K), 3 survivors (3072K)
 Metaspace       used 73519K, committed 74176K, reserved 1114112K
  class space    used 9851K, committed 10176K, reserved 1048576K
}
Event: 7.722 GC heap before
{Heap before GC invocations=39 (full 0):
 garbage-first heap   total 175104K, used 130668K [0x0000000080000000, 0x0000000100000000)
  region size 1024K, 43 young (44032K), 3 survivors (3072K)
 Metaspace       used 78326K, committed 79040K, reserved 1122304K
  class space    used 10451K, committed 10816K, reserved 1048576K
}
Event: 7.727 GC heap after
{Heap after GC invocations=40 (full 0):
 garbage-first heap   total 175104K, used 93262K [0x0000000080000000, 0x0000000100000000)
  region size 1024K, 5 young (5120K), 5 survivors (5120K)
 Metaspace       used 78326K, committed 79040K, reserved 1122304K
  class space    used 10451K, committed 10816K, reserved 1048576K
}
Event: 7.792 GC heap before
{Heap before GC invocations=40 (full 0):
 garbage-first heap   total 175104K, used 98382K [0x0000000080000000, 0x0000000100000000)
  region size 1024K, 11 young (11264K), 5 survivors (5120K)
 Metaspace       used 79369K, committed 80064K, reserved 1122304K
  class space    used 10585K, committed 10944K, reserved 1048576K
}
Event: 7.796 GC heap after
{Heap after GC invocations=41 (full 0):
 garbage-first heap   total 175104K, used 93682K [0x0000000080000000, 0x0000000100000000)
  region size 1024K, 3 young (3072K), 3 survivors (3072K)
 Metaspace       used 79369K, committed 80064K, reserved 1122304K
  class space    used 10585K, committed 10944K, reserved 1048576K
}
Event: 8.323 GC heap before
{Heap before GC invocations=42 (full 0):
 garbage-first heap   total 176128K, used 144882K [0x0000000080000000, 0x0000000100000000)
  region size 1024K, 49 young (50176K), 3 survivors (3072K)
 Metaspace       used 87710K, committed 88512K, reserved 1130496K
  class space    used 12118K, committed 12480K, reserved 1048576K
}
Event: 8.327 GC heap after
{Heap after GC invocations=43 (full 0):
 garbage-first heap   total 176128K, used 99027K [0x0000000080000000, 0x0000000100000000)
  region size 1024K, 5 young (5120K), 5 survivors (5120K)
 Metaspace       used 87710K, committed 88512K, reserved 1130496K
  class space    used 12118K, committed 12480K, reserved 1048576K
}
Event: 8.355 GC heap before
{Heap before GC invocations=43 (full 0):
 garbage-first heap   total 176128K, used 107219K [0x0000000080000000, 0x0000000100000000)
  region size 1024K, 8 young (8192K), 5 survivors (5120K)
 Metaspace       used 87785K, committed 88576K, reserved 1130496K
  class space    used 12123K, committed 12480K, reserved 1048576K
}
Event: 8.358 GC heap after
{Heap after GC invocations=44 (full 0):
 garbage-first heap   total 176128K, used 106235K [0x0000000080000000, 0x0000000100000000)
  region size 1024K, 1 young (1024K), 1 survivors (1024K)
 Metaspace       used 87785K, committed 88576K, reserved 1130496K
  class space    used 12123K, committed 12480K, reserved 1048576K
}
Event: 8.639 GC heap before
{Heap before GC invocations=44 (full 0):
 garbage-first heap   total 176128K, used 143099K [0x0000000080000000, 0x0000000100000000)
  region size 1024K, 38 young (38912K), 1 survivors (1024K)
 Metaspace       used 87953K, committed 88704K, reserved 1130496K
  class space    used 12128K, committed 12480K, reserved 1048576K
}

Dll operation events (2 events):
Event: 0.005 Loaded shared library D:\android studio\jbr\bin\java.dll
Event: 0.333 Loaded shared library D:\android studio\jbr\bin\verify.dll

Deoptimization events (20 events):
Event: 8.539 Thread 0x00000266168cebc0 Uncommon trap: trap_request=0xffffff45 fr.pc=0x0000026607b1d280 relative=0x00000000000006a0
Event: 8.539 Thread 0x00000266168cebc0 Uncommon trap: reason=unstable_if action=reinterpret pc=0x0000026607b1d280 method=java.util.zip.ZipCoder.hash(Ljava/lang/String;)I @ 23 c2
Event: 8.539 Thread 0x00000266168cebc0 DEOPT PACKING pc=0x0000026607b1d280 sp=0x0000009a394f4f10
Event: 8.539 Thread 0x00000266168cebc0 DEOPT UNPACKING pc=0x00000266075869a3 sp=0x0000009a394f4e28 mode 2
Event: 8.539 Thread 0x00000266168cebc0 Uncommon trap: trap_request=0xffffff45 fr.pc=0x0000026607ca1b14 relative=0x0000000000000094
Event: 8.539 Thread 0x00000266168cebc0 Uncommon trap: reason=unstable_if action=reinterpret pc=0x0000026607ca1b14 method=java.util.zip.ZipCoder$UTF8ZipCoder.hasTrailingSlash([BI)Z @ 11 c2
Event: 8.539 Thread 0x00000266168cebc0 DEOPT PACKING pc=0x0000026607ca1b14 sp=0x0000009a394f4f50
Event: 8.539 Thread 0x00000266168cebc0 DEOPT UNPACKING pc=0x00000266075869a3 sp=0x0000009a394f4ed0 mode 2
Event: 8.539 Thread 0x00000266168cebc0 Uncommon trap: trap_request=0xffffff54 fr.pc=0x0000026607f15ef4 relative=0x0000000000000214
Event: 8.539 Thread 0x00000266168cebc0 Uncommon trap: reason=speculate_null_assert action=make_not_entrant pc=0x0000026607f15ef4 method=org.jetbrains.kotlin.com.intellij.openapi.vfs.impl.ZipHandlerBase.getOrCreate(Ljava/util/zip/ZipEntry;Ljava/util/Map;Ljava/util/zip/ZipFile;)Lorg/jetbrains/ko
Event: 8.539 Thread 0x00000266168cebc0 DEOPT PACKING pc=0x0000026607f15ef4 sp=0x0000009a394f50e0
Event: 8.539 Thread 0x00000266168cebc0 DEOPT UNPACKING pc=0x00000266075869a3 sp=0x0000009a394f50b8 mode 2
Event: 8.552 Thread 0x00000266168cebc0 Uncommon trap: trap_request=0xffffff45 fr.pc=0x0000026607f0ad00 relative=0x00000000000004a0
Event: 8.552 Thread 0x00000266168cebc0 Uncommon trap: reason=unstable_if action=reinterpret pc=0x0000026607f0ad00 method=org.jetbrains.kotlin.com.intellij.openapi.vfs.impl.ZipEntryMap.isTheOne(Lorg/jetbrains/kotlin/com/intellij/openapi/vfs/impl/ArchiveHandler$EntryInfo;Ljava/lang/CharSequence;
Event: 8.552 Thread 0x00000266168cebc0 DEOPT PACKING pc=0x0000026607f0ad00 sp=0x0000009a394f4fa0
Event: 8.552 Thread 0x00000266168cebc0 DEOPT UNPACKING pc=0x00000266075869a3 sp=0x0000009a394f4f60 mode 2
Event: 8.562 Thread 0x00000266168cebc0 Uncommon trap: trap_request=0xffffff45 fr.pc=0x0000026607b0f834 relative=0x0000000000000294
Event: 8.562 Thread 0x00000266168cebc0 Uncommon trap: reason=unstable_if action=reinterpret pc=0x0000026607b0f834 method=java.util.zip.ZipCoder.hash(Ljava/lang/String;)I @ 23 c2
Event: 8.562 Thread 0x00000266168cebc0 DEOPT PACKING pc=0x0000026607b0f834 sp=0x0000009a394f4ea0
Event: 8.562 Thread 0x00000266168cebc0 DEOPT UNPACKING pc=0x00000266075869a3 sp=0x0000009a394f4e38 mode 2

Classes unloaded (0 events):
No events

Classes redefined (0 events):
No events

Internal exceptions (20 events):
Event: 6.410 Thread 0x00000266168cebc0 Implicit null exception at 0x0000026607d154d4 to 0x0000026607d15680
Event: 6.410 Thread 0x00000266168cebc0 Implicit null exception at 0x0000026607dfca60 to 0x0000026607dfe684
Event: 6.530 Thread 0x00000266168cebc0 Implicit null exception at 0x0000026607ceea8c to 0x0000026607ceebc6
Event: 6.629 Thread 0x00000266168cebc0 Exception <a 'sun/nio/fs/WindowsException'{0x0000000089a95df8}> (0x0000000089a95df8) 
thrown [s\src\hotspot\share\prims\jni.cpp, line 517]
Event: 6.967 Thread 0x00000266168cebc0 Implicit null exception at 0x0000026607c043c9 to 0x0000026607c0449c
Event: 7.450 Thread 0x00000266168cebc0 Exception <a 'java/lang/NoSuchMethodError'{0x0000000089bf3c20}: 'void java.lang.invoke.DirectMethodHandle$Holder.invokeVirtual(java.lang.Object, java.lang.Object)'> (0x0000000089bf3c20) 
thrown [s\src\hotspot\share\interpreter\linkResolver.cpp, line 771]
Event: 7.532 Thread 0x00000266168cebc0 Exception <a 'java/lang/NoSuchMethodError'{0x0000000089449788}: 'int java.lang.invoke.DelegatingMethodHandle$Holder.reinvoke_L(java.lang.Object, java.lang.Object, java.lang.Object, long, int, int)'> (0x0000000089449788) 
thrown [s\src\hotspot\share\interpreter\linkResolver.cpp, line 771]
Event: 7.532 Thread 0x00000266168cebc0 Exception <a 'java/lang/NoSuchMethodError'{0x0000000089459600}: 'int java.lang.invoke.DelegatingMethodHandle$Holder.reinvoke_L(java.lang.Object, java.lang.Object, java.lang.Object, long, long, long)'> (0x0000000089459600) 
thrown [s\src\hotspot\share\interpreter\linkResolver.cpp, line 771]
Event: 7.533 Thread 0x00000266168cebc0 Exception <a 'java/lang/NoSuchMethodError'{0x0000000089469780}: 'int java.lang.invoke.DelegatingMethodHandle$Holder.reinvoke_L(java.lang.Object, java.lang.Object, java.lang.Object, long, java.lang.Object, java.lang.Object)'> (0x0000000089469780) 
thrown [s\src\hotspot\share\interpreter\linkResolver.cpp, line 771]
Event: 7.534 Thread 0x00000266168cebc0 Exception <a 'java/lang/NoSuchMethodError'{0x0000000089479748}: 'void java.lang.invoke.DelegatingMethodHandle$Holder.reinvoke_L(java.lang.Object, java.lang.Object, java.lang.Object, long, java.lang.Object)'> (0x0000000089479748) 
thrown [s\src\hotspot\share\interpreter\linkResolver.cpp, line 771]
Event: 7.534 Thread 0x00000266168cebc0 Exception <a 'java/lang/NoSuchMethodError'{0x0000000089482078}: 'java.lang.Object java.lang.invoke.DirectMethodHandle$Holder.invokeSpecial(java.lang.Object, java.lang.Object, java.lang.Object, java.lang.Object, long)'> (0x0000000089482078) 
thrown [s\src\hotspot\share\interpreter\linkResolver.cpp, line 771]
Event: 7.537 Thread 0x00000266168cebc0 Exception <a 'java/lang/NoSuchMethodError'{0x00000000894a7260}: 'long java.lang.invoke.Invokers$Holder.invoke_MT(java.lang.Object, java.lang.Object, java.lang.Object, java.lang.Object)'> (0x00000000894a7260) 
thrown [s\src\hotspot\share\interpreter\linkResolver.cpp, line 771]
Event: 7.537 Thread 0x00000266168cebc0 Exception <a 'java/lang/NoSuchMethodError'{0x00000000894b0360}: 'int java.lang.invoke.Invokers$Holder.invoke_MT(java.lang.Object, java.lang.Object, java.lang.Object, java.lang.Object)'> (0x00000000894b0360) 
thrown [s\src\hotspot\share\interpreter\linkResolver.cpp, line 771]
Event: 7.539 Thread 0x00000266168cebc0 Exception <a 'java/lang/NoSuchMethodError'{0x00000000894c13a8}: 'int java.lang.invoke.DelegatingMethodHandle$Holder.reinvoke_L(java.lang.Object, java.lang.Object, java.lang.Object, long, int)'> (0x00000000894c13a8) 
thrown [s\src\hotspot\share\interpreter\linkResolver.cpp, line 771]
Event: 7.540 Thread 0x00000266168cebc0 Exception <a 'java/lang/NoSuchMethodError'{0x00000000894d4968}: 'java.lang.Object java.lang.invoke.Invokers$Holder.invokeExact_MT(java.lang.Object, java.lang.Object, long, java.lang.Object)'> (0x00000000894d4968) 
thrown [s\src\hotspot\share\interpreter\linkResolver.cpp, line 771]
Event: 7.655 Thread 0x00000266168cebc0 Exception <a 'java/lang/NoSuchMethodError'{0x00000000889be6a0}: 'long java.lang.invoke.DirectMethodHandle$Holder.invokeStatic(java.lang.Object)'> (0x00000000889be6a0) 
thrown [s\src\hotspot\share\interpreter\linkResolver.cpp, line 771]
Event: 7.655 Thread 0x00000266168cebc0 Exception <a 'java/lang/NoSuchMethodError'{0x00000000889c3288}: 'long java.lang.invoke.DirectMethodHandle$Holder.invokeStaticInit(java.lang.Object)'> (0x00000000889c3288) 
thrown [s\src\hotspot\share\interpreter\linkResolver.cpp, line 771]
Event: 8.302 Thread 0x00000266168cebc0 Exception <a 'java/lang/NoSuchMethodError'{0x0000000087cb9038}: 'java.lang.Object java.lang.invoke.Invokers$Holder.invoke_MT(java.lang.Object, java.lang.Object, java.lang.Object)'> (0x0000000087cb9038) 
thrown [s\src\hotspot\share\interpreter\linkResolver.cpp, line 771]
Event: 8.521 Thread 0x00000266168cebc0 Implicit null exception at 0x0000026607f19700 to 0x0000026607f1a870
Event: 8.525 Thread 0x00000266168cebc0 Implicit null exception at 0x0000026607f1d56b to 0x0000026607f1f6a0

VM Operations (20 events):
Event: 7.741 Executing VM operation: HandshakeAllThreads done
Event: 7.742 Executing VM operation: HandshakeAllThreads
Event: 7.742 Executing VM operation: HandshakeAllThreads done
Event: 7.792 Executing VM operation: G1TryInitiateConcMark
Event: 7.796 Executing VM operation: G1TryInitiateConcMark done
Event: 7.835 Executing VM operation: G1Concurrent
Event: 7.838 Executing VM operation: G1Concurrent done
Event: 7.857 Executing VM operation: HandshakeAllThreads
Event: 7.857 Executing VM operation: HandshakeAllThreads done
Event: 7.859 Executing VM operation: G1Concurrent
Event: 7.859 Executing VM operation: G1Concurrent done
Event: 8.164 Executing VM operation: HandshakeAllThreads
Event: 8.164 Executing VM operation: HandshakeAllThreads done
Event: 8.322 Executing VM operation: HandshakeAllThreads
Event: 8.322 Executing VM operation: HandshakeAllThreads done
Event: 8.323 Executing VM operation: G1CollectForAllocation
Event: 8.327 Executing VM operation: G1CollectForAllocation done
Event: 8.355 Executing VM operation: G1CollectForAllocation
Event: 8.358 Executing VM operation: G1CollectForAllocation done
Event: 8.639 Executing VM operation: G1CollectForAllocation

Events (20 events):
Event: 8.302 loading class java/nio/channels/FileChannel$MapMode
Event: 8.302 loading class java/nio/channels/FileChannel$MapMode done
Event: 8.302 loading class jdk/internal/misc/ExtendedMapMode
Event: 8.302 loading class jdk/internal/misc/ExtendedMapMode done
Event: 8.303 loading class sun/nio/ch/FileChannelImpl$DefaultUnmapper
Event: 8.303 loading class sun/nio/ch/FileChannelImpl$Unmapper
Event: 8.303 loading class jdk/internal/access/foreign/UnmapperProxy
Event: 8.303 loading class jdk/internal/access/foreign/UnmapperProxy done
Event: 8.303 loading class sun/nio/ch/FileChannelImpl$Unmapper done
Event: 8.303 loading class sun/nio/ch/FileChannelImpl$DefaultUnmapper done
Event: 8.303 loading class sun/nio/ch/Util$4
Event: 8.303 loading class sun/nio/ch/Util$4 done
Event: 8.304 loading class java/io/UTFDataFormatException
Event: 8.304 loading class java/io/UTFDataFormatException done
Event: 8.320 loading class java/nio/file/attribute/DosFileAttributeView
Event: 8.320 loading class java/nio/file/attribute/DosFileAttributeView done
Event: 8.320 loading class sun/nio/fs/WindowsFileAttributeViews$Dos
Event: 8.321 loading class sun/nio/fs/WindowsFileAttributeViews$Dos done
Event: 8.369 Thread 0x000002661e538280 Thread added: 0x000002661e538280
Event: 8.369 Thread 0x0000026616e23040 Thread added: 0x0000026616e23040


Dynamic libraries:
0x00007ff740860000 - 0x00007ff74086a000 	D:\android studio\jbr\bin\java.exe
0x00007ff90b190000 - 0x00007ff90b3a7000 	C:\WINDOWS\SYSTEM32\ntdll.dll
0x00007ff90a140000 - 0x00007ff90a204000 	C:\WINDOWS\System32\KERNEL32.DLL
0x00007ff908650000 - 0x00007ff9089f6000 	C:\WINDOWS\System32\KERNELBASE.dll
0x00007ff908a00000 - 0x00007ff908b11000 	C:\WINDOWS\System32\ucrtbase.dll
0x00007ff8d1400000 - 0x00007ff8d1417000 	D:\android studio\jbr\bin\jli.dll
0x00007ff903ab0000 - 0x00007ff903acb000 	D:\android studio\jbr\bin\VCRUNTIME140.dll
0x00007ff909a80000 - 0x00007ff909c2d000 	C:\WINDOWS\System32\USER32.dll
0x00007ff908d50000 - 0x00007ff908d76000 	C:\WINDOWS\System32\win32u.dll
0x00007ff8eb760000 - 0x00007ff8eb9f3000 	C:\WINDOWS\WinSxS\amd64_microsoft.windows.common-controls_6595b64144ccf1df_6.0.22621.2361_none_2712ced57382f843\COMCTL32.dll
0x00007ff908fe0000 - 0x00007ff909009000 	C:\WINDOWS\System32\GDI32.dll
0x00007ff909e70000 - 0x00007ff909f17000 	C:\WINDOWS\System32\msvcrt.dll
0x00007ff908c30000 - 0x00007ff908d48000 	C:\WINDOWS\System32\gdi32full.dll
0x00007ff908b20000 - 0x00007ff908bba000 	C:\WINDOWS\System32\msvcp_win.dll
0x00007ff909150000 - 0x00007ff909181000 	C:\WINDOWS\System32\IMM32.DLL
0x00007ff903aa0000 - 0x00007ff903aac000 	D:\android studio\jbr\bin\vcruntime140_1.dll
0x00007ff903a10000 - 0x00007ff903a9d000 	D:\android studio\jbr\bin\msvcp140.dll
0x00007ff87b270000 - 0x00007ff87bede000 	D:\android studio\jbr\bin\server\jvm.dll
0x00007ff90ab20000 - 0x00007ff90abd0000 	C:\WINDOWS\System32\ADVAPI32.dll
0x00007ff90a3c0000 - 0x00007ff90a466000 	C:\WINDOWS\System32\sechost.dll
0x00007ff909010000 - 0x00007ff909127000 	C:\WINDOWS\System32\RPCRT4.dll
0x00007ff901cd0000 - 0x00007ff901d04000 	C:\WINDOWS\SYSTEM32\WINMM.dll
0x00007ff902630000 - 0x00007ff90263a000 	C:\WINDOWS\SYSTEM32\VERSION.dll
0x00007ff8ef8b0000 - 0x00007ff8ef8b9000 	C:\WINDOWS\SYSTEM32\WSOCK32.dll
0x00007ff90a470000 - 0x00007ff90a4e1000 	C:\WINDOWS\System32\WS2_32.dll
0x00007ff907550000 - 0x00007ff907568000 	C:\WINDOWS\SYSTEM32\kernel.appcore.dll
0x00007ff8f1970000 - 0x00007ff8f197a000 	D:\android studio\jbr\bin\jimage.dll
0x00007ff905e80000 - 0x00007ff9060ae000 	C:\WINDOWS\SYSTEM32\DBGHELP.DLL
0x00007ff90a550000 - 0x00007ff90a8da000 	C:\WINDOWS\System32\combase.dll
0x00007ff908f00000 - 0x00007ff908fd7000 	C:\WINDOWS\System32\OLEAUT32.dll
0x00007ff8ef090000 - 0x00007ff8ef0c2000 	C:\WINDOWS\SYSTEM32\dbgcore.DLL
0x00007ff908510000 - 0x00007ff90858a000 	C:\WINDOWS\System32\bcryptPrimitives.dll
0x00007ff8c9010000 - 0x00007ff8c9035000 	D:\android studio\jbr\bin\java.dll
0x00007ff8df4c0000 - 0x00007ff8df4d8000 	D:\android studio\jbr\bin\zip.dll
0x00007ff909220000 - 0x00007ff909a78000 	C:\WINDOWS\System32\SHELL32.dll
0x00007ff906470000 - 0x00007ff906d62000 	C:\WINDOWS\SYSTEM32\windows.storage.dll
0x00007ff906330000 - 0x00007ff90646e000 	C:\WINDOWS\SYSTEM32\wintypes.dll
0x00007ff909ca0000 - 0x00007ff909d93000 	C:\WINDOWS\System32\SHCORE.dll
0x00007ff90a4f0000 - 0x00007ff90a54e000 	C:\WINDOWS\System32\shlwapi.dll
0x00007ff908440000 - 0x00007ff908466000 	C:\WINDOWS\SYSTEM32\profapi.dll
0x00007ff8ddd20000 - 0x00007ff8ddd39000 	D:\android studio\jbr\bin\net.dll
0x00007ff901690000 - 0x00007ff9017c7000 	C:\WINDOWS\SYSTEM32\WINHTTP.dll
0x00007ff9079d0000 - 0x00007ff907a39000 	C:\WINDOWS\system32\mswsock.dll
0x00007ff8d9af0000 - 0x00007ff8d9b06000 	D:\android studio\jbr\bin\nio.dll
0x00007ff8f1950000 - 0x00007ff8f1960000 	D:\android studio\jbr\bin\verify.dll
0x00007ff8eef40000 - 0x00007ff8eef67000 	C:\Users\hachem safae\.gradle\native\68d5fa5c4cc2d200863cafc0d521ce42e7d3e7ee720ec0a83991735586a16f82\windows-amd64\native-platform.dll
0x00007ff8cce70000 - 0x00007ff8ccfb4000 	C:\Users\hachem safae\.gradle\native\e376f236ea51e6404a007f0833ffe2c6e607c4080706a723a18a27aeea778392\windows-amd64\native-platform-file-events.dll
0x00007ff8ee0a0000 - 0x00007ff8ee0a9000 	D:\android studio\jbr\bin\management.dll
0x00007ff8ebc20000 - 0x00007ff8ebc2b000 	D:\android studio\jbr\bin\management_ext.dll
0x00007ff908ef0000 - 0x00007ff908ef8000 	C:\WINDOWS\System32\PSAPI.DLL
0x00007ff907c30000 - 0x00007ff907c4b000 	C:\WINDOWS\SYSTEM32\CRYPTSP.dll
0x00007ff9074b0000 - 0x00007ff9074e5000 	C:\WINDOWS\system32\rsaenh.dll
0x00007ff907ac0000 - 0x00007ff907aec000 	C:\WINDOWS\SYSTEM32\USERENV.dll
0x00007ff907de0000 - 0x00007ff907e08000 	C:\WINDOWS\SYSTEM32\bcrypt.dll
0x00007ff907c20000 - 0x00007ff907c2c000 	C:\WINDOWS\SYSTEM32\CRYPTBASE.dll
0x00007ff906fd0000 - 0x00007ff906ffd000 	C:\WINDOWS\SYSTEM32\IPHLPAPI.DLL
0x00007ff909140000 - 0x00007ff909149000 	C:\WINDOWS\System32\NSI.dll
0x00007ff901520000 - 0x00007ff901539000 	C:\WINDOWS\SYSTEM32\dhcpcsvc6.DLL
0x00007ff901460000 - 0x00007ff90147f000 	C:\WINDOWS\SYSTEM32\dhcpcsvc.DLL
0x00007ff907040000 - 0x00007ff907139000 	C:\WINDOWS\SYSTEM32\DNSAPI.dll
0x00007ff8e1780000 - 0x00007ff8e1788000 	C:\WINDOWS\system32\wshunix.dll

dbghelp: loaded successfully - version: 4.0.5 - missing functions: none
symbol engine: initialized successfully - sym options: 0x614 - pdb path: .;D:\android studio\jbr\bin;C:\WINDOWS\SYSTEM32;C:\WINDOWS\WinSxS\amd64_microsoft.windows.common-controls_6595b64144ccf1df_6.0.22621.2361_none_2712ced57382f843;D:\android studio\jbr\bin\server;C:\Users\hachem safae\.gradle\native\68d5fa5c4cc2d200863cafc0d521ce42e7d3e7ee720ec0a83991735586a16f82\windows-amd64;C:\Users\hachem safae\.gradle\native\e376f236ea51e6404a007f0833ffe2c6e607c4080706a723a18a27aeea778392\windows-amd64

VM Arguments:
jvm_args: --add-opens=java.base/java.util=ALL-UNNAMED --add-opens=java.base/java.lang=ALL-UNNAMED --add-opens=java.base/java.lang.invoke=ALL-UNNAMED --add-opens=java.prefs/java.util.prefs=ALL-UNNAMED --add-opens=java.base/java.nio.charset=ALL-UNNAMED --add-opens=java.base/java.net=ALL-UNNAMED --add-opens=java.base/java.util.concurrent.atomic=ALL-UNNAMED -Xmx2048m -Dfile.encoding=UTF-8 -Duser.country=FR -Duser.language=fr -Duser.variant 
java_command: org.gradle.launcher.daemon.bootstrap.GradleDaemon 8.0
java_class_path (initial): C:\Users\hachem safae\.gradle\wrapper\dists\gradle-8.0-bin\ca5e32bp14vu59qr306oxotwh\gradle-8.0\lib\gradle-launcher-8.0.jar
Launcher Type: SUN_STANDARD

[Global flags]
     intx CICompilerCount                          = 4                                         {product} {ergonomic}
     uint ConcGCThreads                            = 2                                         {product} {ergonomic}
     uint G1ConcRefinementThreads                  = 8                                         {product} {ergonomic}
   size_t G1HeapRegionSize                         = 1048576                                   {product} {ergonomic}
    uintx GCDrainStackTargetSize                   = 64                                        {product} {ergonomic}
   size_t InitialHeapSize                          = 266338304                                 {product} {ergonomic}
   size_t MarkStackSize                            = 4194304                                   {product} {ergonomic}
   size_t MaxHeapSize                              = 2147483648                                {product} {command line}
   size_t MaxNewSize                               = 1287651328                                {product} {ergonomic}
   size_t MinHeapDeltaBytes                        = 1048576                                   {product} {ergonomic}
   size_t MinHeapSize                              = 8388608                                   {product} {ergonomic}
    uintx NonNMethodCodeHeapSize                   = 5839372                                {pd product} {ergonomic}
    uintx NonProfiledCodeHeapSize                  = 122909434                              {pd product} {ergonomic}
    uintx ProfiledCodeHeapSize                     = 122909434                              {pd product} {ergonomic}
    uintx ReservedCodeCacheSize                    = 251658240                              {pd product} {ergonomic}
     bool SegmentedCodeCache                       = true                                      {product} {ergonomic}
   size_t SoftMaxHeapSize                          = 2147483648                             {manageable} {ergonomic}
     bool UseCompressedClassPointers               = true                           {product lp64_product} {ergonomic}
     bool UseCompressedOops                        = true                           {product lp64_product} {ergonomic}
     bool UseG1GC                                  = true                                      {product} {ergonomic}
     bool UseLargePagesIndividualAllocation        = false                                  {pd product} {ergonomic}

Logging:
Log output configuration:
 #0: stdout all=warning uptime,level,tags
 #1: stderr all=off uptime,level,tags

Environment Variables:
JAVA_HOME=C:\Program Files\Java\jdk-17
PATH=C:\Program Files (x86)\Common Files\Oracle\Java\javapath;C:\Program Files (x86)\VMware\VMware Workstation\bin\;D:\oraclexe\app\oracle\product\11.2.0\server\bin;C:\Program Files\Common Files\Oracle\Java\javapath;C:\WINDOWS\system32;C:\WINDOWS;C:\WINDOWS\System32\Wbem;C:\WINDOWS\System32\WindowsPowerShell\v1.0\;C:\WINDOWS\System32\OpenSSH\;c:\Program Files (x86)\Microsoft SQL Server\100\Tools\Binn\;c:\Program Files\Microsoft SQL Server\100\Tools\Binn\;c:\Program Files\Microsoft SQL Server\100\DTS\Binn\;D:\java_jdk 8\bin;C:\Program Files\Java\jdk-17\bin;C:\Program Files\Java\jdk-11\bin;C:\Program Files\Java\jdk-19\bin;C:\Program Files\Common Files\Oracle\Java\javapath;C:\ProgramData\ComposerSetup\bin;D:\XAAMP\php\php.exe;D:\xamp\php;C:\Program Files\wkhtmltopdf\bin;D:\node;C:\Program Files\Git\cmd;C:\Program Files\nodejs\;C:\Program Files\MongoDB\Server\6.0\bin;D:\XAAMP\php;C:\Program Files\Java\apache-maven-3.9.5\bin;C:\Users\hachem safae\AppData\Local\Programs\Python\Python310\Scripts\;C:\Users\hachem safae\AppData\Local\Programs\Python\Python310\;C:\Program Files\MySQL\MySQL Shell 8.0\bin\;C:\Users\hachem safae\AppData\Local\Microsoft\WindowsApps;C:\Users\hachem safae\AppData\Roaming\Dashlane\6.2007.0.32704\bin\Firefox_Extension\{442718d9-475e-452a-b3e1-fb1ee16b8e9f}\components;C:\Users\hachem safae\AppData\Roaming\Dashlane\6.2007.0.32704\ucrt;C:\Users\hachem safae\AppData\Roaming\Dashlane\6.2007.0.32704\bin\Qt;C:\Users\hachem safae\AppData\Roaming\Dashlane\6.2007.0.32704\bin\Ssl;C:\Program Files\JetBrains\IntelliJ IDEA Community Edition 2020.2.2\bin;C:\Users\hachem safae\AppData\Local\Microsoft\WindowsApps;C:\Users\hachem safae\AppData\Local\Programs\Microsoft VS Code\bin;C:\Program Files\IntelliJ IDEA Community Edition 2022.3.2\bin;;C:\Users\hachem safae\AppData\Local\ComposerSetup\bin;C:\Users\hachem safae\AppData\Roaming\Composer\vendor\bin;C:\Users\hachem safae\AppData\Roaming\npm;D:\android2\platform-tools;D:\XAAMP\php;C:\wamp64\bin\php\php5.6.40;C:\;C:\Prog
USERNAME=hachem safae
OS=Windows_NT
PROCESSOR_IDENTIFIER=Intel64 Family 6 Model 142 Stepping 12, GenuineIntel
TMP=C:\Users\HACHEM~1\AppData\Local\Temp
TEMP=C:\Users\HACHEM~1\AppData\Local\Temp


JNI global refs:
JNI global refs: 27, weak refs: 0

JNI global refs memory usage: 843, weak refs: 841


---------------  S Y S T E M  ---------------

OS:
 Windows 11 , 64 bit Build 22621 (10.0.22621.2428)
OS uptime: 0 days 7:31 hours

CPU: total 8 (initial active 8) (4 cores per cpu, 2 threads per core) family 6 model 142 stepping 12 microcode 0xf6, cx8, cmov, fxsr, ht, mmx, 3dnowpref, sse, sse2, sse3, ssse3, sse4.1, sse4.2, popcnt, lzcnt, tsc, tscinvbit, avx, avx2, aes, erms, clmul, bmi1, bmi2, adx, fma, vzeroupper, clflush, clflushopt

Memory: 4k page, system-wide physical 16194M (2681M free)
TotalPageFile size 18242M (AvailPageFile size 75M)
current process WorkingSet (physical memory assigned to process): 433M, peak: 433M
current process commit charge ("private bytes"): 555M, peak: 633M

vm_info: OpenJDK 64-Bit Server VM (17.0.6+0-b2043.56-10027231) for windows-amd64 JRE (17.0.6+0-b2043.56-10027231), built on Apr 28 2023 00:43:19 by "androidbuild" with MS VC++ 16.10 / 16.11 (VS2019)

END.
