#
# There is insufficient memory for the Java Runtime Environment to continue.
# Native memory allocation (mmap) failed to map 44040192 bytes for G1 virtual space
# Possible reasons:
#   The system is out of physical RAM or swap space
#   The process is running with CompressedOops enabled, and the Java Heap may be blocking the growth of the native heap
# Possible solutions:
#   Reduce memory load on the system
#   Increase physical memory or swap space
#   Check if swap backing store is full
#   Decrease Java heap size (-Xmx/-Xms)
#   Decrease number of Java threads
#   Decrease Java thread stack sizes (-Xss)
#   Set larger code cache with -XX:ReservedCodeCacheSize=
#   JVM is running with Unscaled Compressed Oops mode in which the Java heap is
#     placed in the first 4GB address space. The Java Heap base address is the
#     maximum limit for the native heap growth. Please use -XX:HeapBaseMinAddress
#     to set the Java Heap base and to place the Java Heap above 4GB virtual address.
# This output file may be truncated or incomplete.
#
#  Out of Memory Error (os_windows.cpp:3769), pid=25556, tid=16236
#
# JRE version: OpenJDK Runtime Environment (17.0.6) (build 17.0.6+0-b2043.56-10027231)
# Java VM: OpenJDK 64-Bit Server VM (17.0.6+0-b2043.56-10027231, mixed mode, tiered, compressed oops, compressed class ptrs, g1 gc, windows-amd64)
# No core dump will be written. Minidumps are not enabled by default on client versions of Windows
#

---------------  S U M M A R Y ------------

Command Line: --add-opens=java.base/java.util=ALL-UNNAMED --add-opens=java.base/java.lang=ALL-UNNAMED --add-opens=java.base/java.lang.invoke=ALL-UNNAMED --add-opens=java.prefs/java.util.prefs=ALL-UNNAMED --add-opens=java.base/java.nio.charset=ALL-UNNAMED --add-opens=java.base/java.net=ALL-UNNAMED --add-opens=java.base/java.util.concurrent.atomic=ALL-UNNAMED -Xmx2048m -Dfile.encoding=UTF-8 -Duser.country=FR -Duser.language=fr -Duser.variant org.gradle.launcher.daemon.bootstrap.GradleDaemon 8.0

Host: Intel(R) Core(TM) i7-8565U CPU @ 1.80GHz, 8 cores, 15G,  Windows 11 , 64 bit Build 22621 (10.0.22621.2428)
Time: Fri Oct 27 11:35:46 2023 Maroc (heure d64 bit Build 22621 (10.0.22621.2428) elapsed time: 18.327963 seconds (0d 0h 0m 18s)

---------------  T H R E A D  ---------------

Current thread (0x0000015758073950):  VMThread "VM Thread" [stack: 0x000000301aa00000,0x000000301ab00000] [id=16236]

Stack: [0x000000301aa00000,0x000000301ab00000]
Native frames: (J=compiled Java code, j=interpreted, Vv=VM code, C=native code)
V  [jvm.dll+0x683c9a]
V  [jvm.dll+0x8427a4]
V  [jvm.dll+0x843f9e]
V  [jvm.dll+0x844603]
V  [jvm.dll+0x249b75]
V  [jvm.dll+0x680b69]
V  [jvm.dll+0x67505a]
V  [jvm.dll+0x309acb]
V  [jvm.dll+0x310f86]
V  [jvm.dll+0x3608ee]
V  [jvm.dll+0x360b1f]
V  [jvm.dll+0x2dfbf8]
V  [jvm.dll+0x2ddec4]
V  [jvm.dll+0x2dd4cc]
V  [jvm.dll+0x321f3b]
V  [jvm.dll+0x848ccb]
V  [jvm.dll+0x849a04]
V  [jvm.dll+0x849f1d]
V  [jvm.dll+0x84a2f4]
V  [jvm.dll+0x84a3c0]
V  [jvm.dll+0x7f274a]
V  [jvm.dll+0x682ad5]
C  [ucrtbase.dll+0x29363]
C  [KERNEL32.DLL+0x1257d]
C  [ntdll.dll+0x5aa78]

VM_Operation (0x00000030239fa090): G1CollectForAllocation, mode: safepoint, requested by thread 0x000001575ddae3d0


---------------  P R O C E S S  ---------------

Threads class SMR info:
_java_thread_list=0x00000157590fef00, length=137, elements={
0x000001573d73c940, 0x0000015758094250, 0x00000157580950c0, 0x00000157580be140,
0x00000157580bec00, 0x00000157580c1ac0, 0x00000157580c2470, 0x00000157580c3200,
0x00000157580c3ca0, 0x00000157580c66a0, 0x000001575826c030, 0x000001575824e030,
0x000001575ae93a80, 0x00000157598892c0, 0x000001575a804260, 0x000001575b208310,
0x0000015759ac4920, 0x000001575a8b0650, 0x000001575b2a08d0, 0x00000157586e8870,
0x00000157586e5d20, 0x00000157586e7060, 0x00000157586e9210, 0x00000157586e96e0,
0x00000157586e6b90, 0x00000157586e7530, 0x00000157586e61f0, 0x00000157586e8d40,
0x00000157586e7a00, 0x000001575bb4dc50, 0x000001575bb498f0, 0x000001575bb4d2b0,
0x000001575bb480e0, 0x000001575bb4e120, 0x000001575bb4baa0, 0x000001575bb4e5f0,
0x000001575bb47740, 0x000001575bb47270, 0x000001575bb4d780, 0x000001575bb49dc0,
0x000001575bb4a290, 0x000001575bb4eac0, 0x000001575e115060, 0x000001575e116870,
0x000001575e116d40, 0x000001575e115ed0, 0x000001575e117210, 0x000001575e1163a0,
0x000001575e113850, 0x000001575e114b90, 0x000001575e113d20, 0x000001575e1146c0,
0x000001575e1141f0, 0x000001575e115530, 0x000001575e115a00, 0x000001575da26760,
0x000001575da24f50, 0x000001575da240e0, 0x000001575da25420, 0x000001575da258f0,
0x000001575da29780, 0x000001575da27f70, 0x000001575da292b0, 0x000001575da26c30,
0x000001575da29c50, 0x000001575da27100, 0x000001575da2b460, 0x000001575da275d0,
0x000001575da2a120, 0x000001575da2af90, 0x000001575da245b0, 0x000001575da23c10,
0x000001575da2a5f0, 0x000001575da24a80, 0x000001575da25dc0, 0x000001575da26290,
0x000001575da2aac0, 0x000001575da28440, 0x000001575da27aa0, 0x000001575da28910,
0x000001575da28de0, 0x000001575d7b8a30, 0x000001575d7b8f00, 0x000001575d7ba240,
0x000001575d7bb0b0, 0x000001575d7b93d0, 0x000001575d7ba710, 0x000001575d7babe0,
0x000001575d7b98a0, 0x000001575d7b9d70, 0x000001575d7b4ba0, 0x000001575d7b3d30,
0x000001575d7b76f0, 0x000001575d7b6d50, 0x000001575d7b8560, 0x000001575d7bb580,
0x000001575d7b4200, 0x000001575d7b5ee0, 0x000001575d7b46d0, 0x000001575d7b5070,
0x000001575d7b5540, 0x000001575d7b5a10, 0x000001575d7b8090, 0x000001575d7b63b0,
0x000001575d7b6880, 0x000001575d7b7220, 0x000001575d7b7bc0, 0x000001575938b940,
0x0000015759392320, 0x00000157593914b0, 0x000001575938afa0, 0x000001575938cc80,
0x000001575938f300, 0x0000015759391980, 0x00000157593927f0, 0x000001575938b470,
0x0000015759391e50, 0x000001575938be10, 0x000001575938f7d0, 0x000001575938fca0,
0x0000015759390640, 0x000001575938c2e0, 0x000001575938d150, 0x000001575938e490,
0x000001575938d620, 0x000001575938ee30, 0x000001575bd72df0, 0x000001575ddadf00,
0x000001575ddae3d0, 0x000001575ddabd50, 0x000001575ddae8a0, 0x000001575ddab3b0,
0x000001575ddac220, 0x000001575ddac6f0, 0x000001575a972530, 0x000001575a972a00,
0x000001575bd714a0
}

Java Threads: ( => current thread )
  0x000001573d73c940 JavaThread "main" [_thread_blocked, id=15132, stack(0x000000301a400000,0x000000301a500000)]
  0x0000015758094250 JavaThread "Reference Handler" daemon [_thread_blocked, id=2204, stack(0x000000301ab00000,0x000000301ac00000)]
  0x00000157580950c0 JavaThread "Finalizer" daemon [_thread_blocked, id=19348, stack(0x000000301ac00000,0x000000301ad00000)]
  0x00000157580be140 JavaThread "Signal Dispatcher" daemon [_thread_blocked, id=1696, stack(0x000000301ad00000,0x000000301ae00000)]
  0x00000157580bec00 JavaThread "Attach Listener" daemon [_thread_blocked, id=12108, stack(0x000000301ae00000,0x000000301af00000)]
  0x00000157580c1ac0 JavaThread "Service Thread" daemon [_thread_blocked, id=8868, stack(0x000000301af00000,0x000000301b000000)]
  0x00000157580c2470 JavaThread "Monitor Deflation Thread" daemon [_thread_blocked, id=7764, stack(0x000000301b000000,0x000000301b100000)]
  0x00000157580c3200 JavaThread "C2 CompilerThread0" daemon [_thread_blocked, id=16748, stack(0x000000301b100000,0x000000301b200000)]
  0x00000157580c3ca0 JavaThread "C1 CompilerThread0" daemon [_thread_blocked, id=13112, stack(0x000000301b200000,0x000000301b300000)]
  0x00000157580c66a0 JavaThread "Sweeper thread" daemon [_thread_blocked, id=21084, stack(0x000000301b300000,0x000000301b400000)]
  0x000001575826c030 JavaThread "Common-Cleaner" daemon [_thread_blocked, id=15448, stack(0x000000301b400000,0x000000301b500000)]
  0x000001575824e030 JavaThread "Notification Thread" daemon [_thread_blocked, id=24756, stack(0x000000301b500000,0x000000301b600000)]
  0x000001575ae93a80 JavaThread "Daemon health stats" [_thread_blocked, id=17432, stack(0x000000301be00000,0x000000301bf00000)]
  0x00000157598892c0 JavaThread "Incoming local TCP Connector on port 58315" [_thread_in_native, id=24212, stack(0x000000301bf00000,0x000000301c000000)]
  0x000001575a804260 JavaThread "Daemon periodic checks" [_thread_blocked, id=16644, stack(0x000000301c000000,0x000000301c100000)]
  0x000001575b208310 JavaThread "Daemon" [_thread_blocked, id=24080, stack(0x000000301c100000,0x000000301c200000)]
  0x0000015759ac4920 JavaThread "Handler for socket connection from /127.0.0.1:58315 to /127.0.0.1:58316" [_thread_in_native, id=3396, stack(0x000000301c200000,0x000000301c300000)]
  0x000001575a8b0650 JavaThread "Cancel handler" [_thread_blocked, id=8352, stack(0x000000301c300000,0x000000301c400000)]
  0x000001575b2a08d0 JavaThread "Daemon worker" [_thread_blocked, id=12580, stack(0x000000301c400000,0x000000301c500000)]
  0x00000157586e8870 JavaThread "Asynchronous log dispatcher for DefaultDaemonConnection: socket connection from /127.0.0.1:58315 to /127.0.0.1:58316" [_thread_blocked, id=8508, stack(0x000000301c500000,0x000000301c600000)]
  0x00000157586e5d20 JavaThread "Stdin handler" [_thread_blocked, id=22320, stack(0x000000301c600000,0x000000301c700000)]
  0x00000157586e7060 JavaThread "Daemon client event forwarder" [_thread_blocked, id=8456, stack(0x000000301c700000,0x000000301c800000)]
  0x00000157586e9210 JavaThread "Cache worker for journal cache (C:\Users\hachem safae\.gradle\caches\journal-1)" [_thread_blocked, id=23316, stack(0x000000301ca00000,0x000000301cb00000)]
  0x00000157586e96e0 JavaThread "File lock request listener" [_thread_in_native, id=20392, stack(0x000000301cb00000,0x000000301cc00000)]
  0x00000157586e6b90 JavaThread "Cache worker for file hash cache (C:\Users\hachem safae\.gradle\caches\8.0\fileHashes)" [_thread_blocked, id=9664, stack(0x000000301cc00000,0x000000301cd00000)]
  0x00000157586e7530 JavaThread "File watcher server" daemon [_thread_blocked, id=23696, stack(0x000000301d300000,0x000000301d400000)]
  0x00000157586e61f0 JavaThread "File watcher consumer" daemon [_thread_blocked, id=9620, stack(0x000000301d400000,0x000000301d500000)]
  0x00000157586e8d40 JavaThread "Cache worker for checksums cache (D:\App_Android studio\Tp_Localisation\.gradle\8.0\checksums)" [_thread_blocked, id=22248, stack(0x000000301d500000,0x000000301d600000)]
  0x00000157586e7a00 JavaThread "Cache worker for cache directory md-rule (C:\Users\hachem safae\.gradle\caches\8.0\md-rule)" [_thread_blocked, id=23704, stack(0x000000301d600000,0x000000301d700000)]
  0x000001575bb4dc50 JavaThread "Cache worker for file content cache (C:\Users\hachem safae\.gradle\caches\8.0\fileContent)" [_thread_blocked, id=18652, stack(0x000000301d700000,0x000000301d800000)]
  0x000001575bb498f0 JavaThread "Cache worker for file hash cache (D:\App_Android studio\Tp_Localisation\.gradle\8.0\fileHashes)" [_thread_blocked, id=9344, stack(0x000000301d800000,0x000000301d900000)]
  0x000001575bb4d2b0 JavaThread "Cache worker for cache directory md-supplier (C:\Users\hachem safae\.gradle\caches\8.0\md-supplier)" [_thread_blocked, id=12136, stack(0x000000301d900000,0x000000301da00000)]
  0x000001575bb480e0 JavaThread "Cache worker for execution history cache (C:\Users\hachem safae\.gradle\caches\8.0\executionHistory)" [_thread_blocked, id=18448, stack(0x000000301da00000,0x000000301db00000)]
  0x000001575bb4e120 JavaThread "jar transforms" [_thread_blocked, id=25564, stack(0x000000301cd00000,0x000000301ce00000)]
  0x000001575bb4baa0 JavaThread "jar transforms Thread 2" [_thread_blocked, id=24704, stack(0x000000301db00000,0x000000301dc00000)]
  0x000001575bb4e5f0 JavaThread "Cache worker for kotlin-dsl (C:\Users\hachem safae\.gradle\caches\8.0\kotlin-dsl)" [_thread_blocked, id=1164, stack(0x000000301dd00000,0x000000301de00000)]
  0x000001575bb47740 JavaThread "jar transforms Thread 3" [_thread_blocked, id=3112, stack(0x000000301de00000,0x000000301df00000)]
  0x000001575bb47270 JavaThread "jar transforms Thread 4" [_thread_blocked, id=8940, stack(0x000000301df00000,0x000000301e000000)]
  0x000001575bb4d780 JavaThread "Cache worker for dependencies-accessors (D:\App_Android studio\Tp_Localisation\.gradle\8.0\dependencies-accessors)" [_thread_blocked, id=25324, stack(0x000000301e000000,0x000000301e100000)]
  0x000001575bb49dc0 JavaThread "Cache worker for Build Output Cleanup Cache (D:\App_Android studio\Tp_Localisation\.gradle\buildOutputCleanup)" [_thread_blocked, id=22688, stack(0x000000301e100000,0x000000301e200000)]
  0x000001575bb4a290 JavaThread "jar transforms Thread 5" [_thread_blocked, id=22564, stack(0x000000301e200000,0x000000301e300000)]
  0x000001575bb4eac0 JavaThread "Unconstrained build operations" [_thread_blocked, id=25172, stack(0x000000301e300000,0x000000301e400000)]
  0x000001575e115060 JavaThread "Unconstrained build operations Thread 2" [_thread_blocked, id=3940, stack(0x000000301e400000,0x000000301e500000)]
  0x000001575e116870 JavaThread "Unconstrained build operations Thread 3" [_thread_blocked, id=25276, stack(0x000000301e500000,0x000000301e600000)]
  0x000001575e116d40 JavaThread "Unconstrained build operations Thread 4" [_thread_blocked, id=5008, stack(0x000000301e600000,0x000000301e700000)]
  0x000001575e115ed0 JavaThread "Unconstrained build operations Thread 5" [_thread_blocked, id=9004, stack(0x000000301e700000,0x000000301e800000)]
  0x000001575e117210 JavaThread "Unconstrained build operations Thread 6" [_thread_blocked, id=11068, stack(0x000000301e800000,0x000000301e900000)]
  0x000001575e1163a0 JavaThread "Unconstrained build operations Thread 7" [_thread_blocked, id=5596, stack(0x000000301e900000,0x000000301ea00000)]
  0x000001575e113850 JavaThread "Unconstrained build operations Thread 8" [_thread_blocked, id=14192, stack(0x000000301ea00000,0x000000301eb00000)]
  0x000001575e114b90 JavaThread "Unconstrained build operations Thread 9" [_thread_blocked, id=1340, stack(0x000000301eb00000,0x000000301ec00000)]
  0x000001575e113d20 JavaThread "Unconstrained build operations Thread 10" [_thread_blocked, id=19124, stack(0x000000301ec00000,0x000000301ed00000)]
  0x000001575e1146c0 JavaThread "Unconstrained build operations Thread 11" [_thread_blocked, id=22484, stack(0x000000301ed00000,0x000000301ee00000)]
  0x000001575e1141f0 JavaThread "Unconstrained build operations Thread 12" [_thread_blocked, id=18620, stack(0x000000301ee00000,0x000000301ef00000)]
  0x000001575e115530 JavaThread "Unconstrained build operations Thread 13" [_thread_blocked, id=11080, stack(0x000000301ef00000,0x000000301f000000)]
  0x000001575e115a00 JavaThread "Unconstrained build operations Thread 14" [_thread_blocked, id=23032, stack(0x000000301f000000,0x000000301f100000)]
  0x000001575da26760 JavaThread "Unconstrained build operations Thread 15" [_thread_blocked, id=11200, stack(0x000000301f100000,0x000000301f200000)]
  0x000001575da24f50 JavaThread "Unconstrained build operations Thread 16" [_thread_blocked, id=13068, stack(0x000000301f200000,0x000000301f300000)]
  0x000001575da240e0 JavaThread "Unconstrained build operations Thread 17" [_thread_blocked, id=20704, stack(0x000000301f300000,0x000000301f400000)]
  0x000001575da25420 JavaThread "Unconstrained build operations Thread 18" [_thread_blocked, id=6624, stack(0x000000301f400000,0x000000301f500000)]
  0x000001575da258f0 JavaThread "Unconstrained build operations Thread 19" [_thread_blocked, id=20036, stack(0x000000301f500000,0x000000301f600000)]
  0x000001575da29780 JavaThread "Unconstrained build operations Thread 20" [_thread_blocked, id=13876, stack(0x000000301f600000,0x000000301f700000)]
  0x000001575da27f70 JavaThread "Unconstrained build operations Thread 21" [_thread_blocked, id=25192, stack(0x000000301f700000,0x000000301f800000)]
  0x000001575da292b0 JavaThread "Unconstrained build operations Thread 22" [_thread_blocked, id=12132, stack(0x000000301f800000,0x000000301f900000)]
  0x000001575da26c30 JavaThread "Unconstrained build operations Thread 23" [_thread_blocked, id=25504, stack(0x000000301f900000,0x000000301fa00000)]
  0x000001575da29c50 JavaThread "Unconstrained build operations Thread 24" [_thread_blocked, id=21880, stack(0x000000301fa00000,0x000000301fb00000)]
  0x000001575da27100 JavaThread "Unconstrained build operations Thread 25" [_thread_blocked, id=18132, stack(0x000000301fb00000,0x000000301fc00000)]
  0x000001575da2b460 JavaThread "Unconstrained build operations Thread 26" [_thread_blocked, id=15780, stack(0x000000301fc00000,0x000000301fd00000)]
  0x000001575da275d0 JavaThread "Unconstrained build operations Thread 27" [_thread_blocked, id=14796, stack(0x000000301fd00000,0x000000301fe00000)]
  0x000001575da2a120 JavaThread "Unconstrained build operations Thread 28" [_thread_blocked, id=3068, stack(0x000000301fe00000,0x000000301ff00000)]
  0x000001575da2af90 JavaThread "Unconstrained build operations Thread 29" [_thread_blocked, id=22808, stack(0x000000301ff00000,0x0000003020000000)]
  0x000001575da245b0 JavaThread "Unconstrained build operations Thread 30" [_thread_blocked, id=13952, stack(0x0000003020000000,0x0000003020100000)]
  0x000001575da23c10 JavaThread "Unconstrained build operations Thread 31" [_thread_blocked, id=18996, stack(0x0000003020100000,0x0000003020200000)]
  0x000001575da2a5f0 JavaThread "Unconstrained build operations Thread 32" [_thread_blocked, id=9156, stack(0x0000003020200000,0x0000003020300000)]
  0x000001575da24a80 JavaThread "Unconstrained build operations Thread 33" [_thread_blocked, id=23008, stack(0x0000003020300000,0x0000003020400000)]
  0x000001575da25dc0 JavaThread "Unconstrained build operations Thread 34" [_thread_blocked, id=16768, stack(0x0000003020400000,0x0000003020500000)]
  0x000001575da26290 JavaThread "Unconstrained build operations Thread 35" [_thread_blocked, id=21948, stack(0x0000003020500000,0x0000003020600000)]
  0x000001575da2aac0 JavaThread "Unconstrained build operations Thread 36" [_thread_blocked, id=24216, stack(0x0000003020600000,0x0000003020700000)]
  0x000001575da28440 JavaThread "Unconstrained build operations Thread 37" [_thread_blocked, id=24020, stack(0x0000003020700000,0x0000003020800000)]
  0x000001575da27aa0 JavaThread "Unconstrained build operations Thread 38" [_thread_blocked, id=20428, stack(0x0000003020800000,0x0000003020900000)]
  0x000001575da28910 JavaThread "Unconstrained build operations Thread 39" [_thread_blocked, id=14588, stack(0x0000003020900000,0x0000003020a00000)]
  0x000001575da28de0 JavaThread "Unconstrained build operations Thread 40" [_thread_blocked, id=19672, stack(0x0000003020a00000,0x0000003020b00000)]
  0x000001575d7b8a30 JavaThread "Unconstrained build operations Thread 41" [_thread_blocked, id=8520, stack(0x0000003020b00000,0x0000003020c00000)]
  0x000001575d7b8f00 JavaThread "Unconstrained build operations Thread 42" [_thread_blocked, id=10728, stack(0x0000003020c00000,0x0000003020d00000)]
  0x000001575d7ba240 JavaThread "Unconstrained build operations Thread 43" [_thread_blocked, id=20488, stack(0x0000003020d00000,0x0000003020e00000)]
  0x000001575d7bb0b0 JavaThread "Unconstrained build operations Thread 44" [_thread_blocked, id=23732, stack(0x0000003020e00000,0x0000003020f00000)]
  0x000001575d7b93d0 JavaThread "Unconstrained build operations Thread 45" [_thread_blocked, id=24600, stack(0x0000003020f00000,0x0000003021000000)]
  0x000001575d7ba710 JavaThread "Unconstrained build operations Thread 46" [_thread_blocked, id=9428, stack(0x0000003021000000,0x0000003021100000)]
  0x000001575d7babe0 JavaThread "Unconstrained build operations Thread 47" [_thread_blocked, id=22244, stack(0x0000003021100000,0x0000003021200000)]
  0x000001575d7b98a0 JavaThread "Unconstrained build operations Thread 48" [_thread_blocked, id=18472, stack(0x0000003021200000,0x0000003021300000)]
  0x000001575d7b9d70 JavaThread "Unconstrained build operations Thread 49" [_thread_blocked, id=1884, stack(0x0000003021300000,0x0000003021400000)]
  0x000001575d7b4ba0 JavaThread "Unconstrained build operations Thread 50" [_thread_blocked, id=15804, stack(0x0000003021400000,0x0000003021500000)]
  0x000001575d7b3d30 JavaThread "Unconstrained build operations Thread 51" [_thread_blocked, id=13356, stack(0x0000003021500000,0x0000003021600000)]
  0x000001575d7b76f0 JavaThread "Unconstrained build operations Thread 52" [_thread_blocked, id=24292, stack(0x0000003021600000,0x0000003021700000)]
  0x000001575d7b6d50 JavaThread "Unconstrained build operations Thread 53" [_thread_blocked, id=2476, stack(0x0000003021700000,0x0000003021800000)]
  0x000001575d7b8560 JavaThread "Unconstrained build operations Thread 54" [_thread_blocked, id=8112, stack(0x0000003021800000,0x0000003021900000)]
  0x000001575d7bb580 JavaThread "Unconstrained build operations Thread 55" [_thread_blocked, id=6896, stack(0x0000003021900000,0x0000003021a00000)]
  0x000001575d7b4200 JavaThread "Unconstrained build operations Thread 56" [_thread_blocked, id=24676, stack(0x0000003021a00000,0x0000003021b00000)]
  0x000001575d7b5ee0 JavaThread "Unconstrained build operations Thread 57" [_thread_blocked, id=22752, stack(0x0000003021b00000,0x0000003021c00000)]
  0x000001575d7b46d0 JavaThread "Unconstrained build operations Thread 58" [_thread_blocked, id=23956, stack(0x0000003021c00000,0x0000003021d00000)]
  0x000001575d7b5070 JavaThread "Unconstrained build operations Thread 59" [_thread_blocked, id=17036, stack(0x0000003021d00000,0x0000003021e00000)]
  0x000001575d7b5540 JavaThread "Unconstrained build operations Thread 60" [_thread_blocked, id=21224, stack(0x0000003021e00000,0x0000003021f00000)]
  0x000001575d7b5a10 JavaThread "Unconstrained build operations Thread 61" [_thread_blocked, id=22016, stack(0x0000003021f00000,0x0000003022000000)]
  0x000001575d7b8090 JavaThread "Unconstrained build operations Thread 62" [_thread_blocked, id=4792, stack(0x0000003022000000,0x0000003022100000)]
  0x000001575d7b63b0 JavaThread "Unconstrained build operations Thread 63" [_thread_blocked, id=2532, stack(0x0000003022100000,0x0000003022200000)]
  0x000001575d7b6880 JavaThread "Unconstrained build operations Thread 64" [_thread_blocked, id=4164, stack(0x0000003022200000,0x0000003022300000)]
  0x000001575d7b7220 JavaThread "Unconstrained build operations Thread 65" [_thread_blocked, id=25552, stack(0x0000003022300000,0x0000003022400000)]
  0x000001575d7b7bc0 JavaThread "Unconstrained build operations Thread 66" [_thread_blocked, id=3320, stack(0x0000003022400000,0x0000003022500000)]
  0x000001575938b940 JavaThread "Unconstrained build operations Thread 67" [_thread_blocked, id=23520, stack(0x0000003022500000,0x0000003022600000)]
  0x0000015759392320 JavaThread "Unconstrained build operations Thread 68" [_thread_blocked, id=19756, stack(0x0000003022600000,0x0000003022700000)]
  0x00000157593914b0 JavaThread "Unconstrained build operations Thread 69" [_thread_blocked, id=25204, stack(0x0000003022700000,0x0000003022800000)]
  0x000001575938afa0 JavaThread "Unconstrained build operations Thread 70" [_thread_blocked, id=23056, stack(0x0000003022800000,0x0000003022900000)]
  0x000001575938cc80 JavaThread "Unconstrained build operations Thread 71" [_thread_blocked, id=24120, stack(0x0000003022900000,0x0000003022a00000)]
  0x000001575938f300 JavaThread "Unconstrained build operations Thread 72" [_thread_blocked, id=14276, stack(0x0000003022a00000,0x0000003022b00000)]
  0x0000015759391980 JavaThread "Unconstrained build operations Thread 73" [_thread_blocked, id=2808, stack(0x0000003022b00000,0x0000003022c00000)]
  0x00000157593927f0 JavaThread "Unconstrained build operations Thread 74" [_thread_blocked, id=9892, stack(0x0000003022c00000,0x0000003022d00000)]
  0x000001575938b470 JavaThread "Unconstrained build operations Thread 75" [_thread_blocked, id=19996, stack(0x0000003022d00000,0x0000003022e00000)]
  0x0000015759391e50 JavaThread "Unconstrained build operations Thread 76" [_thread_blocked, id=22896, stack(0x0000003022e00000,0x0000003022f00000)]
  0x000001575938be10 JavaThread "Unconstrained build operations Thread 77" [_thread_blocked, id=11088, stack(0x0000003022f00000,0x0000003023000000)]
  0x000001575938f7d0 JavaThread "Unconstrained build operations Thread 78" [_thread_blocked, id=20052, stack(0x0000003023000000,0x0000003023100000)]
  0x000001575938fca0 JavaThread "Unconstrained build operations Thread 79" [_thread_blocked, id=20964, stack(0x0000003023100000,0x0000003023200000)]
  0x0000015759390640 JavaThread "Unconstrained build operations Thread 80" [_thread_blocked, id=19872, stack(0x0000003023200000,0x0000003023300000)]
  0x000001575938c2e0 JavaThread "jar transforms Thread 6" [_thread_blocked, id=22700, stack(0x0000003023300000,0x0000003023400000)]
  0x000001575938d150 JavaThread "jar transforms Thread 7" [_thread_blocked, id=22040, stack(0x0000003023400000,0x0000003023500000)]
  0x000001575938e490 JavaThread "jar transforms Thread 8" [_thread_blocked, id=15416, stack(0x0000003023500000,0x0000003023600000)]
  0x000001575938d620 JavaThread "build event listener" [_thread_blocked, id=18636, stack(0x0000003023600000,0x0000003023700000)]
  0x000001575938ee30 JavaThread "Memory manager" [_thread_blocked, id=6232, stack(0x0000003023700000,0x0000003023800000)]
  0x000001575bd72df0 JavaThread "C2 CompilerThread1" daemon [_thread_blocked, id=23292, stack(0x000000301b700000,0x000000301b800000)]
  0x000001575ddadf00 JavaThread "included builds" [_thread_blocked, id=12304, stack(0x0000003023800000,0x0000003023900000)]
  0x000001575ddae3d0 JavaThread "Execution worker" [_thread_blocked, id=12664, stack(0x0000003023900000,0x0000003023a00000)]
  0x000001575ddabd50 JavaThread "Execution worker Thread 2" [_thread_blocked, id=23128, stack(0x0000003023a00000,0x0000003023b00000)]
  0x000001575ddae8a0 JavaThread "Execution worker Thread 3" [_thread_blocked, id=21064, stack(0x0000003023b00000,0x0000003023c00000)]
  0x000001575ddab3b0 JavaThread "Execution worker Thread 4" [_thread_blocked, id=2040, stack(0x0000003023c00000,0x0000003023d00000)]
  0x000001575ddac220 JavaThread "Execution worker Thread 5" [_thread_blocked, id=25060, stack(0x0000003023d00000,0x0000003023e00000)]
  0x000001575ddac6f0 JavaThread "Execution worker Thread 6" [_thread_blocked, id=11044, stack(0x0000003023e00000,0x0000003023f00000)]
  0x000001575a972530 JavaThread "Execution worker Thread 7" [_thread_blocked, id=23952, stack(0x0000003023f00000,0x0000003024000000)]
  0x000001575a972a00 JavaThread "Cache worker for execution history cache (D:\App_Android studio\Tp_Localisation\.gradle\8.0\executionHistory)" [_thread_blocked, id=21888, stack(0x0000003024000000,0x0000003024100000)]
  0x000001575bd714a0 JavaThread "C2 CompilerThread2" daemon [_thread_blocked, id=21404, stack(0x000000301dc00000,0x000000301dd00000)]

Other Threads:
=>0x0000015758073950 VMThread "VM Thread" [stack: 0x000000301aa00000,0x000000301ab00000] [id=16236]
  0x000001575826cd20 WatcherThread [stack: 0x000000301b600000,0x000000301b700000] [id=18520]
  0x000001573d7992a0 GCTaskThread "GC Thread#0" [stack: 0x000000301a500000,0x000000301a600000] [id=25416]
  0x00000157589fc920 GCTaskThread "GC Thread#1" [stack: 0x000000301b800000,0x000000301b900000] [id=24852]
  0x0000015758ba7cb0 GCTaskThread "GC Thread#2" [stack: 0x000000301b900000,0x000000301ba00000] [id=25228]
  0x0000015758a52940 GCTaskThread "GC Thread#3" [stack: 0x000000301ba00000,0x000000301bb00000] [id=24388]
  0x0000015758a513c0 GCTaskThread "GC Thread#4" [stack: 0x000000301bb00000,0x000000301bc00000] [id=23604]
  0x0000015758a51bd0 GCTaskThread "GC Thread#5" [stack: 0x000000301bc00000,0x000000301bd00000] [id=7208]
  0x0000015758a52130 GCTaskThread "GC Thread#6" [stack: 0x000000301bd00000,0x000000301be00000] [id=25436]
  0x0000015758a51110 GCTaskThread "GC Thread#7" [stack: 0x000000301c800000,0x000000301c900000] [id=16840]
  0x000001573d7aa1e0 ConcurrentGCThread "G1 Main Marker" [stack: 0x000000301a600000,0x000000301a700000] [id=9212]
  0x000001573d7aabf0 ConcurrentGCThread "G1 Conc#0" [stack: 0x000000301a700000,0x000000301a800000] [id=6356]
  0x0000015758a51670 ConcurrentGCThread "G1 Conc#1" [stack: 0x000000301c900000,0x000000301ca00000] [id=1468]
  0x000001573d7fe900 ConcurrentGCThread "G1 Refine#0" [stack: 0x000000301a800000,0x000000301a900000] [id=22544]
  0x000001575b62fdd0 ConcurrentGCThread "G1 Refine#1" [stack: 0x000000301ce00000,0x000000301cf00000] [id=17272]
  0x000001575baa9ad0 ConcurrentGCThread "G1 Refine#2" [stack: 0x000000301cf00000,0x000000301d000000] [id=21260]
  0x000001575b4bc300 ConcurrentGCThread "G1 Refine#3" [stack: 0x000000301d000000,0x000000301d100000] [id=4068]
  0x000001575ab8e4a0 ConcurrentGCThread "G1 Refine#4" [stack: 0x000000301d100000,0x000000301d200000] [id=25164]
  0x000001575ab8e780 ConcurrentGCThread "G1 Refine#5" [stack: 0x000000301d200000,0x000000301d300000] [id=12756]
  0x000001575748a3a0 ConcurrentGCThread "G1 Service" [stack: 0x000000301a900000,0x000000301aa00000] [id=25116]

Threads with active compile tasks:
C2 CompilerThread0    18374 10818       4       org.apache.xerces.dom.ParentNode::internalInsertBefore (651 bytes)
C2 CompilerThread1    18374 10812       4       org.apache.xerces.dom.DeferredElementNSImpl::synchronizeData (232 bytes)
C2 CompilerThread2    18374 10679 % !   4       com.android.ide.common.resources.DataMerger::mergeData @ 247 (611 bytes)

VM state: at safepoint (normal execution)

VM Mutex/Monitor currently owned by a thread:  ([mutex/lock_event])
[0x000001573d73c3f0] Threads_lock - owner thread: 0x0000015758073950
[0x000001573d73abc0] Heap_lock - owner thread: 0x000001575ddae3d0

Heap address: 0x0000000080000000, size: 2048 MB, Compressed Oops mode: 32-bit

CDS archive(s) not mapped
Compressed class space mapped at: 0x0000000100000000-0x0000000140000000, reserved size: 1073741824
Narrow klass base: 0x0000000000000000, Narrow klass shift: 3, Narrow klass range: 0x140000000

GC Precious Log:
 CPUs: 8 total, 8 available
 Memory: 16194M
 Large Page Support: Disabled
 NUMA Support: Disabled
 Compressed Oops: Enabled (32-bit)
 Heap Region Size: 1M
 Heap Min Capacity: 8M
 Heap Initial Capacity: 254M
 Heap Max Capacity: 2G
 Pre-touch: Disabled
 Parallel Workers: 8
 Concurrent Workers: 2
 Concurrent Refinement Workers: 8
 Periodic GC: Disabled

Heap:
 garbage-first heap   total 217088K, used 100632K [0x0000000080000000, 0x0000000100000000)
  region size 1024K, 1 young (1024K), 1 survivors (1024K)
 Metaspace       used 94268K, committed 94912K, reserved 1130496K
  class space    used 12880K, committed 13184K, reserved 1048576K

Heap Regions: E=young(eden), S=young(survivor), O=old, HS=humongous(starts), HC=humongous(continues), CS=collection set, F=free, OA=open archive, CA=closed archive, TAMS=top-at-mark-start (previous, next)
|   0|0x0000000080000000, 0x0000000080100000, 0x0000000080100000|100%|HS|  |TAMS 0x0000000080100000, 0x0000000080000000| Complete 
|   1|0x0000000080100000, 0x0000000080200000, 0x0000000080200000|100%|HC|  |TAMS 0x0000000080200000, 0x0000000080100000| Complete 
|   2|0x0000000080200000, 0x0000000080300000, 0x0000000080300000|100%|HC|  |TAMS 0x0000000080300000, 0x0000000080200000| Complete 
|   3|0x0000000080300000, 0x0000000080400000, 0x0000000080400000|100%|HC|  |TAMS 0x0000000080400000, 0x0000000080300000| Complete 
|   4|0x0000000080400000, 0x0000000080500000, 0x0000000080500000|100%| O|  |TAMS 0x0000000080500000, 0x0000000080400000| Untracked 
|   5|0x0000000080500000, 0x0000000080600000, 0x0000000080600000|100%| O|  |TAMS 0x0000000080600000, 0x0000000080500000| Untracked 
|   6|0x0000000080600000, 0x0000000080700000, 0x0000000080700000|100%| O|  |TAMS 0x0000000080700000, 0x0000000080600000| Untracked 
|   7|0x0000000080700000, 0x0000000080800000, 0x0000000080800000|100%| O|  |TAMS 0x0000000080800000, 0x0000000080700000| Untracked 
|   8|0x0000000080800000, 0x0000000080900000, 0x0000000080900000|100%| O|  |TAMS 0x0000000080900000, 0x0000000080800000| Untracked 
|   9|0x0000000080900000, 0x0000000080a00000, 0x0000000080a00000|100%| O|  |TAMS 0x0000000080a00000, 0x0000000080900000| Untracked 
|  10|0x0000000080a00000, 0x0000000080afb200, 0x0000000080b00000| 98%| O|  |TAMS 0x0000000080afb200, 0x0000000080a00000| Untracked 
|  11|0x0000000080b00000, 0x0000000080c00000, 0x0000000080c00000|100%| O|  |TAMS 0x0000000080c00000, 0x0000000080b00000| Untracked 
|  12|0x0000000080c00000, 0x0000000080d00000, 0x0000000080d00000|100%| O|  |TAMS 0x0000000080d00000, 0x0000000080c00000| Untracked 
|  13|0x0000000080d00000, 0x0000000080e00000, 0x0000000080e00000|100%| O|  |TAMS 0x0000000080e00000, 0x0000000080d00000| Untracked 
|  14|0x0000000080e00000, 0x0000000080f00000, 0x0000000080f00000|100%| O|  |TAMS 0x0000000080f00000, 0x0000000080e00000| Untracked 
|  15|0x0000000080f00000, 0x0000000081000000, 0x0000000081000000|100%| O|  |TAMS 0x0000000081000000, 0x0000000080f00000| Untracked 
|  16|0x0000000081000000, 0x0000000081100000, 0x0000000081100000|100%| O|  |TAMS 0x0000000081100000, 0x0000000081000000| Untracked 
|  17|0x0000000081100000, 0x0000000081200000, 0x0000000081200000|100%| O|  |TAMS 0x0000000081200000, 0x0000000081100000| Untracked 
|  18|0x0000000081200000, 0x0000000081300000, 0x0000000081300000|100%| O|  |TAMS 0x0000000081300000, 0x0000000081200000| Untracked 
|  19|0x0000000081300000, 0x0000000081400000, 0x0000000081400000|100%| O|  |TAMS 0x0000000081400000, 0x0000000081300000| Untracked 
|  20|0x0000000081400000, 0x0000000081500000, 0x0000000081500000|100%| O|  |TAMS 0x0000000081500000, 0x0000000081400000| Untracked 
|  21|0x0000000081500000, 0x0000000081600000, 0x0000000081600000|100%| O|  |TAMS 0x0000000081600000, 0x0000000081500000| Untracked 
|  22|0x0000000081600000, 0x0000000081700000, 0x0000000081700000|100%| O|  |TAMS 0x0000000081700000, 0x0000000081600000| Untracked 
|  23|0x0000000081700000, 0x0000000081800000, 0x0000000081800000|100%| O|  |TAMS 0x0000000081800000, 0x0000000081700000| Untracked 
|  24|0x0000000081800000, 0x0000000081900000, 0x0000000081900000|100%| O|  |TAMS 0x0000000081900000, 0x0000000081800000| Untracked 
|  25|0x0000000081900000, 0x0000000081a00000, 0x0000000081a00000|100%| O|  |TAMS 0x0000000081a00000, 0x0000000081900000| Untracked 
|  26|0x0000000081a00000, 0x0000000081b00000, 0x0000000081b00000|100%| O|  |TAMS 0x0000000081a00000, 0x0000000081a00000| Untracked 
|  27|0x0000000081b00000, 0x0000000081c00000, 0x0000000081c00000|100%| O|  |TAMS 0x0000000081c00000, 0x0000000081b00000| Untracked 
|  28|0x0000000081c00000, 0x0000000081d00000, 0x0000000081d00000|100%| O|  |TAMS 0x0000000081d00000, 0x0000000081c00000| Untracked 
|  29|0x0000000081d00000, 0x0000000081d00000, 0x0000000081e00000|  0%| F|  |TAMS 0x0000000081d00000, 0x0000000081d00000| Untracked 
|  30|0x0000000081e00000, 0x0000000081f00000, 0x0000000081f00000|100%|HS|  |TAMS 0x0000000081f00000, 0x0000000081e00000| Complete 
|  31|0x0000000081f00000, 0x0000000082000000, 0x0000000082000000|100%|HS|  |TAMS 0x0000000082000000, 0x0000000081f00000| Complete 
|  32|0x0000000082000000, 0x0000000082100000, 0x0000000082100000|100%|HS|  |TAMS 0x0000000082100000, 0x0000000082000000| Complete 
|  33|0x0000000082100000, 0x0000000082200000, 0x0000000082200000|100%| O|  |TAMS 0x0000000082200000, 0x0000000082100000| Untracked 
|  34|0x0000000082200000, 0x0000000082300000, 0x0000000082300000|100%| O|  |TAMS 0x0000000082300000, 0x0000000082200000| Untracked 
|  35|0x0000000082300000, 0x0000000082400000, 0x0000000082400000|100%| O|  |TAMS 0x0000000082400000, 0x0000000082300000| Untracked 
|  36|0x0000000082400000, 0x0000000082500000, 0x0000000082500000|100%| O|  |TAMS 0x0000000082500000, 0x0000000082400000| Untracked 
|  37|0x0000000082500000, 0x0000000082600000, 0x0000000082600000|100%| O|  |TAMS 0x0000000082600000, 0x0000000082500000| Untracked 
|  38|0x0000000082600000, 0x0000000082700000, 0x0000000082700000|100%| O|  |TAMS 0x0000000082700000, 0x0000000082600000| Untracked 
|  39|0x0000000082700000, 0x0000000082800000, 0x0000000082800000|100%| O|  |TAMS 0x0000000082800000, 0x0000000082700000| Untracked 
|  40|0x0000000082800000, 0x0000000082900000, 0x0000000082900000|100%| O|  |TAMS 0x0000000082900000, 0x0000000082800000| Untracked 
|  41|0x0000000082900000, 0x0000000082a00000, 0x0000000082a00000|100%| O|  |TAMS 0x0000000082a00000, 0x0000000082900000| Untracked 
|  42|0x0000000082a00000, 0x0000000082b00000, 0x0000000082b00000|100%| O|  |TAMS 0x0000000082b00000, 0x0000000082a00000| Untracked 
|  43|0x0000000082b00000, 0x0000000082c00000, 0x0000000082c00000|100%| O|  |TAMS 0x0000000082c00000, 0x0000000082b00000| Untracked 
|  44|0x0000000082c00000, 0x0000000082d00000, 0x0000000082d00000|100%| O|  |TAMS 0x0000000082d00000, 0x0000000082c00000| Untracked 
|  45|0x0000000082d00000, 0x0000000082e00000, 0x0000000082e00000|100%| O|  |TAMS 0x0000000082e00000, 0x0000000082d00000| Untracked 
|  46|0x0000000082e00000, 0x0000000082f00000, 0x0000000082f00000|100%| O|  |TAMS 0x0000000082f00000, 0x0000000082e00000| Untracked 
|  47|0x0000000082f00000, 0x0000000083000000, 0x0000000083000000|100%| O|  |TAMS 0x0000000083000000, 0x0000000082f00000| Untracked 
|  48|0x0000000083000000, 0x0000000083100000, 0x0000000083100000|100%| O|  |TAMS 0x0000000083100000, 0x0000000083000000| Untracked 
|  49|0x0000000083100000, 0x0000000083200000, 0x0000000083200000|100%| O|  |TAMS 0x0000000083200000, 0x0000000083100000| Untracked 
|  50|0x0000000083200000, 0x0000000083300000, 0x0000000083300000|100%| O|  |TAMS 0x0000000083300000, 0x0000000083200000| Untracked 
|  51|0x0000000083300000, 0x0000000083400000, 0x0000000083400000|100%| O|  |TAMS 0x0000000083400000, 0x0000000083300000| Untracked 
|  52|0x0000000083400000, 0x0000000083500000, 0x0000000083500000|100%| O|  |TAMS 0x0000000083500000, 0x0000000083400000| Untracked 
|  53|0x0000000083500000, 0x0000000083600000, 0x0000000083600000|100%| O|  |TAMS 0x0000000083600000, 0x0000000083500000| Untracked 
|  54|0x0000000083600000, 0x0000000083700000, 0x0000000083700000|100%| O|  |TAMS 0x0000000083700000, 0x0000000083600000| Untracked 
|  55|0x0000000083700000, 0x0000000083800000, 0x0000000083800000|100%| O|  |TAMS 0x0000000083800000, 0x0000000083700000| Untracked 
|  56|0x0000000083800000, 0x0000000083900000, 0x0000000083900000|100%| O|  |TAMS 0x0000000083900000, 0x0000000083800000| Untracked 
|  57|0x0000000083900000, 0x0000000083a00000, 0x0000000083a00000|100%| O|  |TAMS 0x0000000083a00000, 0x0000000083900000| Untracked 
|  58|0x0000000083a00000, 0x0000000083b00000, 0x0000000083b00000|100%| O|  |TAMS 0x0000000083b00000, 0x0000000083a00000| Untracked 
|  59|0x0000000083b00000, 0x0000000083c00000, 0x0000000083c00000|100%| O|  |TAMS 0x0000000083c00000, 0x0000000083b00000| Untracked 
|  60|0x0000000083c00000, 0x0000000083d00000, 0x0000000083d00000|100%| O|  |TAMS 0x0000000083d00000, 0x0000000083c00000| Untracked 
|  61|0x0000000083d00000, 0x0000000083e00000, 0x0000000083e00000|100%| O|  |TAMS 0x0000000083e00000, 0x0000000083d00000| Untracked 
|  62|0x0000000083e00000, 0x0000000083f00000, 0x0000000083f00000|100%| O|  |TAMS 0x0000000083f00000, 0x0000000083e00000| Untracked 
|  63|0x0000000083f00000, 0x0000000084000000, 0x0000000084000000|100%| O|  |TAMS 0x0000000084000000, 0x0000000083f00000| Untracked 
|  64|0x0000000084000000, 0x0000000084100000, 0x0000000084100000|100%| O|  |TAMS 0x0000000084100000, 0x0000000084000000| Untracked 
|  65|0x0000000084100000, 0x0000000084200000, 0x0000000084200000|100%| O|  |TAMS 0x0000000084200000, 0x0000000084100000| Untracked 
|  66|0x0000000084200000, 0x0000000084300000, 0x0000000084300000|100%| O|  |TAMS 0x0000000084300000, 0x0000000084200000| Untracked 
|  67|0x0000000084300000, 0x0000000084400000, 0x0000000084400000|100%| O|  |TAMS 0x0000000084400000, 0x0000000084300000| Untracked 
|  68|0x0000000084400000, 0x0000000084500000, 0x0000000084500000|100%| O|  |TAMS 0x0000000084500000, 0x0000000084400000| Untracked 
|  69|0x0000000084500000, 0x0000000084600000, 0x0000000084600000|100%| O|  |TAMS 0x0000000084600000, 0x0000000084500000| Untracked 
|  70|0x0000000084600000, 0x0000000084700000, 0x0000000084700000|100%| O|  |TAMS 0x0000000084700000, 0x0000000084600000| Untracked 
|  71|0x0000000084700000, 0x0000000084800000, 0x0000000084800000|100%| O|  |TAMS 0x0000000084800000, 0x0000000084700000| Untracked 
|  72|0x0000000084800000, 0x0000000084900000, 0x0000000084900000|100%| O|  |TAMS 0x0000000084900000, 0x0000000084800000| Untracked 
|  73|0x0000000084900000, 0x0000000084a00000, 0x0000000084a00000|100%| O|  |TAMS 0x0000000084a00000, 0x0000000084900000| Untracked 
|  74|0x0000000084a00000, 0x0000000084b00000, 0x0000000084b00000|100%| O|  |TAMS 0x0000000084b00000, 0x0000000084a00000| Untracked 
|  75|0x0000000084b00000, 0x0000000084c00000, 0x0000000084c00000|100%| O|  |TAMS 0x0000000084c00000, 0x0000000084b00000| Untracked 
|  76|0x0000000084c00000, 0x0000000084d00000, 0x0000000084d00000|100%| O|  |TAMS 0x0000000084d00000, 0x0000000084c00000| Untracked 
|  77|0x0000000084d00000, 0x0000000084d00000, 0x0000000084e00000|  0%| F|  |TAMS 0x0000000084d00000, 0x0000000084d00000| Untracked 
|  78|0x0000000084e00000, 0x0000000084f00000, 0x0000000084f00000|100%| O|  |TAMS 0x0000000084e00000, 0x0000000084e00000| Untracked 
|  79|0x0000000084f00000, 0x0000000085000000, 0x0000000085000000|100%| O|  |TAMS 0x0000000084f00000, 0x0000000084f00000| Untracked 
|  80|0x0000000085000000, 0x0000000085100000, 0x0000000085100000|100%| O|  |TAMS 0x0000000085000000, 0x0000000085000000| Untracked 
|  81|0x0000000085100000, 0x0000000085200000, 0x0000000085200000|100%| O|  |TAMS 0x0000000085100000, 0x0000000085100000| Untracked 
|  82|0x0000000085200000, 0x0000000085300000, 0x0000000085300000|100%| O|  |TAMS 0x0000000085200000, 0x0000000085200000| Untracked 
|  83|0x0000000085300000, 0x0000000085400000, 0x0000000085400000|100%| O|  |TAMS 0x0000000085300000, 0x0000000085300000| Untracked 
|  84|0x0000000085400000, 0x0000000085500000, 0x0000000085500000|100%| O|  |TAMS 0x0000000085400000, 0x0000000085400000| Untracked 
|  85|0x0000000085500000, 0x0000000085600000, 0x0000000085600000|100%| O|  |TAMS 0x0000000085500000, 0x0000000085500000| Untracked 
|  86|0x0000000085600000, 0x0000000085700000, 0x0000000085700000|100%| O|  |TAMS 0x0000000085600000, 0x0000000085600000| Untracked 
|  87|0x0000000085700000, 0x0000000085800000, 0x0000000085800000|100%| O|  |TAMS 0x0000000085700000, 0x0000000085700000| Untracked 
|  88|0x0000000085800000, 0x0000000085900000, 0x0000000085900000|100%| O|  |TAMS 0x0000000085800000, 0x0000000085800000| Untracked 
|  89|0x0000000085900000, 0x0000000085a00000, 0x0000000085a00000|100%| O|  |TAMS 0x0000000085900000, 0x0000000085900000| Untracked 
|  90|0x0000000085a00000, 0x0000000085b00000, 0x0000000085b00000|100%| O|  |TAMS 0x0000000085a00000, 0x0000000085a00000| Untracked 
|  91|0x0000000085b00000, 0x0000000085c00000, 0x0000000085c00000|100%| O|  |TAMS 0x0000000085b00000, 0x0000000085b00000| Untracked 
|  92|0x0000000085c00000, 0x0000000085d00000, 0x0000000085d00000|100%| O|  |TAMS 0x0000000085c00000, 0x0000000085c00000| Untracked 
|  93|0x0000000085d00000, 0x0000000085e00000, 0x0000000085e00000|100%| O|  |TAMS 0x0000000085d00000, 0x0000000085d00000| Untracked 
|  94|0x0000000085e00000, 0x0000000085f00000, 0x0000000085f00000|100%| O|  |TAMS 0x0000000085e00000, 0x0000000085e00000| Untracked 
|  95|0x0000000085f00000, 0x0000000086000000, 0x0000000086000000|100%| O|  |TAMS 0x0000000085f00000, 0x0000000085f00000| Untracked 
|  96|0x0000000086000000, 0x0000000086100000, 0x0000000086100000|100%| O|  |TAMS 0x0000000086000000, 0x0000000086000000| Untracked 
|  97|0x0000000086100000, 0x0000000086200000, 0x0000000086200000|100%| O|  |TAMS 0x0000000086100000, 0x0000000086100000| Untracked 
|  98|0x0000000086200000, 0x0000000086300000, 0x0000000086300000|100%| O|  |TAMS 0x0000000086200000, 0x0000000086200000| Untracked 
|  99|0x0000000086300000, 0x000000008634ae00, 0x0000000086400000| 29%| O|  |TAMS 0x0000000086300000, 0x0000000086300000| Untracked 
| 100|0x0000000086400000, 0x0000000086400000, 0x0000000086500000|  0%| F|  |TAMS 0x0000000086400000, 0x0000000086400000| Untracked 
| 101|0x0000000086500000, 0x0000000086500000, 0x0000000086600000|  0%| F|  |TAMS 0x0000000086500000, 0x0000000086500000| Untracked 
| 102|0x0000000086600000, 0x0000000086600000, 0x0000000086700000|  0%| F|  |TAMS 0x0000000086600000, 0x0000000086600000| Untracked 
| 103|0x0000000086700000, 0x0000000086700000, 0x0000000086800000|  0%| F|  |TAMS 0x0000000086700000, 0x0000000086700000| Untracked 
| 104|0x0000000086800000, 0x0000000086800000, 0x0000000086900000|  0%| F|  |TAMS 0x0000000086800000, 0x0000000086800000| Untracked 
| 105|0x0000000086900000, 0x0000000086900000, 0x0000000086a00000|  0%| F|  |TAMS 0x0000000086900000, 0x0000000086900000| Untracked 
| 106|0x0000000086a00000, 0x0000000086a00000, 0x0000000086b00000|  0%| F|  |TAMS 0x0000000086a00000, 0x0000000086a00000| Untracked 
| 107|0x0000000086b00000, 0x0000000086b00000, 0x0000000086c00000|  0%| F|  |TAMS 0x0000000086b00000, 0x0000000086b00000| Untracked 
| 108|0x0000000086c00000, 0x0000000086c00000, 0x0000000086d00000|  0%| F|  |TAMS 0x0000000086c00000, 0x0000000086c00000| Untracked 
| 109|0x0000000086d00000, 0x0000000086d00000, 0x0000000086e00000|  0%| F|  |TAMS 0x0000000086d00000, 0x0000000086d00000| Untracked 
| 110|0x0000000086e00000, 0x0000000086e00000, 0x0000000086f00000|  0%| F|  |TAMS 0x0000000086e00000, 0x0000000086e00000| Untracked 
| 111|0x0000000086f00000, 0x0000000086f00000, 0x0000000087000000|  0%| F|  |TAMS 0x0000000086f00000, 0x0000000086f00000| Untracked 
| 112|0x0000000087000000, 0x0000000087000000, 0x0000000087100000|  0%| F|  |TAMS 0x0000000087000000, 0x0000000087000000| Untracked 
| 113|0x0000000087100000, 0x0000000087100000, 0x0000000087200000|  0%| F|  |TAMS 0x0000000087100000, 0x0000000087100000| Untracked 
| 114|0x0000000087200000, 0x0000000087200000, 0x0000000087300000|  0%| F|  |TAMS 0x0000000087200000, 0x0000000087200000| Untracked 
| 115|0x0000000087300000, 0x0000000087300000, 0x0000000087400000|  0%| F|  |TAMS 0x0000000087300000, 0x0000000087300000| Untracked 
| 116|0x0000000087400000, 0x0000000087400000, 0x0000000087500000|  0%| F|  |TAMS 0x0000000087400000, 0x0000000087400000| Untracked 
| 117|0x0000000087500000, 0x0000000087500000, 0x0000000087600000|  0%| F|  |TAMS 0x0000000087500000, 0x0000000087500000| Untracked 
| 118|0x0000000087600000, 0x0000000087600000, 0x0000000087700000|  0%| F|  |TAMS 0x0000000087600000, 0x0000000087600000| Untracked 
| 119|0x0000000087700000, 0x0000000087700000, 0x0000000087800000|  0%| F|  |TAMS 0x0000000087700000, 0x0000000087700000| Untracked 
| 120|0x0000000087800000, 0x0000000087800000, 0x0000000087900000|  0%| F|  |TAMS 0x0000000087800000, 0x0000000087800000| Untracked 
| 121|0x0000000087900000, 0x0000000087900000, 0x0000000087a00000|  0%| F|  |TAMS 0x0000000087900000, 0x0000000087900000| Untracked 
| 122|0x0000000087a00000, 0x0000000087a00000, 0x0000000087b00000|  0%| F|  |TAMS 0x0000000087a00000, 0x0000000087a00000| Untracked 
| 123|0x0000000087b00000, 0x0000000087b00000, 0x0000000087c00000|  0%| F|  |TAMS 0x0000000087b00000, 0x0000000087b00000| Untracked 
| 124|0x0000000087c00000, 0x0000000087c00000, 0x0000000087d00000|  0%| F|  |TAMS 0x0000000087c00000, 0x0000000087c00000| Untracked 
| 125|0x0000000087d00000, 0x0000000087d00000, 0x0000000087e00000|  0%| F|  |TAMS 0x0000000087d00000, 0x0000000087d00000| Untracked 
| 126|0x0000000087e00000, 0x0000000087e00000, 0x0000000087f00000|  0%| F|  |TAMS 0x0000000087e00000, 0x0000000087e00000| Untracked 
| 127|0x0000000087f00000, 0x0000000087f00000, 0x0000000088000000|  0%| F|  |TAMS 0x0000000087f00000, 0x0000000087f00000| Untracked 
| 128|0x0000000088000000, 0x0000000088000000, 0x0000000088100000|  0%| F|  |TAMS 0x0000000088000000, 0x0000000088000000| Untracked 
| 129|0x0000000088100000, 0x0000000088100000, 0x0000000088200000|  0%| F|  |TAMS 0x0000000088100000, 0x0000000088100000| Untracked 
| 130|0x0000000088200000, 0x0000000088200000, 0x0000000088300000|  0%| F|  |TAMS 0x0000000088200000, 0x0000000088200000| Untracked 
| 131|0x0000000088300000, 0x0000000088300000, 0x0000000088400000|  0%| F|  |TAMS 0x0000000088300000, 0x0000000088300000| Untracked 
| 132|0x0000000088400000, 0x0000000088400000, 0x0000000088500000|  0%| F|  |TAMS 0x0000000088400000, 0x0000000088400000| Untracked 
| 133|0x0000000088500000, 0x0000000088500000, 0x0000000088600000|  0%| F|  |TAMS 0x0000000088500000, 0x0000000088500000| Untracked 
| 134|0x0000000088600000, 0x0000000088600000, 0x0000000088700000|  0%| F|  |TAMS 0x0000000088600000, 0x0000000088600000| Untracked 
| 135|0x0000000088700000, 0x0000000088700000, 0x0000000088800000|  0%| F|  |TAMS 0x0000000088700000, 0x0000000088700000| Untracked 
| 136|0x0000000088800000, 0x0000000088800000, 0x0000000088900000|  0%| F|  |TAMS 0x0000000088800000, 0x0000000088800000| Untracked 
| 137|0x0000000088900000, 0x0000000088900000, 0x0000000088a00000|  0%| F|  |TAMS 0x0000000088900000, 0x0000000088900000| Untracked 
| 138|0x0000000088a00000, 0x0000000088a00000, 0x0000000088b00000|  0%| F|  |TAMS 0x0000000088a00000, 0x0000000088a00000| Untracked 
| 139|0x0000000088b00000, 0x0000000088b00000, 0x0000000088c00000|  0%| F|  |TAMS 0x0000000088b00000, 0x0000000088b00000| Untracked 
| 140|0x0000000088c00000, 0x0000000088c00000, 0x0000000088d00000|  0%| F|  |TAMS 0x0000000088c00000, 0x0000000088c00000| Untracked 
| 141|0x0000000088d00000, 0x0000000088d00000, 0x0000000088e00000|  0%| F|  |TAMS 0x0000000088d00000, 0x0000000088d00000| Untracked 
| 142|0x0000000088e00000, 0x0000000088e00000, 0x0000000088f00000|  0%| F|  |TAMS 0x0000000088e00000, 0x0000000088e00000| Untracked 
| 143|0x0000000088f00000, 0x0000000088f00000, 0x0000000089000000|  0%| F|  |TAMS 0x0000000088f00000, 0x0000000088f00000| Untracked 
| 144|0x0000000089000000, 0x0000000089000000, 0x0000000089100000|  0%| F|  |TAMS 0x0000000089000000, 0x0000000089000000| Untracked 
| 145|0x0000000089100000, 0x0000000089100000, 0x0000000089200000|  0%| F|  |TAMS 0x0000000089100000, 0x0000000089100000| Untracked 
| 146|0x0000000089200000, 0x0000000089200000, 0x0000000089300000|  0%| F|  |TAMS 0x0000000089200000, 0x0000000089200000| Untracked 
| 147|0x0000000089300000, 0x0000000089300000, 0x0000000089400000|  0%| F|  |TAMS 0x0000000089300000, 0x0000000089300000| Untracked 
| 148|0x0000000089400000, 0x0000000089400000, 0x0000000089500000|  0%| F|  |TAMS 0x0000000089400000, 0x0000000089400000| Untracked 
| 149|0x0000000089500000, 0x0000000089500000, 0x0000000089600000|  0%| F|  |TAMS 0x0000000089500000, 0x0000000089500000| Untracked 
| 150|0x0000000089600000, 0x0000000089600000, 0x0000000089700000|  0%| F|  |TAMS 0x0000000089600000, 0x0000000089600000| Untracked 
| 151|0x0000000089700000, 0x0000000089700000, 0x0000000089800000|  0%| F|  |TAMS 0x0000000089700000, 0x0000000089700000| Untracked 
| 152|0x0000000089800000, 0x0000000089800000, 0x0000000089900000|  0%| F|  |TAMS 0x0000000089800000, 0x0000000089800000| Untracked 
| 153|0x0000000089900000, 0x0000000089900000, 0x0000000089a00000|  0%| F|  |TAMS 0x0000000089900000, 0x0000000089900000| Untracked 
| 154|0x0000000089a00000, 0x0000000089a00000, 0x0000000089b00000|  0%| F|  |TAMS 0x0000000089a00000, 0x0000000089a00000| Untracked 
| 155|0x0000000089b00000, 0x0000000089b00000, 0x0000000089c00000|  0%| F|  |TAMS 0x0000000089b00000, 0x0000000089b00000| Untracked 
| 156|0x0000000089c00000, 0x0000000089c00000, 0x0000000089d00000|  0%| F|  |TAMS 0x0000000089c00000, 0x0000000089c00000| Untracked 
| 157|0x0000000089d00000, 0x0000000089d00000, 0x0000000089e00000|  0%| F|  |TAMS 0x0000000089d00000, 0x0000000089d00000| Untracked 
| 158|0x0000000089e00000, 0x0000000089e00000, 0x0000000089f00000|  0%| F|  |TAMS 0x0000000089e00000, 0x0000000089e00000| Untracked 
| 159|0x0000000089f00000, 0x0000000089f00000, 0x000000008a000000|  0%| F|  |TAMS 0x0000000089f00000, 0x0000000089f00000| Untracked 
| 160|0x000000008a000000, 0x000000008a000000, 0x000000008a100000|  0%| F|  |TAMS 0x000000008a000000, 0x000000008a000000| Untracked 
| 161|0x000000008a100000, 0x000000008a100000, 0x000000008a200000|  0%| F|  |TAMS 0x000000008a100000, 0x000000008a100000| Untracked 
| 162|0x000000008a200000, 0x000000008a200000, 0x000000008a300000|  0%| F|  |TAMS 0x000000008a200000, 0x000000008a200000| Untracked 
| 163|0x000000008a300000, 0x000000008a300000, 0x000000008a400000|  0%| F|  |TAMS 0x000000008a300000, 0x000000008a300000| Untracked 
| 164|0x000000008a400000, 0x000000008a400000, 0x000000008a500000|  0%| F|  |TAMS 0x000000008a400000, 0x000000008a400000| Untracked 
| 165|0x000000008a500000, 0x000000008a500000, 0x000000008a600000|  0%| F|  |TAMS 0x000000008a500000, 0x000000008a500000| Untracked 
| 166|0x000000008a600000, 0x000000008a600000, 0x000000008a700000|  0%| F|  |TAMS 0x000000008a600000, 0x000000008a600000| Untracked 
| 167|0x000000008a700000, 0x000000008a700000, 0x000000008a800000|  0%| F|  |TAMS 0x000000008a700000, 0x000000008a700000| Untracked 
| 168|0x000000008a800000, 0x000000008a800000, 0x000000008a900000|  0%| F|  |TAMS 0x000000008a800000, 0x000000008a800000| Untracked 
| 169|0x000000008a900000, 0x000000008a900000, 0x000000008aa00000|  0%| F|  |TAMS 0x000000008a900000, 0x000000008a900000| Untracked 
| 170|0x000000008aa00000, 0x000000008aa00000, 0x000000008ab00000|  0%| F|  |TAMS 0x000000008aa00000, 0x000000008aa00000| Untracked 
| 171|0x000000008ab00000, 0x000000008ab00000, 0x000000008ac00000|  0%| F|  |TAMS 0x000000008ab00000, 0x000000008ab00000| Untracked 
| 172|0x000000008ac00000, 0x000000008ac00000, 0x000000008ad00000|  0%| F|  |TAMS 0x000000008ac00000, 0x000000008ac00000| Untracked 
| 173|0x000000008ad00000, 0x000000008ad00000, 0x000000008ae00000|  0%| F|  |TAMS 0x000000008ad00000, 0x000000008ad00000| Untracked 
| 174|0x000000008ae00000, 0x000000008ae00000, 0x000000008af00000|  0%| F|  |TAMS 0x000000008ae00000, 0x000000008ae00000| Untracked 
| 175|0x000000008af00000, 0x000000008af00000, 0x000000008b000000|  0%| F|  |TAMS 0x000000008af00000, 0x000000008af00000| Untracked 
| 176|0x000000008b000000, 0x000000008b000000, 0x000000008b100000|  0%| F|  |TAMS 0x000000008b000000, 0x000000008b000000| Untracked 
| 177|0x000000008b100000, 0x000000008b100000, 0x000000008b200000|  0%| F|  |TAMS 0x000000008b100000, 0x000000008b100000| Untracked 
| 178|0x000000008b200000, 0x000000008b200000, 0x000000008b300000|  0%| F|  |TAMS 0x000000008b200000, 0x000000008b200000| Untracked 
| 179|0x000000008b300000, 0x000000008b300000, 0x000000008b400000|  0%| F|  |TAMS 0x000000008b300000, 0x000000008b300000| Untracked 
| 180|0x000000008b400000, 0x000000008b400000, 0x000000008b500000|  0%| F|  |TAMS 0x000000008b400000, 0x000000008b400000| Untracked 
| 181|0x000000008b500000, 0x000000008b500000, 0x000000008b600000|  0%| F|  |TAMS 0x000000008b500000, 0x000000008b500000| Untracked 
| 182|0x000000008b600000, 0x000000008b600000, 0x000000008b700000|  0%| F|  |TAMS 0x000000008b600000, 0x000000008b600000| Untracked 
| 183|0x000000008b700000, 0x000000008b700000, 0x000000008b800000|  0%| F|  |TAMS 0x000000008b700000, 0x000000008b700000| Untracked 
| 184|0x000000008b800000, 0x000000008b800000, 0x000000008b900000|  0%| F|  |TAMS 0x000000008b800000, 0x000000008b800000| Untracked 
| 185|0x000000008b900000, 0x000000008b900000, 0x000000008ba00000|  0%| F|  |TAMS 0x000000008b900000, 0x000000008b900000| Untracked 
| 186|0x000000008ba00000, 0x000000008ba00000, 0x000000008bb00000|  0%| F|  |TAMS 0x000000008ba00000, 0x000000008ba00000| Untracked 
| 187|0x000000008bb00000, 0x000000008bb00000, 0x000000008bc00000|  0%| F|  |TAMS 0x000000008bb00000, 0x000000008bb00000| Untracked 
| 188|0x000000008bc00000, 0x000000008bc00000, 0x000000008bd00000|  0%| F|  |TAMS 0x000000008bc00000, 0x000000008bc00000| Untracked 
| 189|0x000000008bd00000, 0x000000008bd00000, 0x000000008be00000|  0%| F|  |TAMS 0x000000008bd00000, 0x000000008bd00000| Untracked 
| 190|0x000000008be00000, 0x000000008be00000, 0x000000008bf00000|  0%| F|  |TAMS 0x000000008be00000, 0x000000008be00000| Untracked 
| 191|0x000000008bf00000, 0x000000008bf00000, 0x000000008c000000|  0%| F|  |TAMS 0x000000008bf00000, 0x000000008bf00000| Untracked 
| 192|0x000000008c000000, 0x000000008c000000, 0x000000008c100000|  0%| F|  |TAMS 0x000000008c000000, 0x000000008c000000| Untracked 
| 193|0x000000008c100000, 0x000000008c100000, 0x000000008c200000|  0%| F|  |TAMS 0x000000008c100000, 0x000000008c100000| Untracked 
| 194|0x000000008c200000, 0x000000008c200000, 0x000000008c300000|  0%| F|  |TAMS 0x000000008c200000, 0x000000008c200000| Untracked 
| 195|0x000000008c300000, 0x000000008c300000, 0x000000008c400000|  0%| F|  |TAMS 0x000000008c300000, 0x000000008c300000| Untracked 
| 196|0x000000008c400000, 0x000000008c400000, 0x000000008c500000|  0%| F|  |TAMS 0x000000008c400000, 0x000000008c400000| Untracked 
| 197|0x000000008c500000, 0x000000008c500000, 0x000000008c600000|  0%| F|  |TAMS 0x000000008c500000, 0x000000008c500000| Untracked 
| 198|0x000000008c600000, 0x000000008c600000, 0x000000008c700000|  0%| F|  |TAMS 0x000000008c600000, 0x000000008c600000| Untracked 
| 199|0x000000008c700000, 0x000000008c700000, 0x000000008c800000|  0%| F|  |TAMS 0x000000008c700000, 0x000000008c700000| Untracked 
| 200|0x000000008c800000, 0x000000008c800000, 0x000000008c900000|  0%| F|  |TAMS 0x000000008c800000, 0x000000008c800000| Untracked 
| 201|0x000000008c900000, 0x000000008c900000, 0x000000008ca00000|  0%| F|  |TAMS 0x000000008c900000, 0x000000008c900000| Untracked 
| 202|0x000000008ca00000, 0x000000008ca00000, 0x000000008cb00000|  0%| F|  |TAMS 0x000000008ca00000, 0x000000008ca00000| Untracked 
| 203|0x000000008cb00000, 0x000000008cb00000, 0x000000008cc00000|  0%| F|  |TAMS 0x000000008cb00000, 0x000000008cb00000| Untracked 
| 204|0x000000008cc00000, 0x000000008cc00000, 0x000000008cd00000|  0%| F|  |TAMS 0x000000008cc00000, 0x000000008cc00000| Untracked 
| 205|0x000000008cd00000, 0x000000008cd00000, 0x000000008ce00000|  0%| F|  |TAMS 0x000000008cd00000, 0x000000008cd00000| Untracked 
| 206|0x000000008ce00000, 0x000000008cf00000, 0x000000008cf00000|100%| S|CS|TAMS 0x000000008ce00000, 0x000000008ce00000| Complete 
| 207|0x000000008cf00000, 0x000000008cf00000, 0x000000008d000000|  0%| F|  |TAMS 0x000000008cf00000, 0x000000008cf00000| Untracked 
| 208|0x000000008d000000, 0x000000008d000000, 0x000000008d100000|  0%| F|  |TAMS 0x000000008d000000, 0x000000008d000000| Untracked 
| 209|0x000000008d100000, 0x000000008d100000, 0x000000008d200000|  0%| F|  |TAMS 0x000000008d100000, 0x000000008d100000| Untracked 
| 210|0x000000008d200000, 0x000000008d200000, 0x000000008d300000|  0%| F|  |TAMS 0x000000008d200000, 0x000000008d200000| Untracked 
| 253|0x000000008fd00000, 0x000000008fd00000, 0x000000008fe00000|  0%| F|  |TAMS 0x000000008fd00000, 0x000000008fd00000| Untracked 

Card table byte_map: [0x0000015750330000,0x0000015750730000] _byte_map_base: 0x000001574ff30000

Marking Bits (Prev, Next): (CMBitMap*) 0x000001573d7998b0, (CMBitMap*) 0x000001573d7998f0
 Prev Bits: [0x0000015750b30000, 0x0000015752b30000)
 Next Bits: [0x0000015752b30000, 0x0000015754b30000)

Polling page: 0x000001573b660000

Metaspace:

Usage:
  Non-class:     79.48 MB used.
      Class:     12.58 MB used.
       Both:     92.06 MB used.

Virtual space:
  Non-class space:       80.00 MB reserved,      79.81 MB (>99%) committed,  10 nodes.
      Class space:        1.00 GB reserved,      12.88 MB (  1%) committed,  1 nodes.
             Both:        1.08 GB reserved,      92.69 MB (  8%) committed. 

Chunk freelists:
   Non-Class:  208.00 KB
       Class:  3.09 MB
        Both:  3.30 MB

MaxMetaspaceSize: unlimited
CompressedClassSpaceSize: 1.00 GB
Initial GC threshold: 21.00 MB
Current GC threshold: 153.88 MB
CDS: off
MetaspaceReclaimPolicy: balanced
 - commit_granule_bytes: 65536.
 - commit_granule_words: 8192.
 - virtual_space_node_default_size: 1048576.
 - enlarge_chunks_in_place: 1.
 - new_chunks_are_fully_committed: 0.
 - uncommit_free_chunks: 1.
 - use_allocation_guard: 0.
 - handle_deallocations: 1.


Internal statistics:

num_allocs_failed_limit: 9.
num_arena_births: 996.
num_arena_deaths: 14.
num_vsnodes_births: 11.
num_vsnodes_deaths: 0.
num_space_committed: 1482.
num_space_uncommitted: 0.
num_chunks_returned_to_freelist: 26.
num_chunks_taken_from_freelist: 4423.
num_chunk_merges: 16.
num_chunk_splits: 2945.
num_chunks_enlarged: 2009.
num_purges: 2.
num_inconsistent_stats: 0.

CodeHeap 'non-profiled nmethods': size=120000Kb used=5558Kb max_used=5668Kb free=114441Kb
 bounds [0x00000157486d0000, 0x0000015748c60000, 0x000001574fc00000]
CodeHeap 'profiled nmethods': size=120000Kb used=17623Kb max_used=17623Kb free=102376Kb
 bounds [0x0000015740c00000, 0x0000015741d40000, 0x0000015748130000]
CodeHeap 'non-nmethods': size=5760Kb used=2390Kb max_used=2514Kb free=3370Kb
 bounds [0x0000015748130000, 0x00000157483c0000, 0x00000157486d0000]
 total_blobs=10192 nmethods=9266 adapters=838
 compilation: enabled
              stopped_count=0, restarted_count=0
 full_count=0

Compilation events (20 events):
Event: 18.293 Thread 0x00000157580c3ca0 10811       2       java.lang.StringBuffer::<init> (7 bytes)
Event: 18.293 Thread 0x00000157580c3ca0 nmethod 10811 0x0000015741d36110 code [0x0000015741d362a0, 0x0000015741d363c8]
Event: 18.293 Thread 0x00000157580c3ca0 10813       2       org.apache.xerces.util.XMLChar::isValidNCName (56 bytes)
Event: 18.294 Thread 0x00000157580c3ca0 nmethod 10813 0x0000015741d36490 code [0x0000015741d366a0, 0x0000015741d36c98]
Event: 18.294 Thread 0x00000157580c3ca0 10815       3       org.apache.xerces.dom.ParentNode::nodeListItem (243 bytes)
Event: 18.296 Thread 0x00000157580c3ca0 nmethod 10815 0x0000015741d37090 code [0x0000015741d37320, 0x0000015741d38338]
Event: 18.296 Thread 0x00000157580c3ca0 10814       1       org.apache.xerces.dom.CoreDocumentImpl::isXML11Version (5 bytes)
Event: 18.296 Thread 0x00000157580c3ca0 nmethod 10814 0x0000015748a2e710 code [0x0000015748a2e8a0, 0x0000015748a2e978]
Event: 18.297 Thread 0x000001575bd72df0 nmethod 10789 0x0000015748a2e010 code [0x0000015748a2e1a0, 0x0000015748a2e4f8]
Event: 18.298 Thread 0x000001575bd72df0 10816       4       org.apache.xerces.dom.DeferredDocumentImpl::getLastChild (49 bytes)
Event: 18.301 Thread 0x000001575bd72df0 nmethod 10816 0x0000015748a2db10 code [0x0000015748a2dca0, 0x0000015748a2de98]
Event: 18.301 Thread 0x000001575bd72df0 10812       4       org.apache.xerces.dom.DeferredElementNSImpl::synchronizeData (232 bytes)
Event: 18.302 Thread 0x00000157580c3200 nmethod 10796 0x0000015748a2d210 code [0x0000015748a2d3a0, 0x0000015748a2d958]
Event: 18.302 Thread 0x00000157580c3200 10792       4       org.apache.xerces.dom.ParentNode::getLength (5 bytes)
Event: 18.303 Thread 0x00000157580c3ca0 10817       2       org.apache.xerces.dom.NamedNodeMapImpl::findNamePoint (131 bytes)
Event: 18.304 Thread 0x00000157580c3ca0 nmethod 10817 0x0000015741d38710 code [0x0000015741d38940, 0x0000015741d38dc8]
Event: 18.308 Thread 0x00000157580c3ca0 10819 %     3       java.lang.StringUTF16::compress @ 10 (59 bytes)
Event: 18.309 Thread 0x00000157580c3ca0 nmethod 10819% 0x0000015741d39090 code [0x0000015741d39260, 0x0000015741d39668]
Event: 18.311 Thread 0x00000157580c3200 nmethod 10792 0x0000015748a2c910 code [0x0000015748a2caa0, 0x0000015748a2d058]
Event: 18.312 Thread 0x00000157580c3200 10818       4       org.apache.xerces.dom.ParentNode::internalInsertBefore (651 bytes)

GC Heap History (20 events):
Event: 11.778 GC heap after
{Heap after GC invocations=25 (full 0):
 garbage-first heap   total 108544K, used 56882K [0x0000000080000000, 0x0000000100000000)
  region size 1024K, 4 young (4096K), 4 survivors (4096K)
 Metaspace       used 74090K, committed 74624K, reserved 1114112K
  class space    used 9860K, committed 10112K, reserved 1048576K
}
Event: 12.415 GC heap before
{Heap before GC invocations=26 (full 0):
 garbage-first heap   total 108544K, used 87602K [0x0000000080000000, 0x0000000100000000)
  region size 1024K, 33 young (33792K), 4 survivors (4096K)
 Metaspace       used 77878K, committed 78464K, reserved 1122304K
  class space    used 10572K, committed 10816K, reserved 1048576K
}
Event: 12.420 GC heap after
{Heap after GC invocations=27 (full 0):
 garbage-first heap   total 131072K, used 58047K [0x0000000080000000, 0x0000000100000000)
  region size 1024K, 2 young (2048K), 2 survivors (2048K)
 Metaspace       used 77878K, committed 78464K, reserved 1122304K
  class space    used 10572K, committed 10816K, reserved 1048576K
}
Event: 13.617 GC heap before
{Heap before GC invocations=27 (full 0):
 garbage-first heap   total 131072K, used 106175K [0x0000000080000000, 0x0000000100000000)
  region size 1024K, 49 young (50176K), 2 survivors (2048K)
 Metaspace       used 82679K, committed 83328K, reserved 1122304K
  class space    used 11278K, committed 11584K, reserved 1048576K
}
Event: 13.624 GC heap after
{Heap after GC invocations=28 (full 0):
 garbage-first heap   total 131072K, used 61335K [0x0000000080000000, 0x0000000100000000)
  region size 1024K, 6 young (6144K), 6 survivors (6144K)
 Metaspace       used 82679K, committed 83328K, reserved 1122304K
  class space    used 11278K, committed 11584K, reserved 1048576K
}
Event: 14.977 GC heap before
{Heap before GC invocations=28 (full 0):
 garbage-first heap   total 131072K, used 106391K [0x0000000080000000, 0x0000000100000000)
  region size 1024K, 50 young (51200K), 6 survivors (6144K)
 Metaspace       used 87609K, committed 88256K, reserved 1130496K
  class space    used 11975K, committed 12288K, reserved 1048576K
}
Event: 14.987 GC heap after
{Heap after GC invocations=29 (full 0):
 garbage-first heap   total 131072K, used 65093K [0x0000000080000000, 0x0000000100000000)
  region size 1024K, 7 young (7168K), 7 survivors (7168K)
 Metaspace       used 87609K, committed 88256K, reserved 1130496K
  class space    used 11975K, committed 12288K, reserved 1048576K
}
Event: 15.788 GC heap before
{Heap before GC invocations=29 (full 0):
 garbage-first heap   total 131072K, used 107077K [0x0000000080000000, 0x0000000100000000)
  region size 1024K, 48 young (49152K), 7 survivors (7168K)
 Metaspace       used 88116K, committed 88832K, reserved 1130496K
  class space    used 12030K, committed 12352K, reserved 1048576K
}
Event: 15.806 GC heap after
{Heap after GC invocations=30 (full 0):
 garbage-first heap   total 131072K, used 72129K [0x0000000080000000, 0x0000000100000000)
  region size 1024K, 6 young (6144K), 6 survivors (6144K)
 Metaspace       used 88116K, committed 88832K, reserved 1130496K
  class space    used 12030K, committed 12352K, reserved 1048576K
}
Event: 16.546 GC heap before
{Heap before GC invocations=30 (full 0):
 garbage-first heap   total 131072K, used 105921K [0x0000000080000000, 0x0000000100000000)
  region size 1024K, 39 young (39936K), 6 survivors (6144K)
 Metaspace       used 89955K, committed 90688K, reserved 1130496K
  class space    used 12400K, committed 12736K, reserved 1048576K
}
Event: 16.560 GC heap after
{Heap after GC invocations=31 (full 0):
 garbage-first heap   total 131072K, used 76512K [0x0000000080000000, 0x0000000100000000)
  region size 1024K, 5 young (5120K), 5 survivors (5120K)
 Metaspace       used 89955K, committed 90688K, reserved 1130496K
  class space    used 12400K, committed 12736K, reserved 1048576K
}
Event: 16.957 GC heap before
{Heap before GC invocations=32 (full 0):
 garbage-first heap   total 142336K, used 104160K [0x0000000080000000, 0x0000000100000000)
  region size 1024K, 33 young (33792K), 5 survivors (5120K)
 Metaspace       used 90134K, committed 90816K, reserved 1130496K
  class space    used 12406K, committed 12736K, reserved 1048576K
}
Event: 16.967 GC heap after
{Heap after GC invocations=33 (full 0):
 garbage-first heap   total 142336K, used 79396K [0x0000000080000000, 0x0000000100000000)
  region size 1024K, 4 young (4096K), 4 survivors (4096K)
 Metaspace       used 90134K, committed 90816K, reserved 1130496K
  class space    used 12406K, committed 12736K, reserved 1048576K
}
Event: 16.985 GC heap before
{Heap before GC invocations=33 (full 0):
 garbage-first heap   total 142336K, used 80420K [0x0000000080000000, 0x0000000100000000)
  region size 1024K, 6 young (6144K), 4 survivors (4096K)
 Metaspace       used 90147K, committed 90816K, reserved 1130496K
  class space    used 12406K, committed 12736K, reserved 1048576K
}
Event: 16.991 GC heap after
{Heap after GC invocations=34 (full 0):
 garbage-first heap   total 142336K, used 79280K [0x0000000080000000, 0x0000000100000000)
  region size 1024K, 1 young (1024K), 1 survivors (1024K)
 Metaspace       used 90147K, committed 90816K, reserved 1130496K
  class space    used 12406K, committed 12736K, reserved 1048576K
}
Event: 17.857 GC heap before
{Heap before GC invocations=34 (full 0):
 garbage-first heap   total 142336K, used 118192K [0x0000000080000000, 0x0000000100000000)
  region size 1024K, 37 young (37888K), 1 survivors (1024K)
 Metaspace       used 93704K, committed 94336K, reserved 1130496K
  class space    used 12824K, committed 13120K, reserved 1048576K
}
Event: 17.868 GC heap after
{Heap after GC invocations=35 (full 0):
 garbage-first heap   total 142336K, used 91626K [0x0000000080000000, 0x0000000100000000)
  region size 1024K, 5 young (5120K), 5 survivors (5120K)
 Metaspace       used 93704K, committed 94336K, reserved 1130496K
  class space    used 12824K, committed 13120K, reserved 1048576K
}
Event: 18.197 GC heap before
{Heap before GC invocations=36 (full 0):
 garbage-first heap   total 168960K, used 109034K [0x0000000080000000, 0x0000000100000000)
  region size 1024K, 23 young (23552K), 5 survivors (5120K)
 Metaspace       used 94225K, committed 94848K, reserved 1130496K
  class space    used 12880K, committed 13184K, reserved 1048576K
}
Event: 18.205 GC heap after
{Heap after GC invocations=37 (full 0):
 garbage-first heap   total 168960K, used 96236K [0x0000000080000000, 0x0000000100000000)
  region size 1024K, 3 young (3072K), 3 survivors (3072K)
 Metaspace       used 94225K, committed 94848K, reserved 1130496K
  class space    used 12880K, committed 13184K, reserved 1048576K
}
Event: 18.314 GC heap before
{Heap before GC invocations=37 (full 0):
 garbage-first heap   total 168960K, used 101356K [0x0000000080000000, 0x0000000100000000)
  region size 1024K, 8 young (8192K), 3 survivors (3072K)
 Metaspace       used 94268K, committed 94912K, reserved 1130496K
  class space    used 12880K, committed 13184K, reserved 1048576K
}

Dll operation events (2 events):
Event: 0.008 Loaded shared library D:\android studio\jbr\bin\java.dll
Event: 0.547 Loaded shared library D:\android studio\jbr\bin\verify.dll

Deoptimization events (20 events):
Event: 18.280 Thread 0x000001575ddae3d0 Uncommon trap: trap_request=0xffffff76 fr.pc=0x0000015748916d08 relative=0x00000000000002e8
Event: 18.280 Thread 0x000001575ddae3d0 Uncommon trap: reason=predicate action=maybe_recompile pc=0x0000015748916d08 method=org.apache.xerces.dom.NamedNodeMapImpl.findNamePoint(Ljava/lang/String;Ljava/lang/String;)I @ 126 c2
Event: 18.280 Thread 0x000001575ddae3d0 DEOPT PACKING pc=0x0000015748916d08 sp=0x00000030239fa6f0
Event: 18.280 Thread 0x000001575ddae3d0 DEOPT UNPACKING pc=0x00000157481869a3 sp=0x00000030239fa680 mode 2
Event: 18.281 Thread 0x000001575ddae3d0 Uncommon trap: trap_request=0xffffffc6 fr.pc=0x0000015748a34be0 relative=0x0000000000001880
Event: 18.281 Thread 0x000001575ddae3d0 Uncommon trap: reason=bimorphic_or_optimized_type_check action=maybe_recompile pc=0x0000015748a34be0 method=org.apache.xerces.dom.AttributeMap.setNamedItem(Lorg/w3c/dom/Node;)Lorg/w3c/dom/Node; @ 4 c2
Event: 18.281 Thread 0x000001575ddae3d0 DEOPT PACKING pc=0x0000015748a34be0 sp=0x00000030239fa4d0
Event: 18.281 Thread 0x000001575ddae3d0 DEOPT UNPACKING pc=0x00000157481869a3 sp=0x00000030239fa4b0 mode 2
Event: 18.281 Thread 0x000001575ddae3d0 Uncommon trap: trap_request=0xffffffc6 fr.pc=0x0000015748a34be0 relative=0x0000000000001880
Event: 18.281 Thread 0x000001575ddae3d0 Uncommon trap: reason=bimorphic_or_optimized_type_check action=maybe_recompile pc=0x0000015748a34be0 method=org.apache.xerces.dom.AttributeMap.setNamedItem(Lorg/w3c/dom/Node;)Lorg/w3c/dom/Node; @ 4 c2
Event: 18.281 Thread 0x000001575ddae3d0 DEOPT PACKING pc=0x0000015748a34be0 sp=0x00000030239fa4d0
Event: 18.281 Thread 0x000001575ddae3d0 DEOPT UNPACKING pc=0x00000157481869a3 sp=0x00000030239fa4b0 mode 2
Event: 18.281 Thread 0x000001575ddae3d0 Uncommon trap: trap_request=0xffffffc6 fr.pc=0x0000015748a34be0 relative=0x0000000000001880
Event: 18.281 Thread 0x000001575ddae3d0 Uncommon trap: reason=bimorphic_or_optimized_type_check action=maybe_recompile pc=0x0000015748a34be0 method=org.apache.xerces.dom.AttributeMap.setNamedItem(Lorg/w3c/dom/Node;)Lorg/w3c/dom/Node; @ 4 c2
Event: 18.281 Thread 0x000001575ddae3d0 DEOPT PACKING pc=0x0000015748a34be0 sp=0x00000030239fa610
Event: 18.281 Thread 0x000001575ddae3d0 DEOPT UNPACKING pc=0x00000157481869a3 sp=0x00000030239fa5f0 mode 2
Event: 18.281 Thread 0x000001575ddae3d0 Uncommon trap: trap_request=0xffffffc6 fr.pc=0x0000015748a34be0 relative=0x0000000000001880
Event: 18.281 Thread 0x000001575ddae3d0 Uncommon trap: reason=bimorphic_or_optimized_type_check action=maybe_recompile pc=0x0000015748a34be0 method=org.apache.xerces.dom.AttributeMap.setNamedItem(Lorg/w3c/dom/Node;)Lorg/w3c/dom/Node; @ 4 c2
Event: 18.281 Thread 0x000001575ddae3d0 DEOPT PACKING pc=0x0000015748a34be0 sp=0x00000030239fa610
Event: 18.281 Thread 0x000001575ddae3d0 DEOPT UNPACKING pc=0x00000157481869a3 sp=0x00000030239fa5f0 mode 2

Classes unloaded (7 events):
Event: 17.988 Thread 0x0000015758073950 Unloading class 0x0000000100c65c00 'java/lang/invoke/LambdaForm$DMH+0x0000000100c65c00'
Event: 17.988 Thread 0x0000015758073950 Unloading class 0x0000000100c65800 'java/lang/invoke/LambdaForm$DMH+0x0000000100c65800'
Event: 17.988 Thread 0x0000015758073950 Unloading class 0x0000000100c65400 'java/lang/invoke/LambdaForm$DMH+0x0000000100c65400'
Event: 17.988 Thread 0x0000015758073950 Unloading class 0x0000000100c65000 'java/lang/invoke/LambdaForm$DMH+0x0000000100c65000'
Event: 17.988 Thread 0x0000015758073950 Unloading class 0x0000000100c64c00 'java/lang/invoke/LambdaForm$DMH+0x0000000100c64c00'
Event: 17.988 Thread 0x0000015758073950 Unloading class 0x0000000100c64800 'java/lang/invoke/LambdaForm$DMH+0x0000000100c64800'
Event: 17.988 Thread 0x0000015758073950 Unloading class 0x0000000100c64000 'java/lang/invoke/LambdaForm$DMH+0x0000000100c64000'

Classes redefined (0 events):
No events

Internal exceptions (20 events):
Event: 16.335 Thread 0x000001575938f300 Implicit null exception at 0x0000015748c19be4 to 0x0000015748c1a5dc
Event: 16.337 Thread 0x000001575ddadf00 Implicit null exception at 0x0000015748c19be4 to 0x0000015748c1a5dc
Event: 16.337 Thread 0x000001575da2b460 Implicit null exception at 0x0000015748c19be4 to 0x0000015748c1a5dc
Event: 16.337 Thread 0x000001575da25420 Implicit null exception at 0x0000015748c19be4 to 0x0000015748c1a5dc
Event: 16.337 Thread 0x000001575d7b6880 Implicit null exception at 0x0000015748c19be4 to 0x0000015748c1a5dc
Event: 16.379 Thread 0x000001575938f300 Exception <a 'java/lang/NoSuchMethodError'{0x0000000086c62060}: 'java.lang.Object java.lang.invoke.DirectMethodHandle$Holder.invokeSpecialIFC(java.lang.Object, java.lang.Object, java.lang.Object)'> (0x0000000086c62060) 
thrown [s\src\hotspot\share\interpreter\linkResolver.cpp, line 771]
Event: 16.379 Thread 0x000001575da2b460 Exception <a 'java/lang/NoSuchMethodError'{0x0000000086c58d58}: 'java.lang.Object java.lang.invoke.DirectMethodHandle$Holder.invokeSpecialIFC(java.lang.Object, java.lang.Object, java.lang.Object)'> (0x0000000086c58d58) 
thrown [s\src\hotspot\share\interpreter\linkResolver.cpp, line 771]
Event: 16.379 Thread 0x000001575da25420 Exception <a 'java/lang/NoSuchMethodError'{0x0000000086c47f58}: 'java.lang.Object java.lang.invoke.DirectMethodHandle$Holder.invokeSpecialIFC(java.lang.Object, java.lang.Object, java.lang.Object)'> (0x0000000086c47f58) 
thrown [s\src\hotspot\share\interpreter\linkResolver.cpp, line 771]
Event: 16.379 Thread 0x000001575da28440 Exception <a 'java/lang/NoSuchMethodError'{0x0000000086c329f0}: 'java.lang.Object java.lang.invoke.DirectMethodHandle$Holder.invokeSpecialIFC(java.lang.Object, java.lang.Object, java.lang.Object)'> (0x0000000086c329f0) 
thrown [s\src\hotspot\share\interpreter\linkResolver.cpp, line 771]
Event: 16.379 Thread 0x000001575d7b6880 Exception <a 'java/lang/NoSuchMethodError'{0x0000000086c4fd90}: 'java.lang.Object java.lang.invoke.DirectMethodHandle$Holder.invokeSpecialIFC(java.lang.Object, java.lang.Object, java.lang.Object)'> (0x0000000086c4fd90) 
thrown [s\src\hotspot\share\interpreter\linkResolver.cpp, line 771]
Event: 16.379 Thread 0x000001575ddadf00 Exception <a 'java/lang/NoSuchMethodError'{0x0000000086daf7a0}: 'java.lang.Object java.lang.invoke.DirectMethodHandle$Holder.invokeSpecialIFC(java.lang.Object, java.lang.Object, java.lang.Object)'> (0x0000000086daf7a0) 
thrown [s\src\hotspot\share\interpreter\linkResolver.cpp, line 771]
Event: 16.379 Thread 0x000001575da24a80 Exception <a 'java/lang/NoSuchMethodError'{0x0000000086c6c318}: 'java.lang.Object java.lang.invoke.DirectMethodHandle$Holder.invokeSpecialIFC(java.lang.Object, java.lang.Object, java.lang.Object)'> (0x0000000086c6c318) 
thrown [s\src\hotspot\share\interpreter\linkResolver.cpp, line 771]
Event: 16.379 Thread 0x000001575d7b9d70 Exception <a 'java/lang/NoSuchMethodError'{0x0000000086c3d9f8}: 'java.lang.Object java.lang.invoke.DirectMethodHandle$Holder.invokeSpecialIFC(java.lang.Object, java.lang.Object, java.lang.Object)'> (0x0000000086c3d9f8) 
thrown [s\src\hotspot\share\interpreter\linkResolver.cpp, line 771]
Event: 16.573 Thread 0x000001575e113d20 Implicit null exception at 0x0000015748c4e415 to 0x0000015748c4edfc
Event: 16.891 Thread 0x000001575d7b7220 Exception <a 'java/lang/NoSuchMethodError'{0x000000008d12f508}: 'void java.lang.invoke.DirectMethodHandle$Holder.invokeVirtual(java.lang.Object, java.lang.Object)'> (0x000000008d12f508) 
thrown [s\src\hotspot\share\interpreter\linkResolver.cpp, line 771]
Event: 17.114 Thread 0x000001575ddae3d0 Exception <a 'sun/nio/fs/WindowsException'{0x000000008cbf9910}> (0x000000008cbf9910) 
thrown [s\src\hotspot\share\prims\jni.cpp, line 517]
Event: 17.114 Thread 0x000001575ddae3d0 Exception <a 'sun/nio/fs/WindowsException'{0x000000008cbf9ca0}> (0x000000008cbf9ca0) 
thrown [s\src\hotspot\share\prims\jni.cpp, line 517]
Event: 17.181 Thread 0x00000157586e7060 Exception <a 'java/lang/NoSuchMethodError'{0x0000000087f43160}: static [Ljava/lang/Object;.<clinit>()V> (0x0000000087f43160) 
thrown [s\src\hotspot\share\prims\jni.cpp, line 1108]
Event: 18.224 Thread 0x000001575ddae3d0 Implicit null exception at 0x0000015748816860 to 0x000001574881692c
Event: 18.239 Thread 0x000001575ddae3d0 Implicit null exception at 0x0000015748a14a20 to 0x0000015748a15570

VM Operations (20 events):
Event: 17.161 Executing VM operation: HandshakeAllThreads done
Event: 17.165 Executing VM operation: HandshakeAllThreads
Event: 17.166 Executing VM operation: HandshakeAllThreads done
Event: 17.168 Executing VM operation: HandshakeAllThreads
Event: 17.168 Executing VM operation: HandshakeAllThreads done
Event: 17.668 Executing VM operation: HandshakeAllThreads
Event: 17.668 Executing VM operation: HandshakeAllThreads done
Event: 17.822 Executing VM operation: ICBufferFull
Event: 17.822 Executing VM operation: ICBufferFull done
Event: 17.857 Executing VM operation: G1CollectForAllocation
Event: 17.871 Executing VM operation: G1CollectForAllocation done
Event: 17.932 Executing VM operation: HandshakeAllThreads
Event: 17.933 Executing VM operation: HandshakeAllThreads done
Event: 17.988 Executing VM operation: G1Concurrent
Event: 18.001 Executing VM operation: G1Concurrent done
Event: 18.059 Executing VM operation: G1Concurrent
Event: 18.059 Executing VM operation: G1Concurrent done
Event: 18.196 Executing VM operation: G1CollectForAllocation
Event: 18.205 Executing VM operation: G1CollectForAllocation done
Event: 18.314 Executing VM operation: G1CollectForAllocation

Events (20 events):
Event: 17.417 loading class org/w3c/dom/traversal/NodeIterator
Event: 17.417 loading class org/w3c/dom/traversal/NodeIterator done
Event: 17.417 loading class org/w3c/dom/traversal/TreeWalker
Event: 17.417 loading class org/w3c/dom/traversal/TreeWalker done
Event: 17.417 loading class org/w3c/dom/events/EventException
Event: 17.417 loading class org/w3c/dom/events/EventException done
Event: 17.418 loading class org/w3c/dom/ranges/Range
Event: 17.418 loading class org/w3c/dom/ranges/Range done
Event: 17.451 Thread 0x000001575bd723d0 Thread exited: 0x000001575bd723d0
Event: 17.552 Thread 0x000001575bd714a0 Thread added: 0x000001575bd714a0
Event: 17.926 loading class java/util/stream/Nodes$IntFixedNodeBuilder
Event: 17.926 loading class java/util/stream/Node$Builder$OfInt
Event: 17.927 loading class java/util/stream/Node$Builder$OfInt done
Event: 17.927 loading class java/util/stream/Nodes$IntArrayNode
Event: 17.927 loading class java/util/stream/Nodes$IntArrayNode done
Event: 17.927 loading class java/util/stream/Nodes$IntFixedNodeBuilder done
Event: 18.065 loading class java/util/concurrent/ConcurrentLinkedDeque
Event: 18.065 loading class java/util/concurrent/ConcurrentLinkedDeque done
Event: 18.066 loading class java/util/concurrent/ConcurrentLinkedDeque$Node
Event: 18.066 loading class java/util/concurrent/ConcurrentLinkedDeque$Node done


Dynamic libraries:
0x00007ff72c1f0000 - 0x00007ff72c1fa000 	D:\android studio\jbr\bin\java.exe
0x00007ffafa7d0000 - 0x00007ffafa9e7000 	C:\WINDOWS\SYSTEM32\ntdll.dll
0x00007ffaf99e0000 - 0x00007ffaf9aa4000 	C:\WINDOWS\System32\KERNEL32.DLL
0x00007ffaf7f60000 - 0x00007ffaf8306000 	C:\WINDOWS\System32\KERNELBASE.dll
0x00007ffaf7bf0000 - 0x00007ffaf7d01000 	C:\WINDOWS\System32\ucrtbase.dll
0x00007ffaf2350000 - 0x00007ffaf2367000 	D:\android studio\jbr\bin\jli.dll
0x00007ffaf2570000 - 0x00007ffaf258b000 	D:\android studio\jbr\bin\VCRUNTIME140.dll
0x00007ffaf9cf0000 - 0x00007ffaf9e9d000 	C:\WINDOWS\System32\USER32.dll
0x00007ffaf8500000 - 0x00007ffaf8526000 	C:\WINDOWS\System32\win32u.dll
0x00007ffadd1b0000 - 0x00007ffadd443000 	C:\WINDOWS\WinSxS\amd64_microsoft.windows.common-controls_6595b64144ccf1df_6.0.22621.2361_none_2712ced57382f843\COMCTL32.dll
0x00007ffaf8c30000 - 0x00007ffaf8c59000 	C:\WINDOWS\System32\GDI32.dll
0x00007ffaf9f10000 - 0x00007ffaf9fb7000 	C:\WINDOWS\System32\msvcrt.dll
0x00007ffaf7d10000 - 0x00007ffaf7e28000 	C:\WINDOWS\System32\gdi32full.dll
0x00007ffaf7b50000 - 0x00007ffaf7bea000 	C:\WINDOWS\System32\msvcp_win.dll
0x00007ffafa370000 - 0x00007ffafa3a1000 	C:\WINDOWS\System32\IMM32.DLL
0x00007ffaf25b0000 - 0x00007ffaf25bc000 	D:\android studio\jbr\bin\vcruntime140_1.dll
0x00007ffae08e0000 - 0x00007ffae096d000 	D:\android studio\jbr\bin\msvcp140.dll
0x00007ffab3fa0000 - 0x00007ffab4c0e000 	D:\android studio\jbr\bin\server\jvm.dll
0x00007ffafa3d0000 - 0x00007ffafa480000 	C:\WINDOWS\System32\ADVAPI32.dll
0x00007ffafa040000 - 0x00007ffafa0e6000 	C:\WINDOWS\System32\sechost.dll
0x00007ffafa0f0000 - 0x00007ffafa207000 	C:\WINDOWS\System32\RPCRT4.dll
0x00007ffadc6d0000 - 0x00007ffadc6d9000 	C:\WINDOWS\SYSTEM32\WSOCK32.dll
0x00007ffaf16b0000 - 0x00007ffaf16ba000 	C:\WINDOWS\SYSTEM32\VERSION.dll
0x00007ffaf1190000 - 0x00007ffaf11c4000 	C:\WINDOWS\SYSTEM32\WINMM.dll
0x00007ffaf95a0000 - 0x00007ffaf9611000 	C:\WINDOWS\System32\WS2_32.dll
0x00007ffaf6b90000 - 0x00007ffaf6ba8000 	C:\WINDOWS\SYSTEM32\kernel.appcore.dll
0x00007ffaf2770000 - 0x00007ffaf277a000 	D:\android studio\jbr\bin\jimage.dll
0x00007ffaf54a0000 - 0x00007ffaf56ce000 	C:\WINDOWS\SYSTEM32\DBGHELP.DLL
0x00007ffaf9630000 - 0x00007ffaf99ba000 	C:\WINDOWS\System32\combase.dll
0x00007ffaf8530000 - 0x00007ffaf8607000 	C:\WINDOWS\System32\OLEAUT32.dll
0x00007ffadc3b0000 - 0x00007ffadc3e2000 	C:\WINDOWS\SYSTEM32\dbgcore.DLL
0x00007ffaf8480000 - 0x00007ffaf84fa000 	C:\WINDOWS\System32\bcryptPrimitives.dll
0x00007ffaf2540000 - 0x00007ffaf2565000 	D:\android studio\jbr\bin\java.dll
0x00007ffaf2520000 - 0x00007ffaf2538000 	D:\android studio\jbr\bin\zip.dll
0x00007ffaf8cf0000 - 0x00007ffaf9548000 	C:\WINDOWS\System32\SHELL32.dll
0x00007ffaf5ab0000 - 0x00007ffaf63a2000 	C:\WINDOWS\SYSTEM32\windows.storage.dll
0x00007ffaf5970000 - 0x00007ffaf5aae000 	C:\WINDOWS\SYSTEM32\wintypes.dll
0x00007ffafa210000 - 0x00007ffafa303000 	C:\WINDOWS\System32\SHCORE.dll
0x00007ffaf8c60000 - 0x00007ffaf8cbe000 	C:\WINDOWS\System32\shlwapi.dll
0x00007ffaf7a80000 - 0x00007ffaf7aa6000 	C:\WINDOWS\SYSTEM32\profapi.dll
0x00007ffaf2500000 - 0x00007ffaf2519000 	D:\android studio\jbr\bin\net.dll
0x00007ffaf0e20000 - 0x00007ffaf0f57000 	C:\WINDOWS\SYSTEM32\WINHTTP.dll
0x00007ffaf7010000 - 0x00007ffaf7079000 	C:\WINDOWS\system32\mswsock.dll
0x00007ffaf24e0000 - 0x00007ffaf24f6000 	D:\android studio\jbr\bin\nio.dll
0x00007ffaf23c0000 - 0x00007ffaf23d0000 	D:\android studio\jbr\bin\verify.dll
0x00007ffae04c0000 - 0x00007ffae04e7000 	C:\Users\hachem safae\.gradle\native\68d5fa5c4cc2d200863cafc0d521ce42e7d3e7ee720ec0a83991735586a16f82\windows-amd64\native-platform.dll
0x00007ffabb8b0000 - 0x00007ffabb9f4000 	C:\Users\hachem safae\.gradle\native\e376f236ea51e6404a007f0833ffe2c6e607c4080706a723a18a27aeea778392\windows-amd64\native-platform-file-events.dll
0x00007ffaf1510000 - 0x00007ffaf1519000 	D:\android studio\jbr\bin\management.dll
0x00007ffaf1500000 - 0x00007ffaf150b000 	D:\android studio\jbr\bin\management_ext.dll
0x00007ffaf9620000 - 0x00007ffaf9628000 	C:\WINDOWS\System32\PSAPI.DLL
0x00007ffaf7260000 - 0x00007ffaf727b000 	C:\WINDOWS\SYSTEM32\CRYPTSP.dll
0x00007ffaf6af0000 - 0x00007ffaf6b25000 	C:\WINDOWS\system32\rsaenh.dll
0x00007ffaf7100000 - 0x00007ffaf712c000 	C:\WINDOWS\SYSTEM32\USERENV.dll
0x00007ffaf7420000 - 0x00007ffaf7448000 	C:\WINDOWS\SYSTEM32\bcrypt.dll
0x00007ffaf7280000 - 0x00007ffaf728c000 	C:\WINDOWS\SYSTEM32\CRYPTBASE.dll
0x00007ffaf6610000 - 0x00007ffaf663d000 	C:\WINDOWS\SYSTEM32\IPHLPAPI.DLL
0x00007ffaf99d0000 - 0x00007ffaf99d9000 	C:\WINDOWS\System32\NSI.dll
0x00007ffaf1040000 - 0x00007ffaf1059000 	C:\WINDOWS\SYSTEM32\dhcpcsvc6.DLL
0x00007ffaf0c00000 - 0x00007ffaf0c1f000 	C:\WINDOWS\SYSTEM32\dhcpcsvc.DLL
0x00007ffaf6680000 - 0x00007ffaf6779000 	C:\WINDOWS\SYSTEM32\DNSAPI.dll
0x00007ffaf14f0000 - 0x00007ffaf14f8000 	C:\WINDOWS\system32\wshunix.dll

dbghelp: loaded successfully - version: 4.0.5 - missing functions: none
symbol engine: initialized successfully - sym options: 0x614 - pdb path: .;D:\android studio\jbr\bin;C:\WINDOWS\SYSTEM32;C:\WINDOWS\WinSxS\amd64_microsoft.windows.common-controls_6595b64144ccf1df_6.0.22621.2361_none_2712ced57382f843;D:\android studio\jbr\bin\server;C:\Users\hachem safae\.gradle\native\68d5fa5c4cc2d200863cafc0d521ce42e7d3e7ee720ec0a83991735586a16f82\windows-amd64;C:\Users\hachem safae\.gradle\native\e376f236ea51e6404a007f0833ffe2c6e607c4080706a723a18a27aeea778392\windows-amd64

VM Arguments:
jvm_args: --add-opens=java.base/java.util=ALL-UNNAMED --add-opens=java.base/java.lang=ALL-UNNAMED --add-opens=java.base/java.lang.invoke=ALL-UNNAMED --add-opens=java.prefs/java.util.prefs=ALL-UNNAMED --add-opens=java.base/java.nio.charset=ALL-UNNAMED --add-opens=java.base/java.net=ALL-UNNAMED --add-opens=java.base/java.util.concurrent.atomic=ALL-UNNAMED -Xmx2048m -Dfile.encoding=UTF-8 -Duser.country=FR -Duser.language=fr -Duser.variant 
java_command: org.gradle.launcher.daemon.bootstrap.GradleDaemon 8.0
java_class_path (initial): C:\Users\hachem safae\.gradle\wrapper\dists\gradle-8.0-bin\ca5e32bp14vu59qr306oxotwh\gradle-8.0\lib\gradle-launcher-8.0.jar
Launcher Type: SUN_STANDARD

[Global flags]
     intx CICompilerCount                          = 4                                         {product} {ergonomic}
     uint ConcGCThreads                            = 2                                         {product} {ergonomic}
     uint G1ConcRefinementThreads                  = 8                                         {product} {ergonomic}
   size_t G1HeapRegionSize                         = 1048576                                   {product} {ergonomic}
    uintx GCDrainStackTargetSize                   = 64                                        {product} {ergonomic}
   size_t InitialHeapSize                          = 266338304                                 {product} {ergonomic}
   size_t MarkStackSize                            = 4194304                                   {product} {ergonomic}
   size_t MaxHeapSize                              = 2147483648                                {product} {command line}
   size_t MaxNewSize                               = 1287651328                                {product} {ergonomic}
   size_t MinHeapDeltaBytes                        = 1048576                                   {product} {ergonomic}
   size_t MinHeapSize                              = 8388608                                   {product} {ergonomic}
    uintx NonNMethodCodeHeapSize                   = 5839372                                {pd product} {ergonomic}
    uintx NonProfiledCodeHeapSize                  = 122909434                              {pd product} {ergonomic}
    uintx ProfiledCodeHeapSize                     = 122909434                              {pd product} {ergonomic}
    uintx ReservedCodeCacheSize                    = 251658240                              {pd product} {ergonomic}
     bool SegmentedCodeCache                       = true                                      {product} {ergonomic}
   size_t SoftMaxHeapSize                          = 2147483648                             {manageable} {ergonomic}
     bool UseCompressedClassPointers               = true                           {product lp64_product} {ergonomic}
     bool UseCompressedOops                        = true                           {product lp64_product} {ergonomic}
     bool UseG1GC                                  = true                                      {product} {ergonomic}
     bool UseLargePagesIndividualAllocation        = false                                  {pd product} {ergonomic}

Logging:
Log output configuration:
 #0: stdout all=warning uptime,level,tags
 #1: stderr all=off uptime,level,tags

Environment Variables:
JAVA_HOME=C:\Program Files\Java\jdk-17
PATH=C:\Program Files (x86)\Common Files\Oracle\Java\javapath;C:\Program Files (x86)\VMware\VMware Workstation\bin\;D:\oraclexe\app\oracle\product\11.2.0\server\bin;C:\Program Files\Common Files\Oracle\Java\javapath;C:\WINDOWS\system32;C:\WINDOWS;C:\WINDOWS\System32\Wbem;C:\WINDOWS\System32\WindowsPowerShell\v1.0\;C:\WINDOWS\System32\OpenSSH\;c:\Program Files (x86)\Microsoft SQL Server\100\Tools\Binn\;c:\Program Files\Microsoft SQL Server\100\Tools\Binn\;c:\Program Files\Microsoft SQL Server\100\DTS\Binn\;D:\java_jdk 8\bin;C:\Program Files\Java\jdk-17\bin;C:\Program Files\Java\jdk-11\bin;C:\Program Files\Java\jdk-19\bin;C:\Program Files\Common Files\Oracle\Java\javapath;C:\ProgramData\ComposerSetup\bin;D:\XAAMP\php\php.exe;D:\xamp\php;C:\Program Files\wkhtmltopdf\bin;D:\node;C:\Program Files\Git\cmd;C:\Program Files\nodejs\;C:\Program Files\MongoDB\Server\6.0\bin;D:\XAAMP\php;C:\Program Files\Java\apache-maven-3.9.5\bin;C:\Users\hachem safae\AppData\Local\Programs\Python\Python310\Scripts\;C:\Users\hachem safae\AppData\Local\Programs\Python\Python310\;C:\Program Files\MySQL\MySQL Shell 8.0\bin\;C:\Users\hachem safae\AppData\Local\Microsoft\WindowsApps;C:\Users\hachem safae\AppData\Roaming\Dashlane\6.2007.0.32704\bin\Firefox_Extension\{442718d9-475e-452a-b3e1-fb1ee16b8e9f}\components;C:\Users\hachem safae\AppData\Roaming\Dashlane\6.2007.0.32704\ucrt;C:\Users\hachem safae\AppData\Roaming\Dashlane\6.2007.0.32704\bin\Qt;C:\Users\hachem safae\AppData\Roaming\Dashlane\6.2007.0.32704\bin\Ssl;C:\Program Files\JetBrains\IntelliJ IDEA Community Edition 2020.2.2\bin;C:\Users\hachem safae\AppData\Local\Microsoft\WindowsApps;C:\Users\hachem safae\AppData\Local\Programs\Microsoft VS Code\bin;C:\Program Files\IntelliJ IDEA Community Edition 2022.3.2\bin;;C:\Users\hachem safae\AppData\Local\ComposerSetup\bin;C:\Users\hachem safae\AppData\Roaming\Composer\vendor\bin;C:\Users\hachem safae\AppData\Roaming\npm;D:\android2\platform-tools;D:\XAAMP\php;C:\wamp64\bin\php\php5.6.40;C:\;C:\Prog
USERNAME=hachem safae
OS=Windows_NT
PROCESSOR_IDENTIFIER=Intel64 Family 6 Model 142 Stepping 12, GenuineIntel
TMP=C:\Users\HACHEM~1\AppData\Local\Temp
TEMP=C:\Users\HACHEM~1\AppData\Local\Temp


JNI global refs:
JNI global refs: 29, weak refs: 22

JNI global refs memory usage: 843, weak refs: 841


---------------  S Y S T E M  ---------------

OS:
 Windows 11 , 64 bit Build 22621 (10.0.22621.2428)
OS uptime: 1 days 3:19 hours

CPU: total 8 (initial active 8) (4 cores per cpu, 2 threads per core) family 6 model 142 stepping 12 microcode 0xf6, cx8, cmov, fxsr, ht, mmx, 3dnowpref, sse, sse2, sse3, ssse3, sse4.1, sse4.2, popcnt, lzcnt, tsc, tscinvbit, avx, avx2, aes, erms, clmul, bmi1, bmi2, adx, fma, vzeroupper, clflush, clflushopt

Memory: 4k page, system-wide physical 16194M (3481M free)
TotalPageFile size 18242M (AvailPageFile size 32M)
current process WorkingSet (physical memory assigned to process): 414M, peak: 414M
current process commit charge ("private bytes"): 512M, peak: 554M

vm_info: OpenJDK 64-Bit Server VM (17.0.6+0-b2043.56-10027231) for windows-amd64 JRE (17.0.6+0-b2043.56-10027231), built on Apr 28 2023 00:43:19 by "androidbuild" with MS VC++ 16.10 / 16.11 (VS2019)

END.
