#
# There is insufficient memory for the Java Runtime Environment to continue.
# Native memory allocation (mmap) failed to map 13631488 bytes for G1 virtual space
# Possible reasons:
#   The system is out of physical RAM or swap space
#   The process is running with CompressedOops enabled, and the Java Heap may be blocking the growth of the native heap
# Possible solutions:
#   Reduce memory load on the system
#   Increase physical memory or swap space
#   Check if swap backing store is full
#   Decrease Java heap size (-Xmx/-Xms)
#   Decrease number of Java threads
#   Decrease Java thread stack sizes (-Xss)
#   Set larger code cache with -XX:ReservedCodeCacheSize=
#   JVM is running with Unscaled Compressed Oops mode in which the Java heap is
#     placed in the first 4GB address space. The Java Heap base address is the
#     maximum limit for the native heap growth. Please use -XX:HeapBaseMinAddress
#     to set the Java Heap base and to place the Java Heap above 4GB virtual address.
# This output file may be truncated or incomplete.
#
#  Out of Memory Error (os_windows.cpp:3769), pid=17256, tid=20112
#
# JRE version: OpenJDK Runtime Environment (17.0.6) (build 17.0.6+0-b2043.56-10027231)
# Java VM: OpenJDK 64-Bit Server VM (17.0.6+0-b2043.56-10027231, mixed mode, tiered, compressed oops, compressed class ptrs, g1 gc, windows-amd64)
# No core dump will be written. Minidumps are not enabled by default on client versions of Windows
#

---------------  S U M M A R Y ------------

Command Line: --add-opens=java.base/java.util=ALL-UNNAMED --add-opens=java.base/java.lang=ALL-UNNAMED --add-opens=java.base/java.lang.invoke=ALL-UNNAMED --add-opens=java.prefs/java.util.prefs=ALL-UNNAMED --add-opens=java.base/java.nio.charset=ALL-UNNAMED --add-opens=java.base/java.net=ALL-UNNAMED --add-opens=java.base/java.util.concurrent.atomic=ALL-UNNAMED -Xmx2048m -Dfile.encoding=UTF-8 -Duser.country=FR -Duser.language=fr -Duser.variant org.gradle.launcher.daemon.bootstrap.GradleDaemon 8.0

Host: Intel(R) Core(TM) i7-8565U CPU @ 1.80GHz, 8 cores, 15G,  Windows 11 , 64 bit Build 22621 (10.0.22621.2428)
Time: Fri Oct 27 11:54:22 2023 Maroc (heure d64 bit Build 22621 (10.0.22621.2428) elapsed time: 26.413382 seconds (0d 0h 0m 26s)

---------------  T H R E A D  ---------------

Current thread (0x0000020845267ad0):  VMThread "VM Thread" [stack: 0x0000006370000000,0x0000006370100000] [id=20112]

Stack: [0x0000006370000000,0x0000006370100000]
Native frames: (J=compiled Java code, j=interpreted, Vv=VM code, C=native code)
V  [jvm.dll+0x683c9a]
V  [jvm.dll+0x8427a4]
V  [jvm.dll+0x843f9e]
V  [jvm.dll+0x844603]
V  [jvm.dll+0x249b75]
V  [jvm.dll+0x680b69]
V  [jvm.dll+0x67505a]
V  [jvm.dll+0x309acb]
V  [jvm.dll+0x310f86]
V  [jvm.dll+0x3608ee]
V  [jvm.dll+0x360b1f]
V  [jvm.dll+0x2dfbf8]
V  [jvm.dll+0x2ddec4]
V  [jvm.dll+0x2dd4cc]
V  [jvm.dll+0x321f3b]
V  [jvm.dll+0x848ccb]
V  [jvm.dll+0x849a04]
V  [jvm.dll+0x849f1d]
V  [jvm.dll+0x84a2f4]
V  [jvm.dll+0x84a3c0]
V  [jvm.dll+0x7f274a]
V  [jvm.dll+0x682ad5]
C  [ucrtbase.dll+0x29363]
C  [KERNEL32.DLL+0x1257d]
C  [ntdll.dll+0x5aa78]

VM_Operation (0x0000006371af6710): G1CollectForAllocation, mode: safepoint, requested by thread 0x000002084775b1c0


---------------  P R O C E S S  ---------------

Threads class SMR info:
_java_thread_list=0x00000208490f18d0, length=128, elements={
0x000002082b3ec6b0, 0x0000020845c418a0, 0x0000020845c42710, 0x0000020845c8b3c0,
0x0000020845c8bf70, 0x0000020845c8ee30, 0x0000020845c8f7e0, 0x0000020845c90570,
0x0000020845c91010, 0x0000020845c97930, 0x0000020845e25030, 0x0000020845e29910,
0x000002084883b710, 0x00000208493f8da0, 0x000002084861d020, 0x00000208489b2f50,
0x0000020849469390, 0x0000020848e6e030, 0x000002084775b1c0, 0x0000020848e18aa0,
0x00000208466fff50, 0x00000208466ff5b0, 0x00000208466fe740, 0x00000208466ff0e0,
0x0000020848cf5cb0, 0x0000020848cf1480, 0x0000020848cf1950, 0x0000020848cf6180,
0x0000020848cf8330, 0x0000020848cf6ff0, 0x0000020848cf6650, 0x0000020848cf6b20,
0x0000020848cf27c0, 0x0000020848cf4e40, 0x0000020848cf3630, 0x0000020848cf3fd0,
0x0000020848cf3160, 0x0000020848cf57e0, 0x0000020848cf7990, 0x000002084b40b5a0,
0x000002084b40bf40, 0x000002084b40dc20, 0x000002084b40e0f0, 0x000002084b411110,
0x000002084b40c410, 0x000002084b40d280, 0x000002084b40a730, 0x000002084b410c40,
0x000002084b40ba70, 0x000002084b4115e0, 0x000002084b40c8e0, 0x000002084b40ea90,
0x000002084b40d750, 0x000002084b40e5c0, 0x000002084b40ef60, 0x000002084b40a260,
0x000002084b40ac00, 0x000002084b410770, 0x000002084b409d90, 0x000002084b40b0d0,
0x000002084b40f430, 0x000002084b40f900, 0x000002084b40fdd0, 0x000002084b4102a0,
0x0000020849793210, 0x000002084978e9e0, 0x000002084978f380, 0x0000020849791060,
0x000002084978f850, 0x00000208497923a0, 0x000002084978e040, 0x000002084978fd20,
0x000002084978e510, 0x000002084978eeb0, 0x000002084978c830, 0x00000208497901f0,
0x00000208497906c0, 0x000002084978c360, 0x0000020849790b90, 0x000002084978b9c0,
0x0000020849791530, 0x0000020849792870, 0x0000020849791a00, 0x000002084978d1d0,
0x0000020849792d40, 0x0000020849791ed0, 0x000002084978be90, 0x000002084978cd00,
0x000002084978d6a0, 0x000002084978db70, 0x000002084d36c3e0, 0x000002084d36ba40,
0x000002084d365a00, 0x000002084d36b0a0, 0x000002084d366870, 0x000002084d36a700,
0x000002084d36bf10, 0x000002084d36abd0, 0x000002084d367bb0, 0x000002084d36c8b0,
0x000002084d3676e0, 0x000002084d365ed0, 0x000002084d366d40, 0x000002084d36cd80,
0x000002084d36b570, 0x000002084d36a230, 0x000002084d367210, 0x000002084d36d250,
0x000002084d3663a0, 0x000002084d368550, 0x000002084d368080, 0x000002084d368a20,
0x000002084d368ef0, 0x000002084d3693c0, 0x000002084d369d60, 0x000002084d369890,
0x000002084b7f11e0, 0x000002084b7f2050, 0x000002084b7f16b0, 0x000002084b7f0840,
0x000002084b7efea0, 0x000002084b7f2520, 0x000002084b7f0d10, 0x000002084b7f1b80,
0x000002084b7f2ec0, 0x000002084b7f3390, 0x000002084fde5b90, 0x000002084fde60a0
}

Java Threads: ( => current thread )
  0x000002082b3ec6b0 JavaThread "main" [_thread_blocked, id=8352, stack(0x000000636fa00000,0x000000636fb00000)]
  0x0000020845c418a0 JavaThread "Reference Handler" daemon [_thread_blocked, id=20520, stack(0x0000006370100000,0x0000006370200000)]
  0x0000020845c42710 JavaThread "Finalizer" daemon [_thread_blocked, id=20980, stack(0x0000006370200000,0x0000006370300000)]
  0x0000020845c8b3c0 JavaThread "Signal Dispatcher" daemon [_thread_blocked, id=24408, stack(0x0000006370300000,0x0000006370400000)]
  0x0000020845c8bf70 JavaThread "Attach Listener" daemon [_thread_blocked, id=17144, stack(0x0000006370400000,0x0000006370500000)]
  0x0000020845c8ee30 JavaThread "Service Thread" daemon [_thread_blocked, id=24704, stack(0x0000006370500000,0x0000006370600000)]
  0x0000020845c8f7e0 JavaThread "Monitor Deflation Thread" daemon [_thread_blocked, id=14008, stack(0x0000006370600000,0x0000006370700000)]
  0x0000020845c90570 JavaThread "C2 CompilerThread0" daemon [_thread_in_native, id=15304, stack(0x0000006370700000,0x0000006370800000)]
  0x0000020845c91010 JavaThread "C1 CompilerThread0" daemon [_thread_blocked, id=20948, stack(0x0000006370800000,0x0000006370900000)]
  0x0000020845c97930 JavaThread "Sweeper thread" daemon [_thread_blocked, id=24888, stack(0x0000006370900000,0x0000006370a00000)]
  0x0000020845e25030 JavaThread "Common-Cleaner" daemon [_thread_blocked, id=21648, stack(0x0000006370a00000,0x0000006370b00000)]
  0x0000020845e29910 JavaThread "Notification Thread" daemon [_thread_blocked, id=7224, stack(0x0000006370b00000,0x0000006370c00000)]
  0x000002084883b710 JavaThread "Daemon health stats" [_thread_blocked, id=22332, stack(0x0000006371400000,0x0000006371500000)]
  0x00000208493f8da0 JavaThread "Incoming local TCP Connector on port 58428" [_thread_in_native, id=10712, stack(0x0000006371500000,0x0000006371600000)]
  0x000002084861d020 JavaThread "Daemon periodic checks" [_thread_blocked, id=11156, stack(0x0000006371600000,0x0000006371700000)]
  0x00000208489b2f50 JavaThread "Daemon" [_thread_blocked, id=25316, stack(0x0000006371700000,0x0000006371800000)]
  0x0000020849469390 JavaThread "Handler for socket connection from /127.0.0.1:58428 to /127.0.0.1:58429" [_thread_in_native, id=24820, stack(0x0000006371800000,0x0000006371900000)]
  0x0000020848e6e030 JavaThread "Cancel handler" [_thread_blocked, id=18696, stack(0x0000006371900000,0x0000006371a00000)]
  0x000002084775b1c0 JavaThread "Daemon worker" [_thread_blocked, id=11060, stack(0x0000006371a00000,0x0000006371b00000)]
  0x0000020848e18aa0 JavaThread "Asynchronous log dispatcher for DefaultDaemonConnection: socket connection from /127.0.0.1:58428 to /127.0.0.1:58429" [_thread_blocked, id=20124, stack(0x0000006371b00000,0x0000006371c00000)]
  0x00000208466fff50 JavaThread "Stdin handler" [_thread_blocked, id=21004, stack(0x0000006371c00000,0x0000006371d00000)]
  0x00000208466ff5b0 JavaThread "Daemon client event forwarder" [_thread_blocked, id=16716, stack(0x0000006371d00000,0x0000006371e00000)]
  0x00000208466fe740 JavaThread "Cache worker for journal cache (C:\Users\hachem safae\.gradle\caches\journal-1)" [_thread_blocked, id=4688, stack(0x0000006372000000,0x0000006372100000)]
  0x00000208466ff0e0 JavaThread "File lock request listener" [_thread_in_native, id=23556, stack(0x0000006372100000,0x0000006372200000)]
  0x0000020848cf5cb0 JavaThread "Cache worker for file hash cache (C:\Users\hachem safae\.gradle\caches\8.0\fileHashes)" [_thread_blocked, id=18908, stack(0x0000006372200000,0x0000006372300000)]
  0x0000020848cf1480 JavaThread "File watcher server" daemon [_thread_in_native, id=23180, stack(0x0000006372400000,0x0000006372500000)]
  0x0000020848cf1950 JavaThread "File watcher consumer" daemon [_thread_blocked, id=21408, stack(0x0000006372500000,0x0000006372600000)]
  0x0000020848cf6180 JavaThread "Cache worker for checksums cache (D:\App_Android studio\Tp_Localisation\.gradle\8.0\checksums)" [_thread_blocked, id=24352, stack(0x0000006372600000,0x0000006372700000)]
  0x0000020848cf8330 JavaThread "Cache worker for cache directory md-rule (C:\Users\hachem safae\.gradle\caches\8.0\md-rule)" [_thread_blocked, id=10600, stack(0x0000006372700000,0x0000006372800000)]
  0x0000020848cf6ff0 JavaThread "Cache worker for file content cache (C:\Users\hachem safae\.gradle\caches\8.0\fileContent)" [_thread_blocked, id=3460, stack(0x0000006372800000,0x0000006372900000)]
  0x0000020848cf6650 JavaThread "Cache worker for file hash cache (D:\App_Android studio\Tp_Localisation\.gradle\8.0\fileHashes)" [_thread_blocked, id=9616, stack(0x0000006372900000,0x0000006372a00000)]
  0x0000020848cf6b20 JavaThread "Cache worker for cache directory md-supplier (C:\Users\hachem safae\.gradle\caches\8.0\md-supplier)" [_thread_blocked, id=24220, stack(0x0000006372a00000,0x0000006372b00000)]
  0x0000020848cf27c0 JavaThread "Cache worker for execution history cache (C:\Users\hachem safae\.gradle\caches\8.0\executionHistory)" [_thread_blocked, id=23876, stack(0x0000006372b00000,0x0000006372c00000)]
  0x0000020848cf4e40 JavaThread "jar transforms" [_thread_blocked, id=1560, stack(0x0000006370d00000,0x0000006370e00000)]
  0x0000020848cf3630 JavaThread "jar transforms Thread 2" [_thread_blocked, id=10660, stack(0x0000006372c00000,0x0000006372d00000)]
  0x0000020848cf3fd0 JavaThread "Cache worker for kotlin-dsl (C:\Users\hachem safae\.gradle\caches\8.0\kotlin-dsl)" [_thread_blocked, id=10004, stack(0x0000006372f00000,0x0000006373000000)]
  0x0000020848cf3160 JavaThread "jar transforms Thread 3" [_thread_blocked, id=17304, stack(0x0000006373000000,0x0000006373100000)]
  0x0000020848cf57e0 JavaThread "jar transforms Thread 4" [_thread_blocked, id=5280, stack(0x0000006373100000,0x0000006373200000)]
  0x0000020848cf7990 JavaThread "Cache worker for dependencies-accessors (D:\App_Android studio\Tp_Localisation\.gradle\8.0\dependencies-accessors)" [_thread_blocked, id=2188, stack(0x0000006373200000,0x0000006373300000)]
  0x000002084b40b5a0 JavaThread "Cache worker for Build Output Cleanup Cache (D:\App_Android studio\Tp_Localisation\.gradle\buildOutputCleanup)" [_thread_blocked, id=20144, stack(0x0000006373300000,0x0000006373400000)]
  0x000002084b40bf40 JavaThread "jar transforms Thread 5" [_thread_blocked, id=9276, stack(0x0000006373400000,0x0000006373500000)]
  0x000002084b40dc20 JavaThread "Unconstrained build operations" [_thread_blocked, id=5480, stack(0x0000006373500000,0x0000006373600000)]
  0x000002084b40e0f0 JavaThread "Unconstrained build operations Thread 2" [_thread_blocked, id=14956, stack(0x0000006373600000,0x0000006373700000)]
  0x000002084b411110 JavaThread "Unconstrained build operations Thread 3" [_thread_blocked, id=21736, stack(0x0000006373700000,0x0000006373800000)]
  0x000002084b40c410 JavaThread "Unconstrained build operations Thread 4" [_thread_blocked, id=22764, stack(0x0000006373800000,0x0000006373900000)]
  0x000002084b40d280 JavaThread "Unconstrained build operations Thread 5" [_thread_blocked, id=9996, stack(0x0000006373900000,0x0000006373a00000)]
  0x000002084b40a730 JavaThread "Unconstrained build operations Thread 6" [_thread_blocked, id=1960, stack(0x0000006373a00000,0x0000006373b00000)]
  0x000002084b410c40 JavaThread "Unconstrained build operations Thread 7" [_thread_blocked, id=11900, stack(0x0000006373b00000,0x0000006373c00000)]
  0x000002084b40ba70 JavaThread "Unconstrained build operations Thread 8" [_thread_blocked, id=22284, stack(0x0000006373c00000,0x0000006373d00000)]
  0x000002084b4115e0 JavaThread "Unconstrained build operations Thread 9" [_thread_blocked, id=20128, stack(0x0000006373d00000,0x0000006373e00000)]
  0x000002084b40c8e0 JavaThread "Unconstrained build operations Thread 10" [_thread_blocked, id=5984, stack(0x0000006373e00000,0x0000006373f00000)]
  0x000002084b40ea90 JavaThread "Unconstrained build operations Thread 11" [_thread_blocked, id=21612, stack(0x0000006373f00000,0x0000006374000000)]
  0x000002084b40d750 JavaThread "Unconstrained build operations Thread 12" [_thread_blocked, id=13068, stack(0x0000006374000000,0x0000006374100000)]
  0x000002084b40e5c0 JavaThread "Unconstrained build operations Thread 13" [_thread_blocked, id=25380, stack(0x0000006374100000,0x0000006374200000)]
  0x000002084b40ef60 JavaThread "Unconstrained build operations Thread 14" [_thread_blocked, id=22132, stack(0x0000006374200000,0x0000006374300000)]
  0x000002084b40a260 JavaThread "Unconstrained build operations Thread 15" [_thread_blocked, id=20860, stack(0x0000006374300000,0x0000006374400000)]
  0x000002084b40ac00 JavaThread "Unconstrained build operations Thread 16" [_thread_blocked, id=15484, stack(0x0000006374400000,0x0000006374500000)]
  0x000002084b410770 JavaThread "Unconstrained build operations Thread 17" [_thread_blocked, id=20956, stack(0x0000006374500000,0x0000006374600000)]
  0x000002084b409d90 JavaThread "Unconstrained build operations Thread 18" [_thread_blocked, id=21724, stack(0x0000006374600000,0x0000006374700000)]
  0x000002084b40b0d0 JavaThread "Unconstrained build operations Thread 19" [_thread_blocked, id=6096, stack(0x0000006374700000,0x0000006374800000)]
  0x000002084b40f430 JavaThread "Unconstrained build operations Thread 20" [_thread_blocked, id=23264, stack(0x0000006374800000,0x0000006374900000)]
  0x000002084b40f900 JavaThread "Unconstrained build operations Thread 21" [_thread_blocked, id=22360, stack(0x0000006374900000,0x0000006374a00000)]
  0x000002084b40fdd0 JavaThread "Unconstrained build operations Thread 22" [_thread_blocked, id=22836, stack(0x0000006374a00000,0x0000006374b00000)]
  0x000002084b4102a0 JavaThread "Unconstrained build operations Thread 23" [_thread_blocked, id=1948, stack(0x0000006374b00000,0x0000006374c00000)]
  0x0000020849793210 JavaThread "Unconstrained build operations Thread 24" [_thread_blocked, id=9780, stack(0x0000006374c00000,0x0000006374d00000)]
  0x000002084978e9e0 JavaThread "Unconstrained build operations Thread 25" [_thread_blocked, id=19304, stack(0x0000006374d00000,0x0000006374e00000)]
  0x000002084978f380 JavaThread "Unconstrained build operations Thread 26" [_thread_blocked, id=8636, stack(0x0000006374e00000,0x0000006374f00000)]
  0x0000020849791060 JavaThread "Unconstrained build operations Thread 27" [_thread_blocked, id=17692, stack(0x0000006374f00000,0x0000006375000000)]
  0x000002084978f850 JavaThread "Unconstrained build operations Thread 28" [_thread_blocked, id=21976, stack(0x0000006375000000,0x0000006375100000)]
  0x00000208497923a0 JavaThread "Unconstrained build operations Thread 29" [_thread_blocked, id=4644, stack(0x0000006375100000,0x0000006375200000)]
  0x000002084978e040 JavaThread "Unconstrained build operations Thread 30" [_thread_blocked, id=17224, stack(0x0000006375200000,0x0000006375300000)]
  0x000002084978fd20 JavaThread "Unconstrained build operations Thread 31" [_thread_blocked, id=23544, stack(0x0000006375300000,0x0000006375400000)]
  0x000002084978e510 JavaThread "Unconstrained build operations Thread 32" [_thread_blocked, id=5660, stack(0x0000006375400000,0x0000006375500000)]
  0x000002084978eeb0 JavaThread "Unconstrained build operations Thread 33" [_thread_blocked, id=22316, stack(0x0000006375500000,0x0000006375600000)]
  0x000002084978c830 JavaThread "Unconstrained build operations Thread 34" [_thread_blocked, id=15736, stack(0x0000006375600000,0x0000006375700000)]
  0x00000208497901f0 JavaThread "Unconstrained build operations Thread 35" [_thread_blocked, id=1396, stack(0x0000006375700000,0x0000006375800000)]
  0x00000208497906c0 JavaThread "Unconstrained build operations Thread 36" [_thread_blocked, id=22848, stack(0x0000006375800000,0x0000006375900000)]
  0x000002084978c360 JavaThread "Unconstrained build operations Thread 37" [_thread_blocked, id=24284, stack(0x0000006375900000,0x0000006375a00000)]
  0x0000020849790b90 JavaThread "Unconstrained build operations Thread 38" [_thread_blocked, id=18692, stack(0x0000006375a00000,0x0000006375b00000)]
  0x000002084978b9c0 JavaThread "Unconstrained build operations Thread 39" [_thread_blocked, id=6512, stack(0x0000006375b00000,0x0000006375c00000)]
  0x0000020849791530 JavaThread "Unconstrained build operations Thread 40" [_thread_blocked, id=23484, stack(0x0000006375c00000,0x0000006375d00000)]
  0x0000020849792870 JavaThread "Unconstrained build operations Thread 41" [_thread_blocked, id=21928, stack(0x0000006375d00000,0x0000006375e00000)]
  0x0000020849791a00 JavaThread "Unconstrained build operations Thread 42" [_thread_blocked, id=3888, stack(0x0000006375e00000,0x0000006375f00000)]
  0x000002084978d1d0 JavaThread "Unconstrained build operations Thread 43" [_thread_blocked, id=24184, stack(0x0000006375f00000,0x0000006376000000)]
  0x0000020849792d40 JavaThread "Unconstrained build operations Thread 44" [_thread_blocked, id=25216, stack(0x0000006376000000,0x0000006376100000)]
  0x0000020849791ed0 JavaThread "Unconstrained build operations Thread 45" [_thread_blocked, id=11568, stack(0x0000006376100000,0x0000006376200000)]
  0x000002084978be90 JavaThread "Unconstrained build operations Thread 46" [_thread_blocked, id=10432, stack(0x0000006376200000,0x0000006376300000)]
  0x000002084978cd00 JavaThread "Unconstrained build operations Thread 47" [_thread_blocked, id=23848, stack(0x0000006376300000,0x0000006376400000)]
  0x000002084978d6a0 JavaThread "Unconstrained build operations Thread 48" [_thread_blocked, id=22444, stack(0x0000006376400000,0x0000006376500000)]
  0x000002084978db70 JavaThread "Unconstrained build operations Thread 49" [_thread_blocked, id=9472, stack(0x0000006376500000,0x0000006376600000)]
  0x000002084d36c3e0 JavaThread "Unconstrained build operations Thread 50" [_thread_blocked, id=1176, stack(0x0000006376600000,0x0000006376700000)]
  0x000002084d36ba40 JavaThread "Unconstrained build operations Thread 51" [_thread_blocked, id=12200, stack(0x0000006376700000,0x0000006376800000)]
  0x000002084d365a00 JavaThread "Unconstrained build operations Thread 52" [_thread_blocked, id=13008, stack(0x0000006376800000,0x0000006376900000)]
  0x000002084d36b0a0 JavaThread "Unconstrained build operations Thread 53" [_thread_blocked, id=20272, stack(0x0000006376900000,0x0000006376a00000)]
  0x000002084d366870 JavaThread "Unconstrained build operations Thread 54" [_thread_blocked, id=3152, stack(0x0000006376a00000,0x0000006376b00000)]
  0x000002084d36a700 JavaThread "Unconstrained build operations Thread 55" [_thread_blocked, id=4908, stack(0x0000006376b00000,0x0000006376c00000)]
  0x000002084d36bf10 JavaThread "Unconstrained build operations Thread 56" [_thread_blocked, id=22856, stack(0x0000006376c00000,0x0000006376d00000)]
  0x000002084d36abd0 JavaThread "Unconstrained build operations Thread 57" [_thread_blocked, id=16664, stack(0x0000006376d00000,0x0000006376e00000)]
  0x000002084d367bb0 JavaThread "Unconstrained build operations Thread 58" [_thread_blocked, id=9328, stack(0x0000006376e00000,0x0000006376f00000)]
  0x000002084d36c8b0 JavaThread "Unconstrained build operations Thread 59" [_thread_blocked, id=21160, stack(0x0000006376f00000,0x0000006377000000)]
  0x000002084d3676e0 JavaThread "Unconstrained build operations Thread 60" [_thread_blocked, id=14848, stack(0x0000006377000000,0x0000006377100000)]
  0x000002084d365ed0 JavaThread "Unconstrained build operations Thread 61" [_thread_blocked, id=23132, stack(0x0000006377100000,0x0000006377200000)]
  0x000002084d366d40 JavaThread "Unconstrained build operations Thread 62" [_thread_blocked, id=19148, stack(0x0000006377200000,0x0000006377300000)]
  0x000002084d36cd80 JavaThread "Unconstrained build operations Thread 63" [_thread_blocked, id=17948, stack(0x0000006377300000,0x0000006377400000)]
  0x000002084d36b570 JavaThread "Unconstrained build operations Thread 64" [_thread_blocked, id=21560, stack(0x0000006377400000,0x0000006377500000)]
  0x000002084d36a230 JavaThread "Unconstrained build operations Thread 65" [_thread_blocked, id=16512, stack(0x0000006377500000,0x0000006377600000)]
  0x000002084d367210 JavaThread "Unconstrained build operations Thread 66" [_thread_blocked, id=5552, stack(0x0000006377600000,0x0000006377700000)]
  0x000002084d36d250 JavaThread "Unconstrained build operations Thread 67" [_thread_blocked, id=12784, stack(0x0000006377700000,0x0000006377800000)]
  0x000002084d3663a0 JavaThread "Unconstrained build operations Thread 68" [_thread_blocked, id=20880, stack(0x0000006377800000,0x0000006377900000)]
  0x000002084d368550 JavaThread "Unconstrained build operations Thread 69" [_thread_blocked, id=18048, stack(0x0000006377900000,0x0000006377a00000)]
  0x000002084d368080 JavaThread "Unconstrained build operations Thread 70" [_thread_blocked, id=17652, stack(0x0000006377a00000,0x0000006377b00000)]
  0x000002084d368a20 JavaThread "Unconstrained build operations Thread 71" [_thread_blocked, id=12076, stack(0x0000006377b00000,0x0000006377c00000)]
  0x000002084d368ef0 JavaThread "Unconstrained build operations Thread 72" [_thread_blocked, id=22268, stack(0x0000006377c00000,0x0000006377d00000)]
  0x000002084d3693c0 JavaThread "Unconstrained build operations Thread 73" [_thread_blocked, id=12992, stack(0x0000006377d00000,0x0000006377e00000)]
  0x000002084d369d60 JavaThread "Unconstrained build operations Thread 74" [_thread_blocked, id=23236, stack(0x0000006377e00000,0x0000006377f00000)]
  0x000002084d369890 JavaThread "Unconstrained build operations Thread 75" [_thread_blocked, id=8432, stack(0x0000006377f00000,0x0000006378000000)]
  0x000002084b7f11e0 JavaThread "Unconstrained build operations Thread 76" [_thread_blocked, id=22920, stack(0x0000006378000000,0x0000006378100000)]
  0x000002084b7f2050 JavaThread "Unconstrained build operations Thread 77" [_thread_blocked, id=19816, stack(0x0000006378100000,0x0000006378200000)]
  0x000002084b7f16b0 JavaThread "Unconstrained build operations Thread 78" [_thread_blocked, id=22508, stack(0x0000006378200000,0x0000006378300000)]
  0x000002084b7f0840 JavaThread "Unconstrained build operations Thread 79" [_thread_blocked, id=24144, stack(0x0000006378300000,0x0000006378400000)]
  0x000002084b7efea0 JavaThread "Unconstrained build operations Thread 80" [_thread_blocked, id=20600, stack(0x0000006378400000,0x0000006378500000)]
  0x000002084b7f2520 JavaThread "jar transforms Thread 6" [_thread_blocked, id=10756, stack(0x0000006378500000,0x0000006378600000)]
  0x000002084b7f0d10 JavaThread "jar transforms Thread 7" [_thread_blocked, id=13256, stack(0x0000006378600000,0x0000006378700000)]
  0x000002084b7f1b80 JavaThread "jar transforms Thread 8" [_thread_blocked, id=24580, stack(0x0000006378700000,0x0000006378800000)]
  0x000002084b7f2ec0 JavaThread "build event listener" [_thread_blocked, id=17048, stack(0x0000006378800000,0x0000006378900000)]
  0x000002084b7f3390 JavaThread "Memory manager" [_thread_blocked, id=2900, stack(0x0000006378900000,0x0000006378a00000)]
  0x000002084fde5b90 JavaThread "C2 CompilerThread1" daemon [_thread_in_native, id=23012, stack(0x0000006372300000,0x0000006372400000)]
  0x000002084fde60a0 JavaThread "C2 CompilerThread2" daemon [_thread_blocked, id=3848, stack(0x0000006372d00000,0x0000006372e00000)]

Other Threads:
=>0x0000020845267ad0 VMThread "VM Thread" [stack: 0x0000006370000000,0x0000006370100000] [id=20112]
  0x000002082b4710b0 WatcherThread [stack: 0x0000006370c00000,0x0000006370d00000] [id=17728]
  0x000002082b448150 GCTaskThread "GC Thread#0" [stack: 0x000000636fb00000,0x000000636fc00000] [id=22560]
  0x000002084697a160 GCTaskThread "GC Thread#1" [stack: 0x0000006370f00000,0x0000006371000000] [id=17336]
  0x000002084699c4a0 GCTaskThread "GC Thread#2" [stack: 0x0000006371000000,0x0000006371100000] [id=25160]
  0x000002084699c750 GCTaskThread "GC Thread#3" [stack: 0x0000006371100000,0x0000006371200000] [id=21336]
  0x0000020846c30b80 GCTaskThread "GC Thread#4" [stack: 0x0000006371200000,0x0000006371300000] [id=8512]
  0x0000020846bb0030 GCTaskThread "GC Thread#5" [stack: 0x0000006371300000,0x0000006371400000] [id=1912]
  0x0000020848f1aa60 GCTaskThread "GC Thread#6" [stack: 0x0000006370e00000,0x0000006370f00000] [id=3272]
  0x00000208492b5050 GCTaskThread "GC Thread#7" [stack: 0x0000006371e00000,0x0000006371f00000] [id=21232]
  0x000002082b459090 ConcurrentGCThread "G1 Main Marker" [stack: 0x000000636fc00000,0x000000636fd00000] [id=24832]
  0x000002082b45a240 ConcurrentGCThread "G1 Conc#0" [stack: 0x000000636fd00000,0x000000636fe00000] [id=24432]
  0x0000020849295cb0 ConcurrentGCThread "G1 Conc#1" [stack: 0x0000006371f00000,0x0000006372000000] [id=6816]
  0x000002082b4ae6f0 ConcurrentGCThread "G1 Refine#0" [stack: 0x000000636fe00000,0x000000636ff00000] [id=25252]
  0x0000020848ad03f0 ConcurrentGCThread "G1 Refine#1" [stack: 0x0000006372e00000,0x0000006372f00000] [id=23576]
  0x00000208450f8300 ConcurrentGCThread "G1 Service" [stack: 0x000000636ff00000,0x0000006370000000] [id=17524]

Threads with active compile tasks:
C2 CompilerThread0    26459 9055       4       groovy.lang.MetaMethod::getMopName (105 bytes)
C1 CompilerThread0    26459 9071       3       groovy.lang.MetaClassImpl$1::skipClass (17 bytes)
C2 CompilerThread1    26459 9007       4       groovy.lang.MetaClassImpl$1MOPIter::methodNameAction (325 bytes)
C2 CompilerThread2    26459 9031       4       java.lang.reflect.Method::getGenericParameterTypes (5 bytes)

VM state: at safepoint (normal execution)

VM Mutex/Monitor currently owned by a thread:  ([mutex/lock_event])
[0x000002082b3e74f0] Threads_lock - owner thread: 0x0000020845267ad0
[0x000002082b3e8540] Heap_lock - owner thread: 0x000002084775b1c0

Heap address: 0x0000000080000000, size: 2048 MB, Compressed Oops mode: 32-bit

CDS archive(s) not mapped
Compressed class space mapped at: 0x0000000100000000-0x0000000140000000, reserved size: 1073741824
Narrow klass base: 0x0000000000000000, Narrow klass shift: 3, Narrow klass range: 0x140000000

GC Precious Log:
 CPUs: 8 total, 8 available
 Memory: 16194M
 Large Page Support: Disabled
 NUMA Support: Disabled
 Compressed Oops: Enabled (32-bit)
 Heap Region Size: 1M
 Heap Min Capacity: 8M
 Heap Initial Capacity: 254M
 Heap Max Capacity: 2G
 Pre-touch: Disabled
 Parallel Workers: 8
 Concurrent Workers: 2
 Concurrent Refinement Workers: 8
 Periodic GC: Disabled

Heap:
 garbage-first heap   total 217088K, used 71171K [0x0000000080000000, 0x0000000100000000)
  region size 1024K, 1 young (1024K), 1 survivors (1024K)
 Metaspace       used 88025K, committed 88704K, reserved 1130496K
  class space    used 12019K, committed 12352K, reserved 1048576K

Heap Regions: E=young(eden), S=young(survivor), O=old, HS=humongous(starts), HC=humongous(continues), CS=collection set, F=free, OA=open archive, CA=closed archive, TAMS=top-at-mark-start (previous, next)
|   0|0x0000000080000000, 0x0000000080100000, 0x0000000080100000|100%|HS|  |TAMS 0x0000000080100000, 0x0000000080000000| Complete 
|   1|0x0000000080100000, 0x0000000080200000, 0x0000000080200000|100%|HC|  |TAMS 0x0000000080200000, 0x0000000080100000| Complete 
|   2|0x0000000080200000, 0x0000000080300000, 0x0000000080300000|100%|HC|  |TAMS 0x0000000080300000, 0x0000000080200000| Complete 
|   3|0x0000000080300000, 0x0000000080400000, 0x0000000080400000|100%|HC|  |TAMS 0x0000000080400000, 0x0000000080300000| Complete 
|   4|0x0000000080400000, 0x0000000080500000, 0x0000000080500000|100%| O|  |TAMS 0x0000000080500000, 0x0000000080400000| Untracked 
|   5|0x0000000080500000, 0x0000000080600000, 0x0000000080600000|100%| O|  |TAMS 0x0000000080600000, 0x0000000080500000| Untracked 
|   6|0x0000000080600000, 0x0000000080700000, 0x0000000080700000|100%| O|  |TAMS 0x0000000080700000, 0x0000000080600000| Untracked 
|   7|0x0000000080700000, 0x0000000080800000, 0x0000000080800000|100%| O|  |TAMS 0x0000000080800000, 0x0000000080700000| Untracked 
|   8|0x0000000080800000, 0x0000000080900000, 0x0000000080900000|100%| O|  |TAMS 0x0000000080900000, 0x0000000080800000| Untracked 
|   9|0x0000000080900000, 0x0000000080a00000, 0x0000000080a00000|100%| O|  |TAMS 0x0000000080a00000, 0x0000000080900000| Untracked 
|  10|0x0000000080a00000, 0x0000000080adfa00, 0x0000000080b00000| 87%| O|  |TAMS 0x0000000080adfa00, 0x0000000080a00000| Untracked 
|  11|0x0000000080b00000, 0x0000000080c00000, 0x0000000080c00000|100%| O|  |TAMS 0x0000000080c00000, 0x0000000080b00000| Untracked 
|  12|0x0000000080c00000, 0x0000000080d00000, 0x0000000080d00000|100%| O|  |TAMS 0x0000000080d00000, 0x0000000080c00000| Untracked 
|  13|0x0000000080d00000, 0x0000000080e00000, 0x0000000080e00000|100%| O|  |TAMS 0x0000000080e00000, 0x0000000080d00000| Untracked 
|  14|0x0000000080e00000, 0x0000000080f00000, 0x0000000080f00000|100%| O|  |TAMS 0x0000000080f00000, 0x0000000080e00000| Untracked 
|  15|0x0000000080f00000, 0x0000000081000000, 0x0000000081000000|100%| O|  |TAMS 0x0000000081000000, 0x0000000080f00000| Untracked 
|  16|0x0000000081000000, 0x0000000081100000, 0x0000000081100000|100%| O|  |TAMS 0x0000000081100000, 0x0000000081000000| Untracked 
|  17|0x0000000081100000, 0x0000000081200000, 0x0000000081200000|100%| O|  |TAMS 0x0000000081200000, 0x0000000081100000| Untracked 
|  18|0x0000000081200000, 0x0000000081300000, 0x0000000081300000|100%| O|  |TAMS 0x0000000081300000, 0x0000000081200000| Untracked 
|  19|0x0000000081300000, 0x0000000081400000, 0x0000000081400000|100%| O|  |TAMS 0x0000000081400000, 0x0000000081300000| Untracked 
|  20|0x0000000081400000, 0x0000000081500000, 0x0000000081500000|100%| O|  |TAMS 0x0000000081500000, 0x0000000081400000| Untracked 
|  21|0x0000000081500000, 0x0000000081600000, 0x0000000081600000|100%| O|  |TAMS 0x0000000081600000, 0x0000000081500000| Untracked 
|  22|0x0000000081600000, 0x0000000081700000, 0x0000000081700000|100%| O|  |TAMS 0x0000000081700000, 0x0000000081600000| Untracked 
|  23|0x0000000081700000, 0x0000000081800000, 0x0000000081800000|100%| O|  |TAMS 0x0000000081800000, 0x0000000081700000| Untracked 
|  24|0x0000000081800000, 0x0000000081900000, 0x0000000081900000|100%| O|  |TAMS 0x0000000081900000, 0x0000000081800000| Untracked 
|  25|0x0000000081900000, 0x0000000081a00000, 0x0000000081a00000|100%| O|  |TAMS 0x0000000081a00000, 0x0000000081900000| Untracked 
|  26|0x0000000081a00000, 0x0000000081a00000, 0x0000000081b00000|  0%| F|  |TAMS 0x0000000081a00000, 0x0000000081a00000| Untracked 
|  27|0x0000000081b00000, 0x0000000081c00000, 0x0000000081c00000|100%| O|  |TAMS 0x0000000081c00000, 0x0000000081b00000| Untracked 
|  28|0x0000000081c00000, 0x0000000081d00000, 0x0000000081d00000|100%| O|  |TAMS 0x0000000081d00000, 0x0000000081c00000| Untracked 
|  29|0x0000000081d00000, 0x0000000081e00000, 0x0000000081e00000|100%| O|  |TAMS 0x0000000081e00000, 0x0000000081d00000| Untracked 
|  30|0x0000000081e00000, 0x0000000081f00000, 0x0000000081f00000|100%| O|  |TAMS 0x0000000081f00000, 0x0000000081e00000| Untracked 
|  31|0x0000000081f00000, 0x0000000082000000, 0x0000000082000000|100%|HS|  |TAMS 0x0000000082000000, 0x0000000081f00000| Complete 
|  32|0x0000000082000000, 0x0000000082100000, 0x0000000082100000|100%|HS|  |TAMS 0x0000000082100000, 0x0000000082000000| Complete 
|  33|0x0000000082100000, 0x0000000082200000, 0x0000000082200000|100%|HS|  |TAMS 0x0000000082200000, 0x0000000082100000| Complete 
|  34|0x0000000082200000, 0x0000000082300000, 0x0000000082300000|100%| O|  |TAMS 0x0000000082300000, 0x0000000082200000| Untracked 
|  35|0x0000000082300000, 0x0000000082400000, 0x0000000082400000|100%| O|  |TAMS 0x0000000082400000, 0x0000000082300000| Untracked 
|  36|0x0000000082400000, 0x0000000082500000, 0x0000000082500000|100%| O|  |TAMS 0x0000000082500000, 0x0000000082400000| Untracked 
|  37|0x0000000082500000, 0x0000000082600000, 0x0000000082600000|100%| O|  |TAMS 0x0000000082600000, 0x0000000082500000| Untracked 
|  38|0x0000000082600000, 0x0000000082700000, 0x0000000082700000|100%| O|  |TAMS 0x0000000082700000, 0x0000000082600000| Untracked 
|  39|0x0000000082700000, 0x0000000082800000, 0x0000000082800000|100%| O|  |TAMS 0x0000000082700000, 0x0000000082700000| Untracked 
|  40|0x0000000082800000, 0x0000000082900000, 0x0000000082900000|100%| O|  |TAMS 0x0000000082900000, 0x0000000082800000| Untracked 
|  41|0x0000000082900000, 0x0000000082a00000, 0x0000000082a00000|100%| O|  |TAMS 0x0000000082a00000, 0x0000000082900000| Untracked 
|  42|0x0000000082a00000, 0x0000000082b00000, 0x0000000082b00000|100%| O|  |TAMS 0x0000000082b00000, 0x0000000082a00000| Untracked 
|  43|0x0000000082b00000, 0x0000000082c00000, 0x0000000082c00000|100%| O|  |TAMS 0x0000000082c00000, 0x0000000082b00000| Untracked 
|  44|0x0000000082c00000, 0x0000000082d00000, 0x0000000082d00000|100%| O|  |TAMS 0x0000000082d00000, 0x0000000082c00000| Untracked 
|  45|0x0000000082d00000, 0x0000000082e00000, 0x0000000082e00000|100%| O|  |TAMS 0x0000000082e00000, 0x0000000082d00000| Untracked 
|  46|0x0000000082e00000, 0x0000000082f00000, 0x0000000082f00000|100%| O|  |TAMS 0x0000000082f00000, 0x0000000082e00000| Untracked 
|  47|0x0000000082f00000, 0x0000000083000000, 0x0000000083000000|100%| O|  |TAMS 0x0000000083000000, 0x0000000082f00000| Untracked 
|  48|0x0000000083000000, 0x0000000083100000, 0x0000000083100000|100%| O|  |TAMS 0x0000000083100000, 0x0000000083000000| Untracked 
|  49|0x0000000083100000, 0x0000000083200000, 0x0000000083200000|100%| O|  |TAMS 0x0000000083200000, 0x0000000083100000| Untracked 
|  50|0x0000000083200000, 0x0000000083300000, 0x0000000083300000|100%| O|  |TAMS 0x0000000083300000, 0x0000000083200000| Untracked 
|  51|0x0000000083300000, 0x0000000083400000, 0x0000000083400000|100%| O|  |TAMS 0x0000000083400000, 0x0000000083300000| Untracked 
|  52|0x0000000083400000, 0x0000000083500000, 0x0000000083500000|100%| O|  |TAMS 0x0000000083500000, 0x0000000083400000| Untracked 
|  53|0x0000000083500000, 0x0000000083600000, 0x0000000083600000|100%| O|  |TAMS 0x0000000083600000, 0x0000000083500000| Untracked 
|  54|0x0000000083600000, 0x0000000083700000, 0x0000000083700000|100%| O|  |TAMS 0x0000000083700000, 0x0000000083600000| Untracked 
|  55|0x0000000083700000, 0x0000000083800000, 0x0000000083800000|100%| O|  |TAMS 0x0000000083800000, 0x0000000083700000| Untracked 
|  56|0x0000000083800000, 0x0000000083900000, 0x0000000083900000|100%| O|  |TAMS 0x0000000083900000, 0x0000000083800000| Untracked 
|  57|0x0000000083900000, 0x0000000083a00000, 0x0000000083a00000|100%| O|  |TAMS 0x0000000083a00000, 0x0000000083900000| Untracked 
|  58|0x0000000083a00000, 0x0000000083b00000, 0x0000000083b00000|100%| O|  |TAMS 0x0000000083b00000, 0x0000000083a00000| Untracked 
|  59|0x0000000083b00000, 0x0000000083c00000, 0x0000000083c00000|100%| O|  |TAMS 0x0000000083c00000, 0x0000000083b00000| Untracked 
|  60|0x0000000083c00000, 0x0000000083d00000, 0x0000000083d00000|100%| O|  |TAMS 0x0000000083d00000, 0x0000000083c00000| Untracked 
|  61|0x0000000083d00000, 0x0000000083e00000, 0x0000000083e00000|100%| O|  |TAMS 0x0000000083d0c400, 0x0000000083d00000| Untracked 
|  62|0x0000000083e00000, 0x0000000083f00000, 0x0000000083f00000|100%| O|  |TAMS 0x0000000083e00000, 0x0000000083e00000| Untracked 
|  63|0x0000000083f00000, 0x0000000084000000, 0x0000000084000000|100%| O|  |TAMS 0x0000000083f00000, 0x0000000083f00000| Untracked 
|  64|0x0000000084000000, 0x0000000084100000, 0x0000000084100000|100%| O|  |TAMS 0x0000000084000000, 0x0000000084000000| Untracked 
|  65|0x0000000084100000, 0x0000000084200000, 0x0000000084200000|100%| O|  |TAMS 0x0000000084100000, 0x0000000084100000| Untracked 
|  66|0x0000000084200000, 0x0000000084300000, 0x0000000084300000|100%| O|  |TAMS 0x0000000084200000, 0x0000000084200000| Untracked 
|  67|0x0000000084300000, 0x0000000084400000, 0x0000000084400000|100%| O|  |TAMS 0x0000000084300000, 0x0000000084300000| Untracked 
|  68|0x0000000084400000, 0x0000000084500000, 0x0000000084500000|100%| O|  |TAMS 0x0000000084400000, 0x0000000084400000| Untracked 
|  69|0x0000000084500000, 0x00000000845c0200, 0x0000000084600000| 75%| O|  |TAMS 0x0000000084500000, 0x0000000084500000| Untracked 
|  70|0x0000000084600000, 0x0000000084600000, 0x0000000084700000|  0%| F|  |TAMS 0x0000000084600000, 0x0000000084600000| Untracked 
|  71|0x0000000084700000, 0x0000000084700000, 0x0000000084800000|  0%| F|  |TAMS 0x0000000084700000, 0x0000000084700000| Untracked 
|  72|0x0000000084800000, 0x0000000084800000, 0x0000000084900000|  0%| F|  |TAMS 0x0000000084800000, 0x0000000084800000| Untracked 
|  73|0x0000000084900000, 0x0000000084900000, 0x0000000084a00000|  0%| F|  |TAMS 0x0000000084900000, 0x0000000084900000| Untracked 
|  74|0x0000000084a00000, 0x0000000084a00000, 0x0000000084b00000|  0%| F|  |TAMS 0x0000000084a00000, 0x0000000084a00000| Untracked 
|  75|0x0000000084b00000, 0x0000000084b00000, 0x0000000084c00000|  0%| F|  |TAMS 0x0000000084b00000, 0x0000000084b00000| Untracked 
|  76|0x0000000084c00000, 0x0000000084c00000, 0x0000000084d00000|  0%| F|  |TAMS 0x0000000084c00000, 0x0000000084c00000| Untracked 
|  77|0x0000000084d00000, 0x0000000084d00000, 0x0000000084e00000|  0%| F|  |TAMS 0x0000000084d00000, 0x0000000084d00000| Untracked 
|  78|0x0000000084e00000, 0x0000000084e00000, 0x0000000084f00000|  0%| F|  |TAMS 0x0000000084e00000, 0x0000000084e00000| Untracked 
|  79|0x0000000084f00000, 0x0000000084f00000, 0x0000000085000000|  0%| F|  |TAMS 0x0000000084f00000, 0x0000000084f00000| Untracked 
|  80|0x0000000085000000, 0x0000000085000000, 0x0000000085100000|  0%| F|  |TAMS 0x0000000085000000, 0x0000000085000000| Untracked 
|  81|0x0000000085100000, 0x0000000085100000, 0x0000000085200000|  0%| F|  |TAMS 0x0000000085100000, 0x0000000085100000| Untracked 
|  82|0x0000000085200000, 0x0000000085200000, 0x0000000085300000|  0%| F|  |TAMS 0x0000000085200000, 0x0000000085200000| Untracked 
|  83|0x0000000085300000, 0x0000000085300000, 0x0000000085400000|  0%| F|  |TAMS 0x0000000085300000, 0x0000000085300000| Untracked 
|  84|0x0000000085400000, 0x0000000085400000, 0x0000000085500000|  0%| F|  |TAMS 0x0000000085400000, 0x0000000085400000| Untracked 
|  85|0x0000000085500000, 0x0000000085500000, 0x0000000085600000|  0%| F|  |TAMS 0x0000000085500000, 0x0000000085500000| Untracked 
|  86|0x0000000085600000, 0x0000000085600000, 0x0000000085700000|  0%| F|  |TAMS 0x0000000085600000, 0x0000000085600000| Untracked 
|  87|0x0000000085700000, 0x0000000085700000, 0x0000000085800000|  0%| F|  |TAMS 0x0000000085700000, 0x0000000085700000| Untracked 
|  88|0x0000000085800000, 0x0000000085800000, 0x0000000085900000|  0%| F|  |TAMS 0x0000000085800000, 0x0000000085800000| Untracked 
|  89|0x0000000085900000, 0x0000000085900000, 0x0000000085a00000|  0%| F|  |TAMS 0x0000000085900000, 0x0000000085900000| Untracked 
|  90|0x0000000085a00000, 0x0000000085a00000, 0x0000000085b00000|  0%| F|  |TAMS 0x0000000085a00000, 0x0000000085a00000| Untracked 
|  91|0x0000000085b00000, 0x0000000085b00000, 0x0000000085c00000|  0%| F|  |TAMS 0x0000000085b00000, 0x0000000085b00000| Untracked 
|  92|0x0000000085c00000, 0x0000000085c00000, 0x0000000085d00000|  0%| F|  |TAMS 0x0000000085c00000, 0x0000000085c00000| Untracked 
|  93|0x0000000085d00000, 0x0000000085d00000, 0x0000000085e00000|  0%| F|  |TAMS 0x0000000085d00000, 0x0000000085d00000| Untracked 
|  94|0x0000000085e00000, 0x0000000085e00000, 0x0000000085f00000|  0%| F|  |TAMS 0x0000000085e00000, 0x0000000085e00000| Untracked 
|  95|0x0000000085f00000, 0x0000000085f00000, 0x0000000086000000|  0%| F|  |TAMS 0x0000000085f00000, 0x0000000085f00000| Untracked 
|  96|0x0000000086000000, 0x0000000086000000, 0x0000000086100000|  0%| F|  |TAMS 0x0000000086000000, 0x0000000086000000| Untracked 
|  97|0x0000000086100000, 0x0000000086100000, 0x0000000086200000|  0%| F|  |TAMS 0x0000000086100000, 0x0000000086100000| Untracked 
|  98|0x0000000086200000, 0x0000000086200000, 0x0000000086300000|  0%| F|  |TAMS 0x0000000086200000, 0x0000000086200000| Untracked 
|  99|0x0000000086300000, 0x0000000086300000, 0x0000000086400000|  0%| F|  |TAMS 0x0000000086300000, 0x0000000086300000| Untracked 
| 100|0x0000000086400000, 0x0000000086400000, 0x0000000086500000|  0%| F|  |TAMS 0x0000000086400000, 0x0000000086400000| Untracked 
| 101|0x0000000086500000, 0x0000000086500000, 0x0000000086600000|  0%| F|  |TAMS 0x0000000086500000, 0x0000000086500000| Untracked 
| 102|0x0000000086600000, 0x0000000086600000, 0x0000000086700000|  0%| F|  |TAMS 0x0000000086600000, 0x0000000086600000| Untracked 
| 103|0x0000000086700000, 0x0000000086700000, 0x0000000086800000|  0%| F|  |TAMS 0x0000000086700000, 0x0000000086700000| Untracked 
| 104|0x0000000086800000, 0x0000000086800000, 0x0000000086900000|  0%| F|  |TAMS 0x0000000086800000, 0x0000000086800000| Untracked 
| 105|0x0000000086900000, 0x0000000086900000, 0x0000000086a00000|  0%| F|  |TAMS 0x0000000086900000, 0x0000000086900000| Untracked 
| 106|0x0000000086a00000, 0x0000000086a00000, 0x0000000086b00000|  0%| F|  |TAMS 0x0000000086a00000, 0x0000000086a00000| Untracked 
| 107|0x0000000086b00000, 0x0000000086b00000, 0x0000000086c00000|  0%| F|  |TAMS 0x0000000086b00000, 0x0000000086b00000| Untracked 
| 108|0x0000000086c00000, 0x0000000086c00000, 0x0000000086d00000|  0%| F|  |TAMS 0x0000000086c00000, 0x0000000086c00000| Untracked 
| 109|0x0000000086d00000, 0x0000000086d00000, 0x0000000086e00000|  0%| F|  |TAMS 0x0000000086d00000, 0x0000000086d00000| Untracked 
| 110|0x0000000086e00000, 0x0000000086e00000, 0x0000000086f00000|  0%| F|  |TAMS 0x0000000086e00000, 0x0000000086e00000| Untracked 
| 111|0x0000000086f00000, 0x0000000086f00000, 0x0000000087000000|  0%| F|  |TAMS 0x0000000086f00000, 0x0000000086f00000| Untracked 
| 112|0x0000000087000000, 0x0000000087000000, 0x0000000087100000|  0%| F|  |TAMS 0x0000000087000000, 0x0000000087000000| Untracked 
| 113|0x0000000087100000, 0x0000000087100000, 0x0000000087200000|  0%| F|  |TAMS 0x0000000087100000, 0x0000000087100000| Untracked 
| 114|0x0000000087200000, 0x0000000087200000, 0x0000000087300000|  0%| F|  |TAMS 0x0000000087200000, 0x0000000087200000| Untracked 
| 115|0x0000000087300000, 0x0000000087300000, 0x0000000087400000|  0%| F|  |TAMS 0x0000000087300000, 0x0000000087300000| Untracked 
| 116|0x0000000087400000, 0x0000000087400000, 0x0000000087500000|  0%| F|  |TAMS 0x0000000087400000, 0x0000000087400000| Untracked 
| 117|0x0000000087500000, 0x0000000087500000, 0x0000000087600000|  0%| F|  |TAMS 0x0000000087500000, 0x0000000087500000| Untracked 
| 118|0x0000000087600000, 0x0000000087600000, 0x0000000087700000|  0%| F|  |TAMS 0x0000000087600000, 0x0000000087600000| Untracked 
| 119|0x0000000087700000, 0x0000000087700000, 0x0000000087800000|  0%| F|  |TAMS 0x0000000087700000, 0x0000000087700000| Untracked 
| 120|0x0000000087800000, 0x0000000087800000, 0x0000000087900000|  0%| F|  |TAMS 0x0000000087800000, 0x0000000087800000| Untracked 
| 121|0x0000000087900000, 0x0000000087900000, 0x0000000087a00000|  0%| F|  |TAMS 0x0000000087900000, 0x0000000087900000| Untracked 
| 122|0x0000000087a00000, 0x0000000087a00000, 0x0000000087b00000|  0%| F|  |TAMS 0x0000000087a00000, 0x0000000087a00000| Untracked 
| 123|0x0000000087b00000, 0x0000000087b00000, 0x0000000087c00000|  0%| F|  |TAMS 0x0000000087b00000, 0x0000000087b00000| Untracked 
| 124|0x0000000087c00000, 0x0000000087c00000, 0x0000000087d00000|  0%| F|  |TAMS 0x0000000087c00000, 0x0000000087c00000| Untracked 
| 125|0x0000000087d00000, 0x0000000087d00000, 0x0000000087e00000|  0%| F|  |TAMS 0x0000000087d00000, 0x0000000087d00000| Untracked 
| 126|0x0000000087e00000, 0x0000000087e00000, 0x0000000087f00000|  0%| F|  |TAMS 0x0000000087e00000, 0x0000000087e00000| Untracked 
| 127|0x0000000087f00000, 0x0000000087f00000, 0x0000000088000000|  0%| F|  |TAMS 0x0000000087f00000, 0x0000000087f00000| Untracked 
| 128|0x0000000088000000, 0x0000000088000000, 0x0000000088100000|  0%| F|  |TAMS 0x0000000088000000, 0x0000000088000000| Untracked 
| 129|0x0000000088100000, 0x0000000088100000, 0x0000000088200000|  0%| F|  |TAMS 0x0000000088100000, 0x0000000088100000| Untracked 
| 130|0x0000000088200000, 0x0000000088200000, 0x0000000088300000|  0%| F|  |TAMS 0x0000000088200000, 0x0000000088200000| Untracked 
| 131|0x0000000088300000, 0x0000000088300000, 0x0000000088400000|  0%| F|  |TAMS 0x0000000088300000, 0x0000000088300000| Untracked 
| 132|0x0000000088400000, 0x0000000088400000, 0x0000000088500000|  0%| F|  |TAMS 0x0000000088400000, 0x0000000088400000| Untracked 
| 133|0x0000000088500000, 0x0000000088500000, 0x0000000088600000|  0%| F|  |TAMS 0x0000000088500000, 0x0000000088500000| Untracked 
| 134|0x0000000088600000, 0x0000000088600000, 0x0000000088700000|  0%| F|  |TAMS 0x0000000088600000, 0x0000000088600000| Untracked 
| 135|0x0000000088700000, 0x0000000088700000, 0x0000000088800000|  0%| F|  |TAMS 0x0000000088700000, 0x0000000088700000| Untracked 
| 136|0x0000000088800000, 0x0000000088800000, 0x0000000088900000|  0%| F|  |TAMS 0x0000000088800000, 0x0000000088800000| Untracked 
| 137|0x0000000088900000, 0x0000000088900000, 0x0000000088a00000|  0%| F|  |TAMS 0x0000000088900000, 0x0000000088900000| Untracked 
| 138|0x0000000088a00000, 0x0000000088a00000, 0x0000000088b00000|  0%| F|  |TAMS 0x0000000088a00000, 0x0000000088a00000| Untracked 
| 139|0x0000000088b00000, 0x0000000088b00000, 0x0000000088c00000|  0%| F|  |TAMS 0x0000000088b00000, 0x0000000088b00000| Untracked 
| 140|0x0000000088c00000, 0x0000000088c00000, 0x0000000088d00000|  0%| F|  |TAMS 0x0000000088c00000, 0x0000000088c00000| Untracked 
| 141|0x0000000088d00000, 0x0000000088d00000, 0x0000000088e00000|  0%| F|  |TAMS 0x0000000088d00000, 0x0000000088d00000| Untracked 
| 142|0x0000000088e00000, 0x0000000088e00000, 0x0000000088f00000|  0%| F|  |TAMS 0x0000000088e00000, 0x0000000088e00000| Untracked 
| 143|0x0000000088f00000, 0x0000000088f00000, 0x0000000089000000|  0%| F|  |TAMS 0x0000000088f00000, 0x0000000088f00000| Untracked 
| 144|0x0000000089000000, 0x0000000089000000, 0x0000000089100000|  0%| F|  |TAMS 0x0000000089000000, 0x0000000089000000| Untracked 
| 145|0x0000000089100000, 0x0000000089100000, 0x0000000089200000|  0%| F|  |TAMS 0x0000000089100000, 0x0000000089100000| Untracked 
| 146|0x0000000089200000, 0x0000000089200000, 0x0000000089300000|  0%| F|  |TAMS 0x0000000089200000, 0x0000000089200000| Untracked 
| 147|0x0000000089300000, 0x0000000089300000, 0x0000000089400000|  0%| F|  |TAMS 0x0000000089300000, 0x0000000089300000| Untracked 
| 148|0x0000000089400000, 0x0000000089400000, 0x0000000089500000|  0%| F|  |TAMS 0x0000000089400000, 0x0000000089400000| Untracked 
| 149|0x0000000089500000, 0x0000000089500000, 0x0000000089600000|  0%| F|  |TAMS 0x0000000089500000, 0x0000000089500000| Untracked 
| 150|0x0000000089600000, 0x0000000089600000, 0x0000000089700000|  0%| F|  |TAMS 0x0000000089600000, 0x0000000089600000| Untracked 
| 151|0x0000000089700000, 0x0000000089700000, 0x0000000089800000|  0%| F|  |TAMS 0x0000000089700000, 0x0000000089700000| Untracked 
| 152|0x0000000089800000, 0x0000000089800000, 0x0000000089900000|  0%| F|  |TAMS 0x0000000089800000, 0x0000000089800000| Untracked 
| 153|0x0000000089900000, 0x0000000089900000, 0x0000000089a00000|  0%| F|  |TAMS 0x0000000089900000, 0x0000000089900000| Untracked 
| 154|0x0000000089a00000, 0x0000000089a00000, 0x0000000089b00000|  0%| F|  |TAMS 0x0000000089a00000, 0x0000000089a00000| Untracked 
| 155|0x0000000089b00000, 0x0000000089b00000, 0x0000000089c00000|  0%| F|  |TAMS 0x0000000089b00000, 0x0000000089b00000| Untracked 
| 156|0x0000000089c00000, 0x0000000089c00000, 0x0000000089d00000|  0%| F|  |TAMS 0x0000000089c00000, 0x0000000089c00000| Untracked 
| 157|0x0000000089d00000, 0x0000000089d00000, 0x0000000089e00000|  0%| F|  |TAMS 0x0000000089d00000, 0x0000000089d00000| Untracked 
| 158|0x0000000089e00000, 0x0000000089e00000, 0x0000000089f00000|  0%| F|  |TAMS 0x0000000089e00000, 0x0000000089e00000| Untracked 
| 159|0x0000000089f00000, 0x0000000089f00000, 0x000000008a000000|  0%| F|  |TAMS 0x0000000089f00000, 0x0000000089f00000| Untracked 
| 160|0x000000008a000000, 0x000000008a000000, 0x000000008a100000|  0%| F|  |TAMS 0x000000008a000000, 0x000000008a000000| Untracked 
| 161|0x000000008a100000, 0x000000008a100000, 0x000000008a200000|  0%| F|  |TAMS 0x000000008a100000, 0x000000008a100000| Untracked 
| 162|0x000000008a200000, 0x000000008a200000, 0x000000008a300000|  0%| F|  |TAMS 0x000000008a200000, 0x000000008a200000| Untracked 
| 163|0x000000008a300000, 0x000000008a300000, 0x000000008a400000|  0%| F|  |TAMS 0x000000008a300000, 0x000000008a300000| Untracked 
| 164|0x000000008a400000, 0x000000008a400000, 0x000000008a500000|  0%| F|  |TAMS 0x000000008a400000, 0x000000008a400000| Untracked 
| 165|0x000000008a500000, 0x000000008a500000, 0x000000008a600000|  0%| F|  |TAMS 0x000000008a500000, 0x000000008a500000| Untracked 
| 166|0x000000008a600000, 0x000000008a600000, 0x000000008a700000|  0%| F|  |TAMS 0x000000008a600000, 0x000000008a600000| Untracked 
| 167|0x000000008a700000, 0x000000008a700000, 0x000000008a800000|  0%| F|  |TAMS 0x000000008a700000, 0x000000008a700000| Untracked 
| 168|0x000000008a800000, 0x000000008a800000, 0x000000008a900000|  0%| F|  |TAMS 0x000000008a800000, 0x000000008a800000| Untracked 
| 169|0x000000008a900000, 0x000000008a900000, 0x000000008aa00000|  0%| F|  |TAMS 0x000000008a900000, 0x000000008a900000| Untracked 
| 170|0x000000008aa00000, 0x000000008aa00000, 0x000000008ab00000|  0%| F|  |TAMS 0x000000008aa00000, 0x000000008aa00000| Untracked 
| 171|0x000000008ab00000, 0x000000008ab00000, 0x000000008ac00000|  0%| F|  |TAMS 0x000000008ab00000, 0x000000008ab00000| Untracked 
| 172|0x000000008ac00000, 0x000000008ac00000, 0x000000008ad00000|  0%| F|  |TAMS 0x000000008ac00000, 0x000000008ac00000| Untracked 
| 173|0x000000008ad00000, 0x000000008ad00000, 0x000000008ae00000|  0%| F|  |TAMS 0x000000008ad00000, 0x000000008ad00000| Untracked 
| 174|0x000000008ae00000, 0x000000008ae00000, 0x000000008af00000|  0%| F|  |TAMS 0x000000008ae00000, 0x000000008ae00000| Untracked 
| 175|0x000000008af00000, 0x000000008af00000, 0x000000008b000000|  0%| F|  |TAMS 0x000000008af00000, 0x000000008af00000| Untracked 
| 176|0x000000008b000000, 0x000000008b000000, 0x000000008b100000|  0%| F|  |TAMS 0x000000008b000000, 0x000000008b000000| Untracked 
| 177|0x000000008b100000, 0x000000008b100000, 0x000000008b200000|  0%| F|  |TAMS 0x000000008b100000, 0x000000008b100000| Untracked 
| 178|0x000000008b200000, 0x000000008b200000, 0x000000008b300000|  0%| F|  |TAMS 0x000000008b200000, 0x000000008b200000| Untracked 
| 179|0x000000008b300000, 0x000000008b300000, 0x000000008b400000|  0%| F|  |TAMS 0x000000008b300000, 0x000000008b300000| Untracked 
| 180|0x000000008b400000, 0x000000008b400000, 0x000000008b500000|  0%| F|  |TAMS 0x000000008b400000, 0x000000008b400000| Untracked 
| 181|0x000000008b500000, 0x000000008b500000, 0x000000008b600000|  0%| F|  |TAMS 0x000000008b500000, 0x000000008b500000| Untracked 
| 182|0x000000008b600000, 0x000000008b600000, 0x000000008b700000|  0%| F|  |TAMS 0x000000008b600000, 0x000000008b600000| Untracked 
| 183|0x000000008b700000, 0x000000008b700000, 0x000000008b800000|  0%| F|  |TAMS 0x000000008b700000, 0x000000008b700000| Untracked 
| 184|0x000000008b800000, 0x000000008b800000, 0x000000008b900000|  0%| F|  |TAMS 0x000000008b800000, 0x000000008b800000| Untracked 
| 185|0x000000008b900000, 0x000000008b900000, 0x000000008ba00000|  0%| F|  |TAMS 0x000000008b900000, 0x000000008b900000| Untracked 
| 186|0x000000008ba00000, 0x000000008ba00000, 0x000000008bb00000|  0%| F|  |TAMS 0x000000008ba00000, 0x000000008ba00000| Untracked 
| 187|0x000000008bb00000, 0x000000008bb00000, 0x000000008bc00000|  0%| F|  |TAMS 0x000000008bb00000, 0x000000008bb00000| Untracked 
| 188|0x000000008bc00000, 0x000000008bc00000, 0x000000008bd00000|  0%| F|  |TAMS 0x000000008bc00000, 0x000000008bc00000| Untracked 
| 189|0x000000008bd00000, 0x000000008bd00000, 0x000000008be00000|  0%| F|  |TAMS 0x000000008bd00000, 0x000000008bd00000| Untracked 
| 190|0x000000008be00000, 0x000000008be00000, 0x000000008bf00000|  0%| F|  |TAMS 0x000000008be00000, 0x000000008be00000| Untracked 
| 191|0x000000008bf00000, 0x000000008bf00000, 0x000000008c000000|  0%| F|  |TAMS 0x000000008bf00000, 0x000000008bf00000| Untracked 
| 192|0x000000008c000000, 0x000000008c000000, 0x000000008c100000|  0%| F|  |TAMS 0x000000008c000000, 0x000000008c000000| Untracked 
| 193|0x000000008c100000, 0x000000008c100000, 0x000000008c200000|  0%| F|  |TAMS 0x000000008c100000, 0x000000008c100000| Untracked 
| 194|0x000000008c200000, 0x000000008c200000, 0x000000008c300000|  0%| F|  |TAMS 0x000000008c200000, 0x000000008c200000| Untracked 
| 195|0x000000008c300000, 0x000000008c300000, 0x000000008c400000|  0%| F|  |TAMS 0x000000008c300000, 0x000000008c300000| Untracked 
| 196|0x000000008c400000, 0x000000008c400000, 0x000000008c500000|  0%| F|  |TAMS 0x000000008c400000, 0x000000008c400000| Untracked 
| 197|0x000000008c500000, 0x000000008c500000, 0x000000008c600000|  0%| F|  |TAMS 0x000000008c500000, 0x000000008c500000| Untracked 
| 198|0x000000008c600000, 0x000000008c600000, 0x000000008c700000|  0%| F|  |TAMS 0x000000008c600000, 0x000000008c600000| Untracked 
| 199|0x000000008c700000, 0x000000008c700000, 0x000000008c800000|  0%| F|  |TAMS 0x000000008c700000, 0x000000008c700000| Untracked 
| 200|0x000000008c800000, 0x000000008c800000, 0x000000008c900000|  0%| F|  |TAMS 0x000000008c800000, 0x000000008c800000| Untracked 
| 201|0x000000008c900000, 0x000000008c900000, 0x000000008ca00000|  0%| F|  |TAMS 0x000000008c900000, 0x000000008c900000| Untracked 
| 202|0x000000008ca00000, 0x000000008ca00000, 0x000000008cb00000|  0%| F|  |TAMS 0x000000008ca00000, 0x000000008ca00000| Untracked 
| 203|0x000000008cb00000, 0x000000008cb00000, 0x000000008cc00000|  0%| F|  |TAMS 0x000000008cb00000, 0x000000008cb00000| Untracked 
| 204|0x000000008cc00000, 0x000000008cc00000, 0x000000008cd00000|  0%| F|  |TAMS 0x000000008cc00000, 0x000000008cc00000| Untracked 
| 205|0x000000008cd00000, 0x000000008cd00000, 0x000000008ce00000|  0%| F|  |TAMS 0x000000008cd00000, 0x000000008cd00000| Untracked 
| 206|0x000000008ce00000, 0x000000008ce00000, 0x000000008cf00000|  0%| F|  |TAMS 0x000000008ce00000, 0x000000008ce00000| Untracked 
| 207|0x000000008cf00000, 0x000000008cf00000, 0x000000008d000000|  0%| F|  |TAMS 0x000000008cf00000, 0x000000008cf00000| Untracked 
| 208|0x000000008d000000, 0x000000008d000000, 0x000000008d100000|  0%| F|  |TAMS 0x000000008d000000, 0x000000008d000000| Untracked 
| 209|0x000000008d100000, 0x000000008d100000, 0x000000008d200000|  0%| F|  |TAMS 0x000000008d100000, 0x000000008d100000| Untracked 
| 210|0x000000008d200000, 0x000000008d2e1280, 0x000000008d300000| 87%| S|CS|TAMS 0x000000008d200000, 0x000000008d200000| Complete 
| 253|0x000000008fd00000, 0x000000008fd00000, 0x000000008fe00000|  0%| F|  |TAMS 0x000000008fd00000, 0x000000008fd00000| Untracked 

Card table byte_map: [0x000002083dfe0000,0x000002083e3e0000] _byte_map_base: 0x000002083dbe0000

Marking Bits (Prev, Next): (CMBitMap*) 0x000002082b448760, (CMBitMap*) 0x000002082b4487a0
 Prev Bits: [0x000002083e7e0000, 0x00000208407e0000)
 Next Bits: [0x00000208407e0000, 0x00000208427e0000)

Polling page: 0x00000208293d0000

Metaspace:

Usage:
  Non-class:     74.22 MB used.
      Class:     11.74 MB used.
       Both:     85.96 MB used.

Virtual space:
  Non-class space:       80.00 MB reserved,      74.56 MB ( 93%) committed,  10 nodes.
      Class space:        1.00 GB reserved,      12.06 MB (  1%) committed,  1 nodes.
             Both:        1.08 GB reserved,      86.62 MB (  8%) committed. 

Chunk freelists:
   Non-Class:  1.09 MB
       Class:  3.85 MB
        Both:  4.94 MB

MaxMetaspaceSize: unlimited
CompressedClassSpaceSize: 1.00 GB
Initial GC threshold: 21.00 MB
Current GC threshold: 144.00 MB
CDS: off
MetaspaceReclaimPolicy: balanced
 - commit_granule_bytes: 65536.
 - commit_granule_words: 8192.
 - virtual_space_node_default_size: 1048576.
 - enlarge_chunks_in_place: 1.
 - new_chunks_are_fully_committed: 0.
 - uncommit_free_chunks: 1.
 - use_allocation_guard: 0.
 - handle_deallocations: 1.


Internal statistics:

num_allocs_failed_limit: 6.
num_arena_births: 874.
num_arena_deaths: 0.
num_vsnodes_births: 11.
num_vsnodes_deaths: 0.
num_space_committed: 1386.
num_space_uncommitted: 0.
num_chunks_returned_to_freelist: 6.
num_chunks_taken_from_freelist: 4019.
num_chunk_merges: 6.
num_chunk_splits: 2687.
num_chunks_enlarged: 1841.
num_purges: 0.
num_inconsistent_stats: 0.

CodeHeap 'non-profiled nmethods': size=120000Kb used=5187Kb max_used=5187Kb free=114813Kb
 bounds [0x0000020836380000, 0x00000208368a0000, 0x000002083d8b0000]
CodeHeap 'profiled nmethods': size=120000Kb used=16224Kb max_used=16224Kb free=103775Kb
 bounds [0x000002082e8b0000, 0x000002082f890000, 0x0000020835de0000]
CodeHeap 'non-nmethods': size=5760Kb used=2378Kb max_used=2491Kb free=3381Kb
 bounds [0x0000020835de0000, 0x0000020836060000, 0x0000020836380000]
 total_blobs=9169 nmethods=8257 adapters=824
 compilation: enabled
              stopped_count=0, restarted_count=0
 full_count=0

Compilation events (20 events):
Event: 26.330 Thread 0x0000020845c91010 nmethod 9060 0x000002082f885590 code [0x000002082f8857a0, 0x000002082f886218]
Event: 26.330 Thread 0x0000020845c91010 9062       3       java.util.Arrays$ArrayList::indexOf (62 bytes)
Event: 26.330 Thread 0x0000020845c91010 nmethod 9062 0x000002082f886590 code [0x000002082f886760, 0x000002082f886be8]
Event: 26.330 Thread 0x0000020845c91010 9061       3       java.util.Arrays$ArrayList::contains (14 bytes)
Event: 26.331 Thread 0x0000020845c91010 nmethod 9061 0x000002082f886d90 code [0x000002082f886f40, 0x000002082f8870e8]
Event: 26.336 Thread 0x0000020845c91010 9063       1       java.beans.GenericBeanInfo::getEventSetDescriptors (5 bytes)
Event: 26.336 Thread 0x0000020845c91010 nmethod 9063 0x0000020836890310 code [0x00000208368904a0, 0x0000020836890578]
Event: 26.336 Thread 0x0000020845c91010 9064       1       java.beans.GenericBeanInfo::getPropertyDescriptors (5 bytes)
Event: 26.337 Thread 0x0000020845c91010 nmethod 9064 0x0000020836890610 code [0x00000208368907a0, 0x0000020836890878]
Event: 26.341 Thread 0x0000020845c91010 9066       3       org.codehaus.groovy.runtime.metaclass.MetaMethodIndex$Header::<init> (26 bytes)
Event: 26.341 Thread 0x0000020845c91010 nmethod 9066 0x000002082f887190 code [0x000002082f887340, 0x000002082f887628]
Event: 26.353 Thread 0x0000020845c91010 9067       1       java.lang.reflect.AccessibleObject::isAccessible (5 bytes)
Event: 26.353 Thread 0x0000020845c91010 nmethod 9067 0x0000020836890910 code [0x0000020836890aa0, 0x0000020836890b78]
Event: 26.387 Thread 0x0000020845c91010 9068       3       com.sun.beans.util.Cache::index (7 bytes)
Event: 26.388 Thread 0x0000020845c91010 nmethod 9068 0x000002082f887710 code [0x000002082f8878a0, 0x000002082f887998]
Event: 26.388 Thread 0x0000020845c91010 9069       3       com.sun.beans.util.Cache$Kind$Soft::isStale (14 bytes)
Event: 26.388 Thread 0x0000020845c91010 nmethod 9069 0x000002082f887a90 code [0x000002082f887c40, 0x000002082f887e48]
Event: 26.395 Thread 0x0000020845c91010 9070       3       org.codehaus.groovy.util.ManagedReference::get (10 bytes)
Event: 26.395 Thread 0x0000020845c91010 nmethod 9070 0x000002082f887f10 code [0x000002082f8880c0, 0x000002082f888288]
Event: 26.398 Thread 0x0000020845c91010 9071       3       groovy.lang.MetaClassImpl$1::skipClass (17 bytes)

GC Heap History (20 events):
Event: 18.245 GC heap after
{Heap after GC invocations=28 (full 0):
 garbage-first heap   total 101376K, used 54879K [0x0000000080000000, 0x0000000100000000)
  region size 1024K, 3 young (3072K), 3 survivors (3072K)
 Metaspace       used 70891K, committed 71552K, reserved 1114112K
  class space    used 9429K, committed 9728K, reserved 1048576K
}
Event: 18.279 GC heap before
{Heap before GC invocations=28 (full 0):
 garbage-first heap   total 101376K, used 55903K [0x0000000080000000, 0x0000000100000000)
  region size 1024K, 4 young (4096K), 3 survivors (3072K)
 Metaspace       used 71058K, committed 71680K, reserved 1114112K
  class space    used 9449K, committed 9728K, reserved 1048576K
}
Event: 18.287 GC heap after
{Heap after GC invocations=29 (full 0):
 garbage-first heap   total 101376K, used 54519K [0x0000000080000000, 0x0000000100000000)
  region size 1024K, 1 young (1024K), 1 survivors (1024K)
 Metaspace       used 71058K, committed 71680K, reserved 1114112K
  class space    used 9449K, committed 9728K, reserved 1048576K
}
Event: 19.139 GC heap before
{Heap before GC invocations=29 (full 0):
 garbage-first heap   total 101376K, used 77047K [0x0000000080000000, 0x0000000100000000)
  region size 1024K, 24 young (24576K), 1 survivors (1024K)
 Metaspace       used 72883K, committed 73472K, reserved 1114112K
  class space    used 9679K, committed 9984K, reserved 1048576K
}
Event: 19.146 GC heap after
{Heap after GC invocations=30 (full 0):
 garbage-first heap   total 101376K, used 56271K [0x0000000080000000, 0x0000000100000000)
  region size 1024K, 2 young (2048K), 2 survivors (2048K)
 Metaspace       used 72883K, committed 73472K, reserved 1114112K
  class space    used 9679K, committed 9984K, reserved 1048576K
}
Event: 20.094 GC heap before
{Heap before GC invocations=31 (full 0):
 garbage-first heap   total 101376K, used 79823K [0x0000000080000000, 0x0000000100000000)
  region size 1024K, 25 young (25600K), 2 survivors (2048K)
 Metaspace       used 75427K, committed 76032K, reserved 1122304K
  class space    used 10077K, committed 10368K, reserved 1048576K
}
Event: 20.102 GC heap after
{Heap after GC invocations=32 (full 0):
 garbage-first heap   total 121856K, used 57418K [0x0000000080000000, 0x0000000100000000)
  region size 1024K, 4 young (4096K), 4 survivors (4096K)
 Metaspace       used 75427K, committed 76032K, reserved 1122304K
  class space    used 10077K, committed 10368K, reserved 1048576K
}
Event: 20.139 GC heap before
{Heap before GC invocations=32 (full 0):
 garbage-first heap   total 121856K, used 58442K [0x0000000080000000, 0x0000000100000000)
  region size 1024K, 5 young (5120K), 4 survivors (4096K)
 Metaspace       used 75585K, committed 76160K, reserved 1122304K
  class space    used 10107K, committed 10368K, reserved 1048576K
}
Event: 20.151 GC heap after
{Heap after GC invocations=33 (full 0):
 garbage-first heap   total 121856K, used 57306K [0x0000000080000000, 0x0000000100000000)
  region size 1024K, 1 young (1024K), 1 survivors (1024K)
 Metaspace       used 75585K, committed 76160K, reserved 1122304K
  class space    used 10107K, committed 10368K, reserved 1048576K
}
Event: 21.731 GC heap before
{Heap before GC invocations=33 (full 0):
 garbage-first heap   total 121856K, used 95194K [0x0000000080000000, 0x0000000100000000)
  region size 1024K, 38 young (38912K), 1 survivors (1024K)
 Metaspace       used 80022K, committed 80640K, reserved 1122304K
  class space    used 10876K, committed 11136K, reserved 1048576K
}
Event: 21.740 GC heap after
{Heap after GC invocations=34 (full 0):
 garbage-first heap   total 121856K, used 59814K [0x0000000080000000, 0x0000000100000000)
  region size 1024K, 3 young (3072K), 3 survivors (3072K)
 Metaspace       used 80022K, committed 80640K, reserved 1122304K
  class space    used 10876K, committed 11136K, reserved 1048576K
}
Event: 23.389 GC heap before
{Heap before GC invocations=35 (full 0):
 garbage-first heap   total 121856K, used 96678K [0x0000000080000000, 0x0000000100000000)
  region size 1024K, 39 young (39936K), 3 survivors (3072K)
 Metaspace       used 84028K, committed 84608K, reserved 1122304K
  class space    used 11507K, committed 11776K, reserved 1048576K
}
Event: 23.403 GC heap after
{Heap after GC invocations=36 (full 0):
 garbage-first heap   total 121856K, used 61841K [0x0000000080000000, 0x0000000100000000)
  region size 1024K, 3 young (3072K), 3 survivors (3072K)
 Metaspace       used 84028K, committed 84608K, reserved 1122304K
  class space    used 11507K, committed 11776K, reserved 1048576K
}
Event: 23.579 GC heap before
{Heap before GC invocations=36 (full 0):
 garbage-first heap   total 121856K, used 63889K [0x0000000080000000, 0x0000000100000000)
  region size 1024K, 5 young (5120K), 3 survivors (3072K)
 Metaspace       used 84250K, committed 84928K, reserved 1122304K
  class space    used 11543K, committed 11840K, reserved 1048576K
}
Event: 23.586 GC heap after
{Heap after GC invocations=37 (full 0):
 garbage-first heap   total 121856K, used 61923K [0x0000000080000000, 0x0000000100000000)
  region size 1024K, 1 young (1024K), 1 survivors (1024K)
 Metaspace       used 84250K, committed 84928K, reserved 1122304K
  class space    used 11543K, committed 11840K, reserved 1048576K
}
Event: 25.717 GC heap before
{Heap before GC invocations=37 (full 0):
 garbage-first heap   total 121856K, used 97763K [0x0000000080000000, 0x0000000100000000)
  region size 1024K, 36 young (36864K), 1 survivors (1024K)
 Metaspace       used 87841K, committed 88448K, reserved 1130496K
  class space    used 12004K, committed 12288K, reserved 1048576K
}
Event: 25.728 GC heap after
{Heap after GC invocations=38 (full 0):
 garbage-first heap   total 121856K, used 65174K [0x0000000080000000, 0x0000000100000000)
  region size 1024K, 4 young (4096K), 4 survivors (4096K)
 Metaspace       used 87841K, committed 88448K, reserved 1130496K
  class space    used 12004K, committed 12288K, reserved 1048576K
}
Event: 26.370 GC heap before
{Heap before GC invocations=39 (full 0):
 garbage-first heap   total 121856K, used 97942K [0x0000000080000000, 0x0000000100000000)
  region size 1024K, 36 young (36864K), 4 survivors (4096K)
 Metaspace       used 88018K, committed 88704K, reserved 1130496K
  class space    used 12018K, committed 12352K, reserved 1048576K
}
Event: 26.383 GC heap after
{Heap after GC invocations=40 (full 0):
 garbage-first heap   total 121856K, used 70322K [0x0000000080000000, 0x0000000100000000)
  region size 1024K, 5 young (5120K), 5 survivors (5120K)
 Metaspace       used 88018K, committed 88704K, reserved 1130496K
  class space    used 12018K, committed 12352K, reserved 1048576K
}
Event: 26.399 GC heap before
{Heap before GC invocations=40 (full 0):
 garbage-first heap   total 121856K, used 71346K [0x0000000080000000, 0x0000000100000000)
  region size 1024K, 6 young (6144K), 5 survivors (5120K)
 Metaspace       used 88025K, committed 88704K, reserved 1130496K
  class space    used 12019K, committed 12352K, reserved 1048576K
}

Dll operation events (2 events):
Event: 0.011 Loaded shared library D:\android studio\jbr\bin\java.dll
Event: 0.758 Loaded shared library D:\android studio\jbr\bin\verify.dll

Deoptimization events (20 events):
Event: 25.647 Thread 0x000002084775b1c0 Uncommon trap: trap_request=0xffffff45 fr.pc=0x00000208367fe274 relative=0x00000000000000d4
Event: 25.647 Thread 0x000002084775b1c0 Uncommon trap: reason=unstable_if action=reinterpret pc=0x00000208367fe274 method=sun.reflect.generics.parser.SignatureParser.parseTypeSignature()Lsun/reflect/generics/tree/TypeSignature; @ 4 c2
Event: 25.647 Thread 0x000002084775b1c0 DEOPT PACKING pc=0x00000208367fe274 sp=0x0000006371af7d60
Event: 25.647 Thread 0x000002084775b1c0 DEOPT UNPACKING pc=0x0000020835e369a3 sp=0x0000006371af7d08 mode 2
Event: 25.656 Thread 0x000002084775b1c0 Uncommon trap: trap_request=0xffffff45 fr.pc=0x0000020836527bc0 relative=0x0000000000000a00
Event: 25.656 Thread 0x000002084775b1c0 Uncommon trap: reason=unstable_if action=reinterpret pc=0x0000020836527bc0 method=java.util.WeakHashMap.put(Ljava/lang/Object;Ljava/lang/Object;)Ljava/lang/Object; @ 57 c2
Event: 25.656 Thread 0x000002084775b1c0 DEOPT PACKING pc=0x0000020836527bc0 sp=0x0000006371af8020
Event: 25.656 Thread 0x000002084775b1c0 DEOPT UNPACKING pc=0x0000020835e369a3 sp=0x0000006371af8000 mode 2
Event: 25.942 Thread 0x000002084775b1c0 Uncommon trap: trap_request=0xffffff45 fr.pc=0x00000208366fc2d4 relative=0x0000000000001294
Event: 25.942 Thread 0x000002084775b1c0 Uncommon trap: reason=unstable_if action=reinterpret pc=0x00000208366fc2d4 method=java.lang.ClassLoader.checkCerts(Ljava/lang/String;Ljava/security/CodeSource;)V @ 30 c2
Event: 25.942 Thread 0x000002084775b1c0 DEOPT PACKING pc=0x00000208366fc2d4 sp=0x0000006371af7560
Event: 25.942 Thread 0x000002084775b1c0 DEOPT UNPACKING pc=0x0000020835e369a3 sp=0x0000006371af74d8 mode 2
Event: 25.942 Thread 0x000002084775b1c0 Uncommon trap: trap_request=0xffffff45 fr.pc=0x00000208366fed08 relative=0x0000000000001a68
Event: 25.942 Thread 0x000002084775b1c0 Uncommon trap: reason=unstable_if action=reinterpret pc=0x00000208366fed08 method=java.lang.ClassLoader.postDefineClass(Ljava/lang/Class;Ljava/security/ProtectionDomain;)V @ 17 c2
Event: 25.942 Thread 0x000002084775b1c0 DEOPT PACKING pc=0x00000208366fed08 sp=0x0000006371af7570
Event: 25.942 Thread 0x000002084775b1c0 DEOPT UNPACKING pc=0x0000020835e369a3 sp=0x0000006371af7560 mode 2
Event: 25.942 Thread 0x000002084775b1c0 Uncommon trap: trap_request=0xffffff45 fr.pc=0x00000208366999dc relative=0x0000000000005e1c
Event: 25.942 Thread 0x000002084775b1c0 Uncommon trap: reason=unstable_if action=reinterpret pc=0x00000208366999dc method=java.lang.ClassLoader.loadClass(Ljava/lang/String;Z)Ljava/lang/Class; @ 29 c2
Event: 25.942 Thread 0x000002084775b1c0 DEOPT PACKING pc=0x00000208366999dc sp=0x0000006371af3550
Event: 25.942 Thread 0x000002084775b1c0 DEOPT UNPACKING pc=0x0000020835e369a3 sp=0x0000006371af35d8 mode 2

Classes unloaded (0 events):
No events

Classes redefined (0 events):
No events

Internal exceptions (20 events):
Event: 26.317 Thread 0x000002084775b1c0 Exception <a 'java/lang/ClassNotFoundException'{0x0000000085a75038}: com/android/build/gradle/internal/tasks/CheckDuplicateClassesTask_DecoratedBeanInfo> (0x0000000085a75038) 
thrown [s\src\hotspot\share\classfile\systemDictionary.cpp, line 256]
Event: 26.319 Thread 0x000002084775b1c0 Exception <a 'java/lang/ClassNotFoundException'{0x0000000085a81b38}: com/android/build/gradle/internal/tasks/CheckDuplicateClassesTaskBeanInfo> (0x0000000085a81b38) 
thrown [s\src\hotspot\share\classfile\systemDictionary.cpp, line 256]
Event: 26.320 Thread 0x000002084775b1c0 Exception <a 'java/lang/ClassNotFoundException'{0x0000000085a8e110}: com/android/build/gradle/internal/tasks/CheckDuplicateClassesTaskCustomizer> (0x0000000085a8e110) 
thrown [s\src\hotspot\share\classfile\systemDictionary.cpp, line 256]
Event: 26.322 Thread 0x000002084775b1c0 Exception <a 'java/lang/ClassNotFoundException'{0x0000000085aac660}: com/android/build/gradle/internal/tasks/CheckDuplicateClassesTask_DecoratedCustomizer> (0x0000000085aac660) 
thrown [s\src\hotspot\share\classfile\systemDictionary.cpp, line 256]
Event: 26.330 Thread 0x000002084775b1c0 Exception <a 'java/lang/ClassNotFoundException'{0x000000008594a9e8}: com/android/build/gradle/internal/tasks/DexFileDependenciesTask_DecoratedBeanInfo> (0x000000008594a9e8) 
thrown [s\src\hotspot\share\classfile\systemDictionary.cpp, line 256]
Event: 26.331 Thread 0x000002084775b1c0 Exception <a 'java/lang/ClassNotFoundException'{0x0000000085957230}: com/android/build/gradle/internal/tasks/DexFileDependenciesTaskBeanInfo> (0x0000000085957230) 
thrown [s\src\hotspot\share\classfile\systemDictionary.cpp, line 256]
Event: 26.333 Thread 0x000002084775b1c0 Exception <a 'java/lang/ClassNotFoundException'{0x00000000859637e8}: com/android/build/gradle/internal/tasks/DexFileDependenciesTaskCustomizer> (0x00000000859637e8) 
thrown [s\src\hotspot\share\classfile\systemDictionary.cpp, line 256]
Event: 26.335 Thread 0x000002084775b1c0 Exception <a 'java/lang/ClassNotFoundException'{0x000000008598c918}: com/android/build/gradle/internal/tasks/DexFileDependenciesTask_DecoratedCustomizer> (0x000000008598c918) 
thrown [s\src\hotspot\share\classfile\systemDictionary.cpp, line 256]
Event: 26.345 Thread 0x000002084775b1c0 Exception <a 'java/lang/ClassNotFoundException'{0x00000000858387a0}: com/android/build/gradle/internal/tasks/DexMergingTask_DecoratedBeanInfo> (0x00000000858387a0) 
thrown [s\src\hotspot\share\classfile\systemDictionary.cpp, line 256]
Event: 26.346 Thread 0x000002084775b1c0 Exception <a 'java/lang/ClassNotFoundException'{0x0000000085844dd8}: com/android/build/gradle/internal/tasks/DexMergingTaskBeanInfo> (0x0000000085844dd8) 
thrown [s\src\hotspot\share\classfile\systemDictionary.cpp, line 256]
Event: 26.347 Thread 0x000002084775b1c0 Exception <a 'java/lang/ClassNotFoundException'{0x00000000858511e8}: com/android/build/gradle/internal/tasks/DexMergingTaskCustomizer> (0x00000000858511e8) 
thrown [s\src\hotspot\share\classfile\systemDictionary.cpp, line 256]
Event: 26.349 Thread 0x000002084775b1c0 Exception <a 'java/lang/ClassNotFoundException'{0x00000000858795a0}: com/android/build/gradle/internal/tasks/DexMergingTask_DecoratedCustomizer> (0x00000000858795a0) 
thrown [s\src\hotspot\share\classfile\systemDictionary.cpp, line 256]
Event: 26.357 Thread 0x000002084775b1c0 Exception <a 'java/lang/ClassNotFoundException'{0x0000000085728ef8}: com/android/build/gradle/internal/tasks/DexArchiveBuilderTask_DecoratedBeanInfo> (0x0000000085728ef8) 
thrown [s\src\hotspot\share\classfile\systemDictionary.cpp, line 256]
Event: 26.358 Thread 0x000002084775b1c0 Exception <a 'java/lang/ClassNotFoundException'{0x0000000085735660}: com/android/build/gradle/internal/tasks/DexArchiveBuilderTaskBeanInfo> (0x0000000085735660) 
thrown [s\src\hotspot\share\classfile\systemDictionary.cpp, line 256]
Event: 26.359 Thread 0x000002084775b1c0 Exception <a 'java/lang/ClassNotFoundException'{0x0000000085741bc0}: com/android/build/gradle/internal/tasks/DexArchiveBuilderTaskCustomizer> (0x0000000085741bc0) 
thrown [s\src\hotspot\share\classfile\systemDictionary.cpp, line 256]
Event: 26.361 Thread 0x000002084775b1c0 Exception <a 'java/lang/ClassNotFoundException'{0x00000000857722e0}: com/android/build/gradle/internal/tasks/DexArchiveBuilderTask_DecoratedCustomizer> (0x00000000857722e0) 
thrown [s\src\hotspot\share\classfile\systemDictionary.cpp, line 256]
Event: 26.385 Thread 0x000002084775b1c0 Exception <a 'java/lang/ClassNotFoundException'{0x000000008fd319d0}: com/android/build/gradle/internal/tasks/MergeNativeLibsTask_DecoratedBeanInfo> (0x000000008fd319d0) 
thrown [s\src\hotspot\share\classfile\systemDictionary.cpp, line 256]
Event: 26.386 Thread 0x000002084775b1c0 Exception <a 'java/lang/ClassNotFoundException'{0x000000008fd3e870}: com/android/build/gradle/internal/tasks/MergeNativeLibsTaskBeanInfo> (0x000000008fd3e870) 
thrown [s\src\hotspot\share\classfile\systemDictionary.cpp, line 256]
Event: 26.387 Thread 0x000002084775b1c0 Exception <a 'java/lang/ClassNotFoundException'{0x000000008fd4b268}: com/android/build/gradle/internal/tasks/MergeNativeLibsTaskCustomizer> (0x000000008fd4b268) 
thrown [s\src\hotspot\share\classfile\systemDictionary.cpp, line 256]
Event: 26.391 Thread 0x000002084775b1c0 Exception <a 'java/lang/ClassNotFoundException'{0x000000008fd7cc50}: com/android/build/gradle/internal/tasks/MergeNativeLibsTask_DecoratedCustomizer> (0x000000008fd7cc50) 
thrown [s\src\hotspot\share\classfile\systemDictionary.cpp, line 256]

VM Operations (20 events):
Event: 23.586 Executing VM operation: G1CollectForAllocation done
Event: 24.180 Executing VM operation: HandshakeAllThreads
Event: 24.180 Executing VM operation: HandshakeAllThreads done
Event: 24.367 Executing VM operation: HandshakeAllThreads
Event: 24.368 Executing VM operation: HandshakeAllThreads done
Event: 24.420 Executing VM operation: HandshakeAllThreads
Event: 24.421 Executing VM operation: HandshakeAllThreads done
Event: 24.809 Executing VM operation: ICBufferFull
Event: 24.809 Executing VM operation: ICBufferFull done
Event: 24.833 Executing VM operation: HandshakeAllThreads
Event: 24.833 Executing VM operation: HandshakeAllThreads done
Event: 25.717 Executing VM operation: G1CollectForAllocation
Event: 25.728 Executing VM operation: G1CollectForAllocation done
Event: 25.875 Executing VM operation: G1Concurrent
Event: 25.883 Executing VM operation: G1Concurrent done
Event: 25.943 Executing VM operation: G1Concurrent
Event: 25.944 Executing VM operation: G1Concurrent done
Event: 26.370 Executing VM operation: G1CollectForAllocation
Event: 26.383 Executing VM operation: G1CollectForAllocation done
Event: 26.399 Executing VM operation: G1CollectForAllocation

Events (20 events):
Event: 25.646 loading class java/util/AbstractCollectionBeanInfo
Event: 25.646 loading class java/util/AbstractCollectionBeanInfo done
Event: 25.646 loading class java/util/AbstractCollectionCustomizer
Event: 25.646 loading class java/util/AbstractCollectionCustomizer done
Event: 25.646 loading class java/util/AbstractCollectionCustomizer
Event: 25.646 loading class java/util/AbstractCollectionCustomizer done
Event: 25.647 loading class sun/reflect/generics/tree/BooleanSignature
Event: 25.647 loading class sun/reflect/generics/tree/BooleanSignature done
Event: 25.648 loading class sun/reflect/generics/reflectiveObjects/GenericArrayTypeImpl
Event: 25.648 loading class sun/reflect/generics/reflectiveObjects/GenericArrayTypeImpl done
Event: 25.927 loading class java/lang/ClassBeanInfo
Event: 25.927 loading class java/lang/ClassBeanInfo done
Event: 25.927 loading class java/lang/ClassBeanInfo
Event: 25.927 loading class java/lang/ClassBeanInfo done
Event: 25.927 loading class java/lang/ClassCustomizer
Event: 25.927 loading class java/lang/ClassCustomizer done
Event: 25.928 loading class java/lang/ClassCustomizer
Event: 25.928 loading class java/lang/ClassCustomizer done
Event: 26.277 loading class java/io/FilterReader
Event: 26.277 loading class java/io/FilterReader done


Dynamic libraries:
0x00007ff72c1f0000 - 0x00007ff72c1fa000 	D:\android studio\jbr\bin\java.exe
0x00007ffafa7d0000 - 0x00007ffafa9e7000 	C:\WINDOWS\SYSTEM32\ntdll.dll
0x00007ffaf99e0000 - 0x00007ffaf9aa4000 	C:\WINDOWS\System32\KERNEL32.DLL
0x00007ffaf7f60000 - 0x00007ffaf8306000 	C:\WINDOWS\System32\KERNELBASE.dll
0x00007ffaf7bf0000 - 0x00007ffaf7d01000 	C:\WINDOWS\System32\ucrtbase.dll
0x00007ffaf2350000 - 0x00007ffaf2367000 	D:\android studio\jbr\bin\jli.dll
0x00007ffaf2570000 - 0x00007ffaf258b000 	D:\android studio\jbr\bin\VCRUNTIME140.dll
0x00007ffaf9cf0000 - 0x00007ffaf9e9d000 	C:\WINDOWS\System32\USER32.dll
0x00007ffaf8500000 - 0x00007ffaf8526000 	C:\WINDOWS\System32\win32u.dll
0x00007ffadd1b0000 - 0x00007ffadd443000 	C:\WINDOWS\WinSxS\amd64_microsoft.windows.common-controls_6595b64144ccf1df_6.0.22621.2361_none_2712ced57382f843\COMCTL32.dll
0x00007ffaf9f10000 - 0x00007ffaf9fb7000 	C:\WINDOWS\System32\msvcrt.dll
0x00007ffaf8c30000 - 0x00007ffaf8c59000 	C:\WINDOWS\System32\GDI32.dll
0x00007ffaf7d10000 - 0x00007ffaf7e28000 	C:\WINDOWS\System32\gdi32full.dll
0x00007ffaf7b50000 - 0x00007ffaf7bea000 	C:\WINDOWS\System32\msvcp_win.dll
0x00007ffafa370000 - 0x00007ffafa3a1000 	C:\WINDOWS\System32\IMM32.DLL
0x00007ffaf25b0000 - 0x00007ffaf25bc000 	D:\android studio\jbr\bin\vcruntime140_1.dll
0x00007ffaca170000 - 0x00007ffaca1fd000 	D:\android studio\jbr\bin\msvcp140.dll
0x00007ffab3fa0000 - 0x00007ffab4c0e000 	D:\android studio\jbr\bin\server\jvm.dll
0x00007ffafa3d0000 - 0x00007ffafa480000 	C:\WINDOWS\System32\ADVAPI32.dll
0x00007ffafa040000 - 0x00007ffafa0e6000 	C:\WINDOWS\System32\sechost.dll
0x00007ffafa0f0000 - 0x00007ffafa207000 	C:\WINDOWS\System32\RPCRT4.dll
0x00007ffadc6d0000 - 0x00007ffadc6d9000 	C:\WINDOWS\SYSTEM32\WSOCK32.dll
0x00007ffaf1190000 - 0x00007ffaf11c4000 	C:\WINDOWS\SYSTEM32\WINMM.dll
0x00007ffaf95a0000 - 0x00007ffaf9611000 	C:\WINDOWS\System32\WS2_32.dll
0x00007ffaf16b0000 - 0x00007ffaf16ba000 	C:\WINDOWS\SYSTEM32\VERSION.dll
0x00007ffaf6b90000 - 0x00007ffaf6ba8000 	C:\WINDOWS\SYSTEM32\kernel.appcore.dll
0x00007ffaf2770000 - 0x00007ffaf277a000 	D:\android studio\jbr\bin\jimage.dll
0x00007ffaf54a0000 - 0x00007ffaf56ce000 	C:\WINDOWS\SYSTEM32\DBGHELP.DLL
0x00007ffaf9630000 - 0x00007ffaf99ba000 	C:\WINDOWS\System32\combase.dll
0x00007ffaf8530000 - 0x00007ffaf8607000 	C:\WINDOWS\System32\OLEAUT32.dll
0x00007ffadc3b0000 - 0x00007ffadc3e2000 	C:\WINDOWS\SYSTEM32\dbgcore.DLL
0x00007ffaf8480000 - 0x00007ffaf84fa000 	C:\WINDOWS\System32\bcryptPrimitives.dll
0x00007ffaf2540000 - 0x00007ffaf2565000 	D:\android studio\jbr\bin\java.dll
0x00007ffaf2520000 - 0x00007ffaf2538000 	D:\android studio\jbr\bin\zip.dll
0x00007ffaf8cf0000 - 0x00007ffaf9548000 	C:\WINDOWS\System32\SHELL32.dll
0x00007ffaf5ab0000 - 0x00007ffaf63a2000 	C:\WINDOWS\SYSTEM32\windows.storage.dll
0x00007ffaf5970000 - 0x00007ffaf5aae000 	C:\WINDOWS\SYSTEM32\wintypes.dll
0x00007ffafa210000 - 0x00007ffafa303000 	C:\WINDOWS\System32\SHCORE.dll
0x00007ffaf8c60000 - 0x00007ffaf8cbe000 	C:\WINDOWS\System32\shlwapi.dll
0x00007ffaf7a80000 - 0x00007ffaf7aa6000 	C:\WINDOWS\SYSTEM32\profapi.dll
0x00007ffaf2500000 - 0x00007ffaf2519000 	D:\android studio\jbr\bin\net.dll
0x00007ffaf0e20000 - 0x00007ffaf0f57000 	C:\WINDOWS\SYSTEM32\WINHTTP.dll
0x00007ffaf7010000 - 0x00007ffaf7079000 	C:\WINDOWS\system32\mswsock.dll
0x00007ffaf24e0000 - 0x00007ffaf24f6000 	D:\android studio\jbr\bin\nio.dll
0x00007ffaf23c0000 - 0x00007ffaf23d0000 	D:\android studio\jbr\bin\verify.dll
0x00007ffae04c0000 - 0x00007ffae04e7000 	C:\Users\hachem safae\.gradle\native\68d5fa5c4cc2d200863cafc0d521ce42e7d3e7ee720ec0a83991735586a16f82\windows-amd64\native-platform.dll
0x00007ffabb4b0000 - 0x00007ffabb5f4000 	C:\Users\hachem safae\.gradle\native\e376f236ea51e6404a007f0833ffe2c6e607c4080706a723a18a27aeea778392\windows-amd64\native-platform-file-events.dll
0x00007ffaf1510000 - 0x00007ffaf1519000 	D:\android studio\jbr\bin\management.dll
0x00007ffaf1500000 - 0x00007ffaf150b000 	D:\android studio\jbr\bin\management_ext.dll
0x00007ffaf9620000 - 0x00007ffaf9628000 	C:\WINDOWS\System32\PSAPI.DLL
0x00007ffaf7260000 - 0x00007ffaf727b000 	C:\WINDOWS\SYSTEM32\CRYPTSP.dll
0x00007ffaf6af0000 - 0x00007ffaf6b25000 	C:\WINDOWS\system32\rsaenh.dll
0x00007ffaf7100000 - 0x00007ffaf712c000 	C:\WINDOWS\SYSTEM32\USERENV.dll
0x00007ffaf7420000 - 0x00007ffaf7448000 	C:\WINDOWS\SYSTEM32\bcrypt.dll
0x00007ffaf7280000 - 0x00007ffaf728c000 	C:\WINDOWS\SYSTEM32\CRYPTBASE.dll
0x00007ffaf6610000 - 0x00007ffaf663d000 	C:\WINDOWS\SYSTEM32\IPHLPAPI.DLL
0x00007ffaf99d0000 - 0x00007ffaf99d9000 	C:\WINDOWS\System32\NSI.dll
0x00007ffaf1040000 - 0x00007ffaf1059000 	C:\WINDOWS\SYSTEM32\dhcpcsvc6.DLL
0x00007ffaf0c00000 - 0x00007ffaf0c1f000 	C:\WINDOWS\SYSTEM32\dhcpcsvc.DLL
0x00007ffaf6680000 - 0x00007ffaf6779000 	C:\WINDOWS\SYSTEM32\DNSAPI.dll
0x00007ffaf14f0000 - 0x00007ffaf14f8000 	C:\WINDOWS\system32\wshunix.dll

dbghelp: loaded successfully - version: 4.0.5 - missing functions: none
symbol engine: initialized successfully - sym options: 0x614 - pdb path: .;D:\android studio\jbr\bin;C:\WINDOWS\SYSTEM32;C:\WINDOWS\WinSxS\amd64_microsoft.windows.common-controls_6595b64144ccf1df_6.0.22621.2361_none_2712ced57382f843;D:\android studio\jbr\bin\server;C:\Users\hachem safae\.gradle\native\68d5fa5c4cc2d200863cafc0d521ce42e7d3e7ee720ec0a83991735586a16f82\windows-amd64;C:\Users\hachem safae\.gradle\native\e376f236ea51e6404a007f0833ffe2c6e607c4080706a723a18a27aeea778392\windows-amd64

VM Arguments:
jvm_args: --add-opens=java.base/java.util=ALL-UNNAMED --add-opens=java.base/java.lang=ALL-UNNAMED --add-opens=java.base/java.lang.invoke=ALL-UNNAMED --add-opens=java.prefs/java.util.prefs=ALL-UNNAMED --add-opens=java.base/java.nio.charset=ALL-UNNAMED --add-opens=java.base/java.net=ALL-UNNAMED --add-opens=java.base/java.util.concurrent.atomic=ALL-UNNAMED -Xmx2048m -Dfile.encoding=UTF-8 -Duser.country=FR -Duser.language=fr -Duser.variant 
java_command: org.gradle.launcher.daemon.bootstrap.GradleDaemon 8.0
java_class_path (initial): C:\Users\hachem safae\.gradle\wrapper\dists\gradle-8.0-bin\ca5e32bp14vu59qr306oxotwh\gradle-8.0\lib\gradle-launcher-8.0.jar
Launcher Type: SUN_STANDARD

[Global flags]
     intx CICompilerCount                          = 4                                         {product} {ergonomic}
     uint ConcGCThreads                            = 2                                         {product} {ergonomic}
     uint G1ConcRefinementThreads                  = 8                                         {product} {ergonomic}
   size_t G1HeapRegionSize                         = 1048576                                   {product} {ergonomic}
    uintx GCDrainStackTargetSize                   = 64                                        {product} {ergonomic}
   size_t InitialHeapSize                          = 266338304                                 {product} {ergonomic}
   size_t MarkStackSize                            = 4194304                                   {product} {ergonomic}
   size_t MaxHeapSize                              = 2147483648                                {product} {command line}
   size_t MaxNewSize                               = 1287651328                                {product} {ergonomic}
   size_t MinHeapDeltaBytes                        = 1048576                                   {product} {ergonomic}
   size_t MinHeapSize                              = 8388608                                   {product} {ergonomic}
    uintx NonNMethodCodeHeapSize                   = 5839372                                {pd product} {ergonomic}
    uintx NonProfiledCodeHeapSize                  = 122909434                              {pd product} {ergonomic}
    uintx ProfiledCodeHeapSize                     = 122909434                              {pd product} {ergonomic}
    uintx ReservedCodeCacheSize                    = 251658240                              {pd product} {ergonomic}
     bool SegmentedCodeCache                       = true                                      {product} {ergonomic}
   size_t SoftMaxHeapSize                          = 2147483648                             {manageable} {ergonomic}
     bool UseCompressedClassPointers               = true                           {product lp64_product} {ergonomic}
     bool UseCompressedOops                        = true                           {product lp64_product} {ergonomic}
     bool UseG1GC                                  = true                                      {product} {ergonomic}
     bool UseLargePagesIndividualAllocation        = false                                  {pd product} {ergonomic}

Logging:
Log output configuration:
 #0: stdout all=warning uptime,level,tags
 #1: stderr all=off uptime,level,tags

Environment Variables:
JAVA_HOME=C:\Program Files\Java\jdk-17
PATH=C:\Program Files (x86)\Common Files\Oracle\Java\javapath;C:\Program Files (x86)\VMware\VMware Workstation\bin\;D:\oraclexe\app\oracle\product\11.2.0\server\bin;C:\Program Files\Common Files\Oracle\Java\javapath;C:\WINDOWS\system32;C:\WINDOWS;C:\WINDOWS\System32\Wbem;C:\WINDOWS\System32\WindowsPowerShell\v1.0\;C:\WINDOWS\System32\OpenSSH\;c:\Program Files (x86)\Microsoft SQL Server\100\Tools\Binn\;c:\Program Files\Microsoft SQL Server\100\Tools\Binn\;c:\Program Files\Microsoft SQL Server\100\DTS\Binn\;D:\java_jdk 8\bin;C:\Program Files\Java\jdk-17\bin;C:\Program Files\Java\jdk-11\bin;C:\Program Files\Java\jdk-19\bin;C:\Program Files\Common Files\Oracle\Java\javapath;C:\ProgramData\ComposerSetup\bin;D:\XAAMP\php\php.exe;D:\xamp\php;C:\Program Files\wkhtmltopdf\bin;D:\node;C:\Program Files\Git\cmd;C:\Program Files\nodejs\;C:\Program Files\MongoDB\Server\6.0\bin;D:\XAAMP\php;C:\Program Files\Java\apache-maven-3.9.5\bin;C:\Users\hachem safae\AppData\Local\Programs\Python\Python310\Scripts\;C:\Users\hachem safae\AppData\Local\Programs\Python\Python310\;C:\Program Files\MySQL\MySQL Shell 8.0\bin\;C:\Users\hachem safae\AppData\Local\Microsoft\WindowsApps;C:\Users\hachem safae\AppData\Roaming\Dashlane\6.2007.0.32704\bin\Firefox_Extension\{442718d9-475e-452a-b3e1-fb1ee16b8e9f}\components;C:\Users\hachem safae\AppData\Roaming\Dashlane\6.2007.0.32704\ucrt;C:\Users\hachem safae\AppData\Roaming\Dashlane\6.2007.0.32704\bin\Qt;C:\Users\hachem safae\AppData\Roaming\Dashlane\6.2007.0.32704\bin\Ssl;C:\Program Files\JetBrains\IntelliJ IDEA Community Edition 2020.2.2\bin;C:\Users\hachem safae\AppData\Local\Microsoft\WindowsApps;C:\Users\hachem safae\AppData\Local\Programs\Microsoft VS Code\bin;C:\Program Files\IntelliJ IDEA Community Edition 2022.3.2\bin;;C:\Users\hachem safae\AppData\Local\ComposerSetup\bin;C:\Users\hachem safae\AppData\Roaming\Composer\vendor\bin;C:\Users\hachem safae\AppData\Roaming\npm;D:\android2\platform-tools;D:\XAAMP\php;C:\wamp64\bin\php\php5.6.40;C:\;C:\Prog
USERNAME=hachem safae
OS=Windows_NT
PROCESSOR_IDENTIFIER=Intel64 Family 6 Model 142 Stepping 12, GenuineIntel
TMP=C:\Users\HACHEM~1\AppData\Local\Temp
TEMP=C:\Users\HACHEM~1\AppData\Local\Temp


JNI global refs:
JNI global refs: 29, weak refs: 2

JNI global refs memory usage: 843, weak refs: 841


---------------  S Y S T E M  ---------------

OS:
 Windows 11 , 64 bit Build 22621 (10.0.22621.2428)
OS uptime: 1 days 3:38 hours

CPU: total 8 (initial active 8) (4 cores per cpu, 2 threads per core) family 6 model 142 stepping 12 microcode 0xf6, cx8, cmov, fxsr, ht, mmx, 3dnowpref, sse, sse2, sse3, ssse3, sse4.1, sse4.2, popcnt, lzcnt, tsc, tscinvbit, avx, avx2, aes, erms, clmul, bmi1, bmi2, adx, fma, vzeroupper, clflush, clflushopt

Memory: 4k page, system-wide physical 16194M (3391M free)
TotalPageFile size 18242M (AvailPageFile size 5M)
current process WorkingSet (physical memory assigned to process): 368M, peak: 375M
current process commit charge ("private bytes"): 499M, peak: 511M

vm_info: OpenJDK 64-Bit Server VM (17.0.6+0-b2043.56-10027231) for windows-amd64 JRE (17.0.6+0-b2043.56-10027231), built on Apr 28 2023 00:43:19 by "androidbuild" with MS VC++ 16.10 / 16.11 (VS2019)

END.
