#
# There is insufficient memory for the Java Runtime Environment to continue.
# Native memory allocation (mmap) failed to map 88080384 bytes for G1 virtual space
# Possible reasons:
#   The system is out of physical RAM or swap space
#   The process is running with CompressedOops enabled, and the Java Heap may be blocking the growth of the native heap
# Possible solutions:
#   Reduce memory load on the system
#   Increase physical memory or swap space
#   Check if swap backing store is full
#   Decrease Java heap size (-Xmx/-Xms)
#   Decrease number of Java threads
#   Decrease Java thread stack sizes (-Xss)
#   Set larger code cache with -XX:ReservedCodeCacheSize=
#   JVM is running with Unscaled Compressed Oops mode in which the Java heap is
#     placed in the first 4GB address space. The Java Heap base address is the
#     maximum limit for the native heap growth. Please use -XX:HeapBaseMinAddress
#     to set the Java Heap base and to place the Java Heap above 4GB virtual address.
# This output file may be truncated or incomplete.
#
#  Out of Memory Error (os_windows.cpp:3769), pid=24048, tid=18620
#
# JRE version: OpenJDK Runtime Environment (17.0.6) (build 17.0.6+0-b2043.56-10027231)
# Java VM: OpenJDK 64-Bit Server VM (17.0.6+0-b2043.56-10027231, mixed mode, tiered, compressed oops, compressed class ptrs, g1 gc, windows-amd64)
# No core dump will be written. Minidumps are not enabled by default on client versions of Windows
#

---------------  S U M M A R Y ------------

Command Line: --add-opens=java.base/java.util=ALL-UNNAMED --add-opens=java.base/java.lang=ALL-UNNAMED --add-opens=java.base/java.lang.invoke=ALL-UNNAMED --add-opens=java.prefs/java.util.prefs=ALL-UNNAMED --add-opens=java.base/java.nio.charset=ALL-UNNAMED --add-opens=java.base/java.net=ALL-UNNAMED --add-opens=java.base/java.util.concurrent.atomic=ALL-UNNAMED -Xmx2048m -Dfile.encoding=UTF-8 -Duser.country=FR -Duser.language=fr -Duser.variant org.gradle.launcher.daemon.bootstrap.GradleDaemon 8.0

Host: Intel(R) Core(TM) i7-8565U CPU @ 1.80GHz, 8 cores, 15G,  Windows 11 , 64 bit Build 22621 (10.0.22621.2428)
Time: Fri Oct 27 11:53:05 2023 Maroc (heure d64 bit Build 22621 (10.0.22621.2428) elapsed time: 23.591886 seconds (0d 0h 0m 23s)

---------------  T H R E A D  ---------------

Current thread (0x0000015cb229ccc0):  VMThread "VM Thread" [stack: 0x00000045e3400000,0x00000045e3500000] [id=18620]

Stack: [0x00000045e3400000,0x00000045e3500000]
Native frames: (J=compiled Java code, j=interpreted, Vv=VM code, C=native code)
V  [jvm.dll+0x683c9a]
V  [jvm.dll+0x8427a4]
V  [jvm.dll+0x843f9e]
V  [jvm.dll+0x844603]
V  [jvm.dll+0x249b75]
V  [jvm.dll+0x680b69]
V  [jvm.dll+0x67505a]
V  [jvm.dll+0x309acb]
V  [jvm.dll+0x310f86]
V  [jvm.dll+0x3608ee]
V  [jvm.dll+0x360b1f]
V  [jvm.dll+0x2dfbf8]
V  [jvm.dll+0x2ddec4]
V  [jvm.dll+0x2dd4cc]
V  [jvm.dll+0x321f3b]
V  [jvm.dll+0x848ccb]
V  [jvm.dll+0x849a04]
V  [jvm.dll+0x849f1d]
V  [jvm.dll+0x84a2f4]
V  [jvm.dll+0x84a3c0]
V  [jvm.dll+0x7f274a]
V  [jvm.dll+0x682ad5]
C  [ucrtbase.dll+0x29363]
C  [KERNEL32.DLL+0x1257d]
C  [ntdll.dll+0x5aa78]

VM_Operation (0x00000045ec6fca70): G1CollectForAllocation, mode: safepoint, requested by thread 0x0000015cb3076e60


---------------  P R O C E S S  ---------------

Threads class SMR info:
_java_thread_list=0x0000015cbad48230, length=137, elements={
0x0000015c9844e190, 0x0000015cb2c67790, 0x0000015cb22bb8c0, 0x0000015cb2c86220,
0x0000015cb2c875e0, 0x0000015cb2c8a8c0, 0x0000015cb2c8c9a0, 0x0000015cb2c8e3c0,
0x0000015cb2c8ed70, 0x0000015cb2c9cfb0, 0x0000015cb2e2c340, 0x0000015cb2e2c810,
0x0000015cb4692a90, 0x0000015cb5dbc7d0, 0x0000015cb54d6c00, 0x0000015cb5294030,
0x0000015cb4743760, 0x0000015cb5a8e1d0, 0x0000015cb5259b10, 0x0000015cb3cb16c0,
0x0000015cb473e790, 0x0000015cb473fad0, 0x0000015cb4741c80, 0x0000015cb4742150,
0x0000015cb473f600, 0x0000015cb473ffa0, 0x0000015cb4740940, 0x0000015cb4740e10,
0x0000015cb473f130, 0x0000015cb47412e0, 0x0000015cb47417b0, 0x0000015cb3951d10,
0x0000015cb394c1a0, 0x0000015cb39521e0, 0x0000015cb3951840, 0x0000015cb394b330,
0x0000015cb394d4e0, 0x0000015cb394d9b0, 0x0000015cb394bcd0, 0x0000015cb3952b80,
0x0000015cb394c670, 0x0000015cb3950030, 0x0000015cb3950500, 0x0000015cb39509d0,
0x0000015cb3950ea0, 0x0000015cb3951370, 0x0000015cb5190bc0, 0x0000015cb51906f0,
0x0000015cb5193240, 0x0000015cb518e070, 0x0000015cb518ea10, 0x0000015cb5191090,
0x0000015cb518eee0, 0x0000015cb518e540, 0x0000015cb5193be0, 0x0000015cb51958c0,
0x0000015cb518f3b0, 0x0000015cb51923d0, 0x0000015cb518f880, 0x0000015cb51928a0,
0x0000015cb518fd50, 0x0000015cb5190220, 0x0000015cb5191560, 0x0000015cb51953f0,
0x0000015cb5191a30, 0x0000015cb5192d70, 0x0000015cb5191f00, 0x0000015cb51940b0,
0x0000015cb5193710, 0x0000015cb5194580, 0x0000015cb5194a50, 0x0000015cb5194f20,
0x0000015cb6c56f70, 0x0000015cb6c55290, 0x0000015cb6c582b0, 0x0000015cb6c530e0,
0x0000015cb6c535b0, 0x0000015cb6c51da0, 0x0000015cb6c518d0, 0x0000015cb6c54420,
0x0000015cb6c52270, 0x0000015cb6c56aa0, 0x0000015cb6c52740, 0x0000015cb6c548f0,
0x0000015cb6c52c10, 0x0000015cb6c58780, 0x0000015cb6c53a80, 0x0000015cb6c53f50,
0x0000015cb6c54dc0, 0x0000015cb6c55760, 0x0000015cb6c55c30, 0x0000015cb6c56100,
0x0000015cb6c565d0, 0x0000015cb6c57de0, 0x0000015cb6c57440, 0x0000015cb6c50f30,
0x0000015cb6c57910, 0x0000015cb6c51400, 0x0000015cb30a1de0, 0x0000015cb309e8f0,
0x0000015cb30a05d0, 0x0000015cb309e420, 0x0000015cb309fc30, 0x0000015cb30a1440,
0x0000015cb309edc0, 0x0000015cb30a0aa0, 0x0000015cb30a22b0, 0x0000015cb30a2780,
0x0000015cb30a57a0, 0x0000015cb30a2c50, 0x0000015cb30a35f0, 0x0000015cb309f290,
0x0000015cb309df50, 0x0000015cb309f760, 0x0000015cb30a0100, 0x0000015cb30a0f70,
0x0000015cb30a1910, 0x0000015cb30a3120, 0x0000015cb30a3ac0, 0x0000015cb30a3f90,
0x0000015cb30a4460, 0x0000015cb30a4930, 0x0000015cb30a4e00, 0x0000015cb30a52d0,
0x0000015cb3074cb0, 0x0000015cb3077800, 0x0000015cb5c08af0, 0x0000015cb5c085e0,
0x0000015cb3073e40, 0x0000015cb3075b20, 0x0000015cb3073970, 0x0000015cb30781a0,
0x0000015cb3078670, 0x0000015cb30747e0, 0x0000015cb3078b40, 0x0000015cb3079010,
0x0000015cb3076e60
}

Java Threads: ( => current thread )
  0x0000015c9844e190 JavaThread "main" [_thread_blocked, id=6964, stack(0x00000045e2e00000,0x00000045e2f00000)]
  0x0000015cb2c67790 JavaThread "Reference Handler" daemon [_thread_blocked, id=9444, stack(0x00000045e3500000,0x00000045e3600000)]
  0x0000015cb22bb8c0 JavaThread "Finalizer" daemon [_thread_blocked, id=9396, stack(0x00000045e3600000,0x00000045e3700000)]
  0x0000015cb2c86220 JavaThread "Signal Dispatcher" daemon [_thread_blocked, id=22500, stack(0x00000045e3700000,0x00000045e3800000)]
  0x0000015cb2c875e0 JavaThread "Attach Listener" daemon [_thread_blocked, id=6884, stack(0x00000045e3800000,0x00000045e3900000)]
  0x0000015cb2c8a8c0 JavaThread "Service Thread" daemon [_thread_blocked, id=23976, stack(0x00000045e3900000,0x00000045e3a00000)]
  0x0000015cb2c8c9a0 JavaThread "Monitor Deflation Thread" daemon [_thread_blocked, id=24404, stack(0x00000045e3a00000,0x00000045e3b00000)]
  0x0000015cb2c8e3c0 JavaThread "C2 CompilerThread0" daemon [_thread_blocked, id=6824, stack(0x00000045e3b00000,0x00000045e3c00000)]
  0x0000015cb2c8ed70 JavaThread "C1 CompilerThread0" daemon [_thread_blocked, id=18948, stack(0x00000045e3c00000,0x00000045e3d00000)]
  0x0000015cb2c9cfb0 JavaThread "Sweeper thread" daemon [_thread_blocked, id=16688, stack(0x00000045e3d00000,0x00000045e3e00000)]
  0x0000015cb2e2c340 JavaThread "Common-Cleaner" daemon [_thread_blocked, id=16884, stack(0x00000045e3e00000,0x00000045e3f00000)]
  0x0000015cb2e2c810 JavaThread "Notification Thread" daemon [_thread_blocked, id=1840, stack(0x00000045e3f00000,0x00000045e4000000)]
  0x0000015cb4692a90 JavaThread "Daemon health stats" [_thread_blocked, id=25068, stack(0x00000045e4800000,0x00000045e4900000)]
  0x0000015cb5dbc7d0 JavaThread "Incoming local TCP Connector on port 58424" [_thread_in_native, id=21796, stack(0x00000045e4700000,0x00000045e4800000)]
  0x0000015cb54d6c00 JavaThread "Daemon periodic checks" [_thread_blocked, id=3212, stack(0x00000045e4900000,0x00000045e4a00000)]
  0x0000015cb5294030 JavaThread "Daemon" [_thread_blocked, id=8392, stack(0x00000045e4a00000,0x00000045e4b00000)]
  0x0000015cb4743760 JavaThread "Handler for socket connection from /127.0.0.1:58424 to /127.0.0.1:58425" [_thread_in_native, id=19120, stack(0x00000045e4b00000,0x00000045e4c00000)]
  0x0000015cb5a8e1d0 JavaThread "Cancel handler" [_thread_blocked, id=2520, stack(0x00000045e4c00000,0x00000045e4d00000)]
  0x0000015cb5259b10 JavaThread "Daemon worker" [_thread_blocked, id=7800, stack(0x00000045e4d00000,0x00000045e4e00000)]
  0x0000015cb3cb16c0 JavaThread "Asynchronous log dispatcher for DefaultDaemonConnection: socket connection from /127.0.0.1:58424 to /127.0.0.1:58425" [_thread_blocked, id=18216, stack(0x00000045e4e00000,0x00000045e4f00000)]
  0x0000015cb473e790 JavaThread "Stdin handler" [_thread_blocked, id=14080, stack(0x00000045e4f00000,0x00000045e5000000)]
  0x0000015cb473fad0 JavaThread "Daemon client event forwarder" [_thread_blocked, id=20772, stack(0x00000045e5000000,0x00000045e5100000)]
  0x0000015cb4741c80 JavaThread "Cache worker for journal cache (C:\Users\hachem safae\.gradle\caches\journal-1)" [_thread_blocked, id=21956, stack(0x00000045e5300000,0x00000045e5400000)]
  0x0000015cb4742150 JavaThread "File lock request listener" [_thread_in_native, id=9208, stack(0x00000045e5400000,0x00000045e5500000)]
  0x0000015cb473f600 JavaThread "Cache worker for file hash cache (C:\Users\hachem safae\.gradle\caches\8.0\fileHashes)" [_thread_blocked, id=19228, stack(0x00000045e5600000,0x00000045e5700000)]
  0x0000015cb473ffa0 JavaThread "File watcher server" daemon [_thread_blocked, id=11056, stack(0x00000045e5800000,0x00000045e5900000)]
  0x0000015cb4740940 JavaThread "File watcher consumer" daemon [_thread_blocked, id=11300, stack(0x00000045e5900000,0x00000045e5a00000)]
  0x0000015cb4740e10 JavaThread "Cache worker for checksums cache (D:\App_Android studio\Tp_Localisation\.gradle\8.0\checksums)" [_thread_blocked, id=18520, stack(0x00000045e5700000,0x00000045e5800000)]
  0x0000015cb473f130 JavaThread "Cache worker for cache directory md-rule (C:\Users\hachem safae\.gradle\caches\8.0\md-rule)" [_thread_blocked, id=24788, stack(0x00000045e5a00000,0x00000045e5b00000)]
  0x0000015cb47412e0 JavaThread "Cache worker for file content cache (C:\Users\hachem safae\.gradle\caches\8.0\fileContent)" [_thread_blocked, id=972, stack(0x00000045e5b00000,0x00000045e5c00000)]
  0x0000015cb47417b0 JavaThread "Cache worker for file hash cache (D:\App_Android studio\Tp_Localisation\.gradle\8.0\fileHashes)" [_thread_blocked, id=20732, stack(0x00000045e5c00000,0x00000045e5d00000)]
  0x0000015cb3951d10 JavaThread "Cache worker for cache directory md-supplier (C:\Users\hachem safae\.gradle\caches\8.0\md-supplier)" [_thread_blocked, id=9356, stack(0x00000045e5d00000,0x00000045e5e00000)]
  0x0000015cb394c1a0 JavaThread "Cache worker for execution history cache (C:\Users\hachem safae\.gradle\caches\8.0\executionHistory)" [_thread_blocked, id=17992, stack(0x00000045e5e00000,0x00000045e5f00000)]
  0x0000015cb39521e0 JavaThread "jar transforms" [_thread_blocked, id=1096, stack(0x00000045e5f00000,0x00000045e6000000)]
  0x0000015cb3951840 JavaThread "jar transforms Thread 2" [_thread_blocked, id=19788, stack(0x00000045e6000000,0x00000045e6100000)]
  0x0000015cb394b330 JavaThread "Cache worker for kotlin-dsl (C:\Users\hachem safae\.gradle\caches\8.0\kotlin-dsl)" [_thread_blocked, id=24040, stack(0x00000045e6300000,0x00000045e6400000)]
  0x0000015cb394d4e0 JavaThread "jar transforms Thread 3" [_thread_blocked, id=1748, stack(0x00000045e6400000,0x00000045e6500000)]
  0x0000015cb394d9b0 JavaThread "jar transforms Thread 4" [_thread_blocked, id=22808, stack(0x00000045e6500000,0x00000045e6600000)]
  0x0000015cb394bcd0 JavaThread "Cache worker for dependencies-accessors (D:\App_Android studio\Tp_Localisation\.gradle\8.0\dependencies-accessors)" [_thread_blocked, id=14312, stack(0x00000045e6600000,0x00000045e6700000)]
  0x0000015cb3952b80 JavaThread "Cache worker for Build Output Cleanup Cache (D:\App_Android studio\Tp_Localisation\.gradle\buildOutputCleanup)" [_thread_blocked, id=1616, stack(0x00000045e6100000,0x00000045e6200000)]
  0x0000015cb394c670 JavaThread "jar transforms Thread 5" [_thread_blocked, id=4164, stack(0x00000045e6800000,0x00000045e6900000)]
  0x0000015cb3950030 JavaThread "Unconstrained build operations" [_thread_blocked, id=18768, stack(0x00000045e6900000,0x00000045e6a00000)]
  0x0000015cb3950500 JavaThread "Unconstrained build operations Thread 2" [_thread_blocked, id=22068, stack(0x00000045e6a00000,0x00000045e6b00000)]
  0x0000015cb39509d0 JavaThread "Unconstrained build operations Thread 3" [_thread_blocked, id=12524, stack(0x00000045e6b00000,0x00000045e6c00000)]
  0x0000015cb3950ea0 JavaThread "Unconstrained build operations Thread 4" [_thread_blocked, id=15804, stack(0x00000045e6c00000,0x00000045e6d00000)]
  0x0000015cb3951370 JavaThread "Unconstrained build operations Thread 5" [_thread_blocked, id=11772, stack(0x00000045e6d00000,0x00000045e6e00000)]
  0x0000015cb5190bc0 JavaThread "Unconstrained build operations Thread 6" [_thread_blocked, id=24952, stack(0x00000045e6e00000,0x00000045e6f00000)]
  0x0000015cb51906f0 JavaThread "Unconstrained build operations Thread 7" [_thread_blocked, id=18100, stack(0x00000045e6f00000,0x00000045e7000000)]
  0x0000015cb5193240 JavaThread "Unconstrained build operations Thread 8" [_thread_blocked, id=18464, stack(0x00000045e7000000,0x00000045e7100000)]
  0x0000015cb518e070 JavaThread "Unconstrained build operations Thread 9" [_thread_blocked, id=21664, stack(0x00000045e7100000,0x00000045e7200000)]
  0x0000015cb518ea10 JavaThread "Unconstrained build operations Thread 10" [_thread_blocked, id=24720, stack(0x00000045e7200000,0x00000045e7300000)]
  0x0000015cb5191090 JavaThread "Unconstrained build operations Thread 11" [_thread_blocked, id=156, stack(0x00000045e7300000,0x00000045e7400000)]
  0x0000015cb518eee0 JavaThread "Unconstrained build operations Thread 12" [_thread_blocked, id=11112, stack(0x00000045e7400000,0x00000045e7500000)]
  0x0000015cb518e540 JavaThread "Unconstrained build operations Thread 13" [_thread_blocked, id=4548, stack(0x00000045e7500000,0x00000045e7600000)]
  0x0000015cb5193be0 JavaThread "Unconstrained build operations Thread 14" [_thread_blocked, id=1508, stack(0x00000045e7600000,0x00000045e7700000)]
  0x0000015cb51958c0 JavaThread "Unconstrained build operations Thread 15" [_thread_blocked, id=16788, stack(0x00000045e7700000,0x00000045e7800000)]
  0x0000015cb518f3b0 JavaThread "Unconstrained build operations Thread 16" [_thread_blocked, id=2832, stack(0x00000045e7800000,0x00000045e7900000)]
  0x0000015cb51923d0 JavaThread "Unconstrained build operations Thread 17" [_thread_blocked, id=12032, stack(0x00000045e7900000,0x00000045e7a00000)]
  0x0000015cb518f880 JavaThread "Unconstrained build operations Thread 18" [_thread_blocked, id=17036, stack(0x00000045e7a00000,0x00000045e7b00000)]
  0x0000015cb51928a0 JavaThread "Unconstrained build operations Thread 19" [_thread_blocked, id=4792, stack(0x00000045e7b00000,0x00000045e7c00000)]
  0x0000015cb518fd50 JavaThread "Unconstrained build operations Thread 20" [_thread_blocked, id=18076, stack(0x00000045e7c00000,0x00000045e7d00000)]
  0x0000015cb5190220 JavaThread "Unconstrained build operations Thread 21" [_thread_blocked, id=2496, stack(0x00000045e7d00000,0x00000045e7e00000)]
  0x0000015cb5191560 JavaThread "Unconstrained build operations Thread 22" [_thread_blocked, id=14004, stack(0x00000045e7e00000,0x00000045e7f00000)]
  0x0000015cb51953f0 JavaThread "Unconstrained build operations Thread 23" [_thread_blocked, id=18892, stack(0x00000045e7f00000,0x00000045e8000000)]
  0x0000015cb5191a30 JavaThread "Unconstrained build operations Thread 24" [_thread_blocked, id=25536, stack(0x00000045e8000000,0x00000045e8100000)]
  0x0000015cb5192d70 JavaThread "Unconstrained build operations Thread 25" [_thread_blocked, id=21140, stack(0x00000045e8100000,0x00000045e8200000)]
  0x0000015cb5191f00 JavaThread "Unconstrained build operations Thread 26" [_thread_blocked, id=668, stack(0x00000045e8200000,0x00000045e8300000)]
  0x0000015cb51940b0 JavaThread "Unconstrained build operations Thread 27" [_thread_blocked, id=24024, stack(0x00000045e8300000,0x00000045e8400000)]
  0x0000015cb5193710 JavaThread "Unconstrained build operations Thread 28" [_thread_blocked, id=11524, stack(0x00000045e8400000,0x00000045e8500000)]
  0x0000015cb5194580 JavaThread "Unconstrained build operations Thread 29" [_thread_blocked, id=12988, stack(0x00000045e8500000,0x00000045e8600000)]
  0x0000015cb5194a50 JavaThread "Unconstrained build operations Thread 30" [_thread_blocked, id=22476, stack(0x00000045e8600000,0x00000045e8700000)]
  0x0000015cb5194f20 JavaThread "Unconstrained build operations Thread 31" [_thread_blocked, id=21940, stack(0x00000045e8700000,0x00000045e8800000)]
  0x0000015cb6c56f70 JavaThread "Unconstrained build operations Thread 32" [_thread_blocked, id=21572, stack(0x00000045e8800000,0x00000045e8900000)]
  0x0000015cb6c55290 JavaThread "Unconstrained build operations Thread 33" [_thread_blocked, id=5808, stack(0x00000045e8900000,0x00000045e8a00000)]
  0x0000015cb6c582b0 JavaThread "Unconstrained build operations Thread 34" [_thread_blocked, id=21896, stack(0x00000045e8a00000,0x00000045e8b00000)]
  0x0000015cb6c530e0 JavaThread "Unconstrained build operations Thread 35" [_thread_blocked, id=24924, stack(0x00000045e8b00000,0x00000045e8c00000)]
  0x0000015cb6c535b0 JavaThread "Unconstrained build operations Thread 36" [_thread_blocked, id=25372, stack(0x00000045e8c00000,0x00000045e8d00000)]
  0x0000015cb6c51da0 JavaThread "Unconstrained build operations Thread 37" [_thread_blocked, id=21188, stack(0x00000045e8d00000,0x00000045e8e00000)]
  0x0000015cb6c518d0 JavaThread "Unconstrained build operations Thread 38" [_thread_blocked, id=22552, stack(0x00000045e8e00000,0x00000045e8f00000)]
  0x0000015cb6c54420 JavaThread "Unconstrained build operations Thread 39" [_thread_blocked, id=10936, stack(0x00000045e8f00000,0x00000045e9000000)]
  0x0000015cb6c52270 JavaThread "Unconstrained build operations Thread 40" [_thread_blocked, id=10364, stack(0x00000045e9000000,0x00000045e9100000)]
  0x0000015cb6c56aa0 JavaThread "Unconstrained build operations Thread 41" [_thread_blocked, id=11072, stack(0x00000045e9100000,0x00000045e9200000)]
  0x0000015cb6c52740 JavaThread "Unconstrained build operations Thread 42" [_thread_blocked, id=19004, stack(0x00000045e9200000,0x00000045e9300000)]
  0x0000015cb6c548f0 JavaThread "Unconstrained build operations Thread 43" [_thread_blocked, id=20968, stack(0x00000045e9300000,0x00000045e9400000)]
  0x0000015cb6c52c10 JavaThread "Unconstrained build operations Thread 44" [_thread_blocked, id=13656, stack(0x00000045e9400000,0x00000045e9500000)]
  0x0000015cb6c58780 JavaThread "Unconstrained build operations Thread 45" [_thread_blocked, id=18112, stack(0x00000045e9500000,0x00000045e9600000)]
  0x0000015cb6c53a80 JavaThread "Unconstrained build operations Thread 46" [_thread_blocked, id=20148, stack(0x00000045e9600000,0x00000045e9700000)]
  0x0000015cb6c53f50 JavaThread "Unconstrained build operations Thread 47" [_thread_blocked, id=9928, stack(0x00000045e9700000,0x00000045e9800000)]
  0x0000015cb6c54dc0 JavaThread "Unconstrained build operations Thread 48" [_thread_blocked, id=22712, stack(0x00000045e9800000,0x00000045e9900000)]
  0x0000015cb6c55760 JavaThread "Unconstrained build operations Thread 49" [_thread_blocked, id=24044, stack(0x00000045e9900000,0x00000045e9a00000)]
  0x0000015cb6c55c30 JavaThread "Unconstrained build operations Thread 50" [_thread_blocked, id=14836, stack(0x00000045e9a00000,0x00000045e9b00000)]
  0x0000015cb6c56100 JavaThread "Unconstrained build operations Thread 51" [_thread_blocked, id=22716, stack(0x00000045e9b00000,0x00000045e9c00000)]
  0x0000015cb6c565d0 JavaThread "Unconstrained build operations Thread 52" [_thread_blocked, id=24948, stack(0x00000045e9c00000,0x00000045e9d00000)]
  0x0000015cb6c57de0 JavaThread "Unconstrained build operations Thread 53" [_thread_blocked, id=2144, stack(0x00000045e9d00000,0x00000045e9e00000)]
  0x0000015cb6c57440 JavaThread "Unconstrained build operations Thread 54" [_thread_blocked, id=24628, stack(0x00000045e9e00000,0x00000045e9f00000)]
  0x0000015cb6c50f30 JavaThread "Unconstrained build operations Thread 55" [_thread_blocked, id=13492, stack(0x00000045e9f00000,0x00000045ea000000)]
  0x0000015cb6c57910 JavaThread "Unconstrained build operations Thread 56" [_thread_blocked, id=8908, stack(0x00000045ea000000,0x00000045ea100000)]
  0x0000015cb6c51400 JavaThread "Unconstrained build operations Thread 57" [_thread_blocked, id=4588, stack(0x00000045ea100000,0x00000045ea200000)]
  0x0000015cb30a1de0 JavaThread "Unconstrained build operations Thread 58" [_thread_blocked, id=16444, stack(0x00000045ea200000,0x00000045ea300000)]
  0x0000015cb309e8f0 JavaThread "Unconstrained build operations Thread 59" [_thread_blocked, id=18144, stack(0x00000045ea300000,0x00000045ea400000)]
  0x0000015cb30a05d0 JavaThread "Unconstrained build operations Thread 60" [_thread_blocked, id=25184, stack(0x00000045ea400000,0x00000045ea500000)]
  0x0000015cb309e420 JavaThread "Unconstrained build operations Thread 61" [_thread_blocked, id=1992, stack(0x00000045ea500000,0x00000045ea600000)]
  0x0000015cb309fc30 JavaThread "Unconstrained build operations Thread 62" [_thread_blocked, id=9712, stack(0x00000045ea600000,0x00000045ea700000)]
  0x0000015cb30a1440 JavaThread "Unconstrained build operations Thread 63" [_thread_blocked, id=2788, stack(0x00000045ea700000,0x00000045ea800000)]
  0x0000015cb309edc0 JavaThread "Unconstrained build operations Thread 64" [_thread_blocked, id=20476, stack(0x00000045ea800000,0x00000045ea900000)]
  0x0000015cb30a0aa0 JavaThread "Unconstrained build operations Thread 65" [_thread_blocked, id=10416, stack(0x00000045ea900000,0x00000045eaa00000)]
  0x0000015cb30a22b0 JavaThread "Unconstrained build operations Thread 66" [_thread_blocked, id=24540, stack(0x00000045eaa00000,0x00000045eab00000)]
  0x0000015cb30a2780 JavaThread "Unconstrained build operations Thread 67" [_thread_blocked, id=14300, stack(0x00000045eab00000,0x00000045eac00000)]
  0x0000015cb30a57a0 JavaThread "Unconstrained build operations Thread 68" [_thread_blocked, id=25432, stack(0x00000045eac00000,0x00000045ead00000)]
  0x0000015cb30a2c50 JavaThread "Unconstrained build operations Thread 69" [_thread_blocked, id=8564, stack(0x00000045ead00000,0x00000045eae00000)]
  0x0000015cb30a35f0 JavaThread "Unconstrained build operations Thread 70" [_thread_blocked, id=16536, stack(0x00000045eae00000,0x00000045eaf00000)]
  0x0000015cb309f290 JavaThread "Unconstrained build operations Thread 71" [_thread_blocked, id=8528, stack(0x00000045eaf00000,0x00000045eb000000)]
  0x0000015cb309df50 JavaThread "Unconstrained build operations Thread 72" [_thread_blocked, id=16888, stack(0x00000045eb000000,0x00000045eb100000)]
  0x0000015cb309f760 JavaThread "Unconstrained build operations Thread 73" [_thread_blocked, id=22892, stack(0x00000045eb100000,0x00000045eb200000)]
  0x0000015cb30a0100 JavaThread "Unconstrained build operations Thread 74" [_thread_blocked, id=10460, stack(0x00000045eb200000,0x00000045eb300000)]
  0x0000015cb30a0f70 JavaThread "Unconstrained build operations Thread 75" [_thread_blocked, id=12696, stack(0x00000045eb300000,0x00000045eb400000)]
  0x0000015cb30a1910 JavaThread "Unconstrained build operations Thread 76" [_thread_blocked, id=13228, stack(0x00000045eb400000,0x00000045eb500000)]
  0x0000015cb30a3120 JavaThread "Unconstrained build operations Thread 77" [_thread_blocked, id=1544, stack(0x00000045eb500000,0x00000045eb600000)]
  0x0000015cb30a3ac0 JavaThread "Unconstrained build operations Thread 78" [_thread_blocked, id=5320, stack(0x00000045eb600000,0x00000045eb700000)]
  0x0000015cb30a3f90 JavaThread "Unconstrained build operations Thread 79" [_thread_blocked, id=10428, stack(0x00000045eb700000,0x00000045eb800000)]
  0x0000015cb30a4460 JavaThread "Unconstrained build operations Thread 80" [_thread_blocked, id=25072, stack(0x00000045eb800000,0x00000045eb900000)]
  0x0000015cb30a4930 JavaThread "jar transforms Thread 6" [_thread_blocked, id=24276, stack(0x00000045eb900000,0x00000045eba00000)]
  0x0000015cb30a4e00 JavaThread "jar transforms Thread 7" [_thread_blocked, id=11528, stack(0x00000045eba00000,0x00000045ebb00000)]
  0x0000015cb30a52d0 JavaThread "jar transforms Thread 8" [_thread_blocked, id=21224, stack(0x00000045ebb00000,0x00000045ebc00000)]
  0x0000015cb3074cb0 JavaThread "build event listener" [_thread_blocked, id=23396, stack(0x00000045ebc00000,0x00000045ebd00000)]
  0x0000015cb3077800 JavaThread "Memory manager" [_thread_blocked, id=14516, stack(0x00000045ebd00000,0x00000045ebe00000)]
  0x0000015cb5c08af0 JavaThread "C2 CompilerThread1" daemon [_thread_blocked, id=13168, stack(0x00000045e5500000,0x00000045e5600000)]
  0x0000015cb5c085e0 JavaThread "C2 CompilerThread2" daemon [_thread_in_native, id=9924, stack(0x00000045e6700000,0x00000045e6800000)]
  0x0000015cb3073e40 JavaThread "included builds" [_thread_blocked, id=21480, stack(0x00000045ebe00000,0x00000045ebf00000)]
  0x0000015cb3075b20 JavaThread "Execution worker" [_thread_blocked, id=15520, stack(0x00000045ebf00000,0x00000045ec000000)]
  0x0000015cb3073970 JavaThread "Execution worker Thread 2" [_thread_blocked, id=20096, stack(0x00000045ec000000,0x00000045ec100000)]
  0x0000015cb30781a0 JavaThread "Execution worker Thread 3" [_thread_blocked, id=21148, stack(0x00000045ec100000,0x00000045ec200000)]
  0x0000015cb3078670 JavaThread "Execution worker Thread 4" [_thread_blocked, id=25520, stack(0x00000045ec200000,0x00000045ec300000)]
  0x0000015cb30747e0 JavaThread "Execution worker Thread 5" [_thread_blocked, id=22624, stack(0x00000045ec300000,0x00000045ec400000)]
  0x0000015cb3078b40 JavaThread "Execution worker Thread 6" [_thread_blocked, id=24588, stack(0x00000045ec400000,0x00000045ec500000)]
  0x0000015cb3079010 JavaThread "Execution worker Thread 7" [_thread_blocked, id=14796, stack(0x00000045ec500000,0x00000045ec600000)]
  0x0000015cb3076e60 JavaThread "Cache worker for execution history cache (D:\App_Android studio\Tp_Localisation\.gradle\8.0\executionHistory)" [_thread_blocked, id=22100, stack(0x00000045ec600000,0x00000045ec700000)]

Other Threads:
=>0x0000015cb229ccc0 VMThread "VM Thread" [stack: 0x00000045e3400000,0x00000045e3500000] [id=18620]
  0x0000015cb2c330f0 WatcherThread [stack: 0x00000045e4000000,0x00000045e4100000] [id=22908]
  0x0000015c984ad190 GCTaskThread "GC Thread#0" [stack: 0x00000045e2f00000,0x00000045e3000000] [id=25324]
  0x0000015cb3197ae0 GCTaskThread "GC Thread#1" [stack: 0x00000045e4200000,0x00000045e4300000] [id=22936]
  0x0000015cb3b9eff0 GCTaskThread "GC Thread#2" [stack: 0x00000045e4300000,0x00000045e4400000] [id=22136]
  0x0000015cb363a010 GCTaskThread "GC Thread#3" [stack: 0x00000045e4400000,0x00000045e4500000] [id=6088]
  0x0000015cb34bb880 GCTaskThread "GC Thread#4" [stack: 0x00000045e4500000,0x00000045e4600000] [id=24756]
  0x0000015cb34bc2d0 GCTaskThread "GC Thread#5" [stack: 0x00000045e4600000,0x00000045e4700000] [id=8868]
  0x0000015cb44e22e0 GCTaskThread "GC Thread#6" [stack: 0x00000045e4100000,0x00000045e4200000] [id=21528]
  0x0000015cb44e1010 GCTaskThread "GC Thread#7" [stack: 0x00000045e5100000,0x00000045e5200000] [id=7784]
  0x0000015c984bf0e0 ConcurrentGCThread "G1 Main Marker" [stack: 0x00000045e3000000,0x00000045e3100000] [id=23008]
  0x0000015c984bfaf0 ConcurrentGCThread "G1 Conc#0" [stack: 0x00000045e3100000,0x00000045e3200000] [id=11168]
  0x0000015cb44e1570 ConcurrentGCThread "G1 Conc#1" [stack: 0x00000045e5200000,0x00000045e5300000] [id=24480]
  0x0000015c9850e6d0 ConcurrentGCThread "G1 Refine#0" [stack: 0x00000045e3200000,0x00000045e3300000] [id=5008]
  0x0000015cb3f2d340 ConcurrentGCThread "G1 Refine#1" [stack: 0x00000045e6200000,0x00000045e6300000] [id=23212]
  0x0000015cb214f340 ConcurrentGCThread "G1 Service" [stack: 0x00000045e3300000,0x00000045e3400000] [id=9212]

Threads with active compile tasks:
C2 CompilerThread0    23655 10069       4       org.gradle.tooling.internal.provider.runner.ClientBuildEventGenerator::started (168 bytes)
C2 CompilerThread1    23655 10117 %     4       org.apache.commons.io.FilenameUtils::doNormalize @ 202 (541 bytes)
C2 CompilerThread2    23655 9926   !   4       java.nio.file.FileTreeWalker::next (144 bytes)

VM state: at safepoint (normal execution)

VM Mutex/Monitor currently owned by a thread:  ([mutex/lock_event])
[0x0000015c98449e60] Threads_lock - owner thread: 0x0000015cb229ccc0
[0x0000015c984498c0] Heap_lock - owner thread: 0x0000015cb3076e60

Heap address: 0x0000000080000000, size: 2048 MB, Compressed Oops mode: 32-bit

CDS archive(s) not mapped
Compressed class space mapped at: 0x0000000100000000-0x0000000140000000, reserved size: 1073741824
Narrow klass base: 0x0000000000000000, Narrow klass shift: 3, Narrow klass range: 0x140000000

GC Precious Log:
 CPUs: 8 total, 8 available
 Memory: 16194M
 Large Page Support: Disabled
 NUMA Support: Disabled
 Compressed Oops: Enabled (32-bit)
 Heap Region Size: 1M
 Heap Min Capacity: 8M
 Heap Initial Capacity: 254M
 Heap Max Capacity: 2G
 Pre-touch: Disabled
 Parallel Workers: 8
 Concurrent Workers: 2
 Concurrent Refinement Workers: 8
 Periodic GC: Disabled

Heap:
 garbage-first heap   total 132096K, used 80035K [0x0000000080000000, 0x0000000100000000)
  region size 1024K, 4 young (4096K), 4 survivors (4096K)
 Metaspace       used 90257K, committed 90944K, reserved 1130496K
  class space    used 12416K, committed 12736K, reserved 1048576K

Heap Regions: E=young(eden), S=young(survivor), O=old, HS=humongous(starts), HC=humongous(continues), CS=collection set, F=free, OA=open archive, CA=closed archive, TAMS=top-at-mark-start (previous, next)
|   0|0x0000000080000000, 0x0000000080100000, 0x0000000080100000|100%|HS|  |TAMS 0x0000000080100000, 0x0000000080100000| Complete 
|   1|0x0000000080100000, 0x0000000080200000, 0x0000000080200000|100%|HC|  |TAMS 0x0000000080200000, 0x0000000080200000| Complete 
|   2|0x0000000080200000, 0x0000000080300000, 0x0000000080300000|100%|HC|  |TAMS 0x0000000080300000, 0x0000000080300000| Complete 
|   3|0x0000000080300000, 0x0000000080400000, 0x0000000080400000|100%|HC|  |TAMS 0x0000000080400000, 0x0000000080400000| Complete 
|   4|0x0000000080400000, 0x0000000080500000, 0x0000000080500000|100%| O|  |TAMS 0x0000000080500000, 0x0000000080500000| Untracked 
|   5|0x0000000080500000, 0x0000000080600000, 0x0000000080600000|100%| O|  |TAMS 0x0000000080600000, 0x0000000080600000| Untracked 
|   6|0x0000000080600000, 0x0000000080700000, 0x0000000080700000|100%| O|  |TAMS 0x0000000080700000, 0x0000000080700000| Untracked 
|   7|0x0000000080700000, 0x0000000080800000, 0x0000000080800000|100%| O|  |TAMS 0x0000000080800000, 0x0000000080800000| Untracked 
|   8|0x0000000080800000, 0x0000000080900000, 0x0000000080900000|100%| O|  |TAMS 0x0000000080900000, 0x0000000080900000| Untracked 
|   9|0x0000000080900000, 0x0000000080a00000, 0x0000000080a00000|100%| O|  |TAMS 0x0000000080a00000, 0x0000000080a00000| Untracked 
|  10|0x0000000080a00000, 0x0000000080b00000, 0x0000000080b00000|100%| O|  |TAMS 0x0000000080b00000, 0x0000000080b00000| Untracked 
|  11|0x0000000080b00000, 0x0000000080c00000, 0x0000000080c00000|100%| O|  |TAMS 0x0000000080bcd000, 0x0000000080c00000| Untracked 
|  12|0x0000000080c00000, 0x0000000080d00000, 0x0000000080d00000|100%| O|  |TAMS 0x0000000080d00000, 0x0000000080d00000| Untracked 
|  13|0x0000000080d00000, 0x0000000080e00000, 0x0000000080e00000|100%| O|  |TAMS 0x0000000080e00000, 0x0000000080e00000| Untracked 
|  14|0x0000000080e00000, 0x0000000080f00000, 0x0000000080f00000|100%| O|  |TAMS 0x0000000080f00000, 0x0000000080f00000| Untracked 
|  15|0x0000000080f00000, 0x0000000081000000, 0x0000000081000000|100%| O|  |TAMS 0x0000000081000000, 0x0000000081000000| Untracked 
|  16|0x0000000081000000, 0x0000000081100000, 0x0000000081100000|100%| O|  |TAMS 0x0000000081100000, 0x0000000081100000| Untracked 
|  17|0x0000000081100000, 0x0000000081200000, 0x0000000081200000|100%| O|  |TAMS 0x0000000081200000, 0x0000000081200000| Untracked 
|  18|0x0000000081200000, 0x0000000081300000, 0x0000000081300000|100%| O|  |TAMS 0x0000000081300000, 0x0000000081300000| Untracked 
|  19|0x0000000081300000, 0x0000000081400000, 0x0000000081400000|100%| O|  |TAMS 0x0000000081400000, 0x0000000081400000| Untracked 
|  20|0x0000000081400000, 0x0000000081500000, 0x0000000081500000|100%| O|  |TAMS 0x0000000081500000, 0x0000000081500000| Untracked 
|  21|0x0000000081500000, 0x0000000081600000, 0x0000000081600000|100%| O|  |TAMS 0x0000000081600000, 0x0000000081600000| Untracked 
|  22|0x0000000081600000, 0x0000000081700000, 0x0000000081700000|100%| O|  |TAMS 0x0000000081700000, 0x0000000081700000| Untracked 
|  23|0x0000000081700000, 0x0000000081800000, 0x0000000081800000|100%| O|  |TAMS 0x0000000081800000, 0x0000000081800000| Untracked 
|  24|0x0000000081800000, 0x0000000081800000, 0x0000000081900000|  0%| F|  |TAMS 0x0000000081800000, 0x0000000081800000| Untracked 
|  25|0x0000000081900000, 0x0000000081a00000, 0x0000000081a00000|100%| O|  |TAMS 0x0000000081a00000, 0x0000000081a00000| Untracked 
|  26|0x0000000081a00000, 0x0000000081b00000, 0x0000000081b00000|100%| O|  |TAMS 0x0000000081b00000, 0x0000000081b00000| Untracked 
|  27|0x0000000081b00000, 0x0000000081c00000, 0x0000000081c00000|100%| O|  |TAMS 0x0000000081c00000, 0x0000000081c00000| Untracked 
|  28|0x0000000081c00000, 0x0000000081d00000, 0x0000000081d00000|100%| O|  |TAMS 0x0000000081d00000, 0x0000000081d00000| Untracked 
|  29|0x0000000081d00000, 0x0000000081e00000, 0x0000000081e00000|100%| O|  |TAMS 0x0000000081e00000, 0x0000000081e00000| Untracked 
|  30|0x0000000081e00000, 0x0000000081f00000, 0x0000000081f00000|100%| O|  |TAMS 0x0000000081f00000, 0x0000000081f00000| Untracked 
|  31|0x0000000081f00000, 0x0000000082000000, 0x0000000082000000|100%| O|  |TAMS 0x0000000082000000, 0x0000000082000000| Untracked 
|  32|0x0000000082000000, 0x0000000082100000, 0x0000000082100000|100%|HS|  |TAMS 0x0000000082100000, 0x0000000082100000| Complete 
|  33|0x0000000082100000, 0x0000000082200000, 0x0000000082200000|100%|HS|  |TAMS 0x0000000082200000, 0x0000000082200000| Complete 
|  34|0x0000000082200000, 0x0000000082300000, 0x0000000082300000|100%|HS|  |TAMS 0x0000000082300000, 0x0000000082300000| Complete 
|  35|0x0000000082300000, 0x0000000082400000, 0x0000000082400000|100%| O|  |TAMS 0x0000000082400000, 0x0000000082400000| Untracked 
|  36|0x0000000082400000, 0x0000000082500000, 0x0000000082500000|100%| O|  |TAMS 0x0000000082500000, 0x0000000082500000| Untracked 
|  37|0x0000000082500000, 0x0000000082600000, 0x0000000082600000|100%| O|  |TAMS 0x0000000082600000, 0x0000000082600000| Untracked 
|  38|0x0000000082600000, 0x0000000082700000, 0x0000000082700000|100%| O|  |TAMS 0x0000000082700000, 0x0000000082700000| Untracked 
|  39|0x0000000082700000, 0x0000000082800000, 0x0000000082800000|100%| O|  |TAMS 0x0000000082800000, 0x0000000082800000| Untracked 
|  40|0x0000000082800000, 0x0000000082900000, 0x0000000082900000|100%| O|  |TAMS 0x0000000082900000, 0x0000000082900000| Untracked 
|  41|0x0000000082900000, 0x0000000082a00000, 0x0000000082a00000|100%| O|  |TAMS 0x0000000082a00000, 0x0000000082a00000| Untracked 
|  42|0x0000000082a00000, 0x0000000082b00000, 0x0000000082b00000|100%| O|  |TAMS 0x0000000082b00000, 0x0000000082b00000| Untracked 
|  43|0x0000000082b00000, 0x0000000082c00000, 0x0000000082c00000|100%| O|  |TAMS 0x0000000082c00000, 0x0000000082c00000| Untracked 
|  44|0x0000000082c00000, 0x0000000082d00000, 0x0000000082d00000|100%| O|  |TAMS 0x0000000082d00000, 0x0000000082d00000| Untracked 
|  45|0x0000000082d00000, 0x0000000082e00000, 0x0000000082e00000|100%| O|  |TAMS 0x0000000082e00000, 0x0000000082e00000| Untracked 
|  46|0x0000000082e00000, 0x0000000082f00000, 0x0000000082f00000|100%| O|  |TAMS 0x0000000082f00000, 0x0000000082f00000| Untracked 
|  47|0x0000000082f00000, 0x0000000083000000, 0x0000000083000000|100%| O|  |TAMS 0x0000000083000000, 0x0000000083000000| Untracked 
|  48|0x0000000083000000, 0x0000000083100000, 0x0000000083100000|100%| O|  |TAMS 0x0000000083100000, 0x0000000083100000| Untracked 
|  49|0x0000000083100000, 0x0000000083200000, 0x0000000083200000|100%| O|  |TAMS 0x0000000083200000, 0x0000000083200000| Untracked 
|  50|0x0000000083200000, 0x0000000083300000, 0x0000000083300000|100%| O|  |TAMS 0x0000000083300000, 0x0000000083300000| Untracked 
|  51|0x0000000083300000, 0x0000000083400000, 0x0000000083400000|100%| O|  |TAMS 0x0000000083400000, 0x0000000083400000| Untracked 
|  52|0x0000000083400000, 0x0000000083500000, 0x0000000083500000|100%| O|  |TAMS 0x0000000083500000, 0x0000000083500000| Untracked 
|  53|0x0000000083500000, 0x0000000083600000, 0x0000000083600000|100%| O|  |TAMS 0x0000000083600000, 0x0000000083600000| Untracked 
|  54|0x0000000083600000, 0x0000000083700000, 0x0000000083700000|100%| O|  |TAMS 0x0000000083700000, 0x0000000083700000| Untracked 
|  55|0x0000000083700000, 0x0000000083800000, 0x0000000083800000|100%| O|  |TAMS 0x0000000083800000, 0x0000000083800000| Untracked 
|  56|0x0000000083800000, 0x0000000083900000, 0x0000000083900000|100%| O|  |TAMS 0x0000000083900000, 0x0000000083900000| Untracked 
|  57|0x0000000083900000, 0x0000000083a00000, 0x0000000083a00000|100%| O|  |TAMS 0x0000000083a00000, 0x0000000083a00000| Untracked 
|  58|0x0000000083a00000, 0x0000000083b00000, 0x0000000083b00000|100%| O|  |TAMS 0x0000000083b00000, 0x0000000083b00000| Untracked 
|  59|0x0000000083b00000, 0x0000000083c00000, 0x0000000083c00000|100%| O|  |TAMS 0x0000000083b00000, 0x0000000083c00000| Untracked 
|  60|0x0000000083c00000, 0x0000000083d00000, 0x0000000083d00000|100%| O|  |TAMS 0x0000000083c00000, 0x0000000083d00000| Untracked 
|  61|0x0000000083d00000, 0x0000000083e00000, 0x0000000083e00000|100%| O|  |TAMS 0x0000000083d00000, 0x0000000083e00000| Untracked 
|  62|0x0000000083e00000, 0x0000000083f00000, 0x0000000083f00000|100%| O|  |TAMS 0x0000000083e00000, 0x0000000083f00000| Untracked 
|  63|0x0000000083f00000, 0x0000000084000000, 0x0000000084000000|100%| O|  |TAMS 0x0000000083f00000, 0x0000000084000000| Untracked 
|  64|0x0000000084000000, 0x0000000084100000, 0x0000000084100000|100%| O|  |TAMS 0x0000000084000000, 0x0000000084100000| Untracked 
|  65|0x0000000084100000, 0x0000000084200000, 0x0000000084200000|100%| O|  |TAMS 0x0000000084100000, 0x0000000084200000| Untracked 
|  66|0x0000000084200000, 0x0000000084300000, 0x0000000084300000|100%| O|  |TAMS 0x0000000084200000, 0x0000000084300000| Untracked 
|  67|0x0000000084300000, 0x0000000084400000, 0x0000000084400000|100%| O|  |TAMS 0x0000000084300000, 0x0000000084400000| Untracked 
|  68|0x0000000084400000, 0x0000000084500000, 0x0000000084500000|100%| O|  |TAMS 0x0000000084400000, 0x0000000084500000| Untracked 
|  69|0x0000000084500000, 0x0000000084600000, 0x0000000084600000|100%| O|  |TAMS 0x0000000084500000, 0x0000000084600000| Untracked 
|  70|0x0000000084600000, 0x0000000084700000, 0x0000000084700000|100%| O|  |TAMS 0x0000000084600000, 0x0000000084700000| Untracked 
|  71|0x0000000084700000, 0x0000000084800000, 0x0000000084800000|100%| O|  |TAMS 0x0000000084700000, 0x0000000084800000| Untracked 
|  72|0x0000000084800000, 0x0000000084900000, 0x0000000084900000|100%| O|  |TAMS 0x0000000084800000, 0x0000000084900000| Untracked 
|  73|0x0000000084900000, 0x0000000084a00000, 0x0000000084a00000|100%| O|  |TAMS 0x0000000084900000, 0x0000000084a00000| Untracked 
|  74|0x0000000084a00000, 0x0000000084b00000, 0x0000000084b00000|100%| O|  |TAMS 0x0000000084a00000, 0x0000000084b00000| Untracked 
|  75|0x0000000084b00000, 0x0000000084bd3800, 0x0000000084c00000| 82%| O|  |TAMS 0x0000000084b00000, 0x0000000084bd3800| Untracked 
|  76|0x0000000084c00000, 0x0000000084c00000, 0x0000000084d00000|  0%| F|  |TAMS 0x0000000084c00000, 0x0000000084c00000| Untracked 
|  77|0x0000000084d00000, 0x0000000084d00000, 0x0000000084e00000|  0%| F|  |TAMS 0x0000000084d00000, 0x0000000084d00000| Untracked 
|  78|0x0000000084e00000, 0x0000000084e00000, 0x0000000084f00000|  0%| F|  |TAMS 0x0000000084e00000, 0x0000000084e00000| Untracked 
|  79|0x0000000084f00000, 0x0000000084f00000, 0x0000000085000000|  0%| F|  |TAMS 0x0000000084f00000, 0x0000000084f00000| Untracked 
|  80|0x0000000085000000, 0x0000000085000000, 0x0000000085100000|  0%| F|  |TAMS 0x0000000085000000, 0x0000000085000000| Untracked 
|  81|0x0000000085100000, 0x0000000085100000, 0x0000000085200000|  0%| F|  |TAMS 0x0000000085100000, 0x0000000085100000| Untracked 
|  82|0x0000000085200000, 0x0000000085200000, 0x0000000085300000|  0%| F|  |TAMS 0x0000000085200000, 0x0000000085200000| Untracked 
|  83|0x0000000085300000, 0x0000000085300000, 0x0000000085400000|  0%| F|  |TAMS 0x0000000085300000, 0x0000000085300000| Untracked 
|  84|0x0000000085400000, 0x0000000085400000, 0x0000000085500000|  0%| F|  |TAMS 0x0000000085400000, 0x0000000085400000| Untracked 
|  85|0x0000000085500000, 0x0000000085500000, 0x0000000085600000|  0%| F|  |TAMS 0x0000000085500000, 0x0000000085500000| Untracked 
|  86|0x0000000085600000, 0x0000000085600000, 0x0000000085700000|  0%| F|  |TAMS 0x0000000085600000, 0x0000000085600000| Untracked 
|  87|0x0000000085700000, 0x0000000085700000, 0x0000000085800000|  0%| F|  |TAMS 0x0000000085700000, 0x0000000085700000| Untracked 
|  88|0x0000000085800000, 0x0000000085800000, 0x0000000085900000|  0%| F|  |TAMS 0x0000000085800000, 0x0000000085800000| Untracked 
|  89|0x0000000085900000, 0x0000000085900000, 0x0000000085a00000|  0%| F|  |TAMS 0x0000000085900000, 0x0000000085900000| Untracked 
|  90|0x0000000085a00000, 0x0000000085a00000, 0x0000000085b00000|  0%| F|  |TAMS 0x0000000085a00000, 0x0000000085a00000| Untracked 
|  91|0x0000000085b00000, 0x0000000085b00000, 0x0000000085c00000|  0%| F|  |TAMS 0x0000000085b00000, 0x0000000085b00000| Untracked 
|  92|0x0000000085c00000, 0x0000000085c00000, 0x0000000085d00000|  0%| F|  |TAMS 0x0000000085c00000, 0x0000000085c00000| Untracked 
|  93|0x0000000085d00000, 0x0000000085d00000, 0x0000000085e00000|  0%| F|  |TAMS 0x0000000085d00000, 0x0000000085d00000| Untracked 
|  94|0x0000000085e00000, 0x0000000085e00000, 0x0000000085f00000|  0%| F|  |TAMS 0x0000000085e00000, 0x0000000085e00000| Untracked 
|  95|0x0000000085f00000, 0x0000000085f55558, 0x0000000086000000| 33%| S|CS|TAMS 0x0000000085f00000, 0x0000000085f00000| Complete 
|  96|0x0000000086000000, 0x0000000086100000, 0x0000000086100000|100%| S|CS|TAMS 0x0000000086000000, 0x0000000086000000| Complete 
|  97|0x0000000086100000, 0x0000000086200000, 0x0000000086200000|100%| S|CS|TAMS 0x0000000086100000, 0x0000000086100000| Complete 
|  98|0x0000000086200000, 0x0000000086300000, 0x0000000086300000|100%| S|CS|TAMS 0x0000000086200000, 0x0000000086200000| Complete 
|  99|0x0000000086300000, 0x0000000086300000, 0x0000000086400000|  0%| F|  |TAMS 0x0000000086300000, 0x0000000086300000| Untracked 
| 100|0x0000000086400000, 0x0000000086400000, 0x0000000086500000|  0%| F|  |TAMS 0x0000000086400000, 0x0000000086400000| Untracked 
| 101|0x0000000086500000, 0x0000000086500000, 0x0000000086600000|  0%| F|  |TAMS 0x0000000086500000, 0x0000000086500000| Untracked 
| 102|0x0000000086600000, 0x0000000086600000, 0x0000000086700000|  0%| F|  |TAMS 0x0000000086600000, 0x0000000086600000| Untracked 
| 103|0x0000000086700000, 0x0000000086700000, 0x0000000086800000|  0%| F|  |TAMS 0x0000000086700000, 0x0000000086700000| Untracked 
| 104|0x0000000086800000, 0x0000000086800000, 0x0000000086900000|  0%| F|  |TAMS 0x0000000086800000, 0x0000000086800000| Untracked 
| 105|0x0000000086900000, 0x0000000086900000, 0x0000000086a00000|  0%| F|  |TAMS 0x0000000086900000, 0x0000000086900000| Untracked 
| 106|0x0000000086a00000, 0x0000000086a00000, 0x0000000086b00000|  0%| F|  |TAMS 0x0000000086a00000, 0x0000000086a00000| Untracked 
| 107|0x0000000086b00000, 0x0000000086b00000, 0x0000000086c00000|  0%| F|  |TAMS 0x0000000086b00000, 0x0000000086b00000| Untracked 
| 108|0x0000000086c00000, 0x0000000086c00000, 0x0000000086d00000|  0%| F|  |TAMS 0x0000000086c00000, 0x0000000086c00000| Untracked 
| 109|0x0000000086d00000, 0x0000000086d00000, 0x0000000086e00000|  0%| F|  |TAMS 0x0000000086d00000, 0x0000000086d00000| Untracked 
| 110|0x0000000086e00000, 0x0000000086e00000, 0x0000000086f00000|  0%| F|  |TAMS 0x0000000086e00000, 0x0000000086e00000| Untracked 
| 111|0x0000000086f00000, 0x0000000086f00000, 0x0000000087000000|  0%| F|  |TAMS 0x0000000086f00000, 0x0000000086f00000| Untracked 
| 112|0x0000000087000000, 0x0000000087000000, 0x0000000087100000|  0%| F|  |TAMS 0x0000000087000000, 0x0000000087000000| Untracked 
| 113|0x0000000087100000, 0x0000000087100000, 0x0000000087200000|  0%| F|  |TAMS 0x0000000087100000, 0x0000000087100000| Untracked 
| 114|0x0000000087200000, 0x0000000087200000, 0x0000000087300000|  0%| F|  |TAMS 0x0000000087200000, 0x0000000087200000| Untracked 
| 115|0x0000000087300000, 0x0000000087300000, 0x0000000087400000|  0%| F|  |TAMS 0x0000000087300000, 0x0000000087300000| Untracked 
| 116|0x0000000087400000, 0x0000000087400000, 0x0000000087500000|  0%| F|  |TAMS 0x0000000087400000, 0x0000000087400000| Untracked 
| 117|0x0000000087500000, 0x0000000087500000, 0x0000000087600000|  0%| F|  |TAMS 0x0000000087500000, 0x0000000087500000| Untracked 
| 118|0x0000000087600000, 0x0000000087600000, 0x0000000087700000|  0%| F|  |TAMS 0x0000000087600000, 0x0000000087600000| Untracked 
| 203|0x000000008cb00000, 0x000000008cb00000, 0x000000008cc00000|  0%| F|  |TAMS 0x000000008cb00000, 0x000000008cb00000| Untracked 
| 204|0x000000008cc00000, 0x000000008cc00000, 0x000000008cd00000|  0%| F|  |TAMS 0x000000008cc00000, 0x000000008cc00000| Untracked 
| 205|0x000000008cd00000, 0x000000008cd00000, 0x000000008ce00000|  0%| F|  |TAMS 0x000000008cd00000, 0x000000008cd00000| Untracked 
| 206|0x000000008ce00000, 0x000000008ce00000, 0x000000008cf00000|  0%| F|  |TAMS 0x000000008ce00000, 0x000000008ce00000| Untracked 
| 207|0x000000008cf00000, 0x000000008cf00000, 0x000000008d000000|  0%| F|  |TAMS 0x000000008cf00000, 0x000000008cf00000| Untracked 
| 208|0x000000008d000000, 0x000000008d000000, 0x000000008d100000|  0%| F|  |TAMS 0x000000008d000000, 0x000000008d000000| Untracked 
| 209|0x000000008d100000, 0x000000008d100000, 0x000000008d200000|  0%| F|  |TAMS 0x000000008d100000, 0x000000008d100000| Untracked 
| 210|0x000000008d200000, 0x000000008d200000, 0x000000008d300000|  0%| F|  |TAMS 0x000000008d200000, 0x000000008d200000| Untracked 
| 211|0x000000008d300000, 0x000000008d300000, 0x000000008d400000|  0%| F|  |TAMS 0x000000008d300000, 0x000000008d300000| Untracked 
| 253|0x000000008fd00000, 0x000000008fd00000, 0x000000008fe00000|  0%| F|  |TAMS 0x000000008fd00000, 0x000000008fd00000| Untracked 

Card table byte_map: [0x0000015cab040000,0x0000015cab440000] _byte_map_base: 0x0000015caac40000

Marking Bits (Prev, Next): (CMBitMap*) 0x0000015c984ad7a0, (CMBitMap*) 0x0000015c984ad7e0
 Prev Bits: [0x0000015cab840000, 0x0000015cad840000)
 Next Bits: [0x0000015cad840000, 0x0000015caf840000)

Polling page: 0x0000015c96420000

Metaspace:

Usage:
  Non-class:     76.02 MB used.
      Class:     12.13 MB used.
       Both:     88.14 MB used.

Virtual space:
  Non-class space:       80.00 MB reserved,      76.38 MB ( 95%) committed,  10 nodes.
      Class space:        1.00 GB reserved,      12.44 MB (  1%) committed,  1 nodes.
             Both:        1.08 GB reserved,      88.81 MB (  8%) committed. 

Chunk freelists:
   Non-Class:  3.61 MB
       Class:  3.48 MB
        Both:  7.09 MB

MaxMetaspaceSize: unlimited
CompressedClassSpaceSize: 1.00 GB
Initial GC threshold: 21.00 MB
Current GC threshold: 145.75 MB
CDS: off
MetaspaceReclaimPolicy: balanced
 - commit_granule_bytes: 65536.
 - commit_granule_words: 8192.
 - virtual_space_node_default_size: 1048576.
 - enlarge_chunks_in_place: 1.
 - new_chunks_are_fully_committed: 0.
 - uncommit_free_chunks: 1.
 - use_allocation_guard: 0.
 - handle_deallocations: 1.


Internal statistics:

num_allocs_failed_limit: 6.
num_arena_births: 954.
num_arena_deaths: 0.
num_vsnodes_births: 11.
num_vsnodes_deaths: 0.
num_space_committed: 1421.
num_space_uncommitted: 0.
num_chunks_returned_to_freelist: 6.
num_chunks_taken_from_freelist: 4236.
num_chunk_merges: 6.
num_chunk_splits: 2805.
num_chunks_enlarged: 1884.
num_purges: 0.
num_inconsistent_stats: 0.

CodeHeap 'non-profiled nmethods': size=120000Kb used=5368Kb max_used=5768Kb free=114631Kb
 bounds [0x0000015ca33e0000, 0x0000015ca3990000, 0x0000015caa910000]
CodeHeap 'profiled nmethods': size=120000Kb used=16937Kb max_used=17481Kb free=103062Kb
 bounds [0x0000015c9b910000, 0x0000015c9ca30000, 0x0000015ca2e40000]
CodeHeap 'non-nmethods': size=5760Kb used=2389Kb max_used=2482Kb free=3370Kb
 bounds [0x0000015ca2e40000, 0x0000015ca30d0000, 0x0000015ca33e0000]
 total_blobs=9813 nmethods=8896 adapters=828
 compilation: enabled
              stopped_count=0, restarted_count=0
 full_count=0

Compilation events (20 events):
Event: 23.561 Thread 0x0000015cb2c8ed70 10108       3       java.util.stream.ReferencePipeline::forEach (11 bytes)
Event: 23.562 Thread 0x0000015cb2c8ed70 nmethod 10108 0x0000015c9c0c1b10 code [0x0000015c9c0c1d00, 0x0000015c9c0c21d8]
Event: 23.562 Thread 0x0000015cb2c8ed70 10110       3       org.gradle.internal.resources.AbstractResourceLockRegistry::lockReleased (51 bytes)
Event: 23.563 Thread 0x0000015cb2c8ed70 nmethod 10110 0x0000015c9c161810 code [0x0000015c9c161a00, 0x0000015c9c161fb8]
Event: 23.563 Thread 0x0000015cb2c8ed70 10111       3       org.gradle.internal.resources.DefaultResourceLockCoordinationService$DefaultResourceLockState::registerUnlocked (53 bytes)
Event: 23.564 Thread 0x0000015cb2c8ed70 nmethod 10111 0x0000015c9c417210 code [0x0000015c9c417420, 0x0000015c9c417c38]
Event: 23.564 Thread 0x0000015cb2c8ed70 10115       3       java.io.ObjectStreamClass::writeNonProxy (161 bytes)
Event: 23.568 Thread 0x0000015cb2c8ed70 nmethod 10115 0x0000015c9b91de90 code [0x0000015c9b91e240, 0x0000015c9b91fb68]
Event: 23.568 Thread 0x0000015cb2c8ed70 10116   !   3       java.io.ObjectOutputStream::defaultWriteFields (288 bytes)
Event: 23.571 Thread 0x0000015cb2c8ed70 nmethod 10116 0x0000015c9bd92610 code [0x0000015c9bd928c0, 0x0000015c9bd935b8]
Event: 23.571 Thread 0x0000015cb5c08af0 nmethod 10109 0x0000015ca3503b90 code [0x0000015ca3503d20, 0x0000015ca35040b8]
Event: 23.571 Thread 0x0000015cb5c08af0 10117 %     4       org.apache.commons.io.FilenameUtils::doNormalize @ 202 (541 bytes)
Event: 23.571 Thread 0x0000015cb2c8ed70 10114       3       java.io.ObjectStreamClass::isExternalizable (9 bytes)
Event: 23.572 Thread 0x0000015cb2c8ed70 nmethod 10114 0x0000015c9c5ac090 code [0x0000015c9c5ac240, 0x0000015c9c5ac4c8]
Event: 23.572 Thread 0x0000015cb2c8ed70 10113       3       java.io.ObjectStreamClass::checkSerialize (20 bytes)
Event: 23.573 Thread 0x0000015cb2c8ed70 nmethod 10113 0x0000015c9c5ab890 code [0x0000015c9c5aba60, 0x0000015c9c5abe38]
Event: 23.573 Thread 0x0000015cb2c8ed70 10112       3       org.gradle.execution.plan.DefaultFinalizedExecutionPlan$ExecutionQueue::hasNext (10 bytes)
Event: 23.573 Thread 0x0000015cb2c8ed70 nmethod 10112 0x0000015c9be2e990 code [0x0000015c9be2eb40, 0x0000015c9be2ed08]
Event: 23.573 Thread 0x0000015cb2c8ed70 10118       1       java.io.SerialCallbackContext::getDesc (5 bytes)
Event: 23.573 Thread 0x0000015cb2c8ed70 nmethod 10118 0x0000015ca3503890 code [0x0000015ca3503a20, 0x0000015ca3503af8]

GC Heap History (20 events):
Event: 14.573 GC heap after
{Heap after GC invocations=23 (full 0):
 garbage-first heap   total 106496K, used 54066K [0x0000000080000000, 0x0000000100000000)
  region size 1024K, 4 young (4096K), 4 survivors (4096K)
 Metaspace       used 68581K, committed 69120K, reserved 1114112K
  class space    used 9128K, committed 9408K, reserved 1048576K
}
Event: 15.094 GC heap before
{Heap before GC invocations=24 (full 0):
 garbage-first heap   total 106496K, used 77618K [0x0000000080000000, 0x0000000100000000)
  region size 1024K, 29 young (29696K), 4 survivors (4096K)
 Metaspace       used 72108K, committed 72704K, reserved 1114112K
  class space    used 9589K, committed 9856K, reserved 1048576K
}
Event: 15.104 GC heap after
{Heap after GC invocations=25 (full 0):
 garbage-first heap   total 106496K, used 54855K [0x0000000080000000, 0x0000000100000000)
  region size 1024K, 4 young (4096K), 4 survivors (4096K)
 Metaspace       used 72108K, committed 72704K, reserved 1114112K
  class space    used 9589K, committed 9856K, reserved 1048576K
}
Event: 15.748 GC heap before
{Heap before GC invocations=25 (full 0):
 garbage-first heap   total 106496K, used 79431K [0x0000000080000000, 0x0000000100000000)
  region size 1024K, 29 young (29696K), 4 survivors (4096K)
 Metaspace       used 73959K, committed 74496K, reserved 1114112K
  class space    used 9840K, committed 10112K, reserved 1048576K
}
Event: 15.755 GC heap after
{Heap after GC invocations=26 (full 0):
 garbage-first heap   total 132096K, used 56874K [0x0000000080000000, 0x0000000100000000)
  region size 1024K, 4 young (4096K), 4 survivors (4096K)
 Metaspace       used 73959K, committed 74496K, reserved 1114112K
  class space    used 9840K, committed 10112K, reserved 1048576K
}
Event: 16.883 GC heap before
{Heap before GC invocations=27 (full 0):
 garbage-first heap   total 132096K, used 99882K [0x0000000080000000, 0x0000000100000000)
  region size 1024K, 46 young (47104K), 4 survivors (4096K)
 Metaspace       used 78943K, committed 79552K, reserved 1122304K
  class space    used 10719K, committed 11008K, reserved 1048576K
}
Event: 16.894 GC heap after
{Heap after GC invocations=28 (full 0):
 garbage-first heap   total 132096K, used 59365K [0x0000000080000000, 0x0000000100000000)
  region size 1024K, 5 young (5120K), 5 survivors (5120K)
 Metaspace       used 78943K, committed 79552K, reserved 1122304K
  class space    used 10719K, committed 11008K, reserved 1048576K
}
Event: 16.960 GC heap before
{Heap before GC invocations=28 (full 0):
 garbage-first heap   total 132096K, used 60389K [0x0000000080000000, 0x0000000100000000)
  region size 1024K, 6 young (6144K), 5 survivors (5120K)
 Metaspace       used 79030K, committed 79616K, reserved 1122304K
  class space    used 10728K, committed 11008K, reserved 1048576K
}
Event: 16.968 GC heap after
{Heap after GC invocations=29 (full 0):
 garbage-first heap   total 132096K, used 59646K [0x0000000080000000, 0x0000000100000000)
  region size 1024K, 1 young (1024K), 1 survivors (1024K)
 Metaspace       used 79030K, committed 79616K, reserved 1122304K
  class space    used 10728K, committed 11008K, reserved 1048576K
}
Event: 19.032 GC heap before
{Heap before GC invocations=29 (full 0):
 garbage-first heap   total 132096K, used 103678K [0x0000000080000000, 0x0000000100000000)
  region size 1024K, 44 young (45056K), 1 survivors (1024K)
 Metaspace       used 83932K, committed 84480K, reserved 1122304K
  class space    used 11487K, committed 11712K, reserved 1048576K
}
Event: 19.042 GC heap after
{Heap after GC invocations=30 (full 0):
 garbage-first heap   total 132096K, used 61979K [0x0000000080000000, 0x0000000100000000)
  region size 1024K, 3 young (3072K), 3 survivors (3072K)
 Metaspace       used 83932K, committed 84480K, reserved 1122304K
  class space    used 11487K, committed 11712K, reserved 1048576K
}
Event: 20.743 GC heap before
{Heap before GC invocations=30 (full 0):
 garbage-first heap   total 132096K, used 104987K [0x0000000080000000, 0x0000000100000000)
  region size 1024K, 45 young (46080K), 3 survivors (3072K)
 Metaspace       used 87881K, committed 88448K, reserved 1130496K
  class space    used 12004K, committed 12288K, reserved 1048576K
}
Event: 20.754 GC heap after
{Heap after GC invocations=31 (full 0):
 garbage-first heap   total 132096K, used 66356K [0x0000000080000000, 0x0000000100000000)
  region size 1024K, 6 young (6144K), 6 survivors (6144K)
 Metaspace       used 87881K, committed 88448K, reserved 1130496K
  class space    used 12004K, committed 12288K, reserved 1048576K
}
Event: 21.497 GC heap before
{Heap before GC invocations=31 (full 0):
 garbage-first heap   total 132096K, used 106292K [0x0000000080000000, 0x0000000100000000)
  region size 1024K, 45 young (46080K), 6 survivors (6144K)
 Metaspace       used 88594K, committed 89280K, reserved 1130496K
  class space    used 12126K, committed 12416K, reserved 1048576K
}
Event: 21.515 GC heap after
{Heap after GC invocations=32 (full 0):
 garbage-first heap   total 132096K, used 72686K [0x0000000080000000, 0x0000000100000000)
  region size 1024K, 6 young (6144K), 6 survivors (6144K)
 Metaspace       used 88594K, committed 89280K, reserved 1130496K
  class space    used 12126K, committed 12416K, reserved 1048576K
}
Event: 22.753 GC heap before
{Heap before GC invocations=33 (full 0):
 garbage-first heap   total 132096K, used 105454K [0x0000000080000000, 0x0000000100000000)
  region size 1024K, 39 young (39936K), 6 survivors (6144K)
 Metaspace       used 90035K, committed 90688K, reserved 1130496K
  class space    used 12407K, committed 12672K, reserved 1048576K
}
Event: 22.771 GC heap after
{Heap after GC invocations=34 (full 0):
 garbage-first heap   total 132096K, used 77632K [0x0000000080000000, 0x0000000100000000)
  region size 1024K, 5 young (5120K), 5 survivors (5120K)
 Metaspace       used 90035K, committed 90688K, reserved 1130496K
  class space    used 12407K, committed 12672K, reserved 1048576K
}
Event: 22.790 GC heap before
{Heap before GC invocations=34 (full 0):
 garbage-first heap   total 132096K, used 78656K [0x0000000080000000, 0x0000000100000000)
  region size 1024K, 6 young (6144K), 5 survivors (5120K)
 Metaspace       used 90037K, committed 90688K, reserved 1130496K
  class space    used 12407K, committed 12672K, reserved 1048576K
}
Event: 22.801 GC heap after
{Heap after GC invocations=35 (full 0):
 garbage-first heap   total 132096K, used 77406K [0x0000000080000000, 0x0000000100000000)
  region size 1024K, 1 young (1024K), 1 survivors (1024K)
 Metaspace       used 90037K, committed 90688K, reserved 1130496K
  class space    used 12407K, committed 12672K, reserved 1048576K
}
Event: 23.578 GC heap before
{Heap before GC invocations=35 (full 0):
 garbage-first heap   total 132096K, used 106078K [0x0000000080000000, 0x0000000100000000)
  region size 1024K, 30 young (30720K), 1 survivors (1024K)
 Metaspace       used 90257K, committed 90944K, reserved 1130496K
  class space    used 12416K, committed 12736K, reserved 1048576K
}

Dll operation events (2 events):
Event: 0.010 Loaded shared library D:\android studio\jbr\bin\java.dll
Event: 0.625 Loaded shared library D:\android studio\jbr\bin\verify.dll

Deoptimization events (20 events):
Event: 23.437 Thread 0x0000015cb30a3120 Uncommon trap: reason=profile_predicate action=maybe_recompile pc=0x0000015ca36ac3a0 method=org.gradle.tooling.internal.provider.runner.ClientBuildEventGenerator.started(Lorg/gradle/internal/operations/BuildOperationDescriptor;Lorg/gradle/internal/operati
Event: 23.438 Thread 0x0000015cb518f880 Uncommon trap: trap_request=0xffffffbe fr.pc=0x0000015ca36ac3a0 relative=0x0000000000000d40
Event: 23.438 Thread 0x0000015cb51923d0 Uncommon trap: trap_request=0xffffffbe fr.pc=0x0000015ca36ac3a0 relative=0x0000000000000d40
Event: 23.439 Thread 0x0000015cb3950500 Uncommon trap: reason=profile_predicate action=maybe_recompile pc=0x0000015ca36ac3a0 method=org.gradle.tooling.internal.provider.runner.ClientBuildEventGenerator.started(Lorg/gradle/internal/operations/BuildOperationDescriptor;Lorg/gradle/internal/operati
Event: 23.439 Thread 0x0000015cb5193be0 DEOPT PACKING pc=0x0000015ca36ac3a0 sp=0x00000045e76fe670
Event: 23.439 Thread 0x0000015cb5193be0 DEOPT UNPACKING pc=0x0000015ca2e969a3 sp=0x00000045e76fe628 mode 2
Event: 23.439 Thread 0x0000015cb518f880 Uncommon trap: reason=profile_predicate action=maybe_recompile pc=0x0000015ca36ac3a0 method=org.gradle.tooling.internal.provider.runner.ClientBuildEventGenerator.started(Lorg/gradle/internal/operations/BuildOperationDescriptor;Lorg/gradle/internal/operati
Event: 23.439 Thread 0x0000015cb51923d0 Uncommon trap: reason=profile_predicate action=maybe_recompile pc=0x0000015ca36ac3a0 method=org.gradle.tooling.internal.provider.runner.ClientBuildEventGenerator.started(Lorg/gradle/internal/operations/BuildOperationDescriptor;Lorg/gradle/internal/operati
Event: 23.440 Thread 0x0000015cb30a3120 DEOPT PACKING pc=0x0000015ca36ac3a0 sp=0x00000045eb5fe500
Event: 23.440 Thread 0x0000015cb30a3120 DEOPT UNPACKING pc=0x0000015ca2e969a3 sp=0x00000045eb5fe4b8 mode 2
Event: 23.443 Thread 0x0000015cb3950500 DEOPT PACKING pc=0x0000015ca36ac3a0 sp=0x00000045e6afe410
Event: 23.443 Thread 0x0000015cb3950500 DEOPT UNPACKING pc=0x0000015ca2e969a3 sp=0x00000045e6afe3c8 mode 2
Event: 23.444 Thread 0x0000015cb518f880 DEOPT PACKING pc=0x0000015ca36ac3a0 sp=0x00000045e7afe3d0
Event: 23.444 Thread 0x0000015cb518f880 DEOPT UNPACKING pc=0x0000015ca2e969a3 sp=0x00000045e7afe388 mode 2
Event: 23.444 Thread 0x0000015cb51923d0 DEOPT PACKING pc=0x0000015ca36ac3a0 sp=0x00000045e79fe320
Event: 23.444 Thread 0x0000015cb51923d0 DEOPT UNPACKING pc=0x0000015ca2e969a3 sp=0x00000045e79fe2d8 mode 2
Event: 23.514 Thread 0x0000015cb6c55290 Uncommon trap: trap_request=0xffffff45 fr.pc=0x0000015ca36f6d28 relative=0x0000000000000308
Event: 23.514 Thread 0x0000015cb6c55290 Uncommon trap: reason=unstable_if action=reinterpret pc=0x0000015ca36f6d28 method=java.util.concurrent.locks.ReentrantLock$NonfairSync.tryAcquire(I)Z @ 13 c2
Event: 23.515 Thread 0x0000015cb6c55290 DEOPT PACKING pc=0x0000015ca36f6d28 sp=0x00000045e89fd7c0
Event: 23.515 Thread 0x0000015cb6c55290 DEOPT UNPACKING pc=0x0000015ca2e969a3 sp=0x00000045e89fd648 mode 2

Classes unloaded (0 events):
No events

Classes redefined (0 events):
No events

Internal exceptions (20 events):
Event: 21.768 Thread 0x0000015cb3074cb0 Exception <a 'java/lang/NoSuchMethodError'{0x000000008d1a5f48}: static Lcom/android/buildanalyzer/common/AndroidGradlePluginAttributionData$JavaInfo;.<clinit>()V> (0x000000008d1a5f48) 
thrown [s\src\hotspot\share\prims\jni.cpp, line 1108]
Event: 21.784 Thread 0x0000015cb3074cb0 Exception <a 'java/lang/NoSuchMethodError'{0x000000008d1eaf60}: static [Ljava/lang/String;.<clinit>()V> (0x000000008d1eaf60) 
thrown [s\src\hotspot\share\prims\jni.cpp, line 1108]
Event: 21.787 Thread 0x0000015cb3074cb0 Exception <a 'java/lang/NoSuchMethodError'{0x000000008d1f9ed8}: static Lcom/android/buildanalyzer/common/AndroidGradlePluginAttributionData$TaskInfo;.<clinit>()V> (0x000000008d1f9ed8) 
thrown [s\src\hotspot\share\prims\jni.cpp, line 1108]
Event: 21.790 Thread 0x0000015cb3074cb0 Exception <a 'java/lang/NoSuchMethodError'{0x000000008d0076c8}: static Lcom/android/buildanalyzer/common/AndroidGradlePluginAttributionData$TaskCategoryInfo;.<clinit>()V> (0x000000008d0076c8) 
thrown [s\src\hotspot\share\prims\jni.cpp, line 1108]
Event: 21.844 Thread 0x0000015cb3074cb0 Exception <a 'java/lang/NoSuchMethodError'{0x000000008d0b19c0}: 'void java.lang.invoke.DirectMethodHandle$Holder.invokeSpecial(java.lang.Object, java.lang.Object, java.lang.Object, int)'> (0x000000008d0b19c0) 
thrown [s\src\hotspot\share\interpreter\linkResolver.cpp, line 771]
Event: 22.316 Thread 0x0000015cb3079010 Exception <a 'java/lang/NoSuchMethodError'{0x000000008758c988}: 'void java.lang.invoke.DirectMethodHandle$Holder.invokeStatic(java.lang.Object, java.lang.Object, java.lang.Object, java.lang.Object, int, java.lang.Object, java.lang.Object)'> (0x000000008758c988) 
thrown [s\src\hotspot\share\interpreter\linkResolver.cpp, line 771]
Event: 22.380 Thread 0x0000015cb5190bc0 Exception <a 'java/lang/NoSuchMethodError'{0x00000000871d4498}: 'java.lang.Object java.lang.invoke.DirectMethodHandle$Holder.invokeSpecialIFC(java.lang.Object, java.lang.Object, java.lang.Object)'> (0x00000000871d4498) 
thrown [s\src\hotspot\share\interpreter\linkResolver.cpp, line 771]
Event: 22.380 Thread 0x0000015cb3950030 Exception <a 'java/lang/NoSuchMethodError'{0x00000000871b33e0}: 'java.lang.Object java.lang.invoke.DirectMethodHandle$Holder.invokeSpecialIFC(java.lang.Object, java.lang.Object, java.lang.Object)'> (0x00000000871b33e0) 
thrown [s\src\hotspot\share\interpreter\linkResolver.cpp, line 771]
Event: 22.380 Thread 0x0000015cb39509d0 Exception <a 'java/lang/NoSuchMethodError'{0x00000000871c3510}: 'java.lang.Object java.lang.invoke.DirectMethodHandle$Holder.invokeSpecialIFC(java.lang.Object, java.lang.Object, java.lang.Object)'> (0x00000000871c3510) 
thrown [s\src\hotspot\share\interpreter\linkResolver.cpp, line 771]
Event: 22.380 Thread 0x0000015cb6c52270 Exception <a 'java/lang/NoSuchMethodError'{0x00000000871ba240}: 'java.lang.Object java.lang.invoke.DirectMethodHandle$Holder.invokeSpecialIFC(java.lang.Object, java.lang.Object, java.lang.Object)'> (0x00000000871ba240) 
thrown [s\src\hotspot\share\interpreter\linkResolver.cpp, line 771]
Event: 22.380 Thread 0x0000015cb3951370 Exception <a 'java/lang/NoSuchMethodError'{0x00000000871dce38}: 'java.lang.Object java.lang.invoke.DirectMethodHandle$Holder.invokeSpecialIFC(java.lang.Object, java.lang.Object, java.lang.Object)'> (0x00000000871dce38) 
thrown [s\src\hotspot\share\interpreter\linkResolver.cpp, line 771]
Event: 22.380 Thread 0x0000015cb6c56f70 Exception <a 'java/lang/NoSuchMethodError'{0x00000000871cbef0}: 'java.lang.Object java.lang.invoke.DirectMethodHandle$Holder.invokeSpecialIFC(java.lang.Object, java.lang.Object, java.lang.Object)'> (0x00000000871cbef0) 
thrown [s\src\hotspot\share\interpreter\linkResolver.cpp, line 771]
Event: 22.381 Thread 0x0000015cb6c565d0 Exception <a 'java/lang/NoSuchMethodError'{0x00000000871e6588}: 'java.lang.Object java.lang.invoke.DirectMethodHandle$Holder.invokeSpecialIFC(java.lang.Object, java.lang.Object, java.lang.Object)'> (0x00000000871e6588) 
thrown [s\src\hotspot\share\interpreter\linkResolver.cpp, line 771]
Event: 22.381 Thread 0x0000015cb3079010 Exception <a 'java/lang/NoSuchMethodError'{0x0000000087167080}: 'java.lang.Object java.lang.invoke.DirectMethodHandle$Holder.invokeSpecialIFC(java.lang.Object, java.lang.Object, java.lang.Object)'> (0x0000000087167080) 
thrown [s\src\hotspot\share\interpreter\linkResolver.cpp, line 771]
Event: 23.286 Thread 0x0000015cb309f760 Exception <a 'java/lang/NoSuchMethodError'{0x000000008d2ec800}: 'void java.lang.invoke.DirectMethodHandle$Holder.invokeVirtual(java.lang.Object, java.lang.Object)'> (0x000000008d2ec800) 
thrown [s\src\hotspot\share\interpreter\linkResolver.cpp, line 771]
Event: 23.436 Thread 0x0000015cb5193be0 Implicit null exception at 0x0000015ca36aba47 to 0x0000015ca36ac388
Event: 23.436 Thread 0x0000015cb30a3120 Implicit null exception at 0x0000015ca36aba47 to 0x0000015ca36ac388
Event: 23.437 Thread 0x0000015cb3950500 Implicit null exception at 0x0000015ca36aba47 to 0x0000015ca36ac388
Event: 23.438 Thread 0x0000015cb518f880 Implicit null exception at 0x0000015ca36aba47 to 0x0000015ca36ac388
Event: 23.438 Thread 0x0000015cb51923d0 Implicit null exception at 0x0000015ca36aba47 to 0x0000015ca36ac388

VM Operations (20 events):
Event: 21.682 Executing VM operation: G1Concurrent done
Event: 21.759 Executing VM operation: G1Concurrent
Event: 21.767 Executing VM operation: G1Concurrent done
Event: 22.283 Executing VM operation: ICBufferFull
Event: 22.283 Executing VM operation: ICBufferFull done
Event: 22.753 Executing VM operation: G1CollectForAllocation
Event: 22.772 Executing VM operation: G1CollectForAllocation done
Event: 22.790 Executing VM operation: G1CollectForAllocation
Event: 22.807 Executing VM operation: G1CollectForAllocation done
Event: 23.070 Executing VM operation: HandshakeAllThreads
Event: 23.071 Executing VM operation: HandshakeAllThreads done
Event: 23.115 Executing VM operation: HandshakeAllThreads
Event: 23.116 Executing VM operation: HandshakeAllThreads done
Event: 23.170 Executing VM operation: ICBufferFull
Event: 23.172 Executing VM operation: ICBufferFull done
Event: 23.516 Executing VM operation: ICBufferFull
Event: 23.521 Executing VM operation: ICBufferFull done
Event: 23.557 Executing VM operation: HandshakeAllThreads
Event: 23.558 Executing VM operation: HandshakeAllThreads done
Event: 23.578 Executing VM operation: G1CollectForAllocation

Events (20 events):
Event: 23.144 Thread 0x0000015cb2c9cfb0 flushing nmethod 0x0000015c9c3f1210
Event: 23.144 Thread 0x0000015cb2c9cfb0 flushing nmethod 0x0000015c9c3f2210
Event: 23.144 Thread 0x0000015cb2c9cfb0 flushing nmethod 0x0000015c9c417210
Event: 23.144 Thread 0x0000015cb2c9cfb0 flushing nmethod 0x0000015c9c43e910
Event: 23.145 Thread 0x0000015cb2c9cfb0 flushing nmethod 0x0000015c9c448210
Event: 23.145 Thread 0x0000015cb2c9cfb0 flushing nmethod 0x0000015c9c451610
Event: 23.145 Thread 0x0000015cb2c9cfb0 flushing nmethod 0x0000015c9c45b110
Event: 23.145 Thread 0x0000015cb2c9cfb0 flushing nmethod 0x0000015c9c482390
Event: 23.145 Thread 0x0000015cb2c9cfb0 flushing nmethod 0x0000015c9c482710
Event: 23.146 Thread 0x0000015cb2c9cfb0 flushing nmethod 0x0000015c9c4e2410
Event: 23.146 Thread 0x0000015cb2c9cfb0 flushing nmethod 0x0000015c9c503d90
Event: 23.146 Thread 0x0000015cb2c9cfb0 flushing nmethod 0x0000015c9c506b90
Event: 23.146 Thread 0x0000015cb2c9cfb0 flushing nmethod 0x0000015c9c508a90
Event: 23.146 Thread 0x0000015cb2c9cfb0 flushing nmethod 0x0000015c9c527210
Event: 23.146 Thread 0x0000015cb2c9cfb0 flushing nmethod 0x0000015c9c52d590
Event: 23.146 Thread 0x0000015cb2c9cfb0 flushing nmethod 0x0000015c9c536f90
Event: 23.146 Thread 0x0000015cb2c9cfb0 flushing nmethod 0x0000015c9c538a90
Event: 23.146 Thread 0x0000015cb2c9cfb0 flushing nmethod 0x0000015c9c543f10
Event: 23.147 Thread 0x0000015cb2c9cfb0 flushing nmethod 0x0000015c9c58f610
Event: 23.147 Thread 0x0000015cb2c9cfb0 flushing nmethod 0x0000015c9c5ab890


Dynamic libraries:
0x00007ff72c1f0000 - 0x00007ff72c1fa000 	D:\android studio\jbr\bin\java.exe
0x00007ffafa7d0000 - 0x00007ffafa9e7000 	C:\WINDOWS\SYSTEM32\ntdll.dll
0x00007ffaf99e0000 - 0x00007ffaf9aa4000 	C:\WINDOWS\System32\KERNEL32.DLL
0x00007ffaf7f60000 - 0x00007ffaf8306000 	C:\WINDOWS\System32\KERNELBASE.dll
0x00007ffaf7bf0000 - 0x00007ffaf7d01000 	C:\WINDOWS\System32\ucrtbase.dll
0x00007ffaf2350000 - 0x00007ffaf2367000 	D:\android studio\jbr\bin\jli.dll
0x00007ffaf2570000 - 0x00007ffaf258b000 	D:\android studio\jbr\bin\VCRUNTIME140.dll
0x00007ffaf9cf0000 - 0x00007ffaf9e9d000 	C:\WINDOWS\System32\USER32.dll
0x00007ffaf8500000 - 0x00007ffaf8526000 	C:\WINDOWS\System32\win32u.dll
0x00007ffadd1b0000 - 0x00007ffadd443000 	C:\WINDOWS\WinSxS\amd64_microsoft.windows.common-controls_6595b64144ccf1df_6.0.22621.2361_none_2712ced57382f843\COMCTL32.dll
0x00007ffaf8c30000 - 0x00007ffaf8c59000 	C:\WINDOWS\System32\GDI32.dll
0x00007ffaf9f10000 - 0x00007ffaf9fb7000 	C:\WINDOWS\System32\msvcrt.dll
0x00007ffaf7d10000 - 0x00007ffaf7e28000 	C:\WINDOWS\System32\gdi32full.dll
0x00007ffaf7b50000 - 0x00007ffaf7bea000 	C:\WINDOWS\System32\msvcp_win.dll
0x00007ffafa370000 - 0x00007ffafa3a1000 	C:\WINDOWS\System32\IMM32.DLL
0x00007ffaf25b0000 - 0x00007ffaf25bc000 	D:\android studio\jbr\bin\vcruntime140_1.dll
0x00007ffaca170000 - 0x00007ffaca1fd000 	D:\android studio\jbr\bin\msvcp140.dll
0x00007ffab3fa0000 - 0x00007ffab4c0e000 	D:\android studio\jbr\bin\server\jvm.dll
0x00007ffafa3d0000 - 0x00007ffafa480000 	C:\WINDOWS\System32\ADVAPI32.dll
0x00007ffafa040000 - 0x00007ffafa0e6000 	C:\WINDOWS\System32\sechost.dll
0x00007ffafa0f0000 - 0x00007ffafa207000 	C:\WINDOWS\System32\RPCRT4.dll
0x00007ffadc6d0000 - 0x00007ffadc6d9000 	C:\WINDOWS\SYSTEM32\WSOCK32.dll
0x00007ffaf95a0000 - 0x00007ffaf9611000 	C:\WINDOWS\System32\WS2_32.dll
0x00007ffaf1190000 - 0x00007ffaf11c4000 	C:\WINDOWS\SYSTEM32\WINMM.dll
0x00007ffaf16b0000 - 0x00007ffaf16ba000 	C:\WINDOWS\SYSTEM32\VERSION.dll
0x00007ffaf6b90000 - 0x00007ffaf6ba8000 	C:\WINDOWS\SYSTEM32\kernel.appcore.dll
0x00007ffaf2770000 - 0x00007ffaf277a000 	D:\android studio\jbr\bin\jimage.dll
0x00007ffaf54a0000 - 0x00007ffaf56ce000 	C:\WINDOWS\SYSTEM32\DBGHELP.DLL
0x00007ffaf9630000 - 0x00007ffaf99ba000 	C:\WINDOWS\System32\combase.dll
0x00007ffaf8530000 - 0x00007ffaf8607000 	C:\WINDOWS\System32\OLEAUT32.dll
0x00007ffadc3b0000 - 0x00007ffadc3e2000 	C:\WINDOWS\SYSTEM32\dbgcore.DLL
0x00007ffaf8480000 - 0x00007ffaf84fa000 	C:\WINDOWS\System32\bcryptPrimitives.dll
0x00007ffaf2540000 - 0x00007ffaf2565000 	D:\android studio\jbr\bin\java.dll
0x00007ffaf2520000 - 0x00007ffaf2538000 	D:\android studio\jbr\bin\zip.dll
0x00007ffaf8cf0000 - 0x00007ffaf9548000 	C:\WINDOWS\System32\SHELL32.dll
0x00007ffaf5ab0000 - 0x00007ffaf63a2000 	C:\WINDOWS\SYSTEM32\windows.storage.dll
0x00007ffaf5970000 - 0x00007ffaf5aae000 	C:\WINDOWS\SYSTEM32\wintypes.dll
0x00007ffafa210000 - 0x00007ffafa303000 	C:\WINDOWS\System32\SHCORE.dll
0x00007ffaf8c60000 - 0x00007ffaf8cbe000 	C:\WINDOWS\System32\shlwapi.dll
0x00007ffaf7a80000 - 0x00007ffaf7aa6000 	C:\WINDOWS\SYSTEM32\profapi.dll
0x00007ffaf2500000 - 0x00007ffaf2519000 	D:\android studio\jbr\bin\net.dll
0x00007ffaf0e20000 - 0x00007ffaf0f57000 	C:\WINDOWS\SYSTEM32\WINHTTP.dll
0x00007ffaf7010000 - 0x00007ffaf7079000 	C:\WINDOWS\system32\mswsock.dll
0x00007ffaf24e0000 - 0x00007ffaf24f6000 	D:\android studio\jbr\bin\nio.dll
0x00007ffaf23c0000 - 0x00007ffaf23d0000 	D:\android studio\jbr\bin\verify.dll
0x00007ffae04c0000 - 0x00007ffae04e7000 	C:\Users\hachem safae\.gradle\native\68d5fa5c4cc2d200863cafc0d521ce42e7d3e7ee720ec0a83991735586a16f82\windows-amd64\native-platform.dll
0x00007ffabb4b0000 - 0x00007ffabb5f4000 	C:\Users\hachem safae\.gradle\native\e376f236ea51e6404a007f0833ffe2c6e607c4080706a723a18a27aeea778392\windows-amd64\native-platform-file-events.dll
0x00007ffaf1510000 - 0x00007ffaf1519000 	D:\android studio\jbr\bin\management.dll
0x00007ffaf1500000 - 0x00007ffaf150b000 	D:\android studio\jbr\bin\management_ext.dll
0x00007ffaf9620000 - 0x00007ffaf9628000 	C:\WINDOWS\System32\PSAPI.DLL
0x00007ffaf7260000 - 0x00007ffaf727b000 	C:\WINDOWS\SYSTEM32\CRYPTSP.dll
0x00007ffaf6af0000 - 0x00007ffaf6b25000 	C:\WINDOWS\system32\rsaenh.dll
0x00007ffaf7100000 - 0x00007ffaf712c000 	C:\WINDOWS\SYSTEM32\USERENV.dll
0x00007ffaf7420000 - 0x00007ffaf7448000 	C:\WINDOWS\SYSTEM32\bcrypt.dll
0x00007ffaf7280000 - 0x00007ffaf728c000 	C:\WINDOWS\SYSTEM32\CRYPTBASE.dll
0x00007ffaf6610000 - 0x00007ffaf663d000 	C:\WINDOWS\SYSTEM32\IPHLPAPI.DLL
0x00007ffaf99d0000 - 0x00007ffaf99d9000 	C:\WINDOWS\System32\NSI.dll
0x00007ffaf1040000 - 0x00007ffaf1059000 	C:\WINDOWS\SYSTEM32\dhcpcsvc6.DLL
0x00007ffaf0c00000 - 0x00007ffaf0c1f000 	C:\WINDOWS\SYSTEM32\dhcpcsvc.DLL
0x00007ffaf6680000 - 0x00007ffaf6779000 	C:\WINDOWS\SYSTEM32\DNSAPI.dll
0x00007ffaf14f0000 - 0x00007ffaf14f8000 	C:\WINDOWS\system32\wshunix.dll

dbghelp: loaded successfully - version: 4.0.5 - missing functions: none
symbol engine: initialized successfully - sym options: 0x614 - pdb path: .;D:\android studio\jbr\bin;C:\WINDOWS\SYSTEM32;C:\WINDOWS\WinSxS\amd64_microsoft.windows.common-controls_6595b64144ccf1df_6.0.22621.2361_none_2712ced57382f843;D:\android studio\jbr\bin\server;C:\Users\hachem safae\.gradle\native\68d5fa5c4cc2d200863cafc0d521ce42e7d3e7ee720ec0a83991735586a16f82\windows-amd64;C:\Users\hachem safae\.gradle\native\e376f236ea51e6404a007f0833ffe2c6e607c4080706a723a18a27aeea778392\windows-amd64

VM Arguments:
jvm_args: --add-opens=java.base/java.util=ALL-UNNAMED --add-opens=java.base/java.lang=ALL-UNNAMED --add-opens=java.base/java.lang.invoke=ALL-UNNAMED --add-opens=java.prefs/java.util.prefs=ALL-UNNAMED --add-opens=java.base/java.nio.charset=ALL-UNNAMED --add-opens=java.base/java.net=ALL-UNNAMED --add-opens=java.base/java.util.concurrent.atomic=ALL-UNNAMED -Xmx2048m -Dfile.encoding=UTF-8 -Duser.country=FR -Duser.language=fr -Duser.variant 
java_command: org.gradle.launcher.daemon.bootstrap.GradleDaemon 8.0
java_class_path (initial): C:\Users\hachem safae\.gradle\wrapper\dists\gradle-8.0-bin\ca5e32bp14vu59qr306oxotwh\gradle-8.0\lib\gradle-launcher-8.0.jar
Launcher Type: SUN_STANDARD

[Global flags]
     intx CICompilerCount                          = 4                                         {product} {ergonomic}
     uint ConcGCThreads                            = 2                                         {product} {ergonomic}
     uint G1ConcRefinementThreads                  = 8                                         {product} {ergonomic}
   size_t G1HeapRegionSize                         = 1048576                                   {product} {ergonomic}
    uintx GCDrainStackTargetSize                   = 64                                        {product} {ergonomic}
   size_t InitialHeapSize                          = 266338304                                 {product} {ergonomic}
   size_t MarkStackSize                            = 4194304                                   {product} {ergonomic}
   size_t MaxHeapSize                              = 2147483648                                {product} {command line}
   size_t MaxNewSize                               = 1287651328                                {product} {ergonomic}
   size_t MinHeapDeltaBytes                        = 1048576                                   {product} {ergonomic}
   size_t MinHeapSize                              = 8388608                                   {product} {ergonomic}
    uintx NonNMethodCodeHeapSize                   = 5839372                                {pd product} {ergonomic}
    uintx NonProfiledCodeHeapSize                  = 122909434                              {pd product} {ergonomic}
    uintx ProfiledCodeHeapSize                     = 122909434                              {pd product} {ergonomic}
    uintx ReservedCodeCacheSize                    = 251658240                              {pd product} {ergonomic}
     bool SegmentedCodeCache                       = true                                      {product} {ergonomic}
   size_t SoftMaxHeapSize                          = 2147483648                             {manageable} {ergonomic}
     bool UseCompressedClassPointers               = true                           {product lp64_product} {ergonomic}
     bool UseCompressedOops                        = true                           {product lp64_product} {ergonomic}
     bool UseG1GC                                  = true                                      {product} {ergonomic}
     bool UseLargePagesIndividualAllocation        = false                                  {pd product} {ergonomic}

Logging:
Log output configuration:
 #0: stdout all=warning uptime,level,tags
 #1: stderr all=off uptime,level,tags

Environment Variables:
JAVA_HOME=C:\Program Files\Java\jdk-17
PATH=C:\Program Files (x86)\Common Files\Oracle\Java\javapath;C:\Program Files (x86)\VMware\VMware Workstation\bin\;D:\oraclexe\app\oracle\product\11.2.0\server\bin;C:\Program Files\Common Files\Oracle\Java\javapath;C:\WINDOWS\system32;C:\WINDOWS;C:\WINDOWS\System32\Wbem;C:\WINDOWS\System32\WindowsPowerShell\v1.0\;C:\WINDOWS\System32\OpenSSH\;c:\Program Files (x86)\Microsoft SQL Server\100\Tools\Binn\;c:\Program Files\Microsoft SQL Server\100\Tools\Binn\;c:\Program Files\Microsoft SQL Server\100\DTS\Binn\;D:\java_jdk 8\bin;C:\Program Files\Java\jdk-17\bin;C:\Program Files\Java\jdk-11\bin;C:\Program Files\Java\jdk-19\bin;C:\Program Files\Common Files\Oracle\Java\javapath;C:\ProgramData\ComposerSetup\bin;D:\XAAMP\php\php.exe;D:\xamp\php;C:\Program Files\wkhtmltopdf\bin;D:\node;C:\Program Files\Git\cmd;C:\Program Files\nodejs\;C:\Program Files\MongoDB\Server\6.0\bin;D:\XAAMP\php;C:\Program Files\Java\apache-maven-3.9.5\bin;C:\Users\hachem safae\AppData\Local\Programs\Python\Python310\Scripts\;C:\Users\hachem safae\AppData\Local\Programs\Python\Python310\;C:\Program Files\MySQL\MySQL Shell 8.0\bin\;C:\Users\hachem safae\AppData\Local\Microsoft\WindowsApps;C:\Users\hachem safae\AppData\Roaming\Dashlane\6.2007.0.32704\bin\Firefox_Extension\{442718d9-475e-452a-b3e1-fb1ee16b8e9f}\components;C:\Users\hachem safae\AppData\Roaming\Dashlane\6.2007.0.32704\ucrt;C:\Users\hachem safae\AppData\Roaming\Dashlane\6.2007.0.32704\bin\Qt;C:\Users\hachem safae\AppData\Roaming\Dashlane\6.2007.0.32704\bin\Ssl;C:\Program Files\JetBrains\IntelliJ IDEA Community Edition 2020.2.2\bin;C:\Users\hachem safae\AppData\Local\Microsoft\WindowsApps;C:\Users\hachem safae\AppData\Local\Programs\Microsoft VS Code\bin;C:\Program Files\IntelliJ IDEA Community Edition 2022.3.2\bin;;C:\Users\hachem safae\AppData\Local\ComposerSetup\bin;C:\Users\hachem safae\AppData\Roaming\Composer\vendor\bin;C:\Users\hachem safae\AppData\Roaming\npm;D:\android2\platform-tools;D:\XAAMP\php;C:\wamp64\bin\php\php5.6.40;C:\;C:\Prog
USERNAME=hachem safae
OS=Windows_NT
PROCESSOR_IDENTIFIER=Intel64 Family 6 Model 142 Stepping 12, GenuineIntel
TMP=C:\Users\HACHEM~1\AppData\Local\Temp
TEMP=C:\Users\HACHEM~1\AppData\Local\Temp


JNI global refs:
JNI global refs: 28, weak refs: 0

JNI global refs memory usage: 843, weak refs: 841


---------------  S Y S T E M  ---------------

OS:
 Windows 11 , 64 bit Build 22621 (10.0.22621.2428)
OS uptime: 1 days 3:36 hours

CPU: total 8 (initial active 8) (4 cores per cpu, 2 threads per core) family 6 model 142 stepping 12 microcode 0xf6, cx8, cmov, fxsr, ht, mmx, 3dnowpref, sse, sse2, sse3, ssse3, sse4.1, sse4.2, popcnt, lzcnt, tsc, tscinvbit, avx, avx2, aes, erms, clmul, bmi1, bmi2, adx, fma, vzeroupper, clflush, clflushopt

Memory: 4k page, system-wide physical 16194M (3391M free)
TotalPageFile size 18242M (AvailPageFile size 47M)
current process WorkingSet (physical memory assigned to process): 398M, peak: 399M
current process commit charge ("private bytes"): 431M, peak: 514M

vm_info: OpenJDK 64-Bit Server VM (17.0.6+0-b2043.56-10027231) for windows-amd64 JRE (17.0.6+0-b2043.56-10027231), built on Apr 28 2023 00:43:19 by "androidbuild" with MS VC++ 16.10 / 16.11 (VS2019)

END.
