#
# There is insufficient memory for the Java Runtime Environment to continue.
# Native memory allocation (mmap) failed to map 205520896 bytes for G1 virtual space
# Possible reasons:
#   The system is out of physical RAM or swap space
#   The process is running with CompressedOops enabled, and the Java Heap may be blocking the growth of the native heap
# Possible solutions:
#   Reduce memory load on the system
#   Increase physical memory or swap space
#   Check if swap backing store is full
#   Decrease Java heap size (-Xmx/-Xms)
#   Decrease number of Java threads
#   Decrease Java thread stack sizes (-Xss)
#   Set larger code cache with -XX:ReservedCodeCacheSize=
#   JVM is running with Unscaled Compressed Oops mode in which the Java heap is
#     placed in the first 4GB address space. The Java Heap base address is the
#     maximum limit for the native heap growth. Please use -XX:HeapBaseMinAddress
#     to set the Java Heap base and to place the Java Heap above 4GB virtual address.
# This output file may be truncated or incomplete.
#
#  Out of Memory Error (os_windows.cpp:3769), pid=13076, tid=19352
#
# JRE version: OpenJDK Runtime Environment (17.0.6) (build 17.0.6+0-b2043.56-10027231)
# Java VM: OpenJDK 64-Bit Server VM (17.0.6+0-b2043.56-10027231, mixed mode, tiered, compressed oops, compressed class ptrs, g1 gc, windows-amd64)
# No core dump will be written. Minidumps are not enabled by default on client versions of Windows
#

---------------  S U M M A R Y ------------

Command Line: --add-opens=java.base/java.util=ALL-UNNAMED --add-opens=java.base/java.lang=ALL-UNNAMED --add-opens=java.base/java.lang.invoke=ALL-UNNAMED --add-opens=java.prefs/java.util.prefs=ALL-UNNAMED --add-opens=java.base/java.nio.charset=ALL-UNNAMED --add-opens=java.base/java.net=ALL-UNNAMED --add-opens=java.base/java.util.concurrent.atomic=ALL-UNNAMED -Xmx2048m -Dfile.encoding=UTF-8 -Duser.country=FR -Duser.language=fr -Duser.variant org.gradle.launcher.daemon.bootstrap.GradleDaemon 8.0

Host: Intel(R) Core(TM) i7-8565U CPU @ 1.80GHz, 8 cores, 15G,  Windows 11 , 64 bit Build 22621 (10.0.22621.2428)
Time: Wed Oct 25 21:21:03 2023 Maroc (heure d64 bit Build 22621 (10.0.22621.2428) elapsed time: 13.568390 seconds (0d 0h 0m 13s)

---------------  T H R E A D  ---------------

Current thread (0x0000025937034730):  VMThread "VM Thread" [stack: 0x000000c74d600000,0x000000c74d700000] [id=19352]

Stack: [0x000000c74d600000,0x000000c74d700000]
Native frames: (J=compiled Java code, j=interpreted, Vv=VM code, C=native code)
V  [jvm.dll+0x683c9a]
V  [jvm.dll+0x8427a4]
V  [jvm.dll+0x843f9e]
V  [jvm.dll+0x844603]
V  [jvm.dll+0x249b75]
V  [jvm.dll+0x680b69]
V  [jvm.dll+0x67505a]
V  [jvm.dll+0x309acb]
V  [jvm.dll+0x310f86]
V  [jvm.dll+0x3608ee]
V  [jvm.dll+0x360b1f]
V  [jvm.dll+0x2dfbf8]
V  [jvm.dll+0x2ddec4]
V  [jvm.dll+0x2dd4cc]
V  [jvm.dll+0x321f3b]
V  [jvm.dll+0x848ccb]
V  [jvm.dll+0x849a04]
V  [jvm.dll+0x849f1d]
V  [jvm.dll+0x84a2f4]
V  [jvm.dll+0x84a3c0]
V  [jvm.dll+0x7f274a]
V  [jvm.dll+0x682ad5]
C  [ucrtbase.dll+0x29363]
C  [KERNEL32.DLL+0x1257d]
C  [ntdll.dll+0x5aa78]

VM_Operation (0x000000c74eff4700): G1CollectForAllocation, mode: safepoint, requested by thread 0x0000025939db6830


---------------  P R O C E S S  ---------------

Threads class SMR info:
_java_thread_list=0x000002593d614b30, length=125, elements={
0x000002591c71b830, 0x0000025937036240, 0x0000025937036fc0, 0x0000025937091260,
0x0000025937091d20, 0x0000025937094af0, 0x00000259370953b0, 0x0000025937096050,
0x00000259370a1f10, 0x00000259370a4820, 0x0000025937211f10, 0x00000259372123e0,
0x00000259382478f0, 0x0000025937337420, 0x0000025937448a50, 0x00000259385b0a40,
0x00000259397ee5b0, 0x0000025938862410, 0x0000025939db6830, 0x000002593965c190,
0x000002593800aed0, 0x000002593800a060, 0x0000025938008d20, 0x000002593800b3a0,
0x0000025938007eb0, 0x00000259380091f0, 0x0000025938008380, 0x00000259380096c0,
0x0000025938009b90, 0x000002593800a530, 0x000002593d287b40, 0x000002593d2837e0,
0x000002593d288010, 0x000002593d284180, 0x000002593d287670, 0x000002593d2884e0,
0x000002593d283310, 0x000002593d285990, 0x000002593d286330, 0x000002593d2889b0,
0x000002593d289350, 0x000002593d286800, 0x000002593d2854c0, 0x000002593d2871a0,
0x000002593d382910, 0x000002593d385460, 0x000002593d3845f0, 0x000002593d383780,
0x000002593d3832b0, 0x000002593d383c50, 0x000002593d384f90, 0x000002593d384120,
0x000002593d382440, 0x000002593d384ac0, 0x000002593d385930, 0x00000259380079e0,
0x000002593800aa00, 0x0000025939dc3040, 0x0000025939dc0020, 0x0000025939dc39e0,
0x0000025939dc2b70, 0x0000025939dc3510, 0x0000025939dc04f0, 0x0000025939dc21d0,
0x0000025939dc09c0, 0x0000025939dc0e90, 0x0000025939dc1360, 0x0000025939dc1830,
0x0000025939dc1d00, 0x0000025939dc26a0, 0x000002593daa2190, 0x000002593daa3000,
0x000002593daa1cc0, 0x000002593daa51b0, 0x000002593daa34d0, 0x000002593daa2660,
0x000002593daa5b50, 0x000002593daa6e90, 0x000002593daa6020, 0x000002593daa2b30,
0x000002593daa5680, 0x000002593daa64f0, 0x000002593daa39a0, 0x000002593daa1320,
0x000002593daa3e70, 0x000002593daa4340, 0x000002593daa17f0, 0x000002593daa4810,
0x000002593daa4ce0, 0x000002593daa7360, 0x000002593da9ffe0, 0x000002593daa69c0,
0x000002593da9fb10, 0x000002593daa04b0, 0x000002593daa0980, 0x000002593daa0e50,
0x000002593acddb70, 0x000002593ace1a00, 0x000002593acdcd00, 0x000002593acde9e0,
0x000002593acdc360, 0x000002593acdeeb0, 0x000002593acdc830, 0x000002593acdb020,
0x000002593acdf380, 0x000002593acdd1d0, 0x000002593ace01f0, 0x000002593ace0b90,
0x000002593ace1ed0, 0x000002593acdf850, 0x000002593acdb4f0, 0x000002593ace23a0,
0x000002593acdfd20, 0x000002593acdb9c0, 0x000002593acdd6a0, 0x000002593ace06c0,
0x000002593acdbe90, 0x000002593ace1060, 0x000002593acde040, 0x000002593acde510,
0x000002593ace1530, 0x000002593ace2870, 0x000002593e220af0, 0x000002593e2257f0,
0x000002593e221e30
}

Java Threads: ( => current thread )
  0x000002591c71b830 JavaThread "main" [_thread_blocked, id=14084, stack(0x000000c74d000000,0x000000c74d100000)]
  0x0000025937036240 JavaThread "Reference Handler" daemon [_thread_blocked, id=19540, stack(0x000000c74d700000,0x000000c74d800000)]
  0x0000025937036fc0 JavaThread "Finalizer" daemon [_thread_blocked, id=20928, stack(0x000000c74d800000,0x000000c74d900000)]
  0x0000025937091260 JavaThread "Signal Dispatcher" daemon [_thread_blocked, id=11012, stack(0x000000c74d900000,0x000000c74da00000)]
  0x0000025937091d20 JavaThread "Attach Listener" daemon [_thread_blocked, id=20536, stack(0x000000c74da00000,0x000000c74db00000)]
  0x0000025937094af0 JavaThread "Service Thread" daemon [_thread_blocked, id=18560, stack(0x000000c74db00000,0x000000c74dc00000)]
  0x00000259370953b0 JavaThread "Monitor Deflation Thread" daemon [_thread_blocked, id=9264, stack(0x000000c74dc00000,0x000000c74dd00000)]
  0x0000025937096050 JavaThread "C2 CompilerThread0" daemon [_thread_blocked, id=17928, stack(0x000000c74dd00000,0x000000c74de00000)]
  0x00000259370a1f10 JavaThread "C1 CompilerThread0" daemon [_thread_blocked, id=19380, stack(0x000000c74de00000,0x000000c74df00000)]
  0x00000259370a4820 JavaThread "Sweeper thread" daemon [_thread_blocked, id=8608, stack(0x000000c74df00000,0x000000c74e000000)]
  0x0000025937211f10 JavaThread "Common-Cleaner" daemon [_thread_blocked, id=15792, stack(0x000000c74e000000,0x000000c74e100000)]
  0x00000259372123e0 JavaThread "Notification Thread" daemon [_thread_blocked, id=10748, stack(0x000000c74e100000,0x000000c74e200000)]
  0x00000259382478f0 JavaThread "Daemon health stats" [_thread_blocked, id=18340, stack(0x000000c74ea00000,0x000000c74eb00000)]
  0x0000025937337420 JavaThread "Incoming local TCP Connector on port 52075" [_thread_in_native, id=7512, stack(0x000000c74e300000,0x000000c74e400000)]
  0x0000025937448a50 JavaThread "Daemon periodic checks" [_thread_blocked, id=2144, stack(0x000000c74e400000,0x000000c74e500000)]
  0x00000259385b0a40 JavaThread "Daemon" [_thread_blocked, id=13268, stack(0x000000c74ec00000,0x000000c74ed00000)]
  0x00000259397ee5b0 JavaThread "Handler for socket connection from /127.0.0.1:52075 to /127.0.0.1:52076" [_thread_in_native, id=6884, stack(0x000000c74ed00000,0x000000c74ee00000)]
  0x0000025938862410 JavaThread "Cancel handler" [_thread_blocked, id=4820, stack(0x000000c74ee00000,0x000000c74ef00000)]
  0x0000025939db6830 JavaThread "Daemon worker" [_thread_blocked, id=20484, stack(0x000000c74ef00000,0x000000c74f000000)]
  0x000002593965c190 JavaThread "Asynchronous log dispatcher for DefaultDaemonConnection: socket connection from /127.0.0.1:52075 to /127.0.0.1:52076" [_thread_blocked, id=19500, stack(0x000000c74f000000,0x000000c74f100000)]
  0x000002593800aed0 JavaThread "Stdin handler" [_thread_blocked, id=14884, stack(0x000000c74f100000,0x000000c74f200000)]
  0x000002593800a060 JavaThread "Daemon client event forwarder" [_thread_blocked, id=1856, stack(0x000000c74f200000,0x000000c74f300000)]
  0x0000025938008d20 JavaThread "Cache worker for journal cache (C:\Users\hachem safae\.gradle\caches\journal-1)" [_thread_blocked, id=16220, stack(0x000000c74f600000,0x000000c74f700000)]
  0x000002593800b3a0 JavaThread "File lock request listener" [_thread_in_native, id=10316, stack(0x000000c74f700000,0x000000c74f800000)]
  0x0000025938007eb0 JavaThread "Cache worker for file hash cache (C:\Users\hachem safae\.gradle\caches\8.0\fileHashes)" [_thread_blocked, id=6268, stack(0x000000c74f800000,0x000000c74f900000)]
  0x00000259380091f0 JavaThread "File watcher server" daemon [_thread_in_native, id=18964, stack(0x000000c74fa00000,0x000000c74fb00000)]
  0x0000025938008380 JavaThread "File watcher consumer" daemon [_thread_blocked, id=12712, stack(0x000000c74fb00000,0x000000c74fc00000)]
  0x00000259380096c0 JavaThread "jar transforms" [_thread_blocked, id=10964, stack(0x000000c74fc00000,0x000000c74fd00000)]
  0x0000025938009b90 JavaThread "jar transforms Thread 2" [_thread_blocked, id=20948, stack(0x000000c74fd00000,0x000000c74fe00000)]
  0x000002593800a530 JavaThread "jar transforms Thread 3" [_thread_blocked, id=15284, stack(0x000000c74fe00000,0x000000c74ff00000)]
  0x000002593d287b40 JavaThread "jar transforms Thread 4" [_thread_blocked, id=15220, stack(0x000000c74ff00000,0x000000c750000000)]
  0x000002593d2837e0 JavaThread "jar transforms Thread 5" [_thread_blocked, id=9260, stack(0x000000c750000000,0x000000c750100000)]
  0x000002593d288010 JavaThread "jar transforms Thread 6" [_thread_blocked, id=9828, stack(0x000000c750100000,0x000000c750200000)]
  0x000002593d284180 JavaThread "jar transforms Thread 7" [_thread_blocked, id=21020, stack(0x000000c750200000,0x000000c750300000)]
  0x000002593d287670 JavaThread "jar transforms Thread 8" [_thread_blocked, id=21448, stack(0x000000c750300000,0x000000c750400000)]
  0x000002593d2884e0 JavaThread "Cache worker for checksums cache (D:\App_Android studio\Tp_Localisation\.gradle\8.0\checksums)" [_thread_blocked, id=5408, stack(0x000000c750400000,0x000000c750500000)]
  0x000002593d283310 JavaThread "Cache worker for cache directory md-rule (C:\Users\hachem safae\.gradle\caches\8.0\md-rule)" [_thread_blocked, id=6224, stack(0x000000c750500000,0x000000c750600000)]
  0x000002593d285990 JavaThread "Cache worker for file content cache (C:\Users\hachem safae\.gradle\caches\8.0\fileContent)" [_thread_blocked, id=18876, stack(0x000000c750600000,0x000000c750700000)]
  0x000002593d286330 JavaThread "Cache worker for file hash cache (D:\App_Android studio\Tp_Localisation\.gradle\8.0\fileHashes)" [_thread_blocked, id=7912, stack(0x000000c750700000,0x000000c750800000)]
  0x000002593d2889b0 JavaThread "Cache worker for cache directory md-supplier (C:\Users\hachem safae\.gradle\caches\8.0\md-supplier)" [_thread_blocked, id=17752, stack(0x000000c750800000,0x000000c750900000)]
  0x000002593d289350 JavaThread "Cache worker for execution history cache (C:\Users\hachem safae\.gradle\caches\8.0\executionHistory)" [_thread_blocked, id=5648, stack(0x000000c750900000,0x000000c750a00000)]
  0x000002593d286800 JavaThread "Cache worker for kotlin-dsl (C:\Users\hachem safae\.gradle\caches\8.0\kotlin-dsl)" [_thread_blocked, id=20160, stack(0x000000c74f900000,0x000000c74fa00000)]
  0x000002593d2854c0 JavaThread "Cache worker for dependencies-accessors (D:\App_Android studio\Tp_Localisation\.gradle\8.0\dependencies-accessors)" [_thread_blocked, id=7412, stack(0x000000c750b00000,0x000000c750c00000)]
  0x000002593d2871a0 JavaThread "Cache worker for Build Output Cleanup Cache (D:\App_Android studio\Tp_Localisation\.gradle\buildOutputCleanup)" [_thread_blocked, id=14856, stack(0x000000c750c00000,0x000000c750d00000)]
  0x000002593d382910 JavaThread "Unconstrained build operations" [_thread_blocked, id=9944, stack(0x000000c750d00000,0x000000c750e00000)]
  0x000002593d385460 JavaThread "Unconstrained build operations Thread 2" [_thread_blocked, id=20476, stack(0x000000c750e00000,0x000000c750f00000)]
  0x000002593d3845f0 JavaThread "Unconstrained build operations Thread 3" [_thread_blocked, id=1836, stack(0x000000c750f00000,0x000000c751000000)]
  0x000002593d383780 JavaThread "Unconstrained build operations Thread 4" [_thread_blocked, id=18808, stack(0x000000c751000000,0x000000c751100000)]
  0x000002593d3832b0 JavaThread "Unconstrained build operations Thread 5" [_thread_blocked, id=18744, stack(0x000000c751100000,0x000000c751200000)]
  0x000002593d383c50 JavaThread "Unconstrained build operations Thread 6" [_thread_blocked, id=2688, stack(0x000000c751200000,0x000000c751300000)]
  0x000002593d384f90 JavaThread "Unconstrained build operations Thread 7" [_thread_blocked, id=2596, stack(0x000000c751300000,0x000000c751400000)]
  0x000002593d384120 JavaThread "Unconstrained build operations Thread 8" [_thread_blocked, id=18068, stack(0x000000c751400000,0x000000c751500000)]
  0x000002593d382440 JavaThread "Unconstrained build operations Thread 9" [_thread_blocked, id=20016, stack(0x000000c751500000,0x000000c751600000)]
  0x000002593d384ac0 JavaThread "Unconstrained build operations Thread 10" [_thread_blocked, id=8256, stack(0x000000c751600000,0x000000c751700000)]
  0x000002593d385930 JavaThread "Unconstrained build operations Thread 11" [_thread_blocked, id=20644, stack(0x000000c751700000,0x000000c751800000)]
  0x00000259380079e0 JavaThread "Unconstrained build operations Thread 12" [_thread_blocked, id=9640, stack(0x000000c751800000,0x000000c751900000)]
  0x000002593800aa00 JavaThread "Unconstrained build operations Thread 13" [_thread_blocked, id=20064, stack(0x000000c751900000,0x000000c751a00000)]
  0x0000025939dc3040 JavaThread "Unconstrained build operations Thread 14" [_thread_blocked, id=19448, stack(0x000000c751a00000,0x000000c751b00000)]
  0x0000025939dc0020 JavaThread "Unconstrained build operations Thread 15" [_thread_blocked, id=14100, stack(0x000000c751b00000,0x000000c751c00000)]
  0x0000025939dc39e0 JavaThread "Unconstrained build operations Thread 16" [_thread_blocked, id=11424, stack(0x000000c751c00000,0x000000c751d00000)]
  0x0000025939dc2b70 JavaThread "Unconstrained build operations Thread 17" [_thread_blocked, id=4016, stack(0x000000c751d00000,0x000000c751e00000)]
  0x0000025939dc3510 JavaThread "Unconstrained build operations Thread 18" [_thread_blocked, id=17548, stack(0x000000c751e00000,0x000000c751f00000)]
  0x0000025939dc04f0 JavaThread "Unconstrained build operations Thread 19" [_thread_blocked, id=20056, stack(0x000000c751f00000,0x000000c752000000)]
  0x0000025939dc21d0 JavaThread "Unconstrained build operations Thread 20" [_thread_blocked, id=20408, stack(0x000000c752000000,0x000000c752100000)]
  0x0000025939dc09c0 JavaThread "Unconstrained build operations Thread 21" [_thread_blocked, id=19984, stack(0x000000c752100000,0x000000c752200000)]
  0x0000025939dc0e90 JavaThread "Unconstrained build operations Thread 22" [_thread_blocked, id=9096, stack(0x000000c752200000,0x000000c752300000)]
  0x0000025939dc1360 JavaThread "Unconstrained build operations Thread 23" [_thread_blocked, id=18776, stack(0x000000c752300000,0x000000c752400000)]
  0x0000025939dc1830 JavaThread "Unconstrained build operations Thread 24" [_thread_blocked, id=12948, stack(0x000000c752400000,0x000000c752500000)]
  0x0000025939dc1d00 JavaThread "Unconstrained build operations Thread 25" [_thread_blocked, id=16172, stack(0x000000c752500000,0x000000c752600000)]
  0x0000025939dc26a0 JavaThread "Unconstrained build operations Thread 26" [_thread_blocked, id=11404, stack(0x000000c752600000,0x000000c752700000)]
  0x000002593daa2190 JavaThread "Unconstrained build operations Thread 27" [_thread_blocked, id=16660, stack(0x000000c752700000,0x000000c752800000)]
  0x000002593daa3000 JavaThread "Unconstrained build operations Thread 28" [_thread_blocked, id=19928, stack(0x000000c752800000,0x000000c752900000)]
  0x000002593daa1cc0 JavaThread "Unconstrained build operations Thread 29" [_thread_blocked, id=3800, stack(0x000000c752900000,0x000000c752a00000)]
  0x000002593daa51b0 JavaThread "Unconstrained build operations Thread 30" [_thread_blocked, id=21160, stack(0x000000c752a00000,0x000000c752b00000)]
  0x000002593daa34d0 JavaThread "Unconstrained build operations Thread 31" [_thread_blocked, id=11400, stack(0x000000c752b00000,0x000000c752c00000)]
  0x000002593daa2660 JavaThread "Unconstrained build operations Thread 32" [_thread_blocked, id=16628, stack(0x000000c752c00000,0x000000c752d00000)]
  0x000002593daa5b50 JavaThread "Unconstrained build operations Thread 33" [_thread_blocked, id=19512, stack(0x000000c752d00000,0x000000c752e00000)]
  0x000002593daa6e90 JavaThread "Unconstrained build operations Thread 34" [_thread_blocked, id=20816, stack(0x000000c752e00000,0x000000c752f00000)]
  0x000002593daa6020 JavaThread "Unconstrained build operations Thread 35" [_thread_blocked, id=19624, stack(0x000000c752f00000,0x000000c753000000)]
  0x000002593daa2b30 JavaThread "Unconstrained build operations Thread 36" [_thread_blocked, id=10124, stack(0x000000c753000000,0x000000c753100000)]
  0x000002593daa5680 JavaThread "Unconstrained build operations Thread 37" [_thread_blocked, id=10880, stack(0x000000c753100000,0x000000c753200000)]
  0x000002593daa64f0 JavaThread "Unconstrained build operations Thread 38" [_thread_blocked, id=18916, stack(0x000000c753200000,0x000000c753300000)]
  0x000002593daa39a0 JavaThread "Unconstrained build operations Thread 39" [_thread_blocked, id=20792, stack(0x000000c753300000,0x000000c753400000)]
  0x000002593daa1320 JavaThread "Unconstrained build operations Thread 40" [_thread_blocked, id=19760, stack(0x000000c753400000,0x000000c753500000)]
  0x000002593daa3e70 JavaThread "Unconstrained build operations Thread 41" [_thread_blocked, id=14996, stack(0x000000c753500000,0x000000c753600000)]
  0x000002593daa4340 JavaThread "Unconstrained build operations Thread 42" [_thread_blocked, id=18812, stack(0x000000c753600000,0x000000c753700000)]
  0x000002593daa17f0 JavaThread "Unconstrained build operations Thread 43" [_thread_blocked, id=20500, stack(0x000000c753700000,0x000000c753800000)]
  0x000002593daa4810 JavaThread "Unconstrained build operations Thread 44" [_thread_blocked, id=19616, stack(0x000000c753800000,0x000000c753900000)]
  0x000002593daa4ce0 JavaThread "Unconstrained build operations Thread 45" [_thread_blocked, id=1372, stack(0x000000c753900000,0x000000c753a00000)]
  0x000002593daa7360 JavaThread "Unconstrained build operations Thread 46" [_thread_blocked, id=6028, stack(0x000000c753a00000,0x000000c753b00000)]
  0x000002593da9ffe0 JavaThread "Unconstrained build operations Thread 47" [_thread_blocked, id=13236, stack(0x000000c753b00000,0x000000c753c00000)]
  0x000002593daa69c0 JavaThread "Unconstrained build operations Thread 48" [_thread_blocked, id=19784, stack(0x000000c753c00000,0x000000c753d00000)]
  0x000002593da9fb10 JavaThread "Unconstrained build operations Thread 49" [_thread_blocked, id=18184, stack(0x000000c753d00000,0x000000c753e00000)]
  0x000002593daa04b0 JavaThread "Unconstrained build operations Thread 50" [_thread_blocked, id=20456, stack(0x000000c753e00000,0x000000c753f00000)]
  0x000002593daa0980 JavaThread "Unconstrained build operations Thread 51" [_thread_blocked, id=10420, stack(0x000000c753f00000,0x000000c754000000)]
  0x000002593daa0e50 JavaThread "Unconstrained build operations Thread 52" [_thread_blocked, id=14752, stack(0x000000c754000000,0x000000c754100000)]
  0x000002593acddb70 JavaThread "Unconstrained build operations Thread 53" [_thread_blocked, id=8592, stack(0x000000c754100000,0x000000c754200000)]
  0x000002593ace1a00 JavaThread "Unconstrained build operations Thread 54" [_thread_blocked, id=5588, stack(0x000000c754200000,0x000000c754300000)]
  0x000002593acdcd00 JavaThread "Unconstrained build operations Thread 55" [_thread_blocked, id=16656, stack(0x000000c754300000,0x000000c754400000)]
  0x000002593acde9e0 JavaThread "Unconstrained build operations Thread 56" [_thread_blocked, id=8168, stack(0x000000c754400000,0x000000c754500000)]
  0x000002593acdc360 JavaThread "Unconstrained build operations Thread 57" [_thread_blocked, id=21128, stack(0x000000c754500000,0x000000c754600000)]
  0x000002593acdeeb0 JavaThread "Unconstrained build operations Thread 58" [_thread_blocked, id=20508, stack(0x000000c754600000,0x000000c754700000)]
  0x000002593acdc830 JavaThread "Unconstrained build operations Thread 59" [_thread_blocked, id=2208, stack(0x000000c754700000,0x000000c754800000)]
  0x000002593acdb020 JavaThread "Unconstrained build operations Thread 60" [_thread_blocked, id=12084, stack(0x000000c754800000,0x000000c754900000)]
  0x000002593acdf380 JavaThread "Unconstrained build operations Thread 61" [_thread_blocked, id=8284, stack(0x000000c754900000,0x000000c754a00000)]
  0x000002593acdd1d0 JavaThread "Unconstrained build operations Thread 62" [_thread_blocked, id=17920, stack(0x000000c754a00000,0x000000c754b00000)]
  0x000002593ace01f0 JavaThread "Unconstrained build operations Thread 63" [_thread_blocked, id=12996, stack(0x000000c754b00000,0x000000c754c00000)]
  0x000002593ace0b90 JavaThread "Unconstrained build operations Thread 64" [_thread_blocked, id=21016, stack(0x000000c754c00000,0x000000c754d00000)]
  0x000002593ace1ed0 JavaThread "Unconstrained build operations Thread 65" [_thread_blocked, id=12164, stack(0x000000c754d00000,0x000000c754e00000)]
  0x000002593acdf850 JavaThread "Unconstrained build operations Thread 66" [_thread_blocked, id=20184, stack(0x000000c754e00000,0x000000c754f00000)]
  0x000002593acdb4f0 JavaThread "Unconstrained build operations Thread 67" [_thread_blocked, id=19524, stack(0x000000c754f00000,0x000000c755000000)]
  0x000002593ace23a0 JavaThread "Unconstrained build operations Thread 68" [_thread_blocked, id=20668, stack(0x000000c755000000,0x000000c755100000)]
  0x000002593acdfd20 JavaThread "Unconstrained build operations Thread 69" [_thread_blocked, id=8068, stack(0x000000c755100000,0x000000c755200000)]
  0x000002593acdb9c0 JavaThread "Unconstrained build operations Thread 70" [_thread_blocked, id=21484, stack(0x000000c755200000,0x000000c755300000)]
  0x000002593acdd6a0 JavaThread "Unconstrained build operations Thread 71" [_thread_blocked, id=4472, stack(0x000000c755300000,0x000000c755400000)]
  0x000002593ace06c0 JavaThread "Unconstrained build operations Thread 72" [_thread_blocked, id=15076, stack(0x000000c755400000,0x000000c755500000)]
  0x000002593acdbe90 JavaThread "Unconstrained build operations Thread 73" [_thread_blocked, id=12128, stack(0x000000c755500000,0x000000c755600000)]
  0x000002593ace1060 JavaThread "Unconstrained build operations Thread 74" [_thread_blocked, id=20684, stack(0x000000c755600000,0x000000c755700000)]
  0x000002593acde040 JavaThread "Unconstrained build operations Thread 75" [_thread_blocked, id=19536, stack(0x000000c755700000,0x000000c755800000)]
  0x000002593acde510 JavaThread "Unconstrained build operations Thread 76" [_thread_blocked, id=19316, stack(0x000000c755800000,0x000000c755900000)]
  0x000002593ace1530 JavaThread "Unconstrained build operations Thread 77" [_thread_blocked, id=1808, stack(0x000000c755900000,0x000000c755a00000)]
  0x000002593ace2870 JavaThread "Unconstrained build operations Thread 78" [_thread_blocked, id=19808, stack(0x000000c755a00000,0x000000c755b00000)]
  0x000002593e220af0 JavaThread "Unconstrained build operations Thread 79" [_thread_blocked, id=15184, stack(0x000000c755b00000,0x000000c755c00000)]
  0x000002593e2257f0 JavaThread "Unconstrained build operations Thread 80" [_thread_blocked, id=4028, stack(0x000000c755c00000,0x000000c755d00000)]
  0x000002593e221e30 JavaThread "Memory manager" [_thread_blocked, id=12676, stack(0x000000c755d00000,0x000000c755e00000)]

Other Threads:
=>0x0000025937034730 VMThread "VM Thread" [stack: 0x000000c74d600000,0x000000c74d700000] [id=19352]
  0x000002591c798c20 WatcherThread [stack: 0x000000c74e200000,0x000000c74e300000] [id=14744]
  0x000002591c7782c0 GCTaskThread "GC Thread#0" [stack: 0x000000c74d100000,0x000000c74d200000] [id=20228]
  0x0000025937648bb0 GCTaskThread "GC Thread#1" [stack: 0x000000c74e500000,0x000000c74e600000] [id=15796]
  0x0000025937648e60 GCTaskThread "GC Thread#2" [stack: 0x000000c74e600000,0x000000c74e700000] [id=20144]
  0x0000025937649110 GCTaskThread "GC Thread#3" [stack: 0x000000c74e700000,0x000000c74e800000] [id=18156]
  0x0000025937bb6400 GCTaskThread "GC Thread#4" [stack: 0x000000c74e800000,0x000000c74e900000] [id=17544]
  0x0000025937bb66b0 GCTaskThread "GC Thread#5" [stack: 0x000000c74e900000,0x000000c74ea00000] [id=11260]
  0x00000259388628e0 GCTaskThread "GC Thread#6" [stack: 0x000000c74f300000,0x000000c74f400000] [id=21384]
  0x00000259385b1320 GCTaskThread "GC Thread#7" [stack: 0x000000c74f400000,0x000000c74f500000] [id=19912]
  0x000002591c789110 ConcurrentGCThread "G1 Main Marker" [stack: 0x000000c74d200000,0x000000c74d300000] [id=19504]
  0x000002591c789a30 ConcurrentGCThread "G1 Conc#0" [stack: 0x000000c74d300000,0x000000c74d400000] [id=15908]
  0x000002593a2eb450 ConcurrentGCThread "G1 Conc#1" [stack: 0x000000c74f500000,0x000000c74f600000] [id=8908]
  0x000002591c7decb0 ConcurrentGCThread "G1 Refine#0" [stack: 0x000000c74d400000,0x000000c74d500000] [id=20512]
  0x000002593642ac00 ConcurrentGCThread "G1 Service" [stack: 0x000000c74d500000,0x000000c74d600000] [id=19964]

Threads with active compile tasks:

VM state: at safepoint (normal execution)

VM Mutex/Monitor currently owned by a thread:  ([mutex/lock_event])
[0x000002591c716100] Threads_lock - owner thread: 0x0000025937034730
[0x000002591c715ec0] Heap_lock - owner thread: 0x0000025939db6830

Heap address: 0x0000000080000000, size: 2048 MB, Compressed Oops mode: 32-bit

CDS archive(s) not mapped
Compressed class space mapped at: 0x0000000100000000-0x0000000140000000, reserved size: 1073741824
Narrow klass base: 0x0000000000000000, Narrow klass shift: 3, Narrow klass range: 0x140000000

GC Precious Log:
 CPUs: 8 total, 8 available
 Memory: 16194M
 Large Page Support: Disabled
 NUMA Support: Disabled
 Compressed Oops: Enabled (32-bit)
 Heap Region Size: 1M
 Heap Min Capacity: 8M
 Heap Initial Capacity: 254M
 Heap Max Capacity: 2G
 Pre-touch: Disabled
 Parallel Workers: 8
 Concurrent Workers: 2
 Concurrent Refinement Workers: 8
 Periodic GC: Disabled

Heap:
 garbage-first heap   total 260096K, used 131640K [0x0000000080000000, 0x0000000100000000)
  region size 1024K, 5 young (5120K), 5 survivors (5120K)
 Metaspace       used 95488K, committed 96256K, reserved 1138688K
  class space    used 13041K, committed 13376K, reserved 1048576K

Heap Regions: E=young(eden), S=young(survivor), O=old, HS=humongous(starts), HC=humongous(continues), CS=collection set, F=free, OA=open archive, CA=closed archive, TAMS=top-at-mark-start (previous, next)
|   0|0x0000000080000000, 0x0000000080100000, 0x0000000080100000|100%|HS|  |TAMS 0x0000000080100000, 0x0000000080000000| Complete 
|   1|0x0000000080100000, 0x0000000080200000, 0x0000000080200000|100%|HC|  |TAMS 0x0000000080200000, 0x0000000080100000| Complete 
|   2|0x0000000080200000, 0x0000000080300000, 0x0000000080300000|100%|HC|  |TAMS 0x0000000080300000, 0x0000000080200000| Complete 
|   3|0x0000000080300000, 0x0000000080400000, 0x0000000080400000|100%|HC|  |TAMS 0x0000000080400000, 0x0000000080300000| Complete 
|   4|0x0000000080400000, 0x0000000080500000, 0x0000000080500000|100%| O|  |TAMS 0x0000000080500000, 0x0000000080400000| Untracked 
|   5|0x0000000080500000, 0x0000000080600000, 0x0000000080600000|100%| O|  |TAMS 0x0000000080600000, 0x0000000080500000| Untracked 
|   6|0x0000000080600000, 0x0000000080700000, 0x0000000080700000|100%| O|  |TAMS 0x0000000080700000, 0x0000000080600000| Untracked 
|   7|0x0000000080700000, 0x0000000080800000, 0x0000000080800000|100%| O|  |TAMS 0x0000000080800000, 0x0000000080700000| Untracked 
|   8|0x0000000080800000, 0x0000000080900000, 0x0000000080900000|100%| O|  |TAMS 0x0000000080900000, 0x0000000080800000| Untracked 
|   9|0x0000000080900000, 0x0000000080a00000, 0x0000000080a00000|100%| O|  |TAMS 0x0000000080a00000, 0x0000000080900000| Untracked 
|  10|0x0000000080a00000, 0x0000000080b00000, 0x0000000080b00000|100%| O|  |TAMS 0x0000000080b00000, 0x0000000080a00000| Untracked 
|  11|0x0000000080b00000, 0x0000000080c00000, 0x0000000080c00000|100%| O|  |TAMS 0x0000000080c00000, 0x0000000080b00000| Untracked 
|  12|0x0000000080c00000, 0x0000000080d00000, 0x0000000080d00000|100%| O|  |TAMS 0x0000000080d00000, 0x0000000080c00000| Untracked 
|  13|0x0000000080d00000, 0x0000000080e00000, 0x0000000080e00000|100%| O|  |TAMS 0x0000000080e00000, 0x0000000080d00000| Untracked 
|  14|0x0000000080e00000, 0x0000000080f00000, 0x0000000080f00000|100%| O|  |TAMS 0x0000000080f00000, 0x0000000080e00000| Untracked 
|  15|0x0000000080f00000, 0x0000000081000000, 0x0000000081000000|100%| O|  |TAMS 0x0000000081000000, 0x0000000080f00000| Untracked 
|  16|0x0000000081000000, 0x0000000081100000, 0x0000000081100000|100%| O|  |TAMS 0x0000000081100000, 0x0000000081000000| Untracked 
|  17|0x0000000081100000, 0x0000000081200000, 0x0000000081200000|100%| O|  |TAMS 0x0000000081200000, 0x0000000081100000| Untracked 
|  18|0x0000000081200000, 0x0000000081300000, 0x0000000081300000|100%| O|  |TAMS 0x0000000081300000, 0x0000000081200000| Untracked 
|  19|0x0000000081300000, 0x0000000081400000, 0x0000000081400000|100%| O|  |TAMS 0x0000000081400000, 0x0000000081300000| Untracked 
|  20|0x0000000081400000, 0x0000000081500000, 0x0000000081500000|100%| O|  |TAMS 0x0000000081500000, 0x0000000081400000| Untracked 
|  21|0x0000000081500000, 0x0000000081600000, 0x0000000081600000|100%|HS|  |TAMS 0x0000000081600000, 0x0000000081500000| Complete 
|  22|0x0000000081600000, 0x0000000081700000, 0x0000000081700000|100%|HC|  |TAMS 0x0000000081700000, 0x0000000081600000| Complete 
|  23|0x0000000081700000, 0x0000000081800000, 0x0000000081800000|100%|HS|  |TAMS 0x0000000081800000, 0x0000000081700000| Complete 
|  24|0x0000000081800000, 0x0000000081900000, 0x0000000081900000|100%|HC|  |TAMS 0x0000000081900000, 0x0000000081800000| Complete 
|  25|0x0000000081900000, 0x0000000081a00000, 0x0000000081a00000|100%|HC|  |TAMS 0x0000000081a00000, 0x0000000081900000| Complete 
|  26|0x0000000081a00000, 0x0000000081b00000, 0x0000000081b00000|100%|HS|  |TAMS 0x0000000081b00000, 0x0000000081a00000| Complete 
|  27|0x0000000081b00000, 0x0000000081c00000, 0x0000000081c00000|100%|HC|  |TAMS 0x0000000081c00000, 0x0000000081b00000| Complete 
|  28|0x0000000081c00000, 0x0000000081d00000, 0x0000000081d00000|100%|HC|  |TAMS 0x0000000081d00000, 0x0000000081c00000| Complete 
|  29|0x0000000081d00000, 0x0000000081e00000, 0x0000000081e00000|100%| O|  |TAMS 0x0000000081e00000, 0x0000000081d00000| Untracked 
|  30|0x0000000081e00000, 0x0000000081f00000, 0x0000000081f00000|100%| O|  |TAMS 0x0000000081f00000, 0x0000000081e00000| Untracked 
|  31|0x0000000081f00000, 0x0000000082000000, 0x0000000082000000|100%| O|  |TAMS 0x0000000082000000, 0x0000000081f00000| Untracked 
|  32|0x0000000082000000, 0x0000000082100000, 0x0000000082100000|100%|HS|  |TAMS 0x0000000082100000, 0x0000000082000000| Complete 
|  33|0x0000000082100000, 0x0000000082200000, 0x0000000082200000|100%|HC|  |TAMS 0x0000000082200000, 0x0000000082100000| Complete 
|  34|0x0000000082200000, 0x0000000082300000, 0x0000000082300000|100%| O|  |TAMS 0x0000000082300000, 0x0000000082200000| Untracked 
|  35|0x0000000082300000, 0x0000000082400000, 0x0000000082400000|100%| O|  |TAMS 0x0000000082400000, 0x0000000082300000| Untracked 
|  36|0x0000000082400000, 0x0000000082500000, 0x0000000082500000|100%| O|  |TAMS 0x0000000082500000, 0x0000000082400000| Untracked 
|  37|0x0000000082500000, 0x0000000082600000, 0x0000000082600000|100%| O|  |TAMS 0x0000000082600000, 0x0000000082500000| Untracked 
|  38|0x0000000082600000, 0x0000000082700000, 0x0000000082700000|100%| O|  |TAMS 0x0000000082700000, 0x0000000082600000| Untracked 
|  39|0x0000000082700000, 0x0000000082800000, 0x0000000082800000|100%|HS|  |TAMS 0x0000000082800000, 0x0000000082700000| Complete 
|  40|0x0000000082800000, 0x0000000082900000, 0x0000000082900000|100%|HC|  |TAMS 0x0000000082900000, 0x0000000082800000| Complete 
|  41|0x0000000082900000, 0x0000000082a00000, 0x0000000082a00000|100%|HC|  |TAMS 0x0000000082a00000, 0x0000000082900000| Complete 
|  42|0x0000000082a00000, 0x0000000082b00000, 0x0000000082b00000|100%| O|  |TAMS 0x0000000082b00000, 0x0000000082a00000| Untracked 
|  43|0x0000000082b00000, 0x0000000082c00000, 0x0000000082c00000|100%| O|  |TAMS 0x0000000082c00000, 0x0000000082b00000| Untracked 
|  44|0x0000000082c00000, 0x0000000082d00000, 0x0000000082d00000|100%|HS|  |TAMS 0x0000000082d00000, 0x0000000082c00000| Complete 
|  45|0x0000000082d00000, 0x0000000082e00000, 0x0000000082e00000|100%|HC|  |TAMS 0x0000000082e00000, 0x0000000082d00000| Complete 
|  46|0x0000000082e00000, 0x0000000082f00000, 0x0000000082f00000|100%|HC|  |TAMS 0x0000000082f00000, 0x0000000082e00000| Complete 
|  47|0x0000000082f00000, 0x0000000083000000, 0x0000000083000000|100%|HC|  |TAMS 0x0000000083000000, 0x0000000082f00000| Complete 
|  48|0x0000000083000000, 0x0000000083100000, 0x0000000083100000|100%|HC|  |TAMS 0x0000000083100000, 0x0000000083000000| Complete 
|  49|0x0000000083100000, 0x0000000083200000, 0x0000000083200000|100%|HC|  |TAMS 0x0000000083200000, 0x0000000083100000| Complete 
|  50|0x0000000083200000, 0x0000000083300000, 0x0000000083300000|100%|HC|  |TAMS 0x0000000083300000, 0x0000000083200000| Complete 
|  51|0x0000000083300000, 0x0000000083400000, 0x0000000083400000|100%|HC|  |TAMS 0x0000000083400000, 0x0000000083300000| Complete 
|  52|0x0000000083400000, 0x0000000083500000, 0x0000000083500000|100%|HC|  |TAMS 0x0000000083500000, 0x0000000083400000| Complete 
|  53|0x0000000083500000, 0x0000000083600000, 0x0000000083600000|100%|HC|  |TAMS 0x0000000083600000, 0x0000000083500000| Complete 
|  54|0x0000000083600000, 0x0000000083700000, 0x0000000083700000|100%|HC|  |TAMS 0x0000000083700000, 0x0000000083600000| Complete 
|  55|0x0000000083700000, 0x0000000083800000, 0x0000000083800000|100%|HC|  |TAMS 0x0000000083800000, 0x0000000083700000| Complete 
|  56|0x0000000083800000, 0x0000000083900000, 0x0000000083900000|100%|HS|  |TAMS 0x0000000083900000, 0x0000000083800000| Complete 
|  57|0x0000000083900000, 0x0000000083a00000, 0x0000000083a00000|100%|HC|  |TAMS 0x0000000083a00000, 0x0000000083900000| Complete 
|  58|0x0000000083a00000, 0x0000000083b00000, 0x0000000083b00000|100%|HC|  |TAMS 0x0000000083b00000, 0x0000000083a00000| Complete 
|  59|0x0000000083b00000, 0x0000000083c00000, 0x0000000083c00000|100%| O|  |TAMS 0x0000000083c00000, 0x0000000083b00000| Untracked 
|  60|0x0000000083c00000, 0x0000000083d00000, 0x0000000083d00000|100%| O|  |TAMS 0x0000000083d00000, 0x0000000083c00000| Untracked 
|  61|0x0000000083d00000, 0x0000000083e00000, 0x0000000083e00000|100%| O|  |TAMS 0x0000000083e00000, 0x0000000083d00000| Untracked 
|  62|0x0000000083e00000, 0x0000000083f00000, 0x0000000083f00000|100%| O|  |TAMS 0x0000000083f00000, 0x0000000083e00000| Untracked 
|  63|0x0000000083f00000, 0x0000000084000000, 0x0000000084000000|100%| O|  |TAMS 0x0000000084000000, 0x0000000083f00000| Untracked 
|  64|0x0000000084000000, 0x0000000084100000, 0x0000000084100000|100%| O|  |TAMS 0x0000000084100000, 0x0000000084000000| Untracked 
|  65|0x0000000084100000, 0x0000000084200000, 0x0000000084200000|100%| O|  |TAMS 0x0000000084200000, 0x0000000084100000| Untracked 
|  66|0x0000000084200000, 0x0000000084300000, 0x0000000084300000|100%| O|  |TAMS 0x0000000084300000, 0x0000000084200000| Untracked 
|  67|0x0000000084300000, 0x0000000084400000, 0x0000000084400000|100%| O|  |TAMS 0x0000000084300000, 0x0000000084300000| Untracked 
|  68|0x0000000084400000, 0x0000000084500000, 0x0000000084500000|100%| O|  |TAMS 0x0000000084500000, 0x0000000084400000| Untracked 
|  69|0x0000000084500000, 0x0000000084600000, 0x0000000084600000|100%| O|  |TAMS 0x0000000084600000, 0x0000000084500000| Untracked 
|  70|0x0000000084600000, 0x0000000084700000, 0x0000000084700000|100%|HS|  |TAMS 0x0000000084700000, 0x0000000084600000| Complete 
|  71|0x0000000084700000, 0x0000000084800000, 0x0000000084800000|100%|HS|  |TAMS 0x0000000084800000, 0x0000000084700000| Complete 
|  72|0x0000000084800000, 0x0000000084900000, 0x0000000084900000|100%|HS|  |TAMS 0x0000000084900000, 0x0000000084800000| Complete 
|  73|0x0000000084900000, 0x0000000084a00000, 0x0000000084a00000|100%| O|  |TAMS 0x0000000084a00000, 0x0000000084900000| Untracked 
|  74|0x0000000084a00000, 0x0000000084b00000, 0x0000000084b00000|100%| O|  |TAMS 0x0000000084b00000, 0x0000000084a00000| Untracked 
|  75|0x0000000084b00000, 0x0000000084c00000, 0x0000000084c00000|100%| O|  |TAMS 0x0000000084c00000, 0x0000000084b00000| Untracked 
|  76|0x0000000084c00000, 0x0000000084d00000, 0x0000000084d00000|100%| O|  |TAMS 0x0000000084d00000, 0x0000000084c00000| Untracked 
|  77|0x0000000084d00000, 0x0000000084e00000, 0x0000000084e00000|100%| O|  |TAMS 0x0000000084e00000, 0x0000000084d00000| Untracked 
|  78|0x0000000084e00000, 0x0000000084f00000, 0x0000000084f00000|100%| O|  |TAMS 0x0000000084f00000, 0x0000000084e00000| Untracked 
|  79|0x0000000084f00000, 0x0000000085000000, 0x0000000085000000|100%| O|  |TAMS 0x0000000085000000, 0x0000000084f00000| Untracked 
|  80|0x0000000085000000, 0x0000000085100000, 0x0000000085100000|100%| O|  |TAMS 0x0000000085100000, 0x0000000085000000| Untracked 
|  81|0x0000000085100000, 0x0000000085200000, 0x0000000085200000|100%| O|  |TAMS 0x0000000085200000, 0x0000000085100000| Untracked 
|  82|0x0000000085200000, 0x0000000085300000, 0x0000000085300000|100%| O|  |TAMS 0x0000000085300000, 0x0000000085200000| Untracked 
|  83|0x0000000085300000, 0x0000000085400000, 0x0000000085400000|100%| O|  |TAMS 0x0000000085400000, 0x0000000085300000| Untracked 
|  84|0x0000000085400000, 0x0000000085500000, 0x0000000085500000|100%| O|  |TAMS 0x0000000085500000, 0x0000000085400000| Untracked 
|  85|0x0000000085500000, 0x0000000085600000, 0x0000000085600000|100%| O|  |TAMS 0x0000000085600000, 0x0000000085500000| Untracked 
|  86|0x0000000085600000, 0x0000000085700000, 0x0000000085700000|100%| O|  |TAMS 0x0000000085700000, 0x0000000085600000| Untracked 
|  87|0x0000000085700000, 0x0000000085800000, 0x0000000085800000|100%| O|  |TAMS 0x0000000085800000, 0x0000000085700000| Untracked 
|  88|0x0000000085800000, 0x0000000085900000, 0x0000000085900000|100%| O|  |TAMS 0x0000000085900000, 0x0000000085800000| Untracked 
|  89|0x0000000085900000, 0x0000000085a00000, 0x0000000085a00000|100%|HS|  |TAMS 0x0000000085a00000, 0x0000000085900000| Complete 
|  90|0x0000000085a00000, 0x0000000085b00000, 0x0000000085b00000|100%|HC|  |TAMS 0x0000000085b00000, 0x0000000085a00000| Complete 
|  91|0x0000000085b00000, 0x0000000085c00000, 0x0000000085c00000|100%|HC|  |TAMS 0x0000000085c00000, 0x0000000085b00000| Complete 
|  92|0x0000000085c00000, 0x0000000085d00000, 0x0000000085d00000|100%|HC|  |TAMS 0x0000000085d00000, 0x0000000085c00000| Complete 
|  93|0x0000000085d00000, 0x0000000085e00000, 0x0000000085e00000|100%| O|  |TAMS 0x0000000085d00000, 0x0000000085d00000| Untracked 
|  94|0x0000000085e00000, 0x0000000085f00000, 0x0000000085f00000|100%| O|  |TAMS 0x0000000085e00000, 0x0000000085e00000| Untracked 
|  95|0x0000000085f00000, 0x0000000086000000, 0x0000000086000000|100%| O|  |TAMS 0x0000000085f00000, 0x0000000085f00000| Untracked 
|  96|0x0000000086000000, 0x0000000086100000, 0x0000000086100000|100%| O|  |TAMS 0x0000000086000000, 0x0000000086000000| Untracked 
|  97|0x0000000086100000, 0x0000000086200000, 0x0000000086200000|100%| O|  |TAMS 0x0000000086100000, 0x0000000086100000| Untracked 
|  98|0x0000000086200000, 0x0000000086300000, 0x0000000086300000|100%| O|  |TAMS 0x0000000086200000, 0x0000000086200000| Untracked 
|  99|0x0000000086300000, 0x0000000086300000, 0x0000000086400000|  0%| F|  |TAMS 0x0000000086300000, 0x0000000086300000| Untracked 
| 100|0x0000000086400000, 0x0000000086500000, 0x0000000086500000|100%| O|  |TAMS 0x0000000086500000, 0x0000000086400000| Untracked 
| 101|0x0000000086500000, 0x0000000086600000, 0x0000000086600000|100%| O|  |TAMS 0x0000000086600000, 0x0000000086500000| Untracked 
| 102|0x0000000086600000, 0x0000000086700000, 0x0000000086700000|100%| O|  |TAMS 0x0000000086700000, 0x0000000086600000| Untracked 
| 103|0x0000000086700000, 0x0000000086800000, 0x0000000086800000|100%| O|  |TAMS 0x0000000086800000, 0x0000000086700000| Untracked 
| 104|0x0000000086800000, 0x0000000086900000, 0x0000000086900000|100%| O|  |TAMS 0x0000000086900000, 0x0000000086800000| Untracked 
| 105|0x0000000086900000, 0x0000000086a00000, 0x0000000086a00000|100%| O|  |TAMS 0x0000000086a00000, 0x0000000086900000| Untracked 
| 106|0x0000000086a00000, 0x0000000086b00000, 0x0000000086b00000|100%| O|  |TAMS 0x0000000086ac4a00, 0x0000000086a00000| Untracked 
| 107|0x0000000086b00000, 0x0000000086c00000, 0x0000000086c00000|100%| O|  |TAMS 0x0000000086b00000, 0x0000000086b00000| Untracked 
| 108|0x0000000086c00000, 0x0000000086d00000, 0x0000000086d00000|100%| O|  |TAMS 0x0000000086c00000, 0x0000000086c00000| Untracked 
| 109|0x0000000086d00000, 0x0000000086e00000, 0x0000000086e00000|100%| O|  |TAMS 0x0000000086d00000, 0x0000000086d00000| Untracked 
| 110|0x0000000086e00000, 0x0000000086f00000, 0x0000000086f00000|100%| O|  |TAMS 0x0000000086e00000, 0x0000000086e00000| Untracked 
| 111|0x0000000086f00000, 0x0000000087000000, 0x0000000087000000|100%| O|  |TAMS 0x0000000086f00000, 0x0000000086f00000| Untracked 
| 112|0x0000000087000000, 0x0000000087100000, 0x0000000087100000|100%| O|  |TAMS 0x0000000087000000, 0x0000000087000000| Untracked 
| 113|0x0000000087100000, 0x0000000087200000, 0x0000000087200000|100%| O|  |TAMS 0x0000000087100000, 0x0000000087100000| Untracked 
| 114|0x0000000087200000, 0x0000000087300000, 0x0000000087300000|100%| O|  |TAMS 0x0000000087200000, 0x0000000087200000| Untracked 
| 115|0x0000000087300000, 0x0000000087400000, 0x0000000087400000|100%| O|  |TAMS 0x0000000087300000, 0x0000000087300000| Untracked 
| 116|0x0000000087400000, 0x0000000087500000, 0x0000000087500000|100%| O|  |TAMS 0x0000000087400000, 0x0000000087400000| Untracked 
| 117|0x0000000087500000, 0x0000000087600000, 0x0000000087600000|100%| O|  |TAMS 0x0000000087500000, 0x0000000087500000| Untracked 
| 118|0x0000000087600000, 0x00000000876c1400, 0x0000000087700000| 75%| O|  |TAMS 0x0000000087600000, 0x0000000087600000| Untracked 
| 119|0x0000000087700000, 0x0000000087800000, 0x0000000087800000|100%|HS|  |TAMS 0x0000000087700000, 0x0000000087700000| Complete 
| 120|0x0000000087800000, 0x0000000087900000, 0x0000000087900000|100%|HC|  |TAMS 0x0000000087800000, 0x0000000087800000| Complete 
| 121|0x0000000087900000, 0x0000000087a00000, 0x0000000087a00000|100%|HC|  |TAMS 0x0000000087900000, 0x0000000087900000| Complete 
| 122|0x0000000087a00000, 0x0000000087b00000, 0x0000000087b00000|100%|HC|  |TAMS 0x0000000087a00000, 0x0000000087a00000| Complete 
| 123|0x0000000087b00000, 0x0000000087c00000, 0x0000000087c00000|100%|HC|  |TAMS 0x0000000087b00000, 0x0000000087b00000| Complete 
| 124|0x0000000087c00000, 0x0000000087d00000, 0x0000000087d00000|100%|HC|  |TAMS 0x0000000087c00000, 0x0000000087c00000| Complete 
| 125|0x0000000087d00000, 0x0000000087d00000, 0x0000000087e00000|  0%| F|  |TAMS 0x0000000087d00000, 0x0000000087d00000| Untracked 
| 126|0x0000000087e00000, 0x0000000087e00000, 0x0000000087f00000|  0%| F|  |TAMS 0x0000000087e00000, 0x0000000087e00000| Untracked 
| 127|0x0000000087f00000, 0x0000000087f00000, 0x0000000088000000|  0%| F|  |TAMS 0x0000000087f00000, 0x0000000087f00000| Untracked 
| 128|0x0000000088000000, 0x0000000088000000, 0x0000000088100000|  0%| F|  |TAMS 0x0000000088000000, 0x0000000088000000| Untracked 
| 129|0x0000000088100000, 0x0000000088100000, 0x0000000088200000|  0%| F|  |TAMS 0x0000000088100000, 0x0000000088100000| Untracked 
| 130|0x0000000088200000, 0x0000000088200000, 0x0000000088300000|  0%| F|  |TAMS 0x0000000088200000, 0x0000000088200000| Untracked 
| 131|0x0000000088300000, 0x0000000088300000, 0x0000000088400000|  0%| F|  |TAMS 0x0000000088300000, 0x0000000088300000| Untracked 
| 132|0x0000000088400000, 0x0000000088400000, 0x0000000088500000|  0%| F|  |TAMS 0x0000000088400000, 0x0000000088400000| Untracked 
| 133|0x0000000088500000, 0x0000000088500000, 0x0000000088600000|  0%| F|  |TAMS 0x0000000088500000, 0x0000000088500000| Untracked 
| 134|0x0000000088600000, 0x0000000088600000, 0x0000000088700000|  0%| F|  |TAMS 0x0000000088600000, 0x0000000088600000| Untracked 
| 135|0x0000000088700000, 0x0000000088700000, 0x0000000088800000|  0%| F|  |TAMS 0x0000000088700000, 0x0000000088700000| Untracked 
| 136|0x0000000088800000, 0x0000000088800000, 0x0000000088900000|  0%| F|  |TAMS 0x0000000088800000, 0x0000000088800000| Untracked 
| 137|0x0000000088900000, 0x0000000088900000, 0x0000000088a00000|  0%| F|  |TAMS 0x0000000088900000, 0x0000000088900000| Untracked 
| 138|0x0000000088a00000, 0x0000000088a00000, 0x0000000088b00000|  0%| F|  |TAMS 0x0000000088a00000, 0x0000000088a00000| Untracked 
| 139|0x0000000088b00000, 0x0000000088b00000, 0x0000000088c00000|  0%| F|  |TAMS 0x0000000088b00000, 0x0000000088b00000| Untracked 
| 140|0x0000000088c00000, 0x0000000088c00000, 0x0000000088d00000|  0%| F|  |TAMS 0x0000000088c00000, 0x0000000088c00000| Untracked 
| 141|0x0000000088d00000, 0x0000000088d00000, 0x0000000088e00000|  0%| F|  |TAMS 0x0000000088d00000, 0x0000000088d00000| Untracked 
| 142|0x0000000088e00000, 0x0000000088e00000, 0x0000000088f00000|  0%| F|  |TAMS 0x0000000088e00000, 0x0000000088e00000| Untracked 
| 143|0x0000000088f00000, 0x0000000088f00000, 0x0000000089000000|  0%| F|  |TAMS 0x0000000088f00000, 0x0000000088f00000| Untracked 
| 144|0x0000000089000000, 0x0000000089000000, 0x0000000089100000|  0%| F|  |TAMS 0x0000000089000000, 0x0000000089000000| Untracked 
| 145|0x0000000089100000, 0x0000000089100000, 0x0000000089200000|  0%| F|  |TAMS 0x0000000089100000, 0x0000000089100000| Untracked 
| 146|0x0000000089200000, 0x0000000089200000, 0x0000000089300000|  0%| F|  |TAMS 0x0000000089200000, 0x0000000089200000| Untracked 
| 147|0x0000000089300000, 0x0000000089300000, 0x0000000089400000|  0%| F|  |TAMS 0x0000000089300000, 0x0000000089300000| Untracked 
| 148|0x0000000089400000, 0x0000000089400000, 0x0000000089500000|  0%| F|  |TAMS 0x0000000089400000, 0x0000000089400000| Untracked 
| 149|0x0000000089500000, 0x0000000089500000, 0x0000000089600000|  0%| F|  |TAMS 0x0000000089500000, 0x0000000089500000| Untracked 
| 150|0x0000000089600000, 0x0000000089600000, 0x0000000089700000|  0%| F|  |TAMS 0x0000000089600000, 0x0000000089600000| Untracked 
| 151|0x0000000089700000, 0x0000000089700000, 0x0000000089800000|  0%| F|  |TAMS 0x0000000089700000, 0x0000000089700000| Untracked 
| 152|0x0000000089800000, 0x0000000089800000, 0x0000000089900000|  0%| F|  |TAMS 0x0000000089800000, 0x0000000089800000| Untracked 
| 153|0x0000000089900000, 0x0000000089900000, 0x0000000089a00000|  0%| F|  |TAMS 0x0000000089900000, 0x0000000089900000| Untracked 
| 154|0x0000000089a00000, 0x0000000089a00000, 0x0000000089b00000|  0%| F|  |TAMS 0x0000000089a00000, 0x0000000089a00000| Untracked 
| 155|0x0000000089b00000, 0x0000000089b00000, 0x0000000089c00000|  0%| F|  |TAMS 0x0000000089b00000, 0x0000000089b00000| Untracked 
| 156|0x0000000089c00000, 0x0000000089c00000, 0x0000000089d00000|  0%| F|  |TAMS 0x0000000089c00000, 0x0000000089c00000| Untracked 
| 157|0x0000000089d00000, 0x0000000089d00000, 0x0000000089e00000|  0%| F|  |TAMS 0x0000000089d00000, 0x0000000089d00000| Untracked 
| 158|0x0000000089e00000, 0x0000000089e00000, 0x0000000089f00000|  0%| F|  |TAMS 0x0000000089e00000, 0x0000000089e00000| Untracked 
| 159|0x0000000089f00000, 0x0000000089fccd80, 0x000000008a000000| 80%| S|CS|TAMS 0x0000000089f00000, 0x0000000089f00000| Complete 
| 160|0x000000008a000000, 0x000000008a100000, 0x000000008a100000|100%| S|CS|TAMS 0x000000008a000000, 0x000000008a000000| Complete 
| 161|0x000000008a100000, 0x000000008a200000, 0x000000008a200000|100%| S|CS|TAMS 0x000000008a100000, 0x000000008a100000| Complete 
| 162|0x000000008a200000, 0x000000008a300000, 0x000000008a300000|100%| S|CS|TAMS 0x000000008a200000, 0x000000008a200000| Complete 
| 163|0x000000008a300000, 0x000000008a400000, 0x000000008a400000|100%| S|CS|TAMS 0x000000008a300000, 0x000000008a300000| Complete 
| 164|0x000000008a400000, 0x000000008a400000, 0x000000008a500000|  0%| F|  |TAMS 0x000000008a400000, 0x000000008a400000| Untracked 
| 165|0x000000008a500000, 0x000000008a500000, 0x000000008a600000|  0%| F|  |TAMS 0x000000008a500000, 0x000000008a500000| Untracked 
| 166|0x000000008a600000, 0x000000008a600000, 0x000000008a700000|  0%| F|  |TAMS 0x000000008a600000, 0x000000008a600000| Untracked 
| 167|0x000000008a700000, 0x000000008a700000, 0x000000008a800000|  0%| F|  |TAMS 0x000000008a700000, 0x000000008a700000| Untracked 
| 168|0x000000008a800000, 0x000000008a800000, 0x000000008a900000|  0%| F|  |TAMS 0x000000008a800000, 0x000000008a800000| Untracked 
| 169|0x000000008a900000, 0x000000008a900000, 0x000000008aa00000|  0%| F|  |TAMS 0x000000008a900000, 0x000000008a900000| Untracked 
| 170|0x000000008aa00000, 0x000000008aa00000, 0x000000008ab00000|  0%| F|  |TAMS 0x000000008aa00000, 0x000000008aa00000| Untracked 
| 171|0x000000008ab00000, 0x000000008ab00000, 0x000000008ac00000|  0%| F|  |TAMS 0x000000008ab00000, 0x000000008ab00000| Untracked 
| 172|0x000000008ac00000, 0x000000008ac00000, 0x000000008ad00000|  0%| F|  |TAMS 0x000000008ac00000, 0x000000008ac00000| Untracked 
| 173|0x000000008ad00000, 0x000000008ad00000, 0x000000008ae00000|  0%| F|  |TAMS 0x000000008ad00000, 0x000000008ad00000| Untracked 
| 174|0x000000008ae00000, 0x000000008ae00000, 0x000000008af00000|  0%| F|  |TAMS 0x000000008ae00000, 0x000000008ae00000| Untracked 
| 175|0x000000008af00000, 0x000000008af00000, 0x000000008b000000|  0%| F|  |TAMS 0x000000008af00000, 0x000000008af00000| Untracked 
| 176|0x000000008b000000, 0x000000008b000000, 0x000000008b100000|  0%| F|  |TAMS 0x000000008b000000, 0x000000008b000000| Untracked 
| 177|0x000000008b100000, 0x000000008b100000, 0x000000008b200000|  0%| F|  |TAMS 0x000000008b100000, 0x000000008b100000| Untracked 
| 178|0x000000008b200000, 0x000000008b200000, 0x000000008b300000|  0%| F|  |TAMS 0x000000008b200000, 0x000000008b200000| Untracked 
| 179|0x000000008b300000, 0x000000008b300000, 0x000000008b400000|  0%| F|  |TAMS 0x000000008b300000, 0x000000008b300000| Untracked 
| 180|0x000000008b400000, 0x000000008b400000, 0x000000008b500000|  0%| F|  |TAMS 0x000000008b400000, 0x000000008b400000| Untracked 
| 181|0x000000008b500000, 0x000000008b500000, 0x000000008b600000|  0%| F|  |TAMS 0x000000008b500000, 0x000000008b500000| Untracked 
| 182|0x000000008b600000, 0x000000008b600000, 0x000000008b700000|  0%| F|  |TAMS 0x000000008b600000, 0x000000008b600000| Untracked 
| 183|0x000000008b700000, 0x000000008b700000, 0x000000008b800000|  0%| F|  |TAMS 0x000000008b700000, 0x000000008b700000| Untracked 
| 184|0x000000008b800000, 0x000000008b800000, 0x000000008b900000|  0%| F|  |TAMS 0x000000008b800000, 0x000000008b800000| Untracked 
| 185|0x000000008b900000, 0x000000008b900000, 0x000000008ba00000|  0%| F|  |TAMS 0x000000008b900000, 0x000000008b900000| Untracked 
| 186|0x000000008ba00000, 0x000000008ba00000, 0x000000008bb00000|  0%| F|  |TAMS 0x000000008ba00000, 0x000000008ba00000| Untracked 
| 187|0x000000008bb00000, 0x000000008bb00000, 0x000000008bc00000|  0%| F|  |TAMS 0x000000008bb00000, 0x000000008bb00000| Untracked 
| 188|0x000000008bc00000, 0x000000008bc00000, 0x000000008bd00000|  0%| F|  |TAMS 0x000000008bc00000, 0x000000008bc00000| Untracked 
| 189|0x000000008bd00000, 0x000000008bd00000, 0x000000008be00000|  0%| F|  |TAMS 0x000000008bd00000, 0x000000008bd00000| Untracked 
| 190|0x000000008be00000, 0x000000008be00000, 0x000000008bf00000|  0%| F|  |TAMS 0x000000008be00000, 0x000000008be00000| Untracked 
| 191|0x000000008bf00000, 0x000000008bf00000, 0x000000008c000000|  0%| F|  |TAMS 0x000000008bf00000, 0x000000008bf00000| Untracked 
| 192|0x000000008c000000, 0x000000008c000000, 0x000000008c100000|  0%| F|  |TAMS 0x000000008c000000, 0x000000008c000000| Untracked 
| 193|0x000000008c100000, 0x000000008c100000, 0x000000008c200000|  0%| F|  |TAMS 0x000000008c100000, 0x000000008c100000| Untracked 
| 194|0x000000008c200000, 0x000000008c200000, 0x000000008c300000|  0%| F|  |TAMS 0x000000008c200000, 0x000000008c200000| Untracked 
| 195|0x000000008c300000, 0x000000008c300000, 0x000000008c400000|  0%| F|  |TAMS 0x000000008c300000, 0x000000008c300000| Untracked 
| 196|0x000000008c400000, 0x000000008c400000, 0x000000008c500000|  0%| F|  |TAMS 0x000000008c400000, 0x000000008c400000| Untracked 
| 197|0x000000008c500000, 0x000000008c500000, 0x000000008c600000|  0%| F|  |TAMS 0x000000008c500000, 0x000000008c500000| Untracked 
| 198|0x000000008c600000, 0x000000008c600000, 0x000000008c700000|  0%| F|  |TAMS 0x000000008c600000, 0x000000008c600000| Untracked 
| 199|0x000000008c700000, 0x000000008c700000, 0x000000008c800000|  0%| F|  |TAMS 0x000000008c700000, 0x000000008c700000| Untracked 
| 200|0x000000008c800000, 0x000000008c800000, 0x000000008c900000|  0%| F|  |TAMS 0x000000008c800000, 0x000000008c800000| Untracked 
| 201|0x000000008c900000, 0x000000008c900000, 0x000000008ca00000|  0%| F|  |TAMS 0x000000008c900000, 0x000000008c900000| Untracked 
| 202|0x000000008ca00000, 0x000000008ca00000, 0x000000008cb00000|  0%| F|  |TAMS 0x000000008ca00000, 0x000000008ca00000| Untracked 
| 203|0x000000008cb00000, 0x000000008cb00000, 0x000000008cc00000|  0%| F|  |TAMS 0x000000008cb00000, 0x000000008cb00000| Untracked 
| 204|0x000000008cc00000, 0x000000008cc00000, 0x000000008cd00000|  0%| F|  |TAMS 0x000000008cc00000, 0x000000008cc00000| Untracked 
| 205|0x000000008cd00000, 0x000000008cd00000, 0x000000008ce00000|  0%| F|  |TAMS 0x000000008cd00000, 0x000000008cd00000| Untracked 
| 206|0x000000008ce00000, 0x000000008ce00000, 0x000000008cf00000|  0%| F|  |TAMS 0x000000008ce00000, 0x000000008ce00000| Untracked 
| 207|0x000000008cf00000, 0x000000008cf00000, 0x000000008d000000|  0%| F|  |TAMS 0x000000008cf00000, 0x000000008cf00000| Untracked 
| 208|0x000000008d000000, 0x000000008d000000, 0x000000008d100000|  0%| F|  |TAMS 0x000000008d000000, 0x000000008d000000| Untracked 
| 209|0x000000008d100000, 0x000000008d100000, 0x000000008d200000|  0%| F|  |TAMS 0x000000008d100000, 0x000000008d100000| Untracked 
| 210|0x000000008d200000, 0x000000008d200000, 0x000000008d300000|  0%| F|  |TAMS 0x000000008d200000, 0x000000008d200000| Untracked 
| 211|0x000000008d300000, 0x000000008d300000, 0x000000008d400000|  0%| F|  |TAMS 0x000000008d300000, 0x000000008d300000| Untracked 
| 212|0x000000008d400000, 0x000000008d400000, 0x000000008d500000|  0%| F|  |TAMS 0x000000008d400000, 0x000000008d400000| Untracked 
| 213|0x000000008d500000, 0x000000008d500000, 0x000000008d600000|  0%| F|  |TAMS 0x000000008d500000, 0x000000008d500000| Untracked 
| 214|0x000000008d600000, 0x000000008d600000, 0x000000008d700000|  0%| F|  |TAMS 0x000000008d600000, 0x000000008d600000| Untracked 
| 215|0x000000008d700000, 0x000000008d700000, 0x000000008d800000|  0%| F|  |TAMS 0x000000008d700000, 0x000000008d700000| Untracked 
| 216|0x000000008d800000, 0x000000008d800000, 0x000000008d900000|  0%| F|  |TAMS 0x000000008d800000, 0x000000008d800000| Untracked 
| 217|0x000000008d900000, 0x000000008d900000, 0x000000008da00000|  0%| F|  |TAMS 0x000000008d900000, 0x000000008d900000| Untracked 
| 218|0x000000008da00000, 0x000000008da00000, 0x000000008db00000|  0%| F|  |TAMS 0x000000008da00000, 0x000000008da00000| Untracked 
| 219|0x000000008db00000, 0x000000008db00000, 0x000000008dc00000|  0%| F|  |TAMS 0x000000008db00000, 0x000000008db00000| Untracked 
| 220|0x000000008dc00000, 0x000000008dc00000, 0x000000008dd00000|  0%| F|  |TAMS 0x000000008dc00000, 0x000000008dc00000| Untracked 
| 221|0x000000008dd00000, 0x000000008dd00000, 0x000000008de00000|  0%| F|  |TAMS 0x000000008dd00000, 0x000000008dd00000| Untracked 
| 222|0x000000008de00000, 0x000000008de00000, 0x000000008df00000|  0%| F|  |TAMS 0x000000008de00000, 0x000000008de00000| Untracked 
| 223|0x000000008df00000, 0x000000008df00000, 0x000000008e000000|  0%| F|  |TAMS 0x000000008df00000, 0x000000008df00000| Untracked 
| 224|0x000000008e000000, 0x000000008e000000, 0x000000008e100000|  0%| F|  |TAMS 0x000000008e000000, 0x000000008e000000| Untracked 
| 225|0x000000008e100000, 0x000000008e100000, 0x000000008e200000|  0%| F|  |TAMS 0x000000008e100000, 0x000000008e100000| Untracked 
| 226|0x000000008e200000, 0x000000008e200000, 0x000000008e300000|  0%| F|  |TAMS 0x000000008e200000, 0x000000008e200000| Untracked 
| 227|0x000000008e300000, 0x000000008e300000, 0x000000008e400000|  0%| F|  |TAMS 0x000000008e300000, 0x000000008e300000| Untracked 
| 228|0x000000008e400000, 0x000000008e400000, 0x000000008e500000|  0%| F|  |TAMS 0x000000008e400000, 0x000000008e400000| Untracked 
| 229|0x000000008e500000, 0x000000008e500000, 0x000000008e600000|  0%| F|  |TAMS 0x000000008e500000, 0x000000008e500000| Untracked 
| 230|0x000000008e600000, 0x000000008e600000, 0x000000008e700000|  0%| F|  |TAMS 0x000000008e600000, 0x000000008e600000| Untracked 
| 231|0x000000008e700000, 0x000000008e700000, 0x000000008e800000|  0%| F|  |TAMS 0x000000008e700000, 0x000000008e700000| Untracked 
| 232|0x000000008e800000, 0x000000008e800000, 0x000000008e900000|  0%| F|  |TAMS 0x000000008e800000, 0x000000008e800000| Untracked 
| 233|0x000000008e900000, 0x000000008e900000, 0x000000008ea00000|  0%| F|  |TAMS 0x000000008e900000, 0x000000008e900000| Untracked 
| 234|0x000000008ea00000, 0x000000008ea00000, 0x000000008eb00000|  0%| F|  |TAMS 0x000000008ea00000, 0x000000008ea00000| Untracked 
| 235|0x000000008eb00000, 0x000000008eb00000, 0x000000008ec00000|  0%| F|  |TAMS 0x000000008eb00000, 0x000000008eb00000| Untracked 
| 236|0x000000008ec00000, 0x000000008ec00000, 0x000000008ed00000|  0%| F|  |TAMS 0x000000008ec00000, 0x000000008ec00000| Untracked 
| 237|0x000000008ed00000, 0x000000008ed00000, 0x000000008ee00000|  0%| F|  |TAMS 0x000000008ed00000, 0x000000008ed00000| Untracked 
| 238|0x000000008ee00000, 0x000000008ee00000, 0x000000008ef00000|  0%| F|  |TAMS 0x000000008ee00000, 0x000000008ee00000| Untracked 
| 239|0x000000008ef00000, 0x000000008ef00000, 0x000000008f000000|  0%| F|  |TAMS 0x000000008ef00000, 0x000000008ef00000| Untracked 
| 240|0x000000008f000000, 0x000000008f000000, 0x000000008f100000|  0%| F|  |TAMS 0x000000008f000000, 0x000000008f000000| Untracked 
| 241|0x000000008f100000, 0x000000008f100000, 0x000000008f200000|  0%| F|  |TAMS 0x000000008f100000, 0x000000008f100000| Untracked 
| 242|0x000000008f200000, 0x000000008f200000, 0x000000008f300000|  0%| F|  |TAMS 0x000000008f200000, 0x000000008f200000| Untracked 
| 243|0x000000008f300000, 0x000000008f300000, 0x000000008f400000|  0%| F|  |TAMS 0x000000008f300000, 0x000000008f300000| Untracked 
| 244|0x000000008f400000, 0x000000008f400000, 0x000000008f500000|  0%| F|  |TAMS 0x000000008f400000, 0x000000008f400000| Untracked 
| 245|0x000000008f500000, 0x000000008f500000, 0x000000008f600000|  0%| F|  |TAMS 0x000000008f500000, 0x000000008f500000| Untracked 
| 246|0x000000008f600000, 0x000000008f600000, 0x000000008f700000|  0%| F|  |TAMS 0x000000008f600000, 0x000000008f600000| Untracked 
| 247|0x000000008f700000, 0x000000008f700000, 0x000000008f800000|  0%| F|  |TAMS 0x000000008f700000, 0x000000008f700000| Untracked 
| 248|0x000000008f800000, 0x000000008f800000, 0x000000008f900000|  0%| F|  |TAMS 0x000000008f800000, 0x000000008f800000| Untracked 
| 249|0x000000008f900000, 0x000000008f900000, 0x000000008fa00000|  0%| F|  |TAMS 0x000000008f900000, 0x000000008f900000| Untracked 
| 250|0x000000008fa00000, 0x000000008fa00000, 0x000000008fb00000|  0%| F|  |TAMS 0x000000008fa00000, 0x000000008fa00000| Untracked 
| 251|0x000000008fb00000, 0x000000008fb00000, 0x000000008fc00000|  0%| F|  |TAMS 0x000000008fb00000, 0x000000008fb00000| Untracked 
| 252|0x000000008fc00000, 0x000000008fc00000, 0x000000008fd00000|  0%| F|  |TAMS 0x000000008fc00000, 0x000000008fc00000| Untracked 
| 253|0x000000008fd00000, 0x000000008fd00000, 0x000000008fe00000|  0%| F|  |TAMS 0x000000008fd00000, 0x000000008fd00000| Untracked 

Card table byte_map: [0x000002592f320000,0x000002592f720000] _byte_map_base: 0x000002592ef20000

Marking Bits (Prev, Next): (CMBitMap*) 0x000002591c7787e0, (CMBitMap*) 0x000002591c778820
 Prev Bits: [0x000002592fb20000, 0x0000025931b20000)
 Next Bits: [0x0000025931b20000, 0x0000025933b20000)

Polling page: 0x000002591bee0000

Metaspace:

Usage:
  Non-class:     80.51 MB used.
      Class:     12.74 MB used.
       Both:     93.25 MB used.

Virtual space:
  Non-class space:       88.00 MB reserved,      80.94 MB ( 92%) committed,  11 nodes.
      Class space:        1.00 GB reserved,      13.06 MB (  1%) committed,  1 nodes.
             Both:        1.09 GB reserved,      94.00 MB (  8%) committed. 

Chunk freelists:
   Non-Class:  2.78 MB
       Class:  2.97 MB
        Both:  5.75 MB

MaxMetaspaceSize: unlimited
CompressedClassSpaceSize: 1.00 GB
Initial GC threshold: 21.00 MB
Current GC threshold: 146.19 MB
CDS: off
MetaspaceReclaimPolicy: balanced
 - commit_granule_bytes: 65536.
 - commit_granule_words: 8192.
 - virtual_space_node_default_size: 1048576.
 - enlarge_chunks_in_place: 1.
 - new_chunks_are_fully_committed: 0.
 - uncommit_free_chunks: 1.
 - use_allocation_guard: 0.
 - handle_deallocations: 1.


Internal statistics:

num_allocs_failed_limit: 6.
num_arena_births: 912.
num_arena_deaths: 0.
num_vsnodes_births: 12.
num_vsnodes_deaths: 0.
num_space_committed: 1503.
num_space_uncommitted: 0.
num_chunks_returned_to_freelist: 6.
num_chunks_taken_from_freelist: 4171.
num_chunk_merges: 3.
num_chunk_splits: 2964.
num_chunks_enlarged: 2198.
num_purges: 0.
num_inconsistent_stats: 0.

CodeHeap 'non-profiled nmethods': size=120000Kb used=4739Kb max_used=4739Kb free=115260Kb
 bounds [0x00000259276b0000, 0x0000025927b60000, 0x000002592ebe0000]
CodeHeap 'profiled nmethods': size=120000Kb used=15006Kb max_used=15006Kb free=104993Kb
 bounds [0x000002591fbe0000, 0x0000025920a90000, 0x0000025927110000]
CodeHeap 'non-nmethods': size=5760Kb used=2397Kb max_used=2498Kb free=3362Kb
 bounds [0x0000025927110000, 0x0000025927390000, 0x00000259276b0000]
 total_blobs=8610 nmethods=7675 adapters=847
 compilation: enabled
              stopped_count=0, restarted_count=0
 full_count=0

Compilation events (20 events):
Event: 13.467 Thread 0x00000259370a1f10 8455       1       org.jetbrains.kotlin.container.ClassInfo::getRegistrations (5 bytes)
Event: 13.467 Thread 0x00000259370a1f10 nmethod 8455 0x0000025927b50190 code [0x0000025927b50320, 0x0000025927b503f8]
Event: 13.467 Thread 0x00000259370a1f10 8456       3       org.jetbrains.kotlin.com.intellij.util.SmartList::get (28 bytes)
Event: 13.467 Thread 0x00000259370a1f10 nmethod 8456 0x0000025920a7f910 code [0x0000025920a7fae0, 0x0000025920a7fe28]
Event: 13.467 Thread 0x00000259370a1f10 8458       1       kotlin.collections.EmptyIterator::hasNext (2 bytes)
Event: 13.467 Thread 0x00000259370a1f10 nmethod 8458 0x0000025927b50490 code [0x0000025927b50620, 0x0000025927b506f8]
Event: 13.467 Thread 0x00000259370a1f10 8457       1       org.jetbrains.kotlin.com.intellij.util.SmartList::asElement (5 bytes)
Event: 13.467 Thread 0x00000259370a1f10 nmethod 8457 0x0000025927b50790 code [0x0000025927b50920, 0x0000025927b509f8]
Event: 13.467 Thread 0x00000259370a1f10 8459       3       kotlin.collections.EmptyList::iterator (7 bytes)
Event: 13.467 Thread 0x00000259370a1f10 nmethod 8459 0x0000025920a7ff90 code [0x0000025920a80120, 0x0000025920a80238]
Event: 13.467 Thread 0x00000259370a1f10 8460       1       org.jetbrains.kotlin.container.ComponentDescriptor::getShouldInjectProperties (2 bytes)
Event: 13.468 Thread 0x00000259370a1f10 nmethod 8460 0x0000025927b50a90 code [0x0000025927b50c20, 0x0000025927b50cf8]
Event: 13.542 Thread 0x00000259370a1f10 8461       3       org.jetbrains.kotlin.container.CacheKt::getSetterInfos (154 bytes)
Event: 13.544 Thread 0x00000259370a1f10 nmethod 8461 0x0000025920a80310 code [0x0000025920a80960, 0x0000025920a83b98]
Event: 13.544 Thread 0x00000259370a1f10 8462       3       org.jetbrains.kotlin.com.intellij.util.SmartList::<init> (5 bytes)
Event: 13.544 Thread 0x00000259370a1f10 nmethod 8462 0x0000025920a84d90 code [0x0000025920a84f40, 0x0000025920a85178]
Event: 13.556 Thread 0x00000259370a1f10 8463       3       java.lang.reflect.Constructor::getGenericParameterTypes (5 bytes)
Event: 13.557 Thread 0x00000259370a1f10 nmethod 8463 0x0000025920a85290 code [0x0000025920a85520, 0x0000025920a864b8]
Event: 13.559 Thread 0x00000259370a1f10 8464       3       kotlin.reflect.jvm.internal.CachesKt::getOrCreateKotlinClass (23 bytes)
Event: 13.560 Thread 0x00000259370a1f10 nmethod 8464 0x0000025920a86910 code [0x0000025920a86ba0, 0x0000025920a87678]

GC Heap History (20 events):
Event: 8.632 GC heap after
{Heap after GC invocations=26 (full 0):
 garbage-first heap   total 147456K, used 88050K [0x0000000080000000, 0x0000000100000000)
  region size 1024K, 4 young (4096K), 4 survivors (4096K)
 Metaspace       used 70506K, committed 71232K, reserved 1114112K
  class space    used 9915K, committed 10240K, reserved 1048576K
}
Event: 8.670 GC heap before
{Heap before GC invocations=26 (full 0):
 garbage-first heap   total 147456K, used 91122K [0x0000000080000000, 0x0000000100000000)
  region size 1024K, 7 young (7168K), 4 survivors (4096K)
 Metaspace       used 70834K, committed 71552K, reserved 1114112K
  class space    used 9977K, committed 10304K, reserved 1048576K
}
Event: 8.675 GC heap after
{Heap after GC invocations=27 (full 0):
 garbage-first heap   total 177152K, used 88296K [0x0000000080000000, 0x0000000100000000)
  region size 1024K, 1 young (1024K), 1 survivors (1024K)
 Metaspace       used 70834K, committed 71552K, reserved 1114112K
  class space    used 9977K, committed 10304K, reserved 1048576K
}
Event: 9.591 GC heap before
{Heap before GC invocations=27 (full 0):
 garbage-first heap   total 177152K, used 130280K [0x0000000080000000, 0x0000000100000000)
  region size 1024K, 42 young (43008K), 1 survivors (1024K)
 Metaspace       used 75247K, committed 75968K, reserved 1114112K
  class space    used 10558K, committed 10880K, reserved 1048576K
}
Event: 9.597 GC heap after
{Heap after GC invocations=28 (full 0):
 garbage-first heap   total 177152K, used 90363K [0x0000000080000000, 0x0000000100000000)
  region size 1024K, 3 young (3072K), 3 survivors (3072K)
 Metaspace       used 75247K, committed 75968K, reserved 1114112K
  class space    used 10558K, committed 10880K, reserved 1048576K
}
Event: 10.690 GC heap before
{Heap before GC invocations=29 (full 0):
 garbage-first heap   total 177152K, used 132347K [0x0000000080000000, 0x0000000100000000)
  region size 1024K, 45 young (46080K), 3 survivors (3072K)
 Metaspace       used 79975K, committed 80704K, reserved 1122304K
  class space    used 11173K, committed 11520K, reserved 1048576K
}
Event: 10.699 GC heap after
{Heap after GC invocations=30 (full 0):
 garbage-first heap   total 177152K, used 93669K [0x0000000080000000, 0x0000000100000000)
  region size 1024K, 6 young (6144K), 6 survivors (6144K)
 Metaspace       used 79975K, committed 80704K, reserved 1122304K
  class space    used 11173K, committed 11520K, reserved 1048576K
}
Event: 11.254 GC heap before
{Heap before GC invocations=30 (full 0):
 garbage-first heap   total 177152K, used 111077K [0x0000000080000000, 0x0000000100000000)
  region size 1024K, 24 young (24576K), 6 survivors (6144K)
 Metaspace       used 82856K, committed 83584K, reserved 1122304K
  class space    used 11530K, committed 11840K, reserved 1048576K
}
Event: 11.261 GC heap after
{Heap after GC invocations=31 (full 0):
 garbage-first heap   total 177152K, used 94403K [0x0000000080000000, 0x0000000100000000)
  region size 1024K, 4 young (4096K), 4 survivors (4096K)
 Metaspace       used 82856K, committed 83584K, reserved 1122304K
  class space    used 11530K, committed 11840K, reserved 1048576K
}
Event: 12.163 GC heap before
{Heap before GC invocations=32 (full 0):
 garbage-first heap   total 177152K, used 150723K [0x0000000080000000, 0x0000000100000000)
  region size 1024K, 49 young (50176K), 4 survivors (4096K)
 Metaspace       used 88909K, committed 89664K, reserved 1130496K
  class space    used 12298K, committed 12608K, reserved 1048576K
}
Event: 12.169 GC heap after
{Heap after GC invocations=33 (full 0):
 garbage-first heap   total 177152K, used 108783K [0x0000000080000000, 0x0000000100000000)
  region size 1024K, 7 young (7168K), 7 survivors (7168K)
 Metaspace       used 88909K, committed 89664K, reserved 1130496K
  class space    used 12298K, committed 12608K, reserved 1048576K
}
Event: 12.178 GC heap before
{Heap before GC invocations=33 (full 0):
 garbage-first heap   total 177152K, used 109807K [0x0000000080000000, 0x0000000100000000)
  region size 1024K, 8 young (8192K), 7 survivors (7168K)
 Metaspace       used 88909K, committed 89664K, reserved 1130496K
  class space    used 12298K, committed 12608K, reserved 1048576K
}
Event: 12.184 GC heap after
{Heap after GC invocations=34 (full 0):
 garbage-first heap   total 177152K, used 109257K [0x0000000080000000, 0x0000000100000000)
  region size 1024K, 1 young (1024K), 1 survivors (1024K)
 Metaspace       used 88909K, committed 89664K, reserved 1130496K
  class space    used 12298K, committed 12608K, reserved 1048576K
}
Event: 12.467 GC heap before
{Heap before GC invocations=34 (full 0):
 garbage-first heap   total 177152K, used 144073K [0x0000000080000000, 0x0000000100000000)
  region size 1024K, 35 young (35840K), 1 survivors (1024K)
 Metaspace       used 89097K, committed 89792K, reserved 1130496K
  class space    used 12303K, committed 12608K, reserved 1048576K
}
Event: 12.477 GC heap after
{Heap after GC invocations=35 (full 0):
 garbage-first heap   total 177152K, used 115137K [0x0000000080000000, 0x0000000100000000)
  region size 1024K, 5 young (5120K), 5 survivors (5120K)
 Metaspace       used 89097K, committed 89792K, reserved 1130496K
  class space    used 12303K, committed 12608K, reserved 1048576K
}
Event: 12.774 GC heap before
{Heap before GC invocations=36 (full 0):
 garbage-first heap   total 214016K, used 140737K [0x0000000080000000, 0x0000000100000000)
  region size 1024K, 30 young (30720K), 5 survivors (5120K)
 Metaspace       used 89387K, committed 90112K, reserved 1130496K
  class space    used 12338K, committed 12672K, reserved 1048576K
}
Event: 12.783 GC heap after
{Heap after GC invocations=37 (full 0):
 garbage-first heap   total 214016K, used 120832K [0x0000000080000000, 0x0000000100000000)
  region size 1024K, 4 young (4096K), 4 survivors (4096K)
 Metaspace       used 89387K, committed 90112K, reserved 1130496K
  class space    used 12338K, committed 12672K, reserved 1048576K
}
Event: 12.902 GC heap before
{Heap before GC invocations=37 (full 0):
 garbage-first heap   total 214016K, used 126976K [0x0000000080000000, 0x0000000100000000)
  region size 1024K, 10 young (10240K), 4 survivors (4096K)
 Metaspace       used 90150K, committed 90880K, reserved 1130496K
  class space    used 12445K, committed 12800K, reserved 1048576K
}
Event: 12.908 GC heap after
{Heap after GC invocations=38 (full 0):
 garbage-first heap   total 214016K, used 121378K [0x0000000080000000, 0x0000000100000000)
  region size 1024K, 1 young (1024K), 1 survivors (1024K)
 Metaspace       used 90150K, committed 90880K, reserved 1130496K
  class space    used 12445K, committed 12800K, reserved 1048576K
}
Event: 13.563 GC heap before
{Heap before GC invocations=38 (full 0):
 garbage-first heap   total 214016K, used 172578K [0x0000000080000000, 0x0000000100000000)
  region size 1024K, 45 young (46080K), 1 survivors (1024K)
 Metaspace       used 95488K, committed 96256K, reserved 1138688K
  class space    used 13041K, committed 13376K, reserved 1048576K
}

Dll operation events (2 events):
Event: 0.006 Loaded shared library D:\android studio\jbr\bin\java.dll
Event: 0.418 Loaded shared library D:\android studio\jbr\bin\verify.dll

Deoptimization events (20 events):
Event: 13.267 Thread 0x0000025939db6830 Uncommon trap: trap_request=0xffffffde fr.pc=0x0000025927b3d6ac relative=0x00000000000004cc
Event: 13.267 Thread 0x0000025939db6830 Uncommon trap: reason=class_check action=maybe_recompile pc=0x0000025927b3d6ac method=org.jetbrains.kotlin.protobuf.CodedInputStream.tryRefillBuffer(I)Z @ 177 c2
Event: 13.267 Thread 0x0000025939db6830 DEOPT PACKING pc=0x0000025927b3d6ac sp=0x000000c74eff4bc0
Event: 13.267 Thread 0x0000025939db6830 DEOPT UNPACKING pc=0x00000259271669a3 sp=0x000000c74eff4aa8 mode 2
Event: 13.268 Thread 0x0000025939db6830 Uncommon trap: trap_request=0xffffffde fr.pc=0x0000025927b3d6ac relative=0x00000000000004cc
Event: 13.268 Thread 0x0000025939db6830 Uncommon trap: reason=class_check action=maybe_recompile pc=0x0000025927b3d6ac method=org.jetbrains.kotlin.protobuf.CodedInputStream.tryRefillBuffer(I)Z @ 177 c2
Event: 13.268 Thread 0x0000025939db6830 DEOPT PACKING pc=0x0000025927b3d6ac sp=0x000000c74eff4bc0
Event: 13.268 Thread 0x0000025939db6830 DEOPT UNPACKING pc=0x00000259271669a3 sp=0x000000c74eff4aa8 mode 2
Event: 13.271 Thread 0x0000025939db6830 Uncommon trap: trap_request=0xffffffde fr.pc=0x0000025927b3d6ac relative=0x00000000000004cc
Event: 13.271 Thread 0x0000025939db6830 Uncommon trap: reason=class_check action=maybe_recompile pc=0x0000025927b3d6ac method=org.jetbrains.kotlin.protobuf.CodedInputStream.tryRefillBuffer(I)Z @ 177 c2
Event: 13.271 Thread 0x0000025939db6830 DEOPT PACKING pc=0x0000025927b3d6ac sp=0x000000c74eff4bc0
Event: 13.271 Thread 0x0000025939db6830 DEOPT UNPACKING pc=0x00000259271669a3 sp=0x000000c74eff4aa8 mode 2
Event: 13.271 Thread 0x0000025939db6830 Uncommon trap: trap_request=0xffffffde fr.pc=0x0000025927b3d6ac relative=0x00000000000004cc
Event: 13.271 Thread 0x0000025939db6830 Uncommon trap: reason=class_check action=maybe_recompile pc=0x0000025927b3d6ac method=org.jetbrains.kotlin.protobuf.CodedInputStream.tryRefillBuffer(I)Z @ 177 c2
Event: 13.271 Thread 0x0000025939db6830 DEOPT PACKING pc=0x0000025927b3d6ac sp=0x000000c74eff4bc0
Event: 13.271 Thread 0x0000025939db6830 DEOPT UNPACKING pc=0x00000259271669a3 sp=0x000000c74eff4aa8 mode 2
Event: 13.467 Thread 0x0000025939db6830 Uncommon trap: trap_request=0xffffff45 fr.pc=0x0000025927ae3c18 relative=0x00000000000000f8
Event: 13.467 Thread 0x0000025939db6830 Uncommon trap: reason=unstable_if action=reinterpret pc=0x0000025927ae3c18 method=org.jetbrains.kotlin.com.intellij.util.SmartList.get(I)Ljava/lang/Object; @ 13 c2
Event: 13.467 Thread 0x0000025939db6830 DEOPT PACKING pc=0x0000025927ae3c18 sp=0x000000c74eff3520
Event: 13.467 Thread 0x0000025939db6830 DEOPT UNPACKING pc=0x00000259271669a3 sp=0x000000c74eff34c0 mode 2

Classes unloaded (0 events):
No events

Classes redefined (0 events):
No events

Internal exceptions (20 events):
Event: 7.117 Thread 0x000002593d2837e0 Exception <a 'sun/nio/fs/WindowsException'{0x0000000087341e88}> (0x0000000087341e88) 
thrown [s\src\hotspot\share\prims\jni.cpp, line 517]
Event: 7.121 Thread 0x000002593d2837e0 Exception <a 'sun/nio/fs/WindowsException'{0x000000008735d0a0}> (0x000000008735d0a0) 
thrown [s\src\hotspot\share\prims\jni.cpp, line 517]
Event: 7.122 Thread 0x000002593d2837e0 Exception <a 'sun/nio/fs/WindowsException'{0x000000008735d230}> (0x000000008735d230) 
thrown [s\src\hotspot\share\prims\jni.cpp, line 517]
Event: 7.142 Thread 0x0000025939db6830 Implicit null exception at 0x00000259276c7612 to 0x00000259276c7c98
Event: 7.142 Thread 0x0000025939db6830 Implicit null exception at 0x0000025927790194 to 0x000002592779080c
Event: 7.415 Thread 0x0000025939db6830 Exception <a 'java/lang/NoSuchMethodError'{0x00000000883f2a10}: 'java.lang.Object java.lang.invoke.DirectMethodHandle$Holder.newInvokeSpecial(java.lang.Object, java.lang.Object, java.lang.Object, java.lang.Object, int)'> (0x00000000883f2a10) 
thrown [s\src\hotspot\share\interpreter\linkResolver.cpp, line 771]
Event: 7.416 Thread 0x0000025939db6830 Exception <a 'java/lang/NoSuchMethodError'{0x00000000883f7e10}: 'java.lang.Object java.lang.invoke.DirectMethodHandle$Holder.invokeSpecial(java.lang.Object, java.lang.Object, java.lang.Object, java.lang.Object, java.lang.Object, int)'> (0x00000000883f7e10) 
thrown [s\src\hotspot\share\interpreter\linkResolver.cpp, line 771]
Event: 7.416 Thread 0x0000025939db6830 Exception <a 'java/lang/NoSuchMethodError'{0x00000000883fcb48}: 'java.lang.Object java.lang.invoke.Invokers$Holder.linkToTargetMethod(java.lang.Object, java.lang.Object, java.lang.Object, int, java.lang.Object)'> (0x00000000883fcb48) 
thrown [s\src\hotspot\share\interpreter\linkResolver.cpp, line 771]
Event: 7.658 Thread 0x0000025939db6830 Exception <a 'java/lang/NoSuchMethodError'{0x000000008d3d8138}: 'int java.lang.invoke.DirectMethodHandle$Holder.invokeInterface(java.lang.Object, java.lang.Object, java.lang.Object, java.lang.Object)'> (0x000000008d3d8138) 
thrown [s\src\hotspot\share\interpreter\linkResolver.cpp, line 771]
Event: 8.180 Thread 0x0000025939db6830 Exception <a 'java/lang/IncompatibleClassChangeError'{0x000000008d302eb0}: Found class java.lang.Object, but interface was expected> (0x000000008d302eb0) 
thrown [s\src\hotspot\share\interpreter\linkResolver.cpp, line 838]
Event: 8.245 Thread 0x0000025939db6830 Implicit null exception at 0x00000259279a7be0 to 0x00000259279a7d88
Event: 8.245 Thread 0x0000025939db6830 Implicit null exception at 0x00000259278efd96 to 0x00000259278f19e0
Event: 8.421 Thread 0x0000025939db6830 Implicit null exception at 0x00000259278ad10c to 0x00000259278ad246
Event: 8.615 Thread 0x0000025939db6830 Exception <a 'sun/nio/fs/WindowsException'{0x000000008747b018}> (0x000000008747b018) 
thrown [s\src\hotspot\share\prims\jni.cpp, line 517]
Event: 9.330 Thread 0x0000025939db6830 Implicit null exception at 0x0000025927a535c9 to 0x0000025927a5369c
Event: 10.906 Thread 0x0000025939db6830 Exception <a 'java/lang/NoSuchMethodError'{0x000000008cfd6c20}: 'long java.lang.invoke.DirectMethodHandle$Holder.invokeStatic(java.lang.Object)'> (0x000000008cfd6c20) 
thrown [s\src\hotspot\share\interpreter\linkResolver.cpp, line 771]
Event: 10.907 Thread 0x0000025939db6830 Exception <a 'java/lang/NoSuchMethodError'{0x000000008cfdb7c0}: 'long java.lang.invoke.DirectMethodHandle$Holder.invokeStaticInit(java.lang.Object)'> (0x000000008cfdb7c0) 
thrown [s\src\hotspot\share\interpreter\linkResolver.cpp, line 771]
Event: 11.765 Thread 0x0000025939db6830 Implicit null exception at 0x000002592787c293 to 0x000002592787c3d8
Event: 12.026 Thread 0x0000025939db6830 Exception <a 'java/lang/NoSuchMethodError'{0x0000000088584db8}: 'java.lang.Object java.lang.invoke.Invokers$Holder.invoke_MT(java.lang.Object, java.lang.Object, java.lang.Object)'> (0x0000000088584db8) 
thrown [s\src\hotspot\share\interpreter\linkResolver.cpp, line 771]
Event: 12.378 Thread 0x0000025939db6830 Implicit null exception at 0x0000025927aeaa56 to 0x0000025927aeca70

VM Operations (20 events):
Event: 11.610 Executing VM operation: HandshakeAllThreads done
Event: 11.844 Executing VM operation: HandshakeAllThreads
Event: 11.844 Executing VM operation: HandshakeAllThreads done
Event: 12.061 Executing VM operation: HandshakeAllThreads
Event: 12.061 Executing VM operation: HandshakeAllThreads done
Event: 12.162 Executing VM operation: G1CollectForAllocation
Event: 12.169 Executing VM operation: G1CollectForAllocation done
Event: 12.178 Executing VM operation: G1CollectForAllocation
Event: 12.184 Executing VM operation: G1CollectForAllocation done
Event: 12.467 Executing VM operation: G1CollectForAllocation
Event: 12.477 Executing VM operation: G1CollectForAllocation done
Event: 12.557 Executing VM operation: G1Concurrent
Event: 12.561 Executing VM operation: G1Concurrent done
Event: 12.604 Executing VM operation: G1Concurrent
Event: 12.604 Executing VM operation: G1Concurrent done
Event: 12.774 Executing VM operation: G1CollectForAllocation
Event: 12.784 Executing VM operation: G1CollectForAllocation done
Event: 12.902 Executing VM operation: G1CollectForAllocation
Event: 12.908 Executing VM operation: G1CollectForAllocation done
Event: 13.562 Executing VM operation: G1CollectForAllocation

Events (20 events):
Event: 12.027 loading class sun/nio/ch/FileChannelImpl$Unmapper done
Event: 12.027 loading class sun/nio/ch/FileChannelImpl$DefaultUnmapper done
Event: 12.028 loading class sun/nio/ch/Util$4
Event: 12.028 loading class sun/nio/ch/Util$4 done
Event: 12.029 loading class java/io/UTFDataFormatException
Event: 12.029 loading class java/io/UTFDataFormatException done
Event: 12.060 loading class java/nio/file/attribute/DosFileAttributeView
Event: 12.060 loading class java/nio/file/attribute/DosFileAttributeView done
Event: 12.060 loading class sun/nio/fs/WindowsFileAttributeViews$Dos
Event: 12.060 loading class sun/nio/fs/WindowsFileAttributeViews$Dos done
Event: 12.086 Thread 0x000002593fdd02b0 Thread added: 0x000002593fdd02b0
Event: 12.186 Thread 0x000002593fdcee70 Thread added: 0x000002593fdcee70
Event: 12.658 loading class java/nio/channels/Channels$ReadableByteChannelImpl
Event: 12.659 loading class java/nio/channels/Channels$ReadableByteChannelImpl done
Event: 12.659 loading class java/nio/channels/NonWritableChannelException
Event: 12.659 loading class java/nio/channels/NonWritableChannelException done
Event: 13.066 Thread 0x000002593fdcee70 Thread exited: 0x000002593fdcee70
Event: 13.066 Thread 0x000002593fdd02b0 Thread exited: 0x000002593fdd02b0
Event: 13.274 Thread 0x000002593fdcda30 Thread added: 0x000002593fdcda30
Event: 13.451 Thread 0x000002593fdcda30 Thread exited: 0x000002593fdcda30


Dynamic libraries:
0x00007ff740860000 - 0x00007ff74086a000 	D:\android studio\jbr\bin\java.exe
0x00007ff90b190000 - 0x00007ff90b3a7000 	C:\WINDOWS\SYSTEM32\ntdll.dll
0x00007ff90a140000 - 0x00007ff90a204000 	C:\WINDOWS\System32\KERNEL32.DLL
0x00007ff908650000 - 0x00007ff9089f6000 	C:\WINDOWS\System32\KERNELBASE.dll
0x00007ff908a00000 - 0x00007ff908b11000 	C:\WINDOWS\System32\ucrtbase.dll
0x00007ff8d1400000 - 0x00007ff8d1417000 	D:\android studio\jbr\bin\jli.dll
0x00007ff8ddfe0000 - 0x00007ff8ddffb000 	D:\android studio\jbr\bin\VCRUNTIME140.dll
0x00007ff909a80000 - 0x00007ff909c2d000 	C:\WINDOWS\System32\USER32.dll
0x00007ff908d50000 - 0x00007ff908d76000 	C:\WINDOWS\System32\win32u.dll
0x00007ff8eb760000 - 0x00007ff8eb9f3000 	C:\WINDOWS\WinSxS\amd64_microsoft.windows.common-controls_6595b64144ccf1df_6.0.22621.2361_none_2712ced57382f843\COMCTL32.dll
0x00007ff908fe0000 - 0x00007ff909009000 	C:\WINDOWS\System32\GDI32.dll
0x00007ff909e70000 - 0x00007ff909f17000 	C:\WINDOWS\System32\msvcrt.dll
0x00007ff908c30000 - 0x00007ff908d48000 	C:\WINDOWS\System32\gdi32full.dll
0x00007ff908b20000 - 0x00007ff908bba000 	C:\WINDOWS\System32\msvcp_win.dll
0x00007ff909150000 - 0x00007ff909181000 	C:\WINDOWS\System32\IMM32.DLL
0x00007ff902d60000 - 0x00007ff902d6c000 	D:\android studio\jbr\bin\vcruntime140_1.dll
0x00007ff8ccf30000 - 0x00007ff8ccfbd000 	D:\android studio\jbr\bin\msvcp140.dll
0x00007ff87b270000 - 0x00007ff87bede000 	D:\android studio\jbr\bin\server\jvm.dll
0x00007ff90ab20000 - 0x00007ff90abd0000 	C:\WINDOWS\System32\ADVAPI32.dll
0x00007ff90a3c0000 - 0x00007ff90a466000 	C:\WINDOWS\System32\sechost.dll
0x00007ff909010000 - 0x00007ff909127000 	C:\WINDOWS\System32\RPCRT4.dll
0x00007ff8ef8b0000 - 0x00007ff8ef8b9000 	C:\WINDOWS\SYSTEM32\WSOCK32.dll
0x00007ff901cd0000 - 0x00007ff901d04000 	C:\WINDOWS\SYSTEM32\WINMM.dll
0x00007ff90a470000 - 0x00007ff90a4e1000 	C:\WINDOWS\System32\WS2_32.dll
0x00007ff902630000 - 0x00007ff90263a000 	C:\WINDOWS\SYSTEM32\VERSION.dll
0x00007ff907550000 - 0x00007ff907568000 	C:\WINDOWS\SYSTEM32\kernel.appcore.dll
0x00007ff8f1970000 - 0x00007ff8f197a000 	D:\android studio\jbr\bin\jimage.dll
0x00007ff905e80000 - 0x00007ff9060ae000 	C:\WINDOWS\SYSTEM32\DBGHELP.DLL
0x00007ff90a550000 - 0x00007ff90a8da000 	C:\WINDOWS\System32\combase.dll
0x00007ff908f00000 - 0x00007ff908fd7000 	C:\WINDOWS\System32\OLEAUT32.dll
0x00007ff8ef090000 - 0x00007ff8ef0c2000 	C:\WINDOWS\SYSTEM32\dbgcore.DLL
0x00007ff908510000 - 0x00007ff90858a000 	C:\WINDOWS\System32\bcryptPrimitives.dll
0x00007ff8c9010000 - 0x00007ff8c9035000 	D:\android studio\jbr\bin\java.dll
0x00007ff8df4c0000 - 0x00007ff8df4d8000 	D:\android studio\jbr\bin\zip.dll
0x00007ff909220000 - 0x00007ff909a78000 	C:\WINDOWS\System32\SHELL32.dll
0x00007ff906470000 - 0x00007ff906d62000 	C:\WINDOWS\SYSTEM32\windows.storage.dll
0x00007ff906330000 - 0x00007ff90646e000 	C:\WINDOWS\SYSTEM32\wintypes.dll
0x00007ff909ca0000 - 0x00007ff909d93000 	C:\WINDOWS\System32\SHCORE.dll
0x00007ff90a4f0000 - 0x00007ff90a54e000 	C:\WINDOWS\System32\shlwapi.dll
0x00007ff908440000 - 0x00007ff908466000 	C:\WINDOWS\SYSTEM32\profapi.dll
0x00007ff8ddd20000 - 0x00007ff8ddd39000 	D:\android studio\jbr\bin\net.dll
0x00007ff901690000 - 0x00007ff9017c7000 	C:\WINDOWS\SYSTEM32\WINHTTP.dll
0x00007ff9079d0000 - 0x00007ff907a39000 	C:\WINDOWS\system32\mswsock.dll
0x00007ff8d9af0000 - 0x00007ff8d9b06000 	D:\android studio\jbr\bin\nio.dll
0x00007ff8f1950000 - 0x00007ff8f1960000 	D:\android studio\jbr\bin\verify.dll
0x00007ff8eef40000 - 0x00007ff8eef67000 	C:\Users\hachem safae\.gradle\native\68d5fa5c4cc2d200863cafc0d521ce42e7d3e7ee720ec0a83991735586a16f82\windows-amd64\native-platform.dll
0x00007ff8ccde0000 - 0x00007ff8ccf24000 	C:\Users\hachem safae\.gradle\native\e376f236ea51e6404a007f0833ffe2c6e607c4080706a723a18a27aeea778392\windows-amd64\native-platform-file-events.dll
0x00007ff8ee0a0000 - 0x00007ff8ee0a9000 	D:\android studio\jbr\bin\management.dll
0x00007ff8ebc20000 - 0x00007ff8ebc2b000 	D:\android studio\jbr\bin\management_ext.dll
0x00007ff908ef0000 - 0x00007ff908ef8000 	C:\WINDOWS\System32\PSAPI.DLL
0x00007ff907c30000 - 0x00007ff907c4b000 	C:\WINDOWS\SYSTEM32\CRYPTSP.dll
0x00007ff9074b0000 - 0x00007ff9074e5000 	C:\WINDOWS\system32\rsaenh.dll
0x00007ff907ac0000 - 0x00007ff907aec000 	C:\WINDOWS\SYSTEM32\USERENV.dll
0x00007ff907de0000 - 0x00007ff907e08000 	C:\WINDOWS\SYSTEM32\bcrypt.dll
0x00007ff907c20000 - 0x00007ff907c2c000 	C:\WINDOWS\SYSTEM32\CRYPTBASE.dll
0x00007ff906fd0000 - 0x00007ff906ffd000 	C:\WINDOWS\SYSTEM32\IPHLPAPI.DLL
0x00007ff909140000 - 0x00007ff909149000 	C:\WINDOWS\System32\NSI.dll
0x00007ff901520000 - 0x00007ff901539000 	C:\WINDOWS\SYSTEM32\dhcpcsvc6.DLL
0x00007ff901460000 - 0x00007ff90147f000 	C:\WINDOWS\SYSTEM32\dhcpcsvc.DLL
0x00007ff907040000 - 0x00007ff907139000 	C:\WINDOWS\SYSTEM32\DNSAPI.dll
0x00007ff8e1780000 - 0x00007ff8e1788000 	C:\WINDOWS\system32\wshunix.dll

dbghelp: loaded successfully - version: 4.0.5 - missing functions: none
symbol engine: initialized successfully - sym options: 0x614 - pdb path: .;D:\android studio\jbr\bin;C:\WINDOWS\SYSTEM32;C:\WINDOWS\WinSxS\amd64_microsoft.windows.common-controls_6595b64144ccf1df_6.0.22621.2361_none_2712ced57382f843;D:\android studio\jbr\bin\server;C:\Users\hachem safae\.gradle\native\68d5fa5c4cc2d200863cafc0d521ce42e7d3e7ee720ec0a83991735586a16f82\windows-amd64;C:\Users\hachem safae\.gradle\native\e376f236ea51e6404a007f0833ffe2c6e607c4080706a723a18a27aeea778392\windows-amd64

VM Arguments:
jvm_args: --add-opens=java.base/java.util=ALL-UNNAMED --add-opens=java.base/java.lang=ALL-UNNAMED --add-opens=java.base/java.lang.invoke=ALL-UNNAMED --add-opens=java.prefs/java.util.prefs=ALL-UNNAMED --add-opens=java.base/java.nio.charset=ALL-UNNAMED --add-opens=java.base/java.net=ALL-UNNAMED --add-opens=java.base/java.util.concurrent.atomic=ALL-UNNAMED -Xmx2048m -Dfile.encoding=UTF-8 -Duser.country=FR -Duser.language=fr -Duser.variant 
java_command: org.gradle.launcher.daemon.bootstrap.GradleDaemon 8.0
java_class_path (initial): C:\Users\hachem safae\.gradle\wrapper\dists\gradle-8.0-bin\ca5e32bp14vu59qr306oxotwh\gradle-8.0\lib\gradle-launcher-8.0.jar
Launcher Type: SUN_STANDARD

[Global flags]
     intx CICompilerCount                          = 4                                         {product} {ergonomic}
     uint ConcGCThreads                            = 2                                         {product} {ergonomic}
     uint G1ConcRefinementThreads                  = 8                                         {product} {ergonomic}
   size_t G1HeapRegionSize                         = 1048576                                   {product} {ergonomic}
    uintx GCDrainStackTargetSize                   = 64                                        {product} {ergonomic}
   size_t InitialHeapSize                          = 266338304                                 {product} {ergonomic}
   size_t MarkStackSize                            = 4194304                                   {product} {ergonomic}
   size_t MaxHeapSize                              = 2147483648                                {product} {command line}
   size_t MaxNewSize                               = 1287651328                                {product} {ergonomic}
   size_t MinHeapDeltaBytes                        = 1048576                                   {product} {ergonomic}
   size_t MinHeapSize                              = 8388608                                   {product} {ergonomic}
    uintx NonNMethodCodeHeapSize                   = 5839372                                {pd product} {ergonomic}
    uintx NonProfiledCodeHeapSize                  = 122909434                              {pd product} {ergonomic}
    uintx ProfiledCodeHeapSize                     = 122909434                              {pd product} {ergonomic}
    uintx ReservedCodeCacheSize                    = 251658240                              {pd product} {ergonomic}
     bool SegmentedCodeCache                       = true                                      {product} {ergonomic}
   size_t SoftMaxHeapSize                          = 2147483648                             {manageable} {ergonomic}
     bool UseCompressedClassPointers               = true                           {product lp64_product} {ergonomic}
     bool UseCompressedOops                        = true                           {product lp64_product} {ergonomic}
     bool UseG1GC                                  = true                                      {product} {ergonomic}
     bool UseLargePagesIndividualAllocation        = false                                  {pd product} {ergonomic}

Logging:
Log output configuration:
 #0: stdout all=warning uptime,level,tags
 #1: stderr all=off uptime,level,tags

Environment Variables:
JAVA_HOME=C:\Program Files\Java\jdk-17
PATH=C:\Program Files (x86)\Common Files\Oracle\Java\javapath;C:\Program Files (x86)\VMware\VMware Workstation\bin\;D:\oraclexe\app\oracle\product\11.2.0\server\bin;C:\Program Files\Common Files\Oracle\Java\javapath;C:\WINDOWS\system32;C:\WINDOWS;C:\WINDOWS\System32\Wbem;C:\WINDOWS\System32\WindowsPowerShell\v1.0\;C:\WINDOWS\System32\OpenSSH\;c:\Program Files (x86)\Microsoft SQL Server\100\Tools\Binn\;c:\Program Files\Microsoft SQL Server\100\Tools\Binn\;c:\Program Files\Microsoft SQL Server\100\DTS\Binn\;D:\java_jdk 8\bin;C:\Program Files\Java\jdk-17\bin;C:\Program Files\Java\jdk-11\bin;C:\Program Files\Java\jdk-19\bin;C:\Program Files\Common Files\Oracle\Java\javapath;C:\ProgramData\ComposerSetup\bin;D:\XAAMP\php\php.exe;D:\xamp\php;C:\Program Files\wkhtmltopdf\bin;D:\node;C:\Program Files\Git\cmd;C:\Program Files\nodejs\;C:\Program Files\MongoDB\Server\6.0\bin;D:\XAAMP\php;C:\Program Files\Java\apache-maven-3.9.5\bin;C:\Users\hachem safae\AppData\Local\Programs\Python\Python310\Scripts\;C:\Users\hachem safae\AppData\Local\Programs\Python\Python310\;C:\Program Files\MySQL\MySQL Shell 8.0\bin\;C:\Users\hachem safae\AppData\Local\Microsoft\WindowsApps;C:\Users\hachem safae\AppData\Roaming\Dashlane\6.2007.0.32704\bin\Firefox_Extension\{442718d9-475e-452a-b3e1-fb1ee16b8e9f}\components;C:\Users\hachem safae\AppData\Roaming\Dashlane\6.2007.0.32704\ucrt;C:\Users\hachem safae\AppData\Roaming\Dashlane\6.2007.0.32704\bin\Qt;C:\Users\hachem safae\AppData\Roaming\Dashlane\6.2007.0.32704\bin\Ssl;C:\Program Files\JetBrains\IntelliJ IDEA Community Edition 2020.2.2\bin;C:\Users\hachem safae\AppData\Local\Microsoft\WindowsApps;C:\Users\hachem safae\AppData\Local\Programs\Microsoft VS Code\bin;C:\Program Files\IntelliJ IDEA Community Edition 2022.3.2\bin;;C:\Users\hachem safae\AppData\Local\ComposerSetup\bin;C:\Users\hachem safae\AppData\Roaming\Composer\vendor\bin;C:\Users\hachem safae\AppData\Roaming\npm;D:\android2\platform-tools;D:\XAAMP\php;C:\wamp64\bin\php\php5.6.40;C:\;C:\Prog
USERNAME=hachem safae
OS=Windows_NT
PROCESSOR_IDENTIFIER=Intel64 Family 6 Model 142 Stepping 12, GenuineIntel
TMP=C:\Users\HACHEM~1\AppData\Local\Temp
TEMP=C:\Users\HACHEM~1\AppData\Local\Temp


JNI global refs:
JNI global refs: 25, weak refs: 0

JNI global refs memory usage: 843, weak refs: 841


---------------  S Y S T E M  ---------------

OS:
 Windows 11 , 64 bit Build 22621 (10.0.22621.2428)
OS uptime: 0 days 7:26 hours

CPU: total 8 (initial active 8) (4 cores per cpu, 2 threads per core) family 6 model 142 stepping 12 microcode 0xf6, cx8, cmov, fxsr, ht, mmx, 3dnowpref, sse, sse2, sse3, ssse3, sse4.1, sse4.2, popcnt, lzcnt, tsc, tscinvbit, avx, avx2, aes, erms, clmul, bmi1, bmi2, adx, fma, vzeroupper, clflush, clflushopt

Memory: 4k page, system-wide physical 16194M (2511M free)
TotalPageFile size 18242M (AvailPageFile size 33M)
current process WorkingSet (physical memory assigned to process): 457M, peak: 457M
current process commit charge ("private bytes"): 539M, peak: 735M

vm_info: OpenJDK 64-Bit Server VM (17.0.6+0-b2043.56-10027231) for windows-amd64 JRE (17.0.6+0-b2043.56-10027231), built on Apr 28 2023 00:43:19 by "androidbuild" with MS VC++ 16.10 / 16.11 (VS2019)

END.
