#
# There is insufficient memory for the Java Runtime Environment to continue.
# Native memory allocation (malloc) failed to allocate 126032 bytes for Chunk::new
# Possible reasons:
#   The system is out of physical RAM or swap space
#   The process is running with CompressedOops enabled, and the Java Heap may be blocking the growth of the native heap
# Possible solutions:
#   Reduce memory load on the system
#   Increase physical memory or swap space
#   Check if swap backing store is full
#   Decrease Java heap size (-Xmx/-Xms)
#   Decrease number of Java threads
#   Decrease Java thread stack sizes (-Xss)
#   Set larger code cache with -XX:ReservedCodeCacheSize=
#   JVM is running with Unscaled Compressed Oops mode in which the Java heap is
#     placed in the first 4GB address space. The Java Heap base address is the
#     maximum limit for the native heap growth. Please use -XX:HeapBaseMinAddress
#     to set the Java Heap base and to place the Java Heap above 4GB virtual address.
# This output file may be truncated or incomplete.
#
#  Out of Memory Error (arena.cpp:189), pid=8656, tid=12024
#
# JRE version: OpenJDK Runtime Environment (17.0.6) (build 17.0.6+0-b2043.56-10027231)
# Java VM: OpenJDK 64-Bit Server VM (17.0.6+0-b2043.56-10027231, mixed mode, tiered, compressed oops, compressed class ptrs, g1 gc, windows-amd64)
# No core dump will be written. Minidumps are not enabled by default on client versions of Windows
#

---------------  S U M M A R Y ------------

Command Line: --add-opens=java.base/java.util=ALL-UNNAMED --add-opens=java.base/java.lang=ALL-UNNAMED --add-opens=java.base/java.lang.invoke=ALL-UNNAMED --add-opens=java.prefs/java.util.prefs=ALL-UNNAMED --add-opens=java.base/java.nio.charset=ALL-UNNAMED --add-opens=java.base/java.net=ALL-UNNAMED --add-opens=java.base/java.util.concurrent.atomic=ALL-UNNAMED -Xmx2048m -Dfile.encoding=UTF-8 -Duser.country=FR -Duser.language=fr -Duser.variant org.gradle.launcher.daemon.bootstrap.GradleDaemon 8.0

Host: Intel(R) Core(TM) i7-8565U CPU @ 1.80GHz, 8 cores, 15G,  Windows 11 , 64 bit Build 22621 (10.0.22621.2428)
Time: Wed Oct 25 21:12:17 2023 Maroc (heure d64 bit Build 22621 (10.0.22621.2428) elapsed time: 35.030352 seconds (0d 0h 0m 35s)

---------------  T H R E A D  ---------------

Current thread (0x000002b9d88a5040):  JavaThread "C2 CompilerThread0" daemon [_thread_in_native, id=12024, stack(0x000000c9edf00000,0x000000c9ee000000)]


Current CompileTask:
C2:  35030 8469       4       sun.reflect.generics.parser.SignatureParser::parseClassTypeSignature (118 bytes)

Stack: [0x000000c9edf00000,0x000000c9ee000000]
Native frames: (J=compiled Java code, j=interpreted, Vv=VM code, C=native code)
V  [jvm.dll+0x683c9a]
V  [jvm.dll+0x8427a4]
V  [jvm.dll+0x843f9e]
V  [jvm.dll+0x844603]
V  [jvm.dll+0x249b75]
V  [jvm.dll+0xabcac]
V  [jvm.dll+0xac27c]
V  [jvm.dll+0x368857]
V  [jvm.dll+0x1bd0b8]
V  [jvm.dll+0x21c359]
V  [jvm.dll+0x21b621]
V  [jvm.dll+0x1a4fdd]
V  [jvm.dll+0x22b098]
V  [jvm.dll+0x229159]
V  [jvm.dll+0x7f81ec]
V  [jvm.dll+0x7f274a]
V  [jvm.dll+0x682ad5]
C  [ucrtbase.dll+0x29363]
C  [KERNEL32.DLL+0x1257d]
C  [ntdll.dll+0x5aa78]


---------------  P R O C E S S  ---------------

Threads class SMR info:
_java_thread_list=0x000002b9e2d05400, length=127, elements={
0x000002b9be03c160, 0x000002b9d8862d90, 0x000002b9d8863c00, 0x000002b9d889f3c0,
0x000002b9d889fe80, 0x000002b9d88a2940, 0x000002b9d88a32f0, 0x000002b9d88a5040,
0x000002b9d88a5cf0, 0x000002b9d88a94a0, 0x000002b9d8a38350, 0x000002b9d8a40840,
0x000002b9d9d1a8b0, 0x000002b9dae19020, 0x000002b9db471cc0, 0x000002b9da354030,
0x000002b9db0d8580, 0x000002b9d97e1820, 0x000002b9db4378d0, 0x000002b9dac408e0,
0x000002b9dac3f5a0, 0x000002b9dac3ff40, 0x000002b9dac3fa70, 0x000002b9dac40410,
0x000002b9db8ed920, 0x000002b9db8ec110, 0x000002b9db8eb2a0, 0x000002b9db8ef600,
0x000002b9db8ecf80, 0x000002b9db8f0940, 0x000002b9db8ee790, 0x000002b9db8ebc40,
0x000002b9db8efad0, 0x000002b9db8ed450, 0x000002b9db8eb770, 0x000002b9db8eadd0,
0x000002b9db8f1c80, 0x000002b9db8f2620, 0x000002b9de5e4e60, 0x000002b9de5e5330,
0x000002b9de5e5cd0, 0x000002b9de5e8820, 0x000002b9de5e3ff0, 0x000002b9de5e3b20,
0x000002b9de5e0fd0, 0x000002b9de5e61a0, 0x000002b9de5e7010, 0x000002b9de5e2310,
0x000002b9de5e3180, 0x000002b9de5e74e0, 0x000002b9de5e14a0, 0x000002b9de5e6b40,
0x000002b9de5e1e40, 0x000002b9de5e6670, 0x000002b9de5e79b0, 0x000002b9de5e44c0,
0x000002b9de5e7e80, 0x000002b9de5e27e0, 0x000002b9de5e8350, 0x000002b9de5e2cb0,
0x000002b9de5e3650, 0x000002b9dd4905f0, 0x000002b9dd48f2b0, 0x000002b9dd48a5b0,
0x000002b9dd48aa80, 0x000002b9dd48f780, 0x000002b9dd489c10, 0x000002b9dd48c760,
0x000002b9dd48a0e0, 0x000002b9dd48af50, 0x000002b9dd48bdc0, 0x000002b9dd48fc50,
0x000002b9dd488da0, 0x000002b9dd489270, 0x000002b9dd490120, 0x000002b9dd48df70,
0x000002b9dd48b420, 0x000002b9dd48b8f0, 0x000002b9dd48c290, 0x000002b9dd489740,
0x000002b9dd48cc30, 0x000002b9dd48d100, 0x000002b9dd48d5d0, 0x000002b9dd48daa0,
0x000002b9dd48e440, 0x000002b9dd48e910, 0x000002b9dd48ede0, 0x000002b9df998a20,
0x000002b9df9993c0, 0x000002b9df999890, 0x000002b9df998550, 0x000002b9df99abd0,
0x000002b9df99a700, 0x000002b9df99a230, 0x000002b9df997210, 0x000002b9df9976e0,
0x000002b9df997bb0, 0x000002b9df998080, 0x000002b9df998ef0, 0x000002b9df999d60,
0x000002b9e1fa5160, 0x000002b9e1f9f120, 0x000002b9e1fa0e00, 0x000002b9e1fa2ae0,
0x000002b9e1fa3950, 0x000002b9e1fa64a0, 0x000002b9e1fa2fb0, 0x000002b9e1fa0460,
0x000002b9e1fa0930, 0x000002b9e1fa4c90, 0x000002b9e1f9f5f0, 0x000002b9e1fa3480,
0x000002b9e1fa12d0, 0x000002b9e1f9ff90, 0x000002b9e1fa5fd0, 0x000002b9e1fa3e20,
0x000002b9e1fa42f0, 0x000002b9e1fa5630, 0x000002b9e1fa47c0, 0x000002b9e1fa6970,
0x000002b9e1fa5b00, 0x000002b9e1fa2140, 0x000002b9e1f9fac0, 0x000002b9e1fa17a0,
0x000002b9e260c610, 0x000002b9e260b7a0, 0x000002b9e228f4b0
}

Java Threads: ( => current thread )
  0x000002b9be03c160 JavaThread "main" [_thread_blocked, id=1912, stack(0x000000c9ed200000,0x000000c9ed300000)]
  0x000002b9d8862d90 JavaThread "Reference Handler" daemon [_thread_blocked, id=21192, stack(0x000000c9ed900000,0x000000c9eda00000)]
  0x000002b9d8863c00 JavaThread "Finalizer" daemon [_thread_blocked, id=6084, stack(0x000000c9eda00000,0x000000c9edb00000)]
  0x000002b9d889f3c0 JavaThread "Signal Dispatcher" daemon [_thread_blocked, id=18908, stack(0x000000c9edb00000,0x000000c9edc00000)]
  0x000002b9d889fe80 JavaThread "Attach Listener" daemon [_thread_blocked, id=8136, stack(0x000000c9edc00000,0x000000c9edd00000)]
  0x000002b9d88a2940 JavaThread "Service Thread" daemon [_thread_blocked, id=6296, stack(0x000000c9edd00000,0x000000c9ede00000)]
  0x000002b9d88a32f0 JavaThread "Monitor Deflation Thread" daemon [_thread_blocked, id=19592, stack(0x000000c9ede00000,0x000000c9edf00000)]
=>0x000002b9d88a5040 JavaThread "C2 CompilerThread0" daemon [_thread_in_native, id=12024, stack(0x000000c9edf00000,0x000000c9ee000000)]
  0x000002b9d88a5cf0 JavaThread "C1 CompilerThread0" daemon [_thread_blocked, id=19788, stack(0x000000c9ee000000,0x000000c9ee100000)]
  0x000002b9d88a94a0 JavaThread "Sweeper thread" daemon [_thread_blocked, id=17944, stack(0x000000c9ee100000,0x000000c9ee200000)]
  0x000002b9d8a38350 JavaThread "Common-Cleaner" daemon [_thread_blocked, id=15268, stack(0x000000c9ee200000,0x000000c9ee300000)]
  0x000002b9d8a40840 JavaThread "Notification Thread" daemon [_thread_blocked, id=18484, stack(0x000000c9ee300000,0x000000c9ee400000)]
  0x000002b9d9d1a8b0 JavaThread "Daemon health stats" [_thread_blocked, id=13032, stack(0x000000c9eec00000,0x000000c9eed00000)]
  0x000002b9dae19020 JavaThread "Incoming local TCP Connector on port 51754" [_thread_in_native, id=13640, stack(0x000000c9ee500000,0x000000c9ee600000)]
  0x000002b9db471cc0 JavaThread "Daemon periodic checks" [_thread_blocked, id=9600, stack(0x000000c9ee600000,0x000000c9ee700000)]
  0x000002b9da354030 JavaThread "Daemon" [_thread_blocked, id=20908, stack(0x000000c9eee00000,0x000000c9eef00000)]
  0x000002b9db0d8580 JavaThread "Handler for socket connection from /127.0.0.1:51754 to /127.0.0.1:51755" [_thread_in_native, id=9956, stack(0x000000c9eef00000,0x000000c9ef000000)]
  0x000002b9d97e1820 JavaThread "Cancel handler" [_thread_blocked, id=21228, stack(0x000000c9ef000000,0x000000c9ef100000)]
  0x000002b9db4378d0 JavaThread "Daemon worker" [_thread_in_Java, id=15340, stack(0x000000c9ef100000,0x000000c9ef200000)]
  0x000002b9dac408e0 JavaThread "Asynchronous log dispatcher for DefaultDaemonConnection: socket connection from /127.0.0.1:51754 to /127.0.0.1:51755" [_thread_blocked, id=20572, stack(0x000000c9ef200000,0x000000c9ef300000)]
  0x000002b9dac3f5a0 JavaThread "Stdin handler" [_thread_blocked, id=19460, stack(0x000000c9ef300000,0x000000c9ef400000)]
  0x000002b9dac3ff40 JavaThread "Daemon client event forwarder" [_thread_blocked, id=2236, stack(0x000000c9ef400000,0x000000c9ef500000)]
  0x000002b9dac3fa70 JavaThread "Cache worker for journal cache (C:\Users\hachem safae\.gradle\caches\journal-1)" [_thread_blocked, id=18316, stack(0x000000c9ef800000,0x000000c9ef900000)]
  0x000002b9dac40410 JavaThread "File lock request listener" [_thread_in_native, id=17704, stack(0x000000c9ef900000,0x000000c9efa00000)]
  0x000002b9db8ed920 JavaThread "Cache worker for file hash cache (C:\Users\hachem safae\.gradle\caches\8.0\fileHashes)" [_thread_blocked, id=8572, stack(0x000000c9efa00000,0x000000c9efb00000)]
  0x000002b9db8ec110 JavaThread "File watcher server" daemon [_thread_in_native, id=21024, stack(0x000000c9efc00000,0x000000c9efd00000)]
  0x000002b9db8eb2a0 JavaThread "File watcher consumer" daemon [_thread_blocked, id=19144, stack(0x000000c9efd00000,0x000000c9efe00000)]
  0x000002b9db8ef600 JavaThread "Cache worker for checksums cache (D:\App_Android studio\Tp_Localisation\.gradle\8.0\checksums)" [_thread_blocked, id=5424, stack(0x000000c9efe00000,0x000000c9eff00000)]
  0x000002b9db8ecf80 JavaThread "Cache worker for cache directory md-rule (C:\Users\hachem safae\.gradle\caches\8.0\md-rule)" [_thread_blocked, id=8080, stack(0x000000c9eff00000,0x000000c9f0000000)]
  0x000002b9db8f0940 JavaThread "Cache worker for file content cache (C:\Users\hachem safae\.gradle\caches\8.0\fileContent)" [_thread_blocked, id=14768, stack(0x000000c9f0000000,0x000000c9f0100000)]
  0x000002b9db8ee790 JavaThread "Cache worker for file hash cache (D:\App_Android studio\Tp_Localisation\.gradle\8.0\fileHashes)" [_thread_blocked, id=20912, stack(0x000000c9f0100000,0x000000c9f0200000)]
  0x000002b9db8ebc40 JavaThread "Cache worker for cache directory md-supplier (C:\Users\hachem safae\.gradle\caches\8.0\md-supplier)" [_thread_blocked, id=16192, stack(0x000000c9f0200000,0x000000c9f0300000)]
  0x000002b9db8efad0 JavaThread "Cache worker for execution history cache (C:\Users\hachem safae\.gradle\caches\8.0\executionHistory)" [_thread_blocked, id=16972, stack(0x000000c9f0300000,0x000000c9f0400000)]
  0x000002b9db8ed450 JavaThread "jar transforms" [_thread_blocked, id=14796, stack(0x000000c9f0400000,0x000000c9f0500000)]
  0x000002b9db8eb770 JavaThread "jar transforms Thread 2" [_thread_blocked, id=17552, stack(0x000000c9f0500000,0x000000c9f0600000)]
  0x000002b9db8eadd0 JavaThread "Cache worker for kotlin-dsl (C:\Users\hachem safae\.gradle\caches\8.0\kotlin-dsl)" [_thread_blocked, id=11980, stack(0x000000c9efb00000,0x000000c9efc00000)]
  0x000002b9db8f1c80 JavaThread "jar transforms Thread 3" [_thread_blocked, id=6344, stack(0x000000c9f0600000,0x000000c9f0700000)]
  0x000002b9db8f2620 JavaThread "jar transforms Thread 4" [_thread_blocked, id=18768, stack(0x000000c9f0800000,0x000000c9f0900000)]
  0x000002b9de5e4e60 JavaThread "Cache worker for dependencies-accessors (D:\App_Android studio\Tp_Localisation\.gradle\8.0\dependencies-accessors)" [_thread_blocked, id=3336, stack(0x000000c9f0900000,0x000000c9f0a00000)]
  0x000002b9de5e5330 JavaThread "Cache worker for Build Output Cleanup Cache (D:\App_Android studio\Tp_Localisation\.gradle\buildOutputCleanup)" [_thread_blocked, id=20972, stack(0x000000c9f0700000,0x000000c9f0800000)]
  0x000002b9de5e5cd0 JavaThread "jar transforms Thread 5" [_thread_blocked, id=20640, stack(0x000000c9f0a00000,0x000000c9f0b00000)]
  0x000002b9de5e8820 JavaThread "Unconstrained build operations" [_thread_blocked, id=5612, stack(0x000000c9f0c00000,0x000000c9f0d00000)]
  0x000002b9de5e3ff0 JavaThread "Unconstrained build operations Thread 2" [_thread_blocked, id=20816, stack(0x000000c9f0d00000,0x000000c9f0e00000)]
  0x000002b9de5e3b20 JavaThread "Unconstrained build operations Thread 3" [_thread_blocked, id=16668, stack(0x000000c9f0e00000,0x000000c9f0f00000)]
  0x000002b9de5e0fd0 JavaThread "Unconstrained build operations Thread 4" [_thread_blocked, id=1636, stack(0x000000c9f0f00000,0x000000c9f1000000)]
  0x000002b9de5e61a0 JavaThread "Unconstrained build operations Thread 5" [_thread_blocked, id=21320, stack(0x000000c9f1000000,0x000000c9f1100000)]
  0x000002b9de5e7010 JavaThread "Unconstrained build operations Thread 6" [_thread_blocked, id=20620, stack(0x000000c9f1100000,0x000000c9f1200000)]
  0x000002b9de5e2310 JavaThread "Unconstrained build operations Thread 7" [_thread_blocked, id=20548, stack(0x000000c9f1200000,0x000000c9f1300000)]
  0x000002b9de5e3180 JavaThread "Unconstrained build operations Thread 8" [_thread_blocked, id=21368, stack(0x000000c9f1300000,0x000000c9f1400000)]
  0x000002b9de5e74e0 JavaThread "Unconstrained build operations Thread 9" [_thread_blocked, id=21376, stack(0x000000c9f1400000,0x000000c9f1500000)]
  0x000002b9de5e14a0 JavaThread "Unconstrained build operations Thread 10" [_thread_blocked, id=8236, stack(0x000000c9f1500000,0x000000c9f1600000)]
  0x000002b9de5e6b40 JavaThread "Unconstrained build operations Thread 11" [_thread_blocked, id=18228, stack(0x000000c9f1600000,0x000000c9f1700000)]
  0x000002b9de5e1e40 JavaThread "Unconstrained build operations Thread 12" [_thread_blocked, id=12080, stack(0x000000c9f1700000,0x000000c9f1800000)]
  0x000002b9de5e6670 JavaThread "Unconstrained build operations Thread 13" [_thread_blocked, id=4472, stack(0x000000c9f1800000,0x000000c9f1900000)]
  0x000002b9de5e79b0 JavaThread "Unconstrained build operations Thread 14" [_thread_blocked, id=2428, stack(0x000000c9f1900000,0x000000c9f1a00000)]
  0x000002b9de5e44c0 JavaThread "Unconstrained build operations Thread 15" [_thread_blocked, id=13520, stack(0x000000c9f1a00000,0x000000c9f1b00000)]
  0x000002b9de5e7e80 JavaThread "Unconstrained build operations Thread 16" [_thread_blocked, id=13340, stack(0x000000c9f1b00000,0x000000c9f1c00000)]
  0x000002b9de5e27e0 JavaThread "Unconstrained build operations Thread 17" [_thread_blocked, id=12184, stack(0x000000c9f1c00000,0x000000c9f1d00000)]
  0x000002b9de5e8350 JavaThread "Unconstrained build operations Thread 18" [_thread_blocked, id=13736, stack(0x000000c9f1d00000,0x000000c9f1e00000)]
  0x000002b9de5e2cb0 JavaThread "Unconstrained build operations Thread 19" [_thread_blocked, id=3324, stack(0x000000c9f1e00000,0x000000c9f1f00000)]
  0x000002b9de5e3650 JavaThread "Unconstrained build operations Thread 20" [_thread_blocked, id=9464, stack(0x000000c9f1f00000,0x000000c9f2000000)]
  0x000002b9dd4905f0 JavaThread "Unconstrained build operations Thread 21" [_thread_blocked, id=15300, stack(0x000000c9f2000000,0x000000c9f2100000)]
  0x000002b9dd48f2b0 JavaThread "Unconstrained build operations Thread 22" [_thread_blocked, id=12656, stack(0x000000c9f2100000,0x000000c9f2200000)]
  0x000002b9dd48a5b0 JavaThread "Unconstrained build operations Thread 23" [_thread_blocked, id=17164, stack(0x000000c9f2200000,0x000000c9f2300000)]
  0x000002b9dd48aa80 JavaThread "Unconstrained build operations Thread 24" [_thread_blocked, id=8172, stack(0x000000c9f2300000,0x000000c9f2400000)]
  0x000002b9dd48f780 JavaThread "Unconstrained build operations Thread 25" [_thread_blocked, id=17060, stack(0x000000c9f2400000,0x000000c9f2500000)]
  0x000002b9dd489c10 JavaThread "Unconstrained build operations Thread 26" [_thread_blocked, id=21140, stack(0x000000c9f2500000,0x000000c9f2600000)]
  0x000002b9dd48c760 JavaThread "Unconstrained build operations Thread 27" [_thread_blocked, id=11132, stack(0x000000c9f2600000,0x000000c9f2700000)]
  0x000002b9dd48a0e0 JavaThread "Unconstrained build operations Thread 28" [_thread_blocked, id=15812, stack(0x000000c9f2700000,0x000000c9f2800000)]
  0x000002b9dd48af50 JavaThread "Unconstrained build operations Thread 29" [_thread_blocked, id=8352, stack(0x000000c9f2800000,0x000000c9f2900000)]
  0x000002b9dd48bdc0 JavaThread "Unconstrained build operations Thread 30" [_thread_blocked, id=20648, stack(0x000000c9f2900000,0x000000c9f2a00000)]
  0x000002b9dd48fc50 JavaThread "Unconstrained build operations Thread 31" [_thread_blocked, id=11976, stack(0x000000c9f2a00000,0x000000c9f2b00000)]
  0x000002b9dd488da0 JavaThread "Unconstrained build operations Thread 32" [_thread_blocked, id=21188, stack(0x000000c9f2b00000,0x000000c9f2c00000)]
  0x000002b9dd489270 JavaThread "Unconstrained build operations Thread 33" [_thread_blocked, id=13540, stack(0x000000c9f2c00000,0x000000c9f2d00000)]
  0x000002b9dd490120 JavaThread "Unconstrained build operations Thread 34" [_thread_blocked, id=14812, stack(0x000000c9f2d00000,0x000000c9f2e00000)]
  0x000002b9dd48df70 JavaThread "Unconstrained build operations Thread 35" [_thread_blocked, id=4976, stack(0x000000c9f2e00000,0x000000c9f2f00000)]
  0x000002b9dd48b420 JavaThread "Unconstrained build operations Thread 36" [_thread_blocked, id=3516, stack(0x000000c9f2f00000,0x000000c9f3000000)]
  0x000002b9dd48b8f0 JavaThread "Unconstrained build operations Thread 37" [_thread_blocked, id=8528, stack(0x000000c9f3000000,0x000000c9f3100000)]
  0x000002b9dd48c290 JavaThread "Unconstrained build operations Thread 38" [_thread_blocked, id=5400, stack(0x000000c9f3100000,0x000000c9f3200000)]
  0x000002b9dd489740 JavaThread "Unconstrained build operations Thread 39" [_thread_blocked, id=18388, stack(0x000000c9f3200000,0x000000c9f3300000)]
  0x000002b9dd48cc30 JavaThread "Unconstrained build operations Thread 40" [_thread_blocked, id=19268, stack(0x000000c9f3300000,0x000000c9f3400000)]
  0x000002b9dd48d100 JavaThread "Unconstrained build operations Thread 41" [_thread_blocked, id=17676, stack(0x000000c9f3400000,0x000000c9f3500000)]
  0x000002b9dd48d5d0 JavaThread "Unconstrained build operations Thread 42" [_thread_blocked, id=17608, stack(0x000000c9f3500000,0x000000c9f3600000)]
  0x000002b9dd48daa0 JavaThread "Unconstrained build operations Thread 43" [_thread_blocked, id=16600, stack(0x000000c9f3600000,0x000000c9f3700000)]
  0x000002b9dd48e440 JavaThread "Unconstrained build operations Thread 44" [_thread_blocked, id=8128, stack(0x000000c9f3700000,0x000000c9f3800000)]
  0x000002b9dd48e910 JavaThread "Unconstrained build operations Thread 45" [_thread_blocked, id=19588, stack(0x000000c9f3800000,0x000000c9f3900000)]
  0x000002b9dd48ede0 JavaThread "Unconstrained build operations Thread 46" [_thread_blocked, id=8180, stack(0x000000c9f3900000,0x000000c9f3a00000)]
  0x000002b9df998a20 JavaThread "Unconstrained build operations Thread 47" [_thread_blocked, id=8228, stack(0x000000c9f3a00000,0x000000c9f3b00000)]
  0x000002b9df9993c0 JavaThread "Unconstrained build operations Thread 48" [_thread_blocked, id=13108, stack(0x000000c9f3b00000,0x000000c9f3c00000)]
  0x000002b9df999890 JavaThread "Unconstrained build operations Thread 49" [_thread_blocked, id=7752, stack(0x000000c9f3c00000,0x000000c9f3d00000)]
  0x000002b9df998550 JavaThread "Unconstrained build operations Thread 50" [_thread_blocked, id=12716, stack(0x000000c9f3d00000,0x000000c9f3e00000)]
  0x000002b9df99abd0 JavaThread "Unconstrained build operations Thread 51" [_thread_blocked, id=18668, stack(0x000000c9f3e00000,0x000000c9f3f00000)]
  0x000002b9df99a700 JavaThread "Unconstrained build operations Thread 52" [_thread_blocked, id=19332, stack(0x000000c9f3f00000,0x000000c9f4000000)]
  0x000002b9df99a230 JavaThread "Unconstrained build operations Thread 53" [_thread_blocked, id=8404, stack(0x000000c9f4000000,0x000000c9f4100000)]
  0x000002b9df997210 JavaThread "Unconstrained build operations Thread 54" [_thread_blocked, id=4896, stack(0x000000c9f4100000,0x000000c9f4200000)]
  0x000002b9df9976e0 JavaThread "Unconstrained build operations Thread 55" [_thread_blocked, id=18008, stack(0x000000c9f4200000,0x000000c9f4300000)]
  0x000002b9df997bb0 JavaThread "Unconstrained build operations Thread 56" [_thread_blocked, id=18128, stack(0x000000c9f4300000,0x000000c9f4400000)]
  0x000002b9df998080 JavaThread "Unconstrained build operations Thread 57" [_thread_blocked, id=15228, stack(0x000000c9f4400000,0x000000c9f4500000)]
  0x000002b9df998ef0 JavaThread "Unconstrained build operations Thread 58" [_thread_blocked, id=19376, stack(0x000000c9f4500000,0x000000c9f4600000)]
  0x000002b9df999d60 JavaThread "Unconstrained build operations Thread 59" [_thread_blocked, id=9696, stack(0x000000c9f4600000,0x000000c9f4700000)]
  0x000002b9e1fa5160 JavaThread "Unconstrained build operations Thread 60" [_thread_blocked, id=21400, stack(0x000000c9f4700000,0x000000c9f4800000)]
  0x000002b9e1f9f120 JavaThread "Unconstrained build operations Thread 61" [_thread_blocked, id=19540, stack(0x000000c9f4800000,0x000000c9f4900000)]
  0x000002b9e1fa0e00 JavaThread "Unconstrained build operations Thread 62" [_thread_blocked, id=18240, stack(0x000000c9f4900000,0x000000c9f4a00000)]
  0x000002b9e1fa2ae0 JavaThread "Unconstrained build operations Thread 63" [_thread_blocked, id=21448, stack(0x000000c9f4a00000,0x000000c9f4b00000)]
  0x000002b9e1fa3950 JavaThread "Unconstrained build operations Thread 64" [_thread_blocked, id=8260, stack(0x000000c9f4b00000,0x000000c9f4c00000)]
  0x000002b9e1fa64a0 JavaThread "Unconstrained build operations Thread 65" [_thread_blocked, id=11164, stack(0x000000c9f4c00000,0x000000c9f4d00000)]
  0x000002b9e1fa2fb0 JavaThread "Unconstrained build operations Thread 66" [_thread_blocked, id=11456, stack(0x000000c9f4d00000,0x000000c9f4e00000)]
  0x000002b9e1fa0460 JavaThread "Unconstrained build operations Thread 67" [_thread_blocked, id=3612, stack(0x000000c9f4e00000,0x000000c9f4f00000)]
  0x000002b9e1fa0930 JavaThread "Unconstrained build operations Thread 68" [_thread_blocked, id=11096, stack(0x000000c9f4f00000,0x000000c9f5000000)]
  0x000002b9e1fa4c90 JavaThread "Unconstrained build operations Thread 69" [_thread_blocked, id=8632, stack(0x000000c9f5000000,0x000000c9f5100000)]
  0x000002b9e1f9f5f0 JavaThread "Unconstrained build operations Thread 70" [_thread_blocked, id=8852, stack(0x000000c9f5100000,0x000000c9f5200000)]
  0x000002b9e1fa3480 JavaThread "Unconstrained build operations Thread 71" [_thread_blocked, id=17400, stack(0x000000c9f5200000,0x000000c9f5300000)]
  0x000002b9e1fa12d0 JavaThread "Unconstrained build operations Thread 72" [_thread_blocked, id=12348, stack(0x000000c9f5300000,0x000000c9f5400000)]
  0x000002b9e1f9ff90 JavaThread "Unconstrained build operations Thread 73" [_thread_blocked, id=19868, stack(0x000000c9f5400000,0x000000c9f5500000)]
  0x000002b9e1fa5fd0 JavaThread "Unconstrained build operations Thread 74" [_thread_blocked, id=1112, stack(0x000000c9f5500000,0x000000c9f5600000)]
  0x000002b9e1fa3e20 JavaThread "Unconstrained build operations Thread 75" [_thread_blocked, id=9080, stack(0x000000c9f5600000,0x000000c9f5700000)]
  0x000002b9e1fa42f0 JavaThread "Unconstrained build operations Thread 76" [_thread_blocked, id=2228, stack(0x000000c9f5700000,0x000000c9f5800000)]
  0x000002b9e1fa5630 JavaThread "Unconstrained build operations Thread 77" [_thread_blocked, id=20984, stack(0x000000c9f5800000,0x000000c9f5900000)]
  0x000002b9e1fa47c0 JavaThread "Unconstrained build operations Thread 78" [_thread_blocked, id=20428, stack(0x000000c9f5900000,0x000000c9f5a00000)]
  0x000002b9e1fa6970 JavaThread "Unconstrained build operations Thread 79" [_thread_blocked, id=12864, stack(0x000000c9f5a00000,0x000000c9f5b00000)]
  0x000002b9e1fa5b00 JavaThread "Unconstrained build operations Thread 80" [_thread_blocked, id=18836, stack(0x000000c9f5b00000,0x000000c9f5c00000)]
  0x000002b9e1fa2140 JavaThread "jar transforms Thread 6" [_thread_blocked, id=8592, stack(0x000000c9f5c00000,0x000000c9f5d00000)]
  0x000002b9e1f9fac0 JavaThread "jar transforms Thread 7" [_thread_blocked, id=12916, stack(0x000000c9f5d00000,0x000000c9f5e00000)]
  0x000002b9e1fa17a0 JavaThread "jar transforms Thread 8" [_thread_blocked, id=17960, stack(0x000000c9f5e00000,0x000000c9f5f00000)]
  0x000002b9e260c610 JavaThread "build event listener" [_thread_blocked, id=13248, stack(0x000000c9f0b00000,0x000000c9f0c00000)]
  0x000002b9e260b7a0 JavaThread "Memory manager" [_thread_blocked, id=14752, stack(0x000000c9f6000000,0x000000c9f6100000)]
  0x000002b9e228f4b0 JavaThread "C2 CompilerThread1" daemon [_thread_in_native, id=12124, stack(0x000000c9ed100000,0x000000c9ed200000)]

Other Threads:
  0x000002b9d7eb0670 VMThread "VM Thread" [stack: 0x000000c9ed800000,0x000000c9ed900000] [id=16000]
  0x000002b9d8a35010 WatcherThread [stack: 0x000000c9ee400000,0x000000c9ee500000] [id=9488]
  0x000002b9be098d90 GCTaskThread "GC Thread#0" [stack: 0x000000c9ed300000,0x000000c9ed400000] [id=2844]
  0x000002b9d989ac00 GCTaskThread "GC Thread#1" [stack: 0x000000c9ee700000,0x000000c9ee800000] [id=15948]
  0x000002b9d9814290 GCTaskThread "GC Thread#2" [stack: 0x000000c9ee800000,0x000000c9ee900000] [id=21460]
  0x000002b9d9814540 GCTaskThread "GC Thread#3" [stack: 0x000000c9ee900000,0x000000c9eea00000] [id=21296]
  0x000002b9d9814bc0 GCTaskThread "GC Thread#4" [stack: 0x000000c9eea00000,0x000000c9eeb00000] [id=20576]
  0x000002b9d9815240 GCTaskThread "GC Thread#5" [stack: 0x000000c9eeb00000,0x000000c9eec00000] [id=8336]
  0x000002b9db40d3b0 GCTaskThread "GC Thread#6" [stack: 0x000000c9eed00000,0x000000c9eee00000] [id=7704]
  0x000002b9db020440 GCTaskThread "GC Thread#7" [stack: 0x000000c9ef500000,0x000000c9ef600000] [id=20736]
  0x000002b9be0a9cd0 ConcurrentGCThread "G1 Main Marker" [stack: 0x000000c9ed400000,0x000000c9ed500000] [id=8396]
  0x000002b9be0aa6e0 ConcurrentGCThread "G1 Conc#0" [stack: 0x000000c9ed500000,0x000000c9ed600000] [id=18796]
  0x000002b9da02e2f0 ConcurrentGCThread "G1 Conc#1" [stack: 0x000000c9ef600000,0x000000c9ef700000] [id=10604]
  0x000002b9d7d46590 ConcurrentGCThread "G1 Refine#0" [stack: 0x000000c9ed600000,0x000000c9ed700000] [id=9088]
  0x000002b9d7d46ec0 ConcurrentGCThread "G1 Service" [stack: 0x000000c9ed700000,0x000000c9ed800000] [id=10104]

Threads with active compile tasks:
C2 CompilerThread0    35069 8469       4       sun.reflect.generics.parser.SignatureParser::parseClassTypeSignature (118 bytes)
C2 CompilerThread1    35069 8475       4       sun.reflect.generics.visitor.Reifier::visitClassTypeSignature (381 bytes)

VM state: not at safepoint (normal execution)

VM Mutex/Monitor currently owned by a thread: None

Heap address: 0x0000000080000000, size: 2048 MB, Compressed Oops mode: 32-bit

CDS archive(s) not mapped
Compressed class space mapped at: 0x0000000100000000-0x0000000140000000, reserved size: 1073741824
Narrow klass base: 0x0000000000000000, Narrow klass shift: 3, Narrow klass range: 0x140000000

GC Precious Log:
 CPUs: 8 total, 8 available
 Memory: 16194M
 Large Page Support: Disabled
 NUMA Support: Disabled
 Compressed Oops: Enabled (32-bit)
 Heap Region Size: 1M
 Heap Min Capacity: 8M
 Heap Initial Capacity: 254M
 Heap Max Capacity: 2G
 Pre-touch: Disabled
 Parallel Workers: 8
 Concurrent Workers: 2
 Concurrent Refinement Workers: 8
 Periodic GC: Disabled

Heap:
 garbage-first heap   total 120832K, used 63209K [0x0000000080000000, 0x0000000100000000)
  region size 1024K, 8 young (8192K), 6 survivors (6144K)
 Metaspace       used 84401K, committed 84992K, reserved 1122304K
  class space    used 11541K, committed 11776K, reserved 1048576K

Heap Regions: E=young(eden), S=young(survivor), O=old, HS=humongous(starts), HC=humongous(continues), CS=collection set, F=free, OA=open archive, CA=closed archive, TAMS=top-at-mark-start (previous, next)
|   0|0x0000000080000000, 0x0000000080100000, 0x0000000080100000|100%|HS|  |TAMS 0x0000000080100000, 0x0000000080000000| Complete 
|   1|0x0000000080100000, 0x0000000080200000, 0x0000000080200000|100%|HC|  |TAMS 0x0000000080200000, 0x0000000080100000| Complete 
|   2|0x0000000080200000, 0x0000000080300000, 0x0000000080300000|100%|HC|  |TAMS 0x0000000080300000, 0x0000000080200000| Complete 
|   3|0x0000000080300000, 0x0000000080400000, 0x0000000080400000|100%|HC|  |TAMS 0x0000000080400000, 0x0000000080300000| Complete 
|   4|0x0000000080400000, 0x0000000080500000, 0x0000000080500000|100%| O|  |TAMS 0x0000000080400000, 0x0000000080400000| Untracked 
|   5|0x0000000080500000, 0x0000000080600000, 0x0000000080600000|100%| O|  |TAMS 0x0000000080600000, 0x0000000080500000| Untracked 
|   6|0x0000000080600000, 0x0000000080700000, 0x0000000080700000|100%| O|  |TAMS 0x0000000080700000, 0x0000000080600000| Untracked 
|   7|0x0000000080700000, 0x0000000080800000, 0x0000000080800000|100%| O|  |TAMS 0x0000000080800000, 0x0000000080700000| Untracked 
|   8|0x0000000080800000, 0x0000000080900000, 0x0000000080900000|100%| O|  |TAMS 0x0000000080900000, 0x0000000080800000| Untracked 
|   9|0x0000000080900000, 0x0000000080a00000, 0x0000000080a00000|100%| O|  |TAMS 0x0000000080a00000, 0x0000000080900000| Untracked 
|  10|0x0000000080a00000, 0x0000000080b00000, 0x0000000080b00000|100%| O|  |TAMS 0x0000000080b00000, 0x0000000080a00000| Untracked 
|  11|0x0000000080b00000, 0x0000000080c00000, 0x0000000080c00000|100%| O|  |TAMS 0x0000000080b58600, 0x0000000080b00000| Untracked 
|  12|0x0000000080c00000, 0x0000000080d00000, 0x0000000080d00000|100%| O|  |TAMS 0x0000000080d00000, 0x0000000080c00000| Untracked 
|  13|0x0000000080d00000, 0x0000000080e00000, 0x0000000080e00000|100%| O|  |TAMS 0x0000000080e00000, 0x0000000080d00000| Untracked 
|  14|0x0000000080e00000, 0x0000000080f00000, 0x0000000080f00000|100%| O|  |TAMS 0x0000000080f00000, 0x0000000080e00000| Untracked 
|  15|0x0000000080f00000, 0x0000000081000000, 0x0000000081000000|100%| O|  |TAMS 0x0000000081000000, 0x0000000080f00000| Untracked 
|  16|0x0000000081000000, 0x0000000081100000, 0x0000000081100000|100%| O|  |TAMS 0x0000000081100000, 0x0000000081000000| Untracked 
|  17|0x0000000081100000, 0x0000000081200000, 0x0000000081200000|100%| O|  |TAMS 0x0000000081200000, 0x0000000081100000| Untracked 
|  18|0x0000000081200000, 0x0000000081300000, 0x0000000081300000|100%| O|  |TAMS 0x0000000081300000, 0x0000000081200000| Untracked 
|  19|0x0000000081300000, 0x0000000081400000, 0x0000000081400000|100%| O|  |TAMS 0x0000000081400000, 0x0000000081300000| Untracked 
|  20|0x0000000081400000, 0x0000000081500000, 0x0000000081500000|100%| O|  |TAMS 0x0000000081500000, 0x0000000081400000| Untracked 
|  21|0x0000000081500000, 0x0000000081600000, 0x0000000081600000|100%| O|  |TAMS 0x0000000081600000, 0x0000000081500000| Untracked 
|  22|0x0000000081600000, 0x0000000081700000, 0x0000000081700000|100%| O|  |TAMS 0x0000000081700000, 0x0000000081600000| Untracked 
|  23|0x0000000081700000, 0x0000000081800000, 0x0000000081800000|100%| O|  |TAMS 0x0000000081800000, 0x0000000081700000| Untracked 
|  24|0x0000000081800000, 0x0000000081900000, 0x0000000081900000|100%| O|  |TAMS 0x0000000081900000, 0x0000000081800000| Untracked 
|  25|0x0000000081900000, 0x0000000081a00000, 0x0000000081a00000|100%| O|  |TAMS 0x0000000081900000, 0x0000000081900000| Untracked 
|  26|0x0000000081a00000, 0x0000000081b00000, 0x0000000081b00000|100%| O|  |TAMS 0x0000000081b00000, 0x0000000081a00000| Untracked 
|  27|0x0000000081b00000, 0x0000000081c00000, 0x0000000081c00000|100%| O|  |TAMS 0x0000000081c00000, 0x0000000081b00000| Untracked 
|  28|0x0000000081c00000, 0x0000000081d00000, 0x0000000081d00000|100%| O|  |TAMS 0x0000000081d00000, 0x0000000081c00000| Untracked 
|  29|0x0000000081d00000, 0x0000000081e00000, 0x0000000081e00000|100%| O|  |TAMS 0x0000000081e00000, 0x0000000081d00000| Untracked 
|  30|0x0000000081e00000, 0x0000000081f00000, 0x0000000081f00000|100%| O|  |TAMS 0x0000000081f00000, 0x0000000081e00000| Untracked 
|  31|0x0000000081f00000, 0x0000000082000000, 0x0000000082000000|100%| O|  |TAMS 0x0000000082000000, 0x0000000081f00000| Untracked 
|  32|0x0000000082000000, 0x0000000082100000, 0x0000000082100000|100%| O|  |TAMS 0x0000000082100000, 0x0000000082000000| Untracked 
|  33|0x0000000082100000, 0x0000000082200000, 0x0000000082200000|100%| O|  |TAMS 0x0000000082200000, 0x0000000082100000| Untracked 
|  34|0x0000000082200000, 0x0000000082300000, 0x0000000082300000|100%|HS|  |TAMS 0x0000000082300000, 0x0000000082200000| Complete 
|  35|0x0000000082300000, 0x0000000082400000, 0x0000000082400000|100%|HS|  |TAMS 0x0000000082400000, 0x0000000082300000| Complete 
|  36|0x0000000082400000, 0x0000000082500000, 0x0000000082500000|100%|HS|  |TAMS 0x0000000082500000, 0x0000000082400000| Complete 
|  37|0x0000000082500000, 0x0000000082600000, 0x0000000082600000|100%| O|  |TAMS 0x0000000082600000, 0x0000000082500000| Untracked 
|  38|0x0000000082600000, 0x0000000082700000, 0x0000000082700000|100%| O|  |TAMS 0x0000000082700000, 0x0000000082600000| Untracked 
|  39|0x0000000082700000, 0x0000000082800000, 0x0000000082800000|100%| O|  |TAMS 0x0000000082800000, 0x0000000082700000| Untracked 
|  40|0x0000000082800000, 0x0000000082900000, 0x0000000082900000|100%| O|  |TAMS 0x0000000082900000, 0x0000000082800000| Untracked 
|  41|0x0000000082900000, 0x0000000082a00000, 0x0000000082a00000|100%| O|  |TAMS 0x0000000082a00000, 0x0000000082900000| Untracked 
|  42|0x0000000082a00000, 0x0000000082b00000, 0x0000000082b00000|100%| O|  |TAMS 0x0000000082b00000, 0x0000000082a00000| Untracked 
|  43|0x0000000082b00000, 0x0000000082c00000, 0x0000000082c00000|100%| O|  |TAMS 0x0000000082c00000, 0x0000000082b00000| Untracked 
|  44|0x0000000082c00000, 0x0000000082d00000, 0x0000000082d00000|100%| O|  |TAMS 0x0000000082d00000, 0x0000000082c00000| Untracked 
|  45|0x0000000082d00000, 0x0000000082e00000, 0x0000000082e00000|100%| O|  |TAMS 0x0000000082e00000, 0x0000000082d00000| Untracked 
|  46|0x0000000082e00000, 0x0000000082f00000, 0x0000000082f00000|100%| O|  |TAMS 0x0000000082e00000, 0x0000000082e00000| Untracked 
|  47|0x0000000082f00000, 0x0000000083000000, 0x0000000083000000|100%| O|  |TAMS 0x0000000082f00000, 0x0000000082f00000| Untracked 
|  48|0x0000000083000000, 0x0000000083100000, 0x0000000083100000|100%| O|  |TAMS 0x0000000083000000, 0x0000000083000000| Untracked 
|  49|0x0000000083100000, 0x0000000083200000, 0x0000000083200000|100%| O|  |TAMS 0x0000000083100000, 0x0000000083100000| Untracked 
|  50|0x0000000083200000, 0x0000000083300000, 0x0000000083300000|100%| O|  |TAMS 0x0000000083200000, 0x0000000083200000| Untracked 
|  51|0x0000000083300000, 0x0000000083400000, 0x0000000083400000|100%| O|  |TAMS 0x0000000083300000, 0x0000000083300000| Untracked 
|  52|0x0000000083400000, 0x0000000083500000, 0x0000000083500000|100%| O|  |TAMS 0x0000000083400000, 0x0000000083400000| Untracked 
|  53|0x0000000083500000, 0x0000000083600000, 0x0000000083600000|100%| O|  |TAMS 0x0000000083500000, 0x0000000083500000| Untracked 
|  54|0x0000000083600000, 0x0000000083700000, 0x0000000083700000|100%| O|  |TAMS 0x0000000083600000, 0x0000000083600000| Untracked 
|  55|0x0000000083700000, 0x000000008373c000, 0x0000000083800000| 23%| O|  |TAMS 0x0000000083700000, 0x0000000083700000| Untracked 
|  56|0x0000000083800000, 0x0000000083800000, 0x0000000083900000|  0%| F|  |TAMS 0x0000000083800000, 0x0000000083800000| Untracked 
|  57|0x0000000083900000, 0x0000000083900000, 0x0000000083a00000|  0%| F|  |TAMS 0x0000000083900000, 0x0000000083900000| Untracked 
|  58|0x0000000083a00000, 0x0000000083a00000, 0x0000000083b00000|  0%| F|  |TAMS 0x0000000083a00000, 0x0000000083a00000| Untracked 
|  59|0x0000000083b00000, 0x0000000083b00000, 0x0000000083c00000|  0%| F|  |TAMS 0x0000000083b00000, 0x0000000083b00000| Untracked 
|  60|0x0000000083c00000, 0x0000000083c00000, 0x0000000083d00000|  0%| F|  |TAMS 0x0000000083c00000, 0x0000000083c00000| Untracked 
|  61|0x0000000083d00000, 0x0000000083d00000, 0x0000000083e00000|  0%| F|  |TAMS 0x0000000083d00000, 0x0000000083d00000| Untracked 
|  62|0x0000000083e00000, 0x0000000083e00000, 0x0000000083f00000|  0%| F|  |TAMS 0x0000000083e00000, 0x0000000083e00000| Untracked 
|  63|0x0000000083f00000, 0x0000000083f00000, 0x0000000084000000|  0%| F|  |TAMS 0x0000000083f00000, 0x0000000083f00000| Untracked 
|  64|0x0000000084000000, 0x0000000084000000, 0x0000000084100000|  0%| F|  |TAMS 0x0000000084000000, 0x0000000084000000| Untracked 
|  65|0x0000000084100000, 0x0000000084100000, 0x0000000084200000|  0%| F|  |TAMS 0x0000000084100000, 0x0000000084100000| Untracked 
|  66|0x0000000084200000, 0x0000000084200000, 0x0000000084300000|  0%| F|  |TAMS 0x0000000084200000, 0x0000000084200000| Untracked 
|  67|0x0000000084300000, 0x0000000084300000, 0x0000000084400000|  0%| F|  |TAMS 0x0000000084300000, 0x0000000084300000| Untracked 
|  68|0x0000000084400000, 0x0000000084400000, 0x0000000084500000|  0%| F|  |TAMS 0x0000000084400000, 0x0000000084400000| Untracked 
|  69|0x0000000084500000, 0x0000000084500000, 0x0000000084600000|  0%| F|  |TAMS 0x0000000084500000, 0x0000000084500000| Untracked 
|  70|0x0000000084600000, 0x000000008467e680, 0x0000000084700000| 49%| S|CS|TAMS 0x0000000084600000, 0x0000000084600000| Complete 
|  71|0x0000000084700000, 0x0000000084800000, 0x0000000084800000|100%| S|CS|TAMS 0x0000000084700000, 0x0000000084700000| Complete 
|  72|0x0000000084800000, 0x0000000084800000, 0x0000000084900000|  0%| F|  |TAMS 0x0000000084800000, 0x0000000084800000| Untracked 
|  73|0x0000000084900000, 0x0000000084900000, 0x0000000084a00000|  0%| F|  |TAMS 0x0000000084900000, 0x0000000084900000| Untracked 
|  74|0x0000000084a00000, 0x0000000084a00000, 0x0000000084b00000|  0%| F|  |TAMS 0x0000000084a00000, 0x0000000084a00000| Untracked 
|  75|0x0000000084b00000, 0x0000000084c00000, 0x0000000084c00000|100%| S|CS|TAMS 0x0000000084b00000, 0x0000000084b00000| Complete 
|  76|0x0000000084c00000, 0x0000000084d00000, 0x0000000084d00000|100%| S|CS|TAMS 0x0000000084c00000, 0x0000000084c00000| Complete 
|  77|0x0000000084d00000, 0x0000000084d00000, 0x0000000084e00000|  0%| F|  |TAMS 0x0000000084d00000, 0x0000000084d00000| Untracked 
|  78|0x0000000084e00000, 0x0000000084f00000, 0x0000000084f00000|100%| S|CS|TAMS 0x0000000084e00000, 0x0000000084e00000| Complete 
|  79|0x0000000084f00000, 0x0000000085000000, 0x0000000085000000|100%| S|CS|TAMS 0x0000000084f00000, 0x0000000084f00000| Complete 
|  80|0x0000000085000000, 0x0000000085000000, 0x0000000085100000|  0%| F|  |TAMS 0x0000000085000000, 0x0000000085000000| Untracked 
|  81|0x0000000085100000, 0x0000000085100000, 0x0000000085200000|  0%| F|  |TAMS 0x0000000085100000, 0x0000000085100000| Untracked 
|  82|0x0000000085200000, 0x0000000085200000, 0x0000000085300000|  0%| F|  |TAMS 0x0000000085200000, 0x0000000085200000| Untracked 
|  83|0x0000000085300000, 0x0000000085300000, 0x0000000085400000|  0%| F|  |TAMS 0x0000000085300000, 0x0000000085300000| Untracked 
|  84|0x0000000085400000, 0x0000000085400000, 0x0000000085500000|  0%| F|  |TAMS 0x0000000085400000, 0x0000000085400000| Untracked 
|  85|0x0000000085500000, 0x0000000085500000, 0x0000000085600000|  0%| F|  |TAMS 0x0000000085500000, 0x0000000085500000| Untracked 
|  86|0x0000000085600000, 0x0000000085600000, 0x0000000085700000|  0%| F|  |TAMS 0x0000000085600000, 0x0000000085600000| Untracked 
|  87|0x0000000085700000, 0x0000000085700000, 0x0000000085800000|  0%| F|  |TAMS 0x0000000085700000, 0x0000000085700000| Untracked 
|  88|0x0000000085800000, 0x0000000085800000, 0x0000000085900000|  0%| F|  |TAMS 0x0000000085800000, 0x0000000085800000| Untracked 
|  89|0x0000000085900000, 0x0000000085900000, 0x0000000085a00000|  0%| F|  |TAMS 0x0000000085900000, 0x0000000085900000| Untracked 
|  90|0x0000000085a00000, 0x0000000085a00000, 0x0000000085b00000|  0%| F|  |TAMS 0x0000000085a00000, 0x0000000085a00000| Untracked 
|  91|0x0000000085b00000, 0x0000000085b00000, 0x0000000085c00000|  0%| F|  |TAMS 0x0000000085b00000, 0x0000000085b00000| Untracked 
|  92|0x0000000085c00000, 0x0000000085c00000, 0x0000000085d00000|  0%| F|  |TAMS 0x0000000085c00000, 0x0000000085c00000| Untracked 
|  93|0x0000000085d00000, 0x0000000085d00000, 0x0000000085e00000|  0%| F|  |TAMS 0x0000000085d00000, 0x0000000085d00000| Untracked 
|  94|0x0000000085e00000, 0x0000000085e00000, 0x0000000085f00000|  0%| F|  |TAMS 0x0000000085e00000, 0x0000000085e00000| Untracked 
|  95|0x0000000085f00000, 0x0000000085f00000, 0x0000000086000000|  0%| F|  |TAMS 0x0000000085f00000, 0x0000000085f00000| Untracked 
|  96|0x0000000086000000, 0x0000000086000000, 0x0000000086100000|  0%| F|  |TAMS 0x0000000086000000, 0x0000000086000000| Untracked 
|  97|0x0000000086100000, 0x0000000086100000, 0x0000000086200000|  0%| F|  |TAMS 0x0000000086100000, 0x0000000086100000| Untracked 
|  98|0x0000000086200000, 0x0000000086200000, 0x0000000086300000|  0%| F|  |TAMS 0x0000000086200000, 0x0000000086200000| Untracked 
|  99|0x0000000086300000, 0x0000000086300000, 0x0000000086400000|  0%| F|  |TAMS 0x0000000086300000, 0x0000000086300000| Untracked 
| 100|0x0000000086400000, 0x0000000086400000, 0x0000000086500000|  0%| F|  |TAMS 0x0000000086400000, 0x0000000086400000| Untracked 
| 101|0x0000000086500000, 0x0000000086500000, 0x0000000086600000|  0%| F|  |TAMS 0x0000000086500000, 0x0000000086500000| Untracked 
| 102|0x0000000086600000, 0x0000000086600000, 0x0000000086700000|  0%| F|  |TAMS 0x0000000086600000, 0x0000000086600000| Untracked 
| 103|0x0000000086700000, 0x0000000086700000, 0x0000000086800000|  0%| F|  |TAMS 0x0000000086700000, 0x0000000086700000| Untracked 
| 104|0x0000000086800000, 0x0000000086800000, 0x0000000086900000|  0%| F|  |TAMS 0x0000000086800000, 0x0000000086800000| Untracked 
| 105|0x0000000086900000, 0x0000000086900000, 0x0000000086a00000|  0%| F|  |TAMS 0x0000000086900000, 0x0000000086900000| Untracked 
| 106|0x0000000086a00000, 0x0000000086a00000, 0x0000000086b00000|  0%| F|  |TAMS 0x0000000086a00000, 0x0000000086a00000| Untracked 
| 107|0x0000000086b00000, 0x0000000086b00000, 0x0000000086c00000|  0%| F|  |TAMS 0x0000000086b00000, 0x0000000086b00000| Untracked 
| 203|0x000000008cb00000, 0x000000008cb00000, 0x000000008cc00000|  0%| F|  |TAMS 0x000000008cb00000, 0x000000008cb00000| Untracked 
| 204|0x000000008cc00000, 0x000000008cc00000, 0x000000008cd00000|  0%| F|  |TAMS 0x000000008cc00000, 0x000000008cc00000| Untracked 
| 205|0x000000008cd00000, 0x000000008cd00000, 0x000000008ce00000|  0%| F|  |TAMS 0x000000008cd00000, 0x000000008cd00000| Untracked 
| 206|0x000000008ce00000, 0x000000008ce00000, 0x000000008cf00000|  0%| F|  |TAMS 0x000000008ce00000, 0x000000008ce00000| Untracked 
| 207|0x000000008cf00000, 0x000000008cf00000, 0x000000008d000000|  0%| F|  |TAMS 0x000000008cf00000, 0x000000008cf00000| Untracked 
| 208|0x000000008d000000, 0x000000008d000000, 0x000000008d100000|  0%| F|  |TAMS 0x000000008d000000, 0x000000008d000000| Untracked 
| 209|0x000000008d100000, 0x000000008d100000, 0x000000008d200000|  0%| F|  |TAMS 0x000000008d100000, 0x000000008d100000| Untracked 
| 210|0x000000008d200000, 0x000000008d200000, 0x000000008d300000|  0%| F|  |TAMS 0x000000008d200000, 0x000000008d200000| Untracked 
| 211|0x000000008d300000, 0x000000008d400000, 0x000000008d400000|100%| E|  |TAMS 0x000000008d300000, 0x000000008d300000| Complete 
| 253|0x000000008fd00000, 0x000000008fe00000, 0x000000008fe00000|100%| E|CS|TAMS 0x000000008fd00000, 0x000000008fd00000| Complete 

Card table byte_map: [0x000002b9d0c30000,0x000002b9d1030000] _byte_map_base: 0x000002b9d0830000

Marking Bits (Prev, Next): (CMBitMap*) 0x000002b9be0993e0, (CMBitMap*) 0x000002b9be0993a0
 Prev Bits: [0x000002b9d3430000, 0x000002b9d5430000)
 Next Bits: [0x000002b9d1430000, 0x000002b9d3430000)

Polling page: 0x000002b9bbf80000

Metaspace:

Usage:
  Non-class:     71.15 MB used.
      Class:     11.27 MB used.
       Both:     82.43 MB used.

Virtual space:
  Non-class space:       72.00 MB reserved,      71.50 MB (>99%) committed,  9 nodes.
      Class space:        1.00 GB reserved,      11.50 MB (  1%) committed,  1 nodes.
             Both:        1.07 GB reserved,      83.00 MB (  8%) committed. 

Chunk freelists:
   Non-Class:  377.00 KB
       Class:  512.00 KB
        Both:  889.00 KB

MaxMetaspaceSize: unlimited
CompressedClassSpaceSize: 1.00 GB
Initial GC threshold: 21.00 MB
Current GC threshold: 99.06 MB
CDS: off
MetaspaceReclaimPolicy: balanced
 - commit_granule_bytes: 65536.
 - commit_granule_words: 8192.
 - virtual_space_node_default_size: 1048576.
 - enlarge_chunks_in_place: 1.
 - new_chunks_are_fully_committed: 0.
 - uncommit_free_chunks: 1.
 - use_allocation_guard: 0.
 - handle_deallocations: 1.


Internal statistics:

num_allocs_failed_limit: 6.
num_arena_births: 816.
num_arena_deaths: 0.
num_vsnodes_births: 10.
num_vsnodes_deaths: 0.
num_space_committed: 1328.
num_space_uncommitted: 0.
num_chunks_returned_to_freelist: 6.
num_chunks_taken_from_freelist: 3784.
num_chunk_merges: 6.
num_chunk_splits: 2566.
num_chunks_enlarged: 1784.
num_purges: 0.
num_inconsistent_stats: 0.

CodeHeap 'non-profiled nmethods': size=120000Kb used=4862Kb max_used=4862Kb free=115137Kb
 bounds [0x000002b9c8fd0000, 0x000002b9c9490000, 0x000002b9d0500000]
CodeHeap 'profiled nmethods': size=120000Kb used=14911Kb max_used=14911Kb free=105088Kb
 bounds [0x000002b9c1500000, 0x000002b9c2390000, 0x000002b9c8a30000]
CodeHeap 'non-nmethods': size=5760Kb used=2376Kb max_used=2456Kb free=3383Kb
 bounds [0x000002b9c8a30000, 0x000002b9c8cb0000, 0x000002b9c8fd0000]
 total_blobs=8613 nmethods=7705 adapters=820
 compilation: disabled (not enough contiguous free space left)
              stopped_count=1, restarted_count=0
 full_count=1

Compilation events (20 events):
Event: 35.004 Thread 0x000002b9d88a5cf0 8470       3       java.lang.Class::getConstructor (31 bytes)
Event: 35.005 Thread 0x000002b9d88a5cf0 nmethod 8470 0x000002b9c2384110 code [0x000002b9c2384380, 0x000002b9c2384cf8]
Event: 35.008 Thread 0x000002b9d88a5cf0 8471       3       com.sun.xml.bind.v2.model.impl.TypeInfoImpl::reader (8 bytes)
Event: 35.009 Thread 0x000002b9d88a5cf0 nmethod 8471 0x000002b9c2385110 code [0x000002b9c23852a0, 0x000002b9c23853b8]
Event: 35.011 Thread 0x000002b9d88a5cf0 8472       3       jdk.internal.reflect.ClassFileAssembler::getMaxLocals (6 bytes)
Event: 35.012 Thread 0x000002b9d88a5cf0 nmethod 8472 0x000002b9c2385490 code [0x000002b9c2385620, 0x000002b9c2385738]
Event: 35.016 Thread 0x000002b9d88a5cf0 8477       3       java.lang.Class::enumConstantDirectory (119 bytes)
Event: 35.017 Thread 0x000002b9d88a5cf0 nmethod 8477 0x000002b9c2385810 code [0x000002b9c2385ae0, 0x000002b9c23866b8]
Event: 35.017 Thread 0x000002b9d88a5cf0 8476       3       java.lang.Enum::valueOf (73 bytes)
Event: 35.019 Thread 0x000002b9d88a5cf0 nmethod 8476 0x000002b9c2386b10 code [0x000002b9c2386dc0, 0x000002b9c2387858]
Event: 35.019 Thread 0x000002b9d88a5cf0 8478       3       java.util.HashSet::<init> (40 bytes)
Event: 35.020 Thread 0x000002b9d88a5cf0 nmethod 8478 0x000002b9c2387c10 code [0x000002b9c2387e20, 0x000002b9c2388408]
Event: 35.021 Thread 0x000002b9d88a5cf0 8480       3       com.sun.xml.bind.v2.model.nav.ReflectionNavigator::getMethodParameters (9 bytes)
Event: 35.022 Thread 0x000002b9d88a5cf0 nmethod 8480 0x000002b9c2388610 code [0x000002b9c2388820, 0x000002b9c2388fa8]
Event: 35.022 Thread 0x000002b9d88a5cf0 8481       3       com.sun.xml.bind.v2.model.nav.ReflectionNavigator::getMethodParameters (5 bytes)
Event: 35.022 Thread 0x000002b9e228f4b0 8473       4       java.lang.Class::getAnnotation (22 bytes)
Event: 35.023 Thread 0x000002b9d88a5cf0 nmethod 8481 0x000002b9c2389210 code [0x000002b9c2389440, 0x000002b9c2389d38]
Event: 35.023 Thread 0x000002b9d88a5cf0 8482       3       com.sun.xml.bind.v2.model.nav.ReflectionNavigator::isBridgeMethod (9 bytes)
Event: 35.024 Thread 0x000002b9d88a5cf0 nmethod 8482 0x000002b9c2389f90 code [0x000002b9c238a140, 0x000002b9c238a478]
Event: 35.027 Thread 0x000002b9d88a5cf0 8484   !   3       com.sun.xml.bind.v2.model.annotation.LocatableAnnotation::create (106 bytes)

GC Heap History (20 events):
Event: 27.437 GC heap before
{Heap before GC invocations=17 (full 0):
 garbage-first heap   total 71680K, used 54944K [0x0000000080000000, 0x0000000100000000)
  region size 1024K, 11 young (11264K), 1 survivors (1024K)
 Metaspace       used 54994K, committed 55488K, reserved 1097728K
  class space    used 7328K, committed 7552K, reserved 1048576K
}
Event: 27.440 GC heap after
{Heap after GC invocations=18 (full 0):
 garbage-first heap   total 71680K, used 45923K [0x0000000080000000, 0x0000000100000000)
  region size 1024K, 1 young (1024K), 1 survivors (1024K)
 Metaspace       used 54994K, committed 55488K, reserved 1097728K
  class space    used 7328K, committed 7552K, reserved 1048576K
}
Event: 27.668 GC heap before
{Heap before GC invocations=19 (full 0):
 garbage-first heap   total 83968K, used 57187K [0x0000000080000000, 0x0000000100000000)
  region size 1024K, 12 young (12288K), 1 survivors (1024K)
 Metaspace       used 56516K, committed 57024K, reserved 1105920K
  class space    used 7547K, committed 7744K, reserved 1048576K
}
Event: 27.670 GC heap after
{Heap after GC invocations=20 (full 0):
 garbage-first heap   total 83968K, used 46392K [0x0000000080000000, 0x0000000100000000)
  region size 1024K, 1 young (1024K), 1 survivors (1024K)
 Metaspace       used 56516K, committed 57024K, reserved 1105920K
  class space    used 7547K, committed 7744K, reserved 1048576K
}
Event: 27.744 GC heap before
{Heap before GC invocations=20 (full 0):
 garbage-first heap   total 83968K, used 49464K [0x0000000080000000, 0x0000000100000000)
  region size 1024K, 4 young (4096K), 1 survivors (1024K)
 Metaspace       used 56941K, committed 57408K, reserved 1105920K
  class space    used 7616K, committed 7808K, reserved 1048576K
}
Event: 27.749 GC heap after
{Heap after GC invocations=21 (full 0):
 garbage-first heap   total 83968K, used 46074K [0x0000000080000000, 0x0000000100000000)
  region size 1024K, 1 young (1024K), 1 survivors (1024K)
 Metaspace       used 56941K, committed 57408K, reserved 1105920K
  class space    used 7616K, committed 7808K, reserved 1048576K
}
Event: 28.633 GC heap before
{Heap before GC invocations=21 (full 0):
 garbage-first heap   total 83968K, used 66554K [0x0000000080000000, 0x0000000100000000)
  region size 1024K, 21 young (21504K), 1 survivors (1024K)
 Metaspace       used 60209K, committed 60800K, reserved 1105920K
  class space    used 7993K, committed 8256K, reserved 1048576K
}
Event: 28.637 GC heap after
{Heap after GC invocations=22 (full 0):
 garbage-first heap   total 120832K, used 46701K [0x0000000080000000, 0x0000000100000000)
  region size 1024K, 2 young (2048K), 2 survivors (2048K)
 Metaspace       used 60209K, committed 60800K, reserved 1105920K
  class space    used 7993K, committed 8256K, reserved 1048576K
}
Event: 29.720 GC heap before
{Heap before GC invocations=23 (full 0):
 garbage-first heap   total 120832K, used 100973K [0x0000000080000000, 0x0000000100000000)
  region size 1024K, 49 young (50176K), 2 survivors (2048K)
 Metaspace       used 66034K, committed 66624K, reserved 1114112K
  class space    used 8759K, committed 9024K, reserved 1048576K
}
Event: 29.725 GC heap after
{Heap after GC invocations=24 (full 0):
 garbage-first heap   total 120832K, used 51504K [0x0000000080000000, 0x0000000100000000)
  region size 1024K, 6 young (6144K), 6 survivors (6144K)
 Metaspace       used 66034K, committed 66624K, reserved 1114112K
  class space    used 8759K, committed 9024K, reserved 1048576K
}
Event: 29.743 GC heap before
{Heap before GC invocations=24 (full 0):
 garbage-first heap   total 120832K, used 52528K [0x0000000080000000, 0x0000000100000000)
  region size 1024K, 7 young (7168K), 6 survivors (6144K)
 Metaspace       used 66119K, committed 66688K, reserved 1114112K
  class space    used 8769K, committed 9024K, reserved 1048576K
}
Event: 29.748 GC heap after
{Heap after GC invocations=25 (full 0):
 garbage-first heap   total 120832K, used 51955K [0x0000000080000000, 0x0000000100000000)
  region size 1024K, 1 young (1024K), 1 survivors (1024K)
 Metaspace       used 66119K, committed 66688K, reserved 1114112K
  class space    used 8769K, committed 9024K, reserved 1048576K
}
Event: 30.527 GC heap before
{Heap before GC invocations=25 (full 0):
 garbage-first heap   total 120832K, used 94963K [0x0000000080000000, 0x0000000100000000)
  region size 1024K, 43 young (44032K), 1 survivors (1024K)
 Metaspace       used 71297K, committed 71872K, reserved 1114112K
  class space    used 9467K, committed 9728K, reserved 1048576K
}
Event: 30.532 GC heap after
{Heap after GC invocations=26 (full 0):
 garbage-first heap   total 120832K, used 53856K [0x0000000080000000, 0x0000000100000000)
  region size 1024K, 3 young (3072K), 3 survivors (3072K)
 Metaspace       used 71297K, committed 71872K, reserved 1114112K
  class space    used 9467K, committed 9728K, reserved 1048576K
}
Event: 31.681 GC heap before
{Heap before GC invocations=26 (full 0):
 garbage-first heap   total 120832K, used 95840K [0x0000000080000000, 0x0000000100000000)
  region size 1024K, 44 young (45056K), 3 survivors (3072K)
 Metaspace       used 75019K, committed 75648K, reserved 1122304K
  class space    used 9961K, committed 10240K, reserved 1048576K
}
Event: 31.690 GC heap after
{Heap after GC invocations=27 (full 0):
 garbage-first heap   total 120832K, used 56717K [0x0000000080000000, 0x0000000100000000)
  region size 1024K, 6 young (6144K), 6 survivors (6144K)
 Metaspace       used 75019K, committed 75648K, reserved 1122304K
  class space    used 9961K, committed 10240K, reserved 1048576K
}
Event: 33.258 GC heap before
{Heap before GC invocations=27 (full 0):
 garbage-first heap   total 120832K, used 97677K [0x0000000080000000, 0x0000000100000000)
  region size 1024K, 46 young (47104K), 6 survivors (6144K)
 Metaspace       used 80027K, committed 80576K, reserved 1122304K
  class space    used 10868K, committed 11136K, reserved 1048576K
}
Event: 33.277 GC heap after
{Heap after GC invocations=28 (full 0):
 garbage-first heap   total 120832K, used 59147K [0x0000000080000000, 0x0000000100000000)
  region size 1024K, 6 young (6144K), 6 survivors (6144K)
 Metaspace       used 80027K, committed 80576K, reserved 1122304K
  class space    used 10868K, committed 11136K, reserved 1048576K
}
Event: 34.970 GC heap before
{Heap before GC invocations=28 (full 0):
 garbage-first heap   total 120832K, used 98059K [0x0000000080000000, 0x0000000100000000)
  region size 1024K, 44 young (45056K), 6 survivors (6144K)
 Metaspace       used 84214K, committed 84800K, reserved 1122304K
  class space    used 11516K, committed 11776K, reserved 1048576K
}
Event: 34.983 GC heap after
{Heap after GC invocations=29 (full 0):
 garbage-first heap   total 120832K, used 62185K [0x0000000080000000, 0x0000000100000000)
  region size 1024K, 6 young (6144K), 6 survivors (6144K)
 Metaspace       used 84214K, committed 84800K, reserved 1122304K
  class space    used 11516K, committed 11776K, reserved 1048576K
}

Dll operation events (2 events):
Event: 0.006 Loaded shared library D:\android studio\jbr\bin\java.dll
Event: 0.356 Loaded shared library D:\android studio\jbr\bin\verify.dll

Deoptimization events (20 events):
Event: 34.061 Thread 0x000002b9db4378d0 DEOPT PACKING pc=0x000002b9c9363e8c sp=0x000000c9ef1f8f50
Event: 34.061 Thread 0x000002b9db4378d0 DEOPT UNPACKING pc=0x000002b9c8a869a3 sp=0x000000c9ef1f8e70 mode 2
Event: 34.061 Thread 0x000002b9db4378d0 Uncommon trap: trap_request=0xffffff45 fr.pc=0x000002b9c9168bf0 relative=0x0000000000000250
Event: 34.061 Thread 0x000002b9db4378d0 Uncommon trap: reason=unstable_if action=reinterpret pc=0x000002b9c9168bf0 method=java.util.HashMap.getNode(Ljava/lang/Object;)Ljava/util/HashMap$Node; @ 85 c2
Event: 34.061 Thread 0x000002b9db4378d0 DEOPT PACKING pc=0x000002b9c9168bf0 sp=0x000000c9ef1f8ef0
Event: 34.061 Thread 0x000002b9db4378d0 DEOPT UNPACKING pc=0x000002b9c8a869a3 sp=0x000000c9ef1f8e70 mode 2
Event: 34.161 Thread 0x000002b9db4378d0 DEOPT PACKING pc=0x000002b9c1f6d1f6 sp=0x000000c9ef1f90a0
Event: 34.161 Thread 0x000002b9db4378d0 DEOPT UNPACKING pc=0x000002b9c8a87143 sp=0x000000c9ef1f8668 mode 0
Event: 34.673 Thread 0x000002b9db4378d0 Uncommon trap: trap_request=0xffffff45 fr.pc=0x000002b9c9089950 relative=0x0000000000000230
Event: 34.673 Thread 0x000002b9db4378d0 Uncommon trap: reason=unstable_if action=reinterpret pc=0x000002b9c9089950 method=java.util.StringTokenizer.scanToken(I)I @ 42 c2
Event: 34.673 Thread 0x000002b9db4378d0 DEOPT PACKING pc=0x000002b9c9089950 sp=0x000000c9ef1f8c00
Event: 34.673 Thread 0x000002b9db4378d0 DEOPT UNPACKING pc=0x000002b9c8a869a3 sp=0x000000c9ef1f8b90 mode 2
Event: 34.877 Thread 0x000002b9db4378d0 Uncommon trap: trap_request=0xffffffde fr.pc=0x000002b9c9337780 relative=0x0000000000002400
Event: 34.877 Thread 0x000002b9db4378d0 Uncommon trap: reason=class_check action=maybe_recompile pc=0x000002b9c9337780 method=java.lang.Class.createAnnotationData(I)Ljava/lang/Class$AnnotationData; @ 103 c2
Event: 34.877 Thread 0x000002b9db4378d0 DEOPT PACKING pc=0x000002b9c9337780 sp=0x000000c9ef1f8210
Event: 34.877 Thread 0x000002b9db4378d0 DEOPT UNPACKING pc=0x000002b9c8a869a3 sp=0x000000c9ef1f8010 mode 2
Event: 34.946 Thread 0x000002b9db4378d0 Uncommon trap: trap_request=0xfffffff4 fr.pc=0x000002b9c9337924 relative=0x00000000000025a4
Event: 34.946 Thread 0x000002b9db4378d0 Uncommon trap: reason=null_check action=make_not_entrant pc=0x000002b9c9337924 method=java.lang.Class.createAnnotationData(I)Ljava/lang/Class$AnnotationData; @ 14 c2
Event: 34.946 Thread 0x000002b9db4378d0 DEOPT PACKING pc=0x000002b9c9337924 sp=0x000000c9ef1f79e0
Event: 34.946 Thread 0x000002b9db4378d0 DEOPT UNPACKING pc=0x000002b9c8a869a3 sp=0x000000c9ef1f7918 mode 2

Classes unloaded (0 events):
No events

Classes redefined (0 events):
No events

Internal exceptions (20 events):
Event: 27.429 Thread 0x000002b9db4378d0 Exception <a 'java/lang/NoSuchMethodError'{0x0000000083b91080}: 'java.lang.Object java.lang.invoke.DirectMethodHandle$Holder.invokeSpecial(java.lang.Object, java.lang.Object, java.lang.Object, java.lang.Object, java.lang.Object, int)'> (0x0000000083b91080) 
thrown [s\src\hotspot\share\interpreter\linkResolver.cpp, line 771]
Event: 27.429 Thread 0x000002b9db4378d0 Exception <a 'java/lang/NoSuchMethodError'{0x0000000083b95e00}: 'java.lang.Object java.lang.invoke.Invokers$Holder.linkToTargetMethod(java.lang.Object, java.lang.Object, java.lang.Object, int, java.lang.Object)'> (0x0000000083b95e00) 
thrown [s\src\hotspot\share\interpreter\linkResolver.cpp, line 771]
Event: 27.700 Thread 0x000002b9db4378d0 Exception <a 'java/lang/NoSuchMethodError'{0x000000008d35b3b8}: 'int java.lang.invoke.DirectMethodHandle$Holder.invokeInterface(java.lang.Object, java.lang.Object, java.lang.Object, java.lang.Object)'> (0x000000008d35b3b8) 
thrown [s\src\hotspot\share\interpreter\linkResolver.cpp, line 771]
Event: 28.802 Thread 0x000002b9db4378d0 Exception <a 'java/lang/IncompatibleClassChangeError'{0x000000008d035b78}: Found class java.lang.Object, but interface was expected> (0x000000008d035b78) 
thrown [s\src\hotspot\share\interpreter\linkResolver.cpp, line 838]
Event: 28.867 Thread 0x000002b9db4378d0 Implicit null exception at 0x000002b9c92380d4 to 0x000002b9c9238280
Event: 28.868 Thread 0x000002b9db4378d0 Implicit null exception at 0x000002b9c9299be9 to 0x000002b9c929b820
Event: 29.126 Thread 0x000002b9db4378d0 Implicit null exception at 0x000002b9c91b7d8c to 0x000002b9c91b7ec6
Event: 29.364 Thread 0x000002b9db4378d0 Exception <a 'sun/nio/fs/WindowsException'{0x00000000859fa320}> (0x00000000859fa320) 
thrown [s\src\hotspot\share\prims\jni.cpp, line 517]
Event: 29.983 Thread 0x000002b9db4378d0 Implicit null exception at 0x000002b9c9339f49 to 0x000002b9c933a01c
Event: 32.458 Thread 0x000002b9db4378d0 Exception <a 'java/lang/NoSuchMethodError'{0x0000000086223030}: 'int java.lang.invoke.DirectMethodHandle$Holder.invokeSpecialIFC(java.lang.Object, java.lang.Object, java.lang.Object, java.lang.Object, java.lang.Object)'> (0x0000000086223030) 
thrown [s\src\hotspot\share\interpreter\linkResolver.cpp, line 771]
Event: 32.964 Thread 0x000002b9db4378d0 Exception <a 'java/lang/ClassNotFoundException'{0x0000000085577390}: com/android/build/gradle/internal/api/ApkVariantOutputImpl_DecoratedBeanInfo> (0x0000000085577390) 
thrown [s\src\hotspot\share\classfile\systemDictionary.cpp, line 256]
Event: 32.965 Thread 0x000002b9db4378d0 Exception <a 'java/lang/ClassNotFoundException'{0x0000000085584180}: com/android/build/gradle/internal/api/ApkVariantOutputImplBeanInfo> (0x0000000085584180) 
thrown [s\src\hotspot\share\classfile\systemDictionary.cpp, line 256]
Event: 32.965 Thread 0x000002b9db4378d0 Exception <a 'java/lang/ClassNotFoundException'{0x0000000085590d38}: com/android/build/gradle/internal/api/BaseVariantOutputImplBeanInfo> (0x0000000085590d38) 
thrown [s\src\hotspot\share\classfile\systemDictionary.cpp, line 256]
Event: 32.966 Thread 0x000002b9db4378d0 Exception <a 'java/lang/ClassNotFoundException'{0x000000008559db70}: com/android/build/gradle/internal/api/BaseVariantOutputImplCustomizer> (0x000000008559db70) 
thrown [s\src\hotspot\share\classfile\systemDictionary.cpp, line 256]
Event: 32.970 Thread 0x000002b9db4378d0 Exception <a 'java/lang/ClassNotFoundException'{0x00000000855bd0b0}: com/android/build/gradle/internal/api/ApkVariantOutputImplCustomizer> (0x00000000855bd0b0) 
thrown [s\src\hotspot\share\classfile\systemDictionary.cpp, line 256]
Event: 32.973 Thread 0x000002b9db4378d0 Exception <a 'java/lang/ClassNotFoundException'{0x00000000855d6878}: com/android/build/gradle/internal/api/ApkVariantOutputImpl_DecoratedCustomizer> (0x00000000855d6878) 
thrown [s\src\hotspot\share\classfile\systemDictionary.cpp, line 256]
Event: 33.007 Thread 0x000002b9db4378d0 Exception <a 'java/lang/NoClassDefFoundError'{0x00000000854bf798}: org/jetbrains/kotlin/gradle/plugin/KotlinBasePluginWrapper> (0x00000000854bf798) 
thrown [s\src\hotspot\share\classfile\systemDictionary.cpp, line 245]
Event: 34.464 Thread 0x000002b9db4378d0 Exception <a 'sun/nio/fs/WindowsException'{0x0000000085c45e70}> (0x0000000085c45e70) 
thrown [s\src\hotspot\share\prims\jni.cpp, line 517]
Event: 34.769 Thread 0x000002b9db4378d0 Exception <a 'java/lang/NullPointerException'{0x00000000855a3f00}> (0x00000000855a3f00) 
thrown [s\src\hotspot\share\interpreter\linkResolver.cpp, line 1447]
Event: 34.946 Thread 0x000002b9db4378d0 Implicit null exception at 0x000002b9c93355b0 to 0x000002b9c9337900

VM Operations (20 events):
Event: 30.953 Executing VM operation: HandshakeAllThreads
Event: 30.953 Executing VM operation: HandshakeAllThreads done
Event: 31.681 Executing VM operation: G1CollectForAllocation
Event: 31.690 Executing VM operation: G1CollectForAllocation done
Event: 32.702 Executing VM operation: Cleanup
Event: 32.704 Executing VM operation: Cleanup done
Event: 33.129 Executing VM operation: HandshakeAllThreads
Event: 33.129 Executing VM operation: HandshakeAllThreads done
Event: 33.258 Executing VM operation: G1CollectForAllocation
Event: 33.280 Executing VM operation: G1CollectForAllocation done
Event: 33.926 Executing VM operation: ICBufferFull
Event: 33.927 Executing VM operation: ICBufferFull done
Event: 34.109 Executing VM operation: HandshakeAllThreads
Event: 34.109 Executing VM operation: HandshakeAllThreads done
Event: 34.412 Executing VM operation: ICBufferFull
Event: 34.412 Executing VM operation: ICBufferFull done
Event: 34.930 Executing VM operation: HandshakeAllThreads
Event: 34.931 Executing VM operation: HandshakeAllThreads done
Event: 34.970 Executing VM operation: G1CollectForAllocation
Event: 34.983 Executing VM operation: G1CollectForAllocation done

Events (20 events):
Event: 34.811 loading class java/awt/image/BufferedImage done
Event: 34.812 loading class java/awt/Graphics2D
Event: 34.812 loading class java/awt/Graphics2D done
Event: 34.814 loading class java/awt/datatransfer/Transferable
Event: 34.815 loading class java/awt/datatransfer/Transferable done
Event: 34.819 loading class javax/xml/transform/Result
Event: 34.819 loading class javax/xml/transform/Result done
Event: 34.822 loading class javax/xml/datatype/XMLGregorianCalendar
Event: 34.823 loading class javax/xml/datatype/XMLGregorianCalendar done
Event: 34.831 loading class javax/xml/namespace/NamespaceContext
Event: 34.831 loading class javax/xml/namespace/NamespaceContext done
Event: 34.831 loading class javax/xml/datatype/Duration
Event: 34.832 loading class javax/xml/datatype/Duration done
Event: 34.929 loading class java/util/AbstractList$ListItr
Event: 34.929 loading class java/util/AbstractList$ListItr done
Event: 34.937 loading class java/lang/Short$ShortCache
Event: 34.937 loading class java/lang/Short$ShortCache done
Event: 35.016 loading class jdk/internal/ValueBased
Event: 35.017 loading class jdk/internal/ValueBased done
Event: 35.022 Thread 0x000002b9e228f4b0 Thread added: 0x000002b9e228f4b0


Dynamic libraries:
0x00007ff740860000 - 0x00007ff74086a000 	D:\android studio\jbr\bin\java.exe
0x00007ff90b190000 - 0x00007ff90b3a7000 	C:\WINDOWS\SYSTEM32\ntdll.dll
0x00007ff90a140000 - 0x00007ff90a204000 	C:\WINDOWS\System32\KERNEL32.DLL
0x00007ff908650000 - 0x00007ff9089f6000 	C:\WINDOWS\System32\KERNELBASE.dll
0x00007ff908a00000 - 0x00007ff908b11000 	C:\WINDOWS\System32\ucrtbase.dll
0x00007ff8d1400000 - 0x00007ff8d1417000 	D:\android studio\jbr\bin\jli.dll
0x00007ff8dcd40000 - 0x00007ff8dcd5b000 	D:\android studio\jbr\bin\VCRUNTIME140.dll
0x00007ff909a80000 - 0x00007ff909c2d000 	C:\WINDOWS\System32\USER32.dll
0x00007ff908d50000 - 0x00007ff908d76000 	C:\WINDOWS\System32\win32u.dll
0x00007ff8eb760000 - 0x00007ff8eb9f3000 	C:\WINDOWS\WinSxS\amd64_microsoft.windows.common-controls_6595b64144ccf1df_6.0.22621.2361_none_2712ced57382f843\COMCTL32.dll
0x00007ff908fe0000 - 0x00007ff909009000 	C:\WINDOWS\System32\GDI32.dll
0x00007ff909e70000 - 0x00007ff909f17000 	C:\WINDOWS\System32\msvcrt.dll
0x00007ff908c30000 - 0x00007ff908d48000 	C:\WINDOWS\System32\gdi32full.dll
0x00007ff908b20000 - 0x00007ff908bba000 	C:\WINDOWS\System32\msvcp_win.dll
0x00007ff909150000 - 0x00007ff909181000 	C:\WINDOWS\System32\IMM32.DLL
0x00007ff9032c0000 - 0x00007ff9032cc000 	D:\android studio\jbr\bin\vcruntime140_1.dll
0x00007ff8ca730000 - 0x00007ff8ca7bd000 	D:\android studio\jbr\bin\msvcp140.dll
0x00007ff87b270000 - 0x00007ff87bede000 	D:\android studio\jbr\bin\server\jvm.dll
0x00007ff90ab20000 - 0x00007ff90abd0000 	C:\WINDOWS\System32\ADVAPI32.dll
0x00007ff90a3c0000 - 0x00007ff90a466000 	C:\WINDOWS\System32\sechost.dll
0x00007ff909010000 - 0x00007ff909127000 	C:\WINDOWS\System32\RPCRT4.dll
0x00007ff901cd0000 - 0x00007ff901d04000 	C:\WINDOWS\SYSTEM32\WINMM.dll
0x00007ff8ef8b0000 - 0x00007ff8ef8b9000 	C:\WINDOWS\SYSTEM32\WSOCK32.dll
0x00007ff902630000 - 0x00007ff90263a000 	C:\WINDOWS\SYSTEM32\VERSION.dll
0x00007ff90a470000 - 0x00007ff90a4e1000 	C:\WINDOWS\System32\WS2_32.dll
0x00007ff907550000 - 0x00007ff907568000 	C:\WINDOWS\SYSTEM32\kernel.appcore.dll
0x00007ff8f1970000 - 0x00007ff8f197a000 	D:\android studio\jbr\bin\jimage.dll
0x00007ff905e80000 - 0x00007ff9060ae000 	C:\WINDOWS\SYSTEM32\DBGHELP.DLL
0x00007ff90a550000 - 0x00007ff90a8da000 	C:\WINDOWS\System32\combase.dll
0x00007ff908f00000 - 0x00007ff908fd7000 	C:\WINDOWS\System32\OLEAUT32.dll
0x00007ff8ef090000 - 0x00007ff8ef0c2000 	C:\WINDOWS\SYSTEM32\dbgcore.DLL
0x00007ff908510000 - 0x00007ff90858a000 	C:\WINDOWS\System32\bcryptPrimitives.dll
0x00007ff8c9010000 - 0x00007ff8c9035000 	D:\android studio\jbr\bin\java.dll
0x00007ff8df4c0000 - 0x00007ff8df4d8000 	D:\android studio\jbr\bin\zip.dll
0x00007ff909220000 - 0x00007ff909a78000 	C:\WINDOWS\System32\SHELL32.dll
0x00007ff906470000 - 0x00007ff906d62000 	C:\WINDOWS\SYSTEM32\windows.storage.dll
0x00007ff906330000 - 0x00007ff90646e000 	C:\WINDOWS\SYSTEM32\wintypes.dll
0x00007ff909ca0000 - 0x00007ff909d93000 	C:\WINDOWS\System32\SHCORE.dll
0x00007ff90a4f0000 - 0x00007ff90a54e000 	C:\WINDOWS\System32\shlwapi.dll
0x00007ff908440000 - 0x00007ff908466000 	C:\WINDOWS\SYSTEM32\profapi.dll
0x00007ff8ddd20000 - 0x00007ff8ddd39000 	D:\android studio\jbr\bin\net.dll
0x00007ff901690000 - 0x00007ff9017c7000 	C:\WINDOWS\SYSTEM32\WINHTTP.dll
0x00007ff9079d0000 - 0x00007ff907a39000 	C:\WINDOWS\system32\mswsock.dll
0x00007ff8d9af0000 - 0x00007ff8d9b06000 	D:\android studio\jbr\bin\nio.dll
0x00007ff8f1950000 - 0x00007ff8f1960000 	D:\android studio\jbr\bin\verify.dll
0x00007ff8eef40000 - 0x00007ff8eef67000 	C:\Users\hachem safae\.gradle\native\68d5fa5c4cc2d200863cafc0d521ce42e7d3e7ee720ec0a83991735586a16f82\windows-amd64\native-platform.dll
0x00007ff88f940000 - 0x00007ff88fa84000 	C:\Users\hachem safae\.gradle\native\e376f236ea51e6404a007f0833ffe2c6e607c4080706a723a18a27aeea778392\windows-amd64\native-platform-file-events.dll
0x00007ff8ee0a0000 - 0x00007ff8ee0a9000 	D:\android studio\jbr\bin\management.dll
0x00007ff8ebc20000 - 0x00007ff8ebc2b000 	D:\android studio\jbr\bin\management_ext.dll
0x00007ff908ef0000 - 0x00007ff908ef8000 	C:\WINDOWS\System32\PSAPI.DLL
0x00007ff907c30000 - 0x00007ff907c4b000 	C:\WINDOWS\SYSTEM32\CRYPTSP.dll
0x00007ff9074b0000 - 0x00007ff9074e5000 	C:\WINDOWS\system32\rsaenh.dll
0x00007ff907ac0000 - 0x00007ff907aec000 	C:\WINDOWS\SYSTEM32\USERENV.dll
0x00007ff907de0000 - 0x00007ff907e08000 	C:\WINDOWS\SYSTEM32\bcrypt.dll
0x00007ff907c20000 - 0x00007ff907c2c000 	C:\WINDOWS\SYSTEM32\CRYPTBASE.dll
0x00007ff906fd0000 - 0x00007ff906ffd000 	C:\WINDOWS\SYSTEM32\IPHLPAPI.DLL
0x00007ff909140000 - 0x00007ff909149000 	C:\WINDOWS\System32\NSI.dll
0x00007ff901520000 - 0x00007ff901539000 	C:\WINDOWS\SYSTEM32\dhcpcsvc6.DLL
0x00007ff901460000 - 0x00007ff90147f000 	C:\WINDOWS\SYSTEM32\dhcpcsvc.DLL
0x00007ff907040000 - 0x00007ff907139000 	C:\WINDOWS\SYSTEM32\DNSAPI.dll
0x00007ff8e1780000 - 0x00007ff8e1788000 	C:\WINDOWS\system32\wshunix.dll

dbghelp: loaded successfully - version: 4.0.5 - missing functions: none
symbol engine: initialized successfully - sym options: 0x614 - pdb path: .;D:\android studio\jbr\bin;C:\WINDOWS\SYSTEM32;C:\WINDOWS\WinSxS\amd64_microsoft.windows.common-controls_6595b64144ccf1df_6.0.22621.2361_none_2712ced57382f843;D:\android studio\jbr\bin\server;C:\Users\hachem safae\.gradle\native\68d5fa5c4cc2d200863cafc0d521ce42e7d3e7ee720ec0a83991735586a16f82\windows-amd64;C:\Users\hachem safae\.gradle\native\e376f236ea51e6404a007f0833ffe2c6e607c4080706a723a18a27aeea778392\windows-amd64

VM Arguments:
jvm_args: --add-opens=java.base/java.util=ALL-UNNAMED --add-opens=java.base/java.lang=ALL-UNNAMED --add-opens=java.base/java.lang.invoke=ALL-UNNAMED --add-opens=java.prefs/java.util.prefs=ALL-UNNAMED --add-opens=java.base/java.nio.charset=ALL-UNNAMED --add-opens=java.base/java.net=ALL-UNNAMED --add-opens=java.base/java.util.concurrent.atomic=ALL-UNNAMED -Xmx2048m -Dfile.encoding=UTF-8 -Duser.country=FR -Duser.language=fr -Duser.variant 
java_command: org.gradle.launcher.daemon.bootstrap.GradleDaemon 8.0
java_class_path (initial): C:\Users\hachem safae\.gradle\wrapper\dists\gradle-8.0-bin\ca5e32bp14vu59qr306oxotwh\gradle-8.0\lib\gradle-launcher-8.0.jar
Launcher Type: SUN_STANDARD

[Global flags]
     intx CICompilerCount                          = 4                                         {product} {ergonomic}
     uint ConcGCThreads                            = 2                                         {product} {ergonomic}
     uint G1ConcRefinementThreads                  = 8                                         {product} {ergonomic}
   size_t G1HeapRegionSize                         = 1048576                                   {product} {ergonomic}
    uintx GCDrainStackTargetSize                   = 64                                        {product} {ergonomic}
   size_t InitialHeapSize                          = 266338304                                 {product} {ergonomic}
   size_t MarkStackSize                            = 4194304                                   {product} {ergonomic}
   size_t MaxHeapSize                              = 2147483648                                {product} {command line}
   size_t MaxNewSize                               = 1287651328                                {product} {ergonomic}
   size_t MinHeapDeltaBytes                        = 1048576                                   {product} {ergonomic}
   size_t MinHeapSize                              = 8388608                                   {product} {ergonomic}
    uintx NonNMethodCodeHeapSize                   = 5839372                                {pd product} {ergonomic}
    uintx NonProfiledCodeHeapSize                  = 122909434                              {pd product} {ergonomic}
    uintx ProfiledCodeHeapSize                     = 122909434                              {pd product} {ergonomic}
    uintx ReservedCodeCacheSize                    = 251658240                              {pd product} {ergonomic}
     bool SegmentedCodeCache                       = true                                      {product} {ergonomic}
   size_t SoftMaxHeapSize                          = 2147483648                             {manageable} {ergonomic}
     bool UseCompressedClassPointers               = true                           {product lp64_product} {ergonomic}
     bool UseCompressedOops                        = true                           {product lp64_product} {ergonomic}
     bool UseG1GC                                  = true                                      {product} {ergonomic}
     bool UseLargePagesIndividualAllocation        = false                                  {pd product} {ergonomic}

Logging:
Log output configuration:
 #0: stdout all=warning uptime,level,tags
 #1: stderr all=off uptime,level,tags

Environment Variables:
JAVA_HOME=C:\Program Files\Java\jdk-17
PATH=C:\Program Files (x86)\Common Files\Oracle\Java\javapath;C:\Program Files (x86)\VMware\VMware Workstation\bin\;D:\oraclexe\app\oracle\product\11.2.0\server\bin;C:\Program Files\Common Files\Oracle\Java\javapath;C:\WINDOWS\system32;C:\WINDOWS;C:\WINDOWS\System32\Wbem;C:\WINDOWS\System32\WindowsPowerShell\v1.0\;C:\WINDOWS\System32\OpenSSH\;c:\Program Files (x86)\Microsoft SQL Server\100\Tools\Binn\;c:\Program Files\Microsoft SQL Server\100\Tools\Binn\;c:\Program Files\Microsoft SQL Server\100\DTS\Binn\;D:\java_jdk 8\bin;C:\Program Files\Java\jdk-17\bin;C:\Program Files\Java\jdk-11\bin;C:\Program Files\Java\jdk-19\bin;C:\Program Files\Common Files\Oracle\Java\javapath;C:\ProgramData\ComposerSetup\bin;D:\XAAMP\php\php.exe;D:\xamp\php;C:\Program Files\wkhtmltopdf\bin;D:\node;C:\Program Files\Git\cmd;C:\Program Files\nodejs\;C:\Program Files\MongoDB\Server\6.0\bin;D:\XAAMP\php;C:\Program Files\Java\apache-maven-3.9.5\bin;C:\Users\hachem safae\AppData\Local\Programs\Python\Python310\Scripts\;C:\Users\hachem safae\AppData\Local\Programs\Python\Python310\;C:\Program Files\MySQL\MySQL Shell 8.0\bin\;C:\Users\hachem safae\AppData\Local\Microsoft\WindowsApps;C:\Users\hachem safae\AppData\Roaming\Dashlane\6.2007.0.32704\bin\Firefox_Extension\{442718d9-475e-452a-b3e1-fb1ee16b8e9f}\components;C:\Users\hachem safae\AppData\Roaming\Dashlane\6.2007.0.32704\ucrt;C:\Users\hachem safae\AppData\Roaming\Dashlane\6.2007.0.32704\bin\Qt;C:\Users\hachem safae\AppData\Roaming\Dashlane\6.2007.0.32704\bin\Ssl;C:\Program Files\JetBrains\IntelliJ IDEA Community Edition 2020.2.2\bin;C:\Users\hachem safae\AppData\Local\Microsoft\WindowsApps;C:\Users\hachem safae\AppData\Local\Programs\Microsoft VS Code\bin;C:\Program Files\IntelliJ IDEA Community Edition 2022.3.2\bin;;C:\Users\hachem safae\AppData\Local\ComposerSetup\bin;C:\Users\hachem safae\AppData\Roaming\Composer\vendor\bin;C:\Users\hachem safae\AppData\Roaming\npm;D:\android2\platform-tools;D:\XAAMP\php;C:\wamp64\bin\php\php5.6.40;C:\;C:\Prog
USERNAME=hachem safae
OS=Windows_NT
PROCESSOR_IDENTIFIER=Intel64 Family 6 Model 142 Stepping 12, GenuineIntel
TMP=C:\Users\HACHEM~1\AppData\Local\Temp
TEMP=C:\Users\HACHEM~1\AppData\Local\Temp


JNI global refs:
JNI global refs: 26, weak refs: 0

JNI global refs memory usage: 843, weak refs: 841


---------------  S Y S T E M  ---------------

OS:
 Windows 11 , 64 bit Build 22621 (10.0.22621.2428)
OS uptime: 0 days 7:18 hours

CPU: total 8 (initial active 8) (4 cores per cpu, 2 threads per core) family 6 model 142 stepping 12 microcode 0xf6, cx8, cmov, fxsr, ht, mmx, 3dnowpref, sse, sse2, sse3, ssse3, sse4.1, sse4.2, popcnt, lzcnt, tsc, tscinvbit, avx, avx2, aes, erms, clmul, bmi1, bmi2, adx, fma, vzeroupper, clflush, clflushopt

Memory: 4k page, system-wide physical 16194M (2567M free)
TotalPageFile size 18242M (AvailPageFile size 0M)
current process WorkingSet (physical memory assigned to process): 343M, peak: 359M
current process commit charge ("private bytes"): 378M, peak: 395M

vm_info: OpenJDK 64-Bit Server VM (17.0.6+0-b2043.56-10027231) for windows-amd64 JRE (17.0.6+0-b2043.56-10027231), built on Apr 28 2023 00:43:19 by "androidbuild" with MS VC++ 16.10 / 16.11 (VS2019)

END.
