#
# There is insufficient memory for the Java Runtime Environment to continue.
# Native memory allocation (malloc) failed to allocate 2057936 bytes for Chunk::new
# Possible reasons:
#   The system is out of physical RAM or swap space
#   The process is running with CompressedOops enabled, and the Java Heap may be blocking the growth of the native heap
# Possible solutions:
#   Reduce memory load on the system
#   Increase physical memory or swap space
#   Check if swap backing store is full
#   Decrease Java heap size (-Xmx/-Xms)
#   Decrease number of Java threads
#   Decrease Java thread stack sizes (-Xss)
#   Set larger code cache with -XX:ReservedCodeCacheSize=
#   JVM is running with Unscaled Compressed Oops mode in which the Java heap is
#     placed in the first 4GB address space. The Java Heap base address is the
#     maximum limit for the native heap growth. Please use -XX:HeapBaseMinAddress
#     to set the Java Heap base and to place the Java Heap above 4GB virtual address.
# This output file may be truncated or incomplete.
#
#  Out of Memory Error (arena.cpp:189), pid=20788, tid=18872
#
# JRE version: OpenJDK Runtime Environment (17.0.6) (build 17.0.6+0-b2043.56-10027231)
# Java VM: OpenJDK 64-Bit Server VM (17.0.6+0-b2043.56-10027231, mixed mode, tiered, compressed oops, compressed class ptrs, g1 gc, windows-amd64)
# No core dump will be written. Minidumps are not enabled by default on client versions of Windows
#

---------------  S U M M A R Y ------------

Command Line: --add-opens=java.base/java.util=ALL-UNNAMED --add-opens=java.base/java.lang=ALL-UNNAMED --add-opens=java.base/java.lang.invoke=ALL-UNNAMED --add-opens=java.prefs/java.util.prefs=ALL-UNNAMED --add-opens=java.base/java.nio.charset=ALL-UNNAMED --add-opens=java.base/java.net=ALL-UNNAMED --add-opens=java.base/java.util.concurrent.atomic=ALL-UNNAMED -Xmx2048m -Dfile.encoding=UTF-8 -Duser.country=FR -Duser.language=fr -Duser.variant org.gradle.launcher.daemon.bootstrap.GradleDaemon 8.0

Host: Intel(R) Core(TM) i7-8565U CPU @ 1.80GHz, 8 cores, 15G,  Windows 11 , 64 bit Build 22621 (10.0.22621.2428)
Time: Wed Oct 25 21:11:33 2023 Maroc (heure d64 bit Build 22621 (10.0.22621.2428) elapsed time: 11.594465 seconds (0d 0h 0m 11s)

---------------  T H R E A D  ---------------

Current thread (0x000001cc2f89d4b0):  JavaThread "C2 CompilerThread0" daemon [_thread_in_native, id=18872, stack(0x0000005c8aa00000,0x0000005c8ab00000)]


Current CompileTask:
C2:  11594 5967       4       org.objectweb.asm.Frame::execute (2318 bytes)

Stack: [0x0000005c8aa00000,0x0000005c8ab00000]
Native frames: (J=compiled Java code, j=interpreted, Vv=VM code, C=native code)
V  [jvm.dll+0x683c9a]
V  [jvm.dll+0x8427a4]
V  [jvm.dll+0x843f9e]
V  [jvm.dll+0x844603]
V  [jvm.dll+0x249b75]
V  [jvm.dll+0xabcac]
V  [jvm.dll+0xac27c]
V  [jvm.dll+0x368802]
V  [jvm.dll+0x332f31]
V  [jvm.dll+0x3323da]
V  [jvm.dll+0x21c201]
V  [jvm.dll+0x21b621]
V  [jvm.dll+0x1a4fdd]
V  [jvm.dll+0x22b098]
V  [jvm.dll+0x229159]
V  [jvm.dll+0x7f81ec]
V  [jvm.dll+0x7f274a]
V  [jvm.dll+0x682ad5]
C  [ucrtbase.dll+0x29363]
C  [KERNEL32.DLL+0x1257d]
C  [ntdll.dll+0x5aa78]


---------------  P R O C E S S  ---------------

Threads class SMR info:
_java_thread_list=0x000001cc3359ff60, length=127, elements={
0x000001cc12ffe070, 0x000001cc2f83dd20, 0x000001cc2f83eb90, 0x000001cc2f8974d0,
0x000001cc2f898080, 0x000001cc2f89b550, 0x000001cc2f89bf00, 0x000001cc2f89d4b0,
0x000001cc2f8a9460, 0x000001cc2f8abe60, 0x000001cc2fa05a50, 0x000001cc2fa05f20,
0x000001cc32b961a0, 0x000001cc313090f0, 0x000001cc327a2a50, 0x000001cc3121ac90,
0x000001cc324c20c0, 0x000001cc3099c000, 0x000001cc3099c4d0, 0x000001cc3099acc0,
0x000001cc3099b190, 0x000001cc32b4e090, 0x000001cc32b51a50, 0x000001cc32b4dbc0,
0x000001cc32b4f3d0, 0x000001cc32b4b540, 0x000001cc32b50710, 0x000001cc32b4ea30,
0x000001cc32b4c3b0, 0x000001cc32b4d220, 0x000001cc32b50240, 0x000001cc32b50be0,
0x000001cc32b4f8a0, 0x000001cc32b51f20, 0x000001cc32b4fd70, 0x000001cc32b4b070,
0x000001cc32b4c880, 0x000001cc327d9420, 0x000001cc327d5f30, 0x000001cc327d3d80,
0x000001cc327d6400, 0x000001cc327d68d0, 0x000001cc327d5a60, 0x000001cc327d2f10,
0x000001cc327d8f50, 0x000001cc327d6da0, 0x000001cc327d85b0, 0x000001cc327d4250,
0x000001cc327da760, 0x000001cc327d9dc0, 0x000001cc327d7270, 0x000001cc327d7740,
0x000001cc327d7c10, 0x000001cc327da290, 0x000001cc327d50c0, 0x000001cc327d80e0,
0x000001cc327d98f0, 0x000001cc327d5590, 0x000001cc327d33e0, 0x000001cc327d38b0,
0x000001cc355dd370, 0x000001cc355d9e80, 0x000001cc355df050, 0x000001cc355dc9d0,
0x000001cc355df520, 0x000001cc355db1c0, 0x000001cc355dbb60, 0x000001cc355dc030,
0x000001cc355dc500, 0x000001cc355e0860, 0x000001cc355dcea0, 0x000001cc355df9f0,
0x000001cc355de6b0, 0x000001cc355dd840, 0x000001cc355deb80, 0x000001cc355ddd10,
0x000001cc355de1e0, 0x000001cc355d99b0, 0x000001cc355dfec0, 0x000001cc355e0390,
0x000001cc355d9010, 0x000001cc355d94e0, 0x000001cc355da350, 0x000001cc355da820,
0x000001cc355dacf0, 0x000001cc355db690, 0x000001cc31472e00, 0x000001cc31475480,
0x000001cc31476c90, 0x000001cc31474fb0, 0x000001cc31477b00, 0x000001cc31474140,
0x000001cc31474610, 0x000001cc31477fd0, 0x000001cc314732d0, 0x000001cc31474ae0,
0x000001cc31471ac0, 0x000001cc31475950, 0x000001cc314767c0, 0x000001cc314715f0,
0x000001cc31477160, 0x000001cc31475e20, 0x000001cc314762f0, 0x000001cc31473c70,
0x000001cc314784a0, 0x000001cc31477630, 0x000001cc31478970, 0x000001cc31471120,
0x000001cc31471f90, 0x000001cc31472460, 0x000001cc31472930, 0x000001cc314737a0,
0x000001cc35613370, 0x000001cc3560c990, 0x000001cc35612030, 0x000001cc35613840,
0x000001cc3560f9b0, 0x000001cc35613d10, 0x000001cc3560c4c0, 0x000001cc35612500,
0x000001cc35611690, 0x000001cc3560ce60, 0x000001cc35610820, 0x000001cc35610350,
0x000001cc311de420, 0x000001cc35612ea0, 0x000001cc311db180
}

Java Threads: ( => current thread )
  0x000001cc12ffe070 JavaThread "main" [_thread_blocked, id=3108, stack(0x0000005c89d00000,0x0000005c89e00000)]
  0x000001cc2f83dd20 JavaThread "Reference Handler" daemon [_thread_blocked, id=10720, stack(0x0000005c8a400000,0x0000005c8a500000)]
  0x000001cc2f83eb90 JavaThread "Finalizer" daemon [_thread_blocked, id=9604, stack(0x0000005c8a500000,0x0000005c8a600000)]
  0x000001cc2f8974d0 JavaThread "Signal Dispatcher" daemon [_thread_blocked, id=8508, stack(0x0000005c8a600000,0x0000005c8a700000)]
  0x000001cc2f898080 JavaThread "Attach Listener" daemon [_thread_blocked, id=7664, stack(0x0000005c8a700000,0x0000005c8a800000)]
  0x000001cc2f89b550 JavaThread "Service Thread" daemon [_thread_blocked, id=2540, stack(0x0000005c8a800000,0x0000005c8a900000)]
  0x000001cc2f89bf00 JavaThread "Monitor Deflation Thread" daemon [_thread_blocked, id=12948, stack(0x0000005c8a900000,0x0000005c8aa00000)]
=>0x000001cc2f89d4b0 JavaThread "C2 CompilerThread0" daemon [_thread_in_native, id=18872, stack(0x0000005c8aa00000,0x0000005c8ab00000)]
  0x000001cc2f8a9460 JavaThread "C1 CompilerThread0" daemon [_thread_blocked, id=18960, stack(0x0000005c8ab00000,0x0000005c8ac00000)]
  0x000001cc2f8abe60 JavaThread "Sweeper thread" daemon [_thread_blocked, id=10384, stack(0x0000005c8ac00000,0x0000005c8ad00000)]
  0x000001cc2fa05a50 JavaThread "Common-Cleaner" daemon [_thread_blocked, id=19036, stack(0x0000005c8ad00000,0x0000005c8ae00000)]
  0x000001cc2fa05f20 JavaThread "Notification Thread" daemon [_thread_blocked, id=19700, stack(0x0000005c8ae00000,0x0000005c8af00000)]
  0x000001cc32b961a0 JavaThread "Daemon health stats" [_thread_blocked, id=5284, stack(0x0000005c8b700000,0x0000005c8b800000)]
  0x000001cc313090f0 JavaThread "Incoming local TCP Connector on port 51701" [_thread_in_native, id=18156, stack(0x0000005c8b000000,0x0000005c8b100000)]
  0x000001cc327a2a50 JavaThread "Daemon periodic checks" [_thread_blocked, id=18456, stack(0x0000005c8b100000,0x0000005c8b200000)]
  0x000001cc3121ac90 JavaThread "Daemon" [_thread_blocked, id=2016, stack(0x0000005c8b900000,0x0000005c8ba00000)]
  0x000001cc324c20c0 JavaThread "Handler for socket connection from /127.0.0.1:51701 to /127.0.0.1:51704" [_thread_in_native, id=19612, stack(0x0000005c8ba00000,0x0000005c8bb00000)]
  0x000001cc3099c000 JavaThread "Cancel handler" [_thread_blocked, id=17992, stack(0x0000005c8bb00000,0x0000005c8bc00000)]
  0x000001cc3099c4d0 JavaThread "Daemon worker" [_thread_in_Java, id=18688, stack(0x0000005c8bc00000,0x0000005c8bd00000)]
  0x000001cc3099acc0 JavaThread "Asynchronous log dispatcher for DefaultDaemonConnection: socket connection from /127.0.0.1:51701 to /127.0.0.1:51704" [_thread_blocked, id=18508, stack(0x0000005c8bd00000,0x0000005c8be00000)]
  0x000001cc3099b190 JavaThread "Stdin handler" [_thread_blocked, id=16520, stack(0x0000005c8be00000,0x0000005c8bf00000)]
  0x000001cc32b4e090 JavaThread "Daemon client event forwarder" [_thread_blocked, id=19864, stack(0x0000005c8bf00000,0x0000005c8c000000)]
  0x000001cc32b51a50 JavaThread "Cache worker for journal cache (C:\Users\hachem safae\.gradle\caches\journal-1)" [_thread_blocked, id=4004, stack(0x0000005c8c300000,0x0000005c8c400000)]
  0x000001cc32b4dbc0 JavaThread "File lock request listener" [_thread_in_native, id=9348, stack(0x0000005c8c400000,0x0000005c8c500000)]
  0x000001cc32b4f3d0 JavaThread "Cache worker for file hash cache (C:\Users\hachem safae\.gradle\caches\8.0\fileHashes)" [_thread_blocked, id=5964, stack(0x0000005c8c500000,0x0000005c8c600000)]
  0x000001cc32b4b540 JavaThread "File watcher server" daemon [_thread_in_native, id=10496, stack(0x0000005c8c700000,0x0000005c8c800000)]
  0x000001cc32b50710 JavaThread "File watcher consumer" daemon [_thread_blocked, id=21060, stack(0x0000005c8c800000,0x0000005c8c900000)]
  0x000001cc32b4ea30 JavaThread "Cache worker for checksums cache (D:\App_Android studio\Tp_Localisation\.gradle\8.0\checksums)" [_thread_blocked, id=13380, stack(0x0000005c8c900000,0x0000005c8ca00000)]
  0x000001cc32b4c3b0 JavaThread "Cache worker for cache directory md-rule (C:\Users\hachem safae\.gradle\caches\8.0\md-rule)" [_thread_blocked, id=10436, stack(0x0000005c8ca00000,0x0000005c8cb00000)]
  0x000001cc32b4d220 JavaThread "Cache worker for file content cache (C:\Users\hachem safae\.gradle\caches\8.0\fileContent)" [_thread_blocked, id=17004, stack(0x0000005c8cb00000,0x0000005c8cc00000)]
  0x000001cc32b50240 JavaThread "Cache worker for file hash cache (D:\App_Android studio\Tp_Localisation\.gradle\8.0\fileHashes)" [_thread_blocked, id=10836, stack(0x0000005c8cc00000,0x0000005c8cd00000)]
  0x000001cc32b50be0 JavaThread "Cache worker for cache directory md-supplier (C:\Users\hachem safae\.gradle\caches\8.0\md-supplier)" [_thread_blocked, id=20288, stack(0x0000005c8cd00000,0x0000005c8ce00000)]
  0x000001cc32b4f8a0 JavaThread "Cache worker for execution history cache (C:\Users\hachem safae\.gradle\caches\8.0\executionHistory)" [_thread_blocked, id=20664, stack(0x0000005c8ce00000,0x0000005c8cf00000)]
  0x000001cc32b51f20 JavaThread "jar transforms" [_thread_blocked, id=20096, stack(0x0000005c8c600000,0x0000005c8c700000)]
  0x000001cc32b4fd70 JavaThread "jar transforms Thread 2" [_thread_blocked, id=7928, stack(0x0000005c8cf00000,0x0000005c8d000000)]
  0x000001cc32b4b070 JavaThread "Cache worker for kotlin-dsl (C:\Users\hachem safae\.gradle\caches\8.0\kotlin-dsl)" [_thread_blocked, id=18928, stack(0x0000005c8d100000,0x0000005c8d200000)]
  0x000001cc32b4c880 JavaThread "jar transforms Thread 3" [_thread_blocked, id=11620, stack(0x0000005c8d300000,0x0000005c8d400000)]
  0x000001cc327d9420 JavaThread "jar transforms Thread 4" [_thread_blocked, id=19160, stack(0x0000005c8d400000,0x0000005c8d500000)]
  0x000001cc327d5f30 JavaThread "Cache worker for dependencies-accessors (D:\App_Android studio\Tp_Localisation\.gradle\8.0\dependencies-accessors)" [_thread_blocked, id=5020, stack(0x0000005c8d500000,0x0000005c8d600000)]
  0x000001cc327d3d80 JavaThread "Cache worker for Build Output Cleanup Cache (D:\App_Android studio\Tp_Localisation\.gradle\buildOutputCleanup)" [_thread_blocked, id=8204, stack(0x0000005c8d600000,0x0000005c8d700000)]
  0x000001cc327d6400 JavaThread "jar transforms Thread 5" [_thread_blocked, id=19136, stack(0x0000005c8d700000,0x0000005c8d800000)]
  0x000001cc327d68d0 JavaThread "Unconstrained build operations" [_thread_blocked, id=13012, stack(0x0000005c8d800000,0x0000005c8d900000)]
  0x000001cc327d5a60 JavaThread "Unconstrained build operations Thread 2" [_thread_blocked, id=13564, stack(0x0000005c8d900000,0x0000005c8da00000)]
  0x000001cc327d2f10 JavaThread "Unconstrained build operations Thread 3" [_thread_blocked, id=17644, stack(0x0000005c8da00000,0x0000005c8db00000)]
  0x000001cc327d8f50 JavaThread "Unconstrained build operations Thread 4" [_thread_blocked, id=11580, stack(0x0000005c8db00000,0x0000005c8dc00000)]
  0x000001cc327d6da0 JavaThread "Unconstrained build operations Thread 5" [_thread_blocked, id=18876, stack(0x0000005c8dc00000,0x0000005c8dd00000)]
  0x000001cc327d85b0 JavaThread "Unconstrained build operations Thread 6" [_thread_blocked, id=18176, stack(0x0000005c8dd00000,0x0000005c8de00000)]
  0x000001cc327d4250 JavaThread "Unconstrained build operations Thread 7" [_thread_blocked, id=12392, stack(0x0000005c8de00000,0x0000005c8df00000)]
  0x000001cc327da760 JavaThread "Unconstrained build operations Thread 8" [_thread_blocked, id=8316, stack(0x0000005c8df00000,0x0000005c8e000000)]
  0x000001cc327d9dc0 JavaThread "Unconstrained build operations Thread 9" [_thread_blocked, id=17808, stack(0x0000005c8e000000,0x0000005c8e100000)]
  0x000001cc327d7270 JavaThread "Unconstrained build operations Thread 10" [_thread_blocked, id=6984, stack(0x0000005c8e100000,0x0000005c8e200000)]
  0x000001cc327d7740 JavaThread "Unconstrained build operations Thread 11" [_thread_blocked, id=5212, stack(0x0000005c8e200000,0x0000005c8e300000)]
  0x000001cc327d7c10 JavaThread "Unconstrained build operations Thread 12" [_thread_blocked, id=2456, stack(0x0000005c8e300000,0x0000005c8e400000)]
  0x000001cc327da290 JavaThread "Unconstrained build operations Thread 13" [_thread_blocked, id=18924, stack(0x0000005c8e400000,0x0000005c8e500000)]
  0x000001cc327d50c0 JavaThread "Unconstrained build operations Thread 14" [_thread_blocked, id=14192, stack(0x0000005c8e500000,0x0000005c8e600000)]
  0x000001cc327d80e0 JavaThread "Unconstrained build operations Thread 15" [_thread_blocked, id=12204, stack(0x0000005c8e600000,0x0000005c8e700000)]
  0x000001cc327d98f0 JavaThread "Unconstrained build operations Thread 16" [_thread_blocked, id=18032, stack(0x0000005c8e700000,0x0000005c8e800000)]
  0x000001cc327d5590 JavaThread "Unconstrained build operations Thread 17" [_thread_blocked, id=21004, stack(0x0000005c8e800000,0x0000005c8e900000)]
  0x000001cc327d33e0 JavaThread "Unconstrained build operations Thread 18" [_thread_blocked, id=17716, stack(0x0000005c8e900000,0x0000005c8ea00000)]
  0x000001cc327d38b0 JavaThread "Unconstrained build operations Thread 19" [_thread_blocked, id=14848, stack(0x0000005c8ea00000,0x0000005c8eb00000)]
  0x000001cc355dd370 JavaThread "Unconstrained build operations Thread 20" [_thread_blocked, id=13240, stack(0x0000005c8eb00000,0x0000005c8ec00000)]
  0x000001cc355d9e80 JavaThread "Unconstrained build operations Thread 21" [_thread_blocked, id=11328, stack(0x0000005c8ec00000,0x0000005c8ed00000)]
  0x000001cc355df050 JavaThread "Unconstrained build operations Thread 22" [_thread_blocked, id=19096, stack(0x0000005c8ed00000,0x0000005c8ee00000)]
  0x000001cc355dc9d0 JavaThread "Unconstrained build operations Thread 23" [_thread_blocked, id=9200, stack(0x0000005c8ee00000,0x0000005c8ef00000)]
  0x000001cc355df520 JavaThread "Unconstrained build operations Thread 24" [_thread_blocked, id=19712, stack(0x0000005c8ef00000,0x0000005c8f000000)]
  0x000001cc355db1c0 JavaThread "Unconstrained build operations Thread 25" [_thread_blocked, id=9860, stack(0x0000005c8f000000,0x0000005c8f100000)]
  0x000001cc355dbb60 JavaThread "Unconstrained build operations Thread 26" [_thread_blocked, id=18440, stack(0x0000005c8f100000,0x0000005c8f200000)]
  0x000001cc355dc030 JavaThread "Unconstrained build operations Thread 27" [_thread_blocked, id=1532, stack(0x0000005c8f200000,0x0000005c8f300000)]
  0x000001cc355dc500 JavaThread "Unconstrained build operations Thread 28" [_thread_blocked, id=8096, stack(0x0000005c8f300000,0x0000005c8f400000)]
  0x000001cc355e0860 JavaThread "Unconstrained build operations Thread 29" [_thread_blocked, id=19732, stack(0x0000005c8f400000,0x0000005c8f500000)]
  0x000001cc355dcea0 JavaThread "Unconstrained build operations Thread 30" [_thread_blocked, id=7764, stack(0x0000005c8f500000,0x0000005c8f600000)]
  0x000001cc355df9f0 JavaThread "Unconstrained build operations Thread 31" [_thread_blocked, id=20468, stack(0x0000005c8f600000,0x0000005c8f700000)]
  0x000001cc355de6b0 JavaThread "Unconstrained build operations Thread 32" [_thread_blocked, id=14608, stack(0x0000005c8f700000,0x0000005c8f800000)]
  0x000001cc355dd840 JavaThread "Unconstrained build operations Thread 33" [_thread_blocked, id=9468, stack(0x0000005c8f800000,0x0000005c8f900000)]
  0x000001cc355deb80 JavaThread "Unconstrained build operations Thread 34" [_thread_blocked, id=8468, stack(0x0000005c8f900000,0x0000005c8fa00000)]
  0x000001cc355ddd10 JavaThread "Unconstrained build operations Thread 35" [_thread_blocked, id=568, stack(0x0000005c8fa00000,0x0000005c8fb00000)]
  0x000001cc355de1e0 JavaThread "Unconstrained build operations Thread 36" [_thread_blocked, id=20036, stack(0x0000005c8fb00000,0x0000005c8fc00000)]
  0x000001cc355d99b0 JavaThread "Unconstrained build operations Thread 37" [_thread_blocked, id=17912, stack(0x0000005c8fc00000,0x0000005c8fd00000)]
  0x000001cc355dfec0 JavaThread "Unconstrained build operations Thread 38" [_thread_blocked, id=14468, stack(0x0000005c8fd00000,0x0000005c8fe00000)]
  0x000001cc355e0390 JavaThread "Unconstrained build operations Thread 39" [_thread_blocked, id=8516, stack(0x0000005c8fe00000,0x0000005c8ff00000)]
  0x000001cc355d9010 JavaThread "Unconstrained build operations Thread 40" [_thread_blocked, id=17924, stack(0x0000005c8ff00000,0x0000005c90000000)]
  0x000001cc355d94e0 JavaThread "Unconstrained build operations Thread 41" [_thread_blocked, id=11852, stack(0x0000005c90000000,0x0000005c90100000)]
  0x000001cc355da350 JavaThread "Unconstrained build operations Thread 42" [_thread_blocked, id=19168, stack(0x0000005c90100000,0x0000005c90200000)]
  0x000001cc355da820 JavaThread "Unconstrained build operations Thread 43" [_thread_blocked, id=5444, stack(0x0000005c90200000,0x0000005c90300000)]
  0x000001cc355dacf0 JavaThread "Unconstrained build operations Thread 44" [_thread_blocked, id=18016, stack(0x0000005c90300000,0x0000005c90400000)]
  0x000001cc355db690 JavaThread "Unconstrained build operations Thread 45" [_thread_blocked, id=9756, stack(0x0000005c90400000,0x0000005c90500000)]
  0x000001cc31472e00 JavaThread "Unconstrained build operations Thread 46" [_thread_blocked, id=11564, stack(0x0000005c90500000,0x0000005c90600000)]
  0x000001cc31475480 JavaThread "Unconstrained build operations Thread 47" [_thread_blocked, id=10416, stack(0x0000005c90600000,0x0000005c90700000)]
  0x000001cc31476c90 JavaThread "Unconstrained build operations Thread 48" [_thread_blocked, id=12692, stack(0x0000005c90700000,0x0000005c90800000)]
  0x000001cc31474fb0 JavaThread "Unconstrained build operations Thread 49" [_thread_blocked, id=13948, stack(0x0000005c90800000,0x0000005c90900000)]
  0x000001cc31477b00 JavaThread "Unconstrained build operations Thread 50" [_thread_blocked, id=21284, stack(0x0000005c90900000,0x0000005c90a00000)]
  0x000001cc31474140 JavaThread "Unconstrained build operations Thread 51" [_thread_blocked, id=4720, stack(0x0000005c90a00000,0x0000005c90b00000)]
  0x000001cc31474610 JavaThread "Unconstrained build operations Thread 52" [_thread_blocked, id=19224, stack(0x0000005c90b00000,0x0000005c90c00000)]
  0x000001cc31477fd0 JavaThread "Unconstrained build operations Thread 53" [_thread_blocked, id=12128, stack(0x0000005c90c00000,0x0000005c90d00000)]
  0x000001cc314732d0 JavaThread "Unconstrained build operations Thread 54" [_thread_blocked, id=8168, stack(0x0000005c90d00000,0x0000005c90e00000)]
  0x000001cc31474ae0 JavaThread "Unconstrained build operations Thread 55" [_thread_blocked, id=12936, stack(0x0000005c90e00000,0x0000005c90f00000)]
  0x000001cc31471ac0 JavaThread "Unconstrained build operations Thread 56" [_thread_blocked, id=19140, stack(0x0000005c90f00000,0x0000005c91000000)]
  0x000001cc31475950 JavaThread "Unconstrained build operations Thread 57" [_thread_blocked, id=15032, stack(0x0000005c91000000,0x0000005c91100000)]
  0x000001cc314767c0 JavaThread "Unconstrained build operations Thread 58" [_thread_blocked, id=9888, stack(0x0000005c91100000,0x0000005c91200000)]
  0x000001cc314715f0 JavaThread "Unconstrained build operations Thread 59" [_thread_blocked, id=20868, stack(0x0000005c91200000,0x0000005c91300000)]
  0x000001cc31477160 JavaThread "Unconstrained build operations Thread 60" [_thread_blocked, id=19472, stack(0x0000005c91300000,0x0000005c91400000)]
  0x000001cc31475e20 JavaThread "Unconstrained build operations Thread 61" [_thread_blocked, id=10696, stack(0x0000005c91400000,0x0000005c91500000)]
  0x000001cc314762f0 JavaThread "Unconstrained build operations Thread 62" [_thread_blocked, id=21216, stack(0x0000005c91500000,0x0000005c91600000)]
  0x000001cc31473c70 JavaThread "Unconstrained build operations Thread 63" [_thread_blocked, id=6944, stack(0x0000005c91600000,0x0000005c91700000)]
  0x000001cc314784a0 JavaThread "Unconstrained build operations Thread 64" [_thread_blocked, id=17648, stack(0x0000005c91700000,0x0000005c91800000)]
  0x000001cc31477630 JavaThread "Unconstrained build operations Thread 65" [_thread_blocked, id=11764, stack(0x0000005c91800000,0x0000005c91900000)]
  0x000001cc31478970 JavaThread "Unconstrained build operations Thread 66" [_thread_blocked, id=20436, stack(0x0000005c91900000,0x0000005c91a00000)]
  0x000001cc31471120 JavaThread "Unconstrained build operations Thread 67" [_thread_blocked, id=16656, stack(0x0000005c91a00000,0x0000005c91b00000)]
  0x000001cc31471f90 JavaThread "Unconstrained build operations Thread 68" [_thread_blocked, id=2436, stack(0x0000005c91b00000,0x0000005c91c00000)]
  0x000001cc31472460 JavaThread "Unconstrained build operations Thread 69" [_thread_blocked, id=18116, stack(0x0000005c8d200000,0x0000005c8d300000)]
  0x000001cc31472930 JavaThread "Unconstrained build operations Thread 70" [_thread_blocked, id=10120, stack(0x0000005c91c00000,0x0000005c91d00000)]
  0x000001cc314737a0 JavaThread "Unconstrained build operations Thread 71" [_thread_blocked, id=11204, stack(0x0000005c91d00000,0x0000005c91e00000)]
  0x000001cc35613370 JavaThread "Unconstrained build operations Thread 72" [_thread_blocked, id=19784, stack(0x0000005c91e00000,0x0000005c91f00000)]
  0x000001cc3560c990 JavaThread "Unconstrained build operations Thread 73" [_thread_blocked, id=16624, stack(0x0000005c91f00000,0x0000005c92000000)]
  0x000001cc35612030 JavaThread "Unconstrained build operations Thread 74" [_thread_blocked, id=9460, stack(0x0000005c92000000,0x0000005c92100000)]
  0x000001cc35613840 JavaThread "Unconstrained build operations Thread 75" [_thread_blocked, id=20504, stack(0x0000005c92100000,0x0000005c92200000)]
  0x000001cc3560f9b0 JavaThread "Unconstrained build operations Thread 76" [_thread_blocked, id=18532, stack(0x0000005c92200000,0x0000005c92300000)]
  0x000001cc35613d10 JavaThread "Unconstrained build operations Thread 77" [_thread_blocked, id=20264, stack(0x0000005c92300000,0x0000005c92400000)]
  0x000001cc3560c4c0 JavaThread "Unconstrained build operations Thread 78" [_thread_blocked, id=18428, stack(0x0000005c92400000,0x0000005c92500000)]
  0x000001cc35612500 JavaThread "Unconstrained build operations Thread 79" [_thread_blocked, id=20524, stack(0x0000005c92500000,0x0000005c92600000)]
  0x000001cc35611690 JavaThread "Unconstrained build operations Thread 80" [_thread_blocked, id=19856, stack(0x0000005c92600000,0x0000005c92700000)]
  0x000001cc3560ce60 JavaThread "jar transforms Thread 6" [_thread_blocked, id=16596, stack(0x0000005c92800000,0x0000005c92900000)]
  0x000001cc35610820 JavaThread "jar transforms Thread 7" [_thread_blocked, id=4084, stack(0x0000005c92900000,0x0000005c92a00000)]
  0x000001cc35610350 JavaThread "jar transforms Thread 8" [_thread_blocked, id=17284, stack(0x0000005c92a00000,0x0000005c92b00000)]
  0x000001cc311de420 JavaThread "C2 CompilerThread1" daemon [_thread_in_native, id=19728, stack(0x0000005c8b800000,0x0000005c8b900000)]
  0x000001cc35612ea0 JavaThread "build event listener" [_thread_blocked, id=17848, stack(0x0000005c92700000,0x0000005c92800000)]
  0x000001cc311db180 JavaThread "C2 CompilerThread2" daemon [_thread_in_native, id=8888, stack(0x0000005c92b00000,0x0000005c92c00000)]

Other Threads:
  0x000001cc2f83c020 VMThread "VM Thread" [stack: 0x0000005c8a300000,0x0000005c8a400000] [id=20964]
  0x000001cc15179c40 WatcherThread [stack: 0x0000005c8af00000,0x0000005c8b000000] [id=9260]
  0x000001cc15158d20 GCTaskThread "GC Thread#0" [stack: 0x0000005c89e00000,0x0000005c89f00000] [id=21076]
  0x000001cc30a7d1b0 GCTaskThread "GC Thread#1" [stack: 0x0000005c8b200000,0x0000005c8b300000] [id=20232]
  0x000001cc30a7d460 GCTaskThread "GC Thread#2" [stack: 0x0000005c8b300000,0x0000005c8b400000] [id=16212]
  0x000001cc30a7d710 GCTaskThread "GC Thread#3" [stack: 0x0000005c8b400000,0x0000005c8b500000] [id=6788]
  0x000001cc30a7d9c0 GCTaskThread "GC Thread#4" [stack: 0x0000005c8b500000,0x0000005c8b600000] [id=20852]
  0x000001cc2ff4bf60 GCTaskThread "GC Thread#5" [stack: 0x0000005c8b600000,0x0000005c8b700000] [id=18800]
  0x000001cc30e6b9c0 GCTaskThread "GC Thread#6" [stack: 0x0000005c8c000000,0x0000005c8c100000] [id=19564]
  0x000001cc30e6b710 GCTaskThread "GC Thread#7" [stack: 0x0000005c8c100000,0x0000005c8c200000] [id=11716]
  0x000001cc15169c60 ConcurrentGCThread "G1 Main Marker" [stack: 0x0000005c89f00000,0x0000005c8a000000] [id=19652]
  0x000001cc1516ae10 ConcurrentGCThread "G1 Conc#0" [stack: 0x0000005c8a000000,0x0000005c8a100000] [id=5524]
  0x000001cc30e6bc70 ConcurrentGCThread "G1 Conc#1" [stack: 0x0000005c8c200000,0x0000005c8c300000] [id=19256]
  0x000001cc2edfa5b0 ConcurrentGCThread "G1 Refine#0" [stack: 0x0000005c8a100000,0x0000005c8a200000] [id=2712]
  0x000001cc3388c520 ConcurrentGCThread "G1 Refine#1" [stack: 0x0000005c8d000000,0x0000005c8d100000] [id=21472]
  0x000001cc2edfafd0 ConcurrentGCThread "G1 Service" [stack: 0x0000005c8a200000,0x0000005c8a300000] [id=17132]

Threads with active compile tasks:
C2 CompilerThread0    11628 5967       4       org.objectweb.asm.Frame::execute (2318 bytes)
C1 CompilerThread0    11628 6141 %     3       org.gradle.internal.instantiation.generator.AbstractClassGenerator::inspectType @ 77 (560 bytes)
C2 CompilerThread1    11628 6138       4       com.google.common.reflect.TypeResolver$TypeVariableKey::hashCode (32 bytes)
C2 CompilerThread2    11628 6140   !   4       com.google.common.reflect.TypeVisitor::visit (244 bytes)

VM state: not at safepoint (normal execution)

VM Mutex/Monitor currently owned by a thread:  ([mutex/lock_event])
[0x000001cc150fb1c0] Metaspace_lock - owner thread: 0x000001cc3099c4d0

Heap address: 0x0000000080000000, size: 2048 MB, Compressed Oops mode: 32-bit

CDS archive(s) not mapped
Compressed class space mapped at: 0x0000000100000000-0x0000000140000000, reserved size: 1073741824
Narrow klass base: 0x0000000000000000, Narrow klass shift: 3, Narrow klass range: 0x140000000

GC Precious Log:
 CPUs: 8 total, 8 available
 Memory: 16194M
 Large Page Support: Disabled
 NUMA Support: Disabled
 Compressed Oops: Enabled (32-bit)
 Heap Region Size: 1M
 Heap Min Capacity: 8M
 Heap Initial Capacity: 254M
 Heap Max Capacity: 2G
 Pre-touch: Disabled
 Parallel Workers: 8
 Concurrent Workers: 2
 Concurrent Refinement Workers: 8
 Periodic GC: Disabled

Heap:
 garbage-first heap   total 82944K, used 48301K [0x0000000080000000, 0x0000000100000000)
  region size 1024K, 5 young (5120K), 2 survivors (2048K)
 Metaspace       used 60334K, committed 60864K, reserved 1105920K
  class space    used 8059K, committed 8320K, reserved 1048576K

Heap Regions: E=young(eden), S=young(survivor), O=old, HS=humongous(starts), HC=humongous(continues), CS=collection set, F=free, OA=open archive, CA=closed archive, TAMS=top-at-mark-start (previous, next)
|   0|0x0000000080000000, 0x0000000080100000, 0x0000000080100000|100%|HS|  |TAMS 0x0000000080100000, 0x0000000080000000| Complete 
|   1|0x0000000080100000, 0x0000000080200000, 0x0000000080200000|100%|HC|  |TAMS 0x0000000080200000, 0x0000000080100000| Complete 
|   2|0x0000000080200000, 0x0000000080300000, 0x0000000080300000|100%|HC|  |TAMS 0x0000000080300000, 0x0000000080200000| Complete 
|   3|0x0000000080300000, 0x0000000080400000, 0x0000000080400000|100%|HC|  |TAMS 0x0000000080400000, 0x0000000080300000| Complete 
|   4|0x0000000080400000, 0x0000000080500000, 0x0000000080500000|100%| O|  |TAMS 0x0000000080500000, 0x0000000080400000| Untracked 
|   5|0x0000000080500000, 0x0000000080600000, 0x0000000080600000|100%| O|  |TAMS 0x0000000080600000, 0x0000000080500000| Untracked 
|   6|0x0000000080600000, 0x0000000080700000, 0x0000000080700000|100%| O|  |TAMS 0x0000000080700000, 0x0000000080600000| Untracked 
|   7|0x0000000080700000, 0x0000000080800000, 0x0000000080800000|100%| O|  |TAMS 0x0000000080800000, 0x0000000080700000| Untracked 
|   8|0x0000000080800000, 0x0000000080900000, 0x0000000080900000|100%| O|  |TAMS 0x0000000080900000, 0x0000000080800000| Untracked 
|   9|0x0000000080900000, 0x0000000080a00000, 0x0000000080a00000|100%| O|  |TAMS 0x0000000080a00000, 0x0000000080900000| Untracked 
|  10|0x0000000080a00000, 0x0000000080b00000, 0x0000000080b00000|100%| O|  |TAMS 0x0000000080b00000, 0x0000000080a00000| Untracked 
|  11|0x0000000080b00000, 0x0000000080b40400, 0x0000000080c00000| 25%| O|  |TAMS 0x0000000080b40400, 0x0000000080b00000| Untracked 
|  12|0x0000000080c00000, 0x0000000080d00000, 0x0000000080d00000|100%| O|  |TAMS 0x0000000080d00000, 0x0000000080c00000| Untracked 
|  13|0x0000000080d00000, 0x0000000080e00000, 0x0000000080e00000|100%| O|  |TAMS 0x0000000080e00000, 0x0000000080d00000| Untracked 
|  14|0x0000000080e00000, 0x0000000080f00000, 0x0000000080f00000|100%| O|  |TAMS 0x0000000080f00000, 0x0000000080e00000| Untracked 
|  15|0x0000000080f00000, 0x0000000081000000, 0x0000000081000000|100%| O|  |TAMS 0x0000000081000000, 0x0000000080f00000| Untracked 
|  16|0x0000000081000000, 0x0000000081100000, 0x0000000081100000|100%| O|  |TAMS 0x0000000081100000, 0x0000000081000000| Untracked 
|  17|0x0000000081100000, 0x0000000081200000, 0x0000000081200000|100%| O|  |TAMS 0x0000000081200000, 0x0000000081100000| Untracked 
|  18|0x0000000081200000, 0x0000000081300000, 0x0000000081300000|100%| O|  |TAMS 0x0000000081300000, 0x0000000081200000| Untracked 
|  19|0x0000000081300000, 0x0000000081400000, 0x0000000081400000|100%| O|  |TAMS 0x0000000081400000, 0x0000000081300000| Untracked 
|  20|0x0000000081400000, 0x0000000081500000, 0x0000000081500000|100%| O|  |TAMS 0x0000000081500000, 0x0000000081400000| Untracked 
|  21|0x0000000081500000, 0x0000000081600000, 0x0000000081600000|100%| O|  |TAMS 0x0000000081600000, 0x0000000081500000| Untracked 
|  22|0x0000000081600000, 0x0000000081700000, 0x0000000081700000|100%| O|  |TAMS 0x0000000081700000, 0x0000000081600000| Untracked 
|  23|0x0000000081700000, 0x0000000081800000, 0x0000000081800000|100%| O|  |TAMS 0x0000000081800000, 0x0000000081700000| Untracked 
|  24|0x0000000081800000, 0x0000000081900000, 0x0000000081900000|100%| O|  |TAMS 0x0000000081900000, 0x0000000081800000| Untracked 
|  25|0x0000000081900000, 0x0000000081a00000, 0x0000000081a00000|100%| O|  |TAMS 0x0000000081a00000, 0x0000000081900000| Untracked 
|  26|0x0000000081a00000, 0x0000000081b00000, 0x0000000081b00000|100%| O|  |TAMS 0x0000000081b00000, 0x0000000081a00000| Untracked 
|  27|0x0000000081b00000, 0x0000000081c00000, 0x0000000081c00000|100%| O|  |TAMS 0x0000000081c00000, 0x0000000081b00000| Untracked 
|  28|0x0000000081c00000, 0x0000000081d00000, 0x0000000081d00000|100%| O|  |TAMS 0x0000000081d00000, 0x0000000081c00000| Untracked 
|  29|0x0000000081d00000, 0x0000000081e00000, 0x0000000081e00000|100%| O|  |TAMS 0x0000000081e00000, 0x0000000081d00000| Untracked 
|  30|0x0000000081e00000, 0x0000000081f00000, 0x0000000081f00000|100%| O|  |TAMS 0x0000000081f00000, 0x0000000081e00000| Untracked 
|  31|0x0000000081f00000, 0x0000000082000000, 0x0000000082000000|100%| O|  |TAMS 0x0000000082000000, 0x0000000081f00000| Untracked 
|  32|0x0000000082000000, 0x0000000082100000, 0x0000000082100000|100%| O|  |TAMS 0x0000000082100000, 0x0000000082000000| Untracked 
|  33|0x0000000082100000, 0x0000000082200000, 0x0000000082200000|100%| O|  |TAMS 0x0000000082200000, 0x0000000082100000| Untracked 
|  34|0x0000000082200000, 0x0000000082300000, 0x0000000082300000|100%| O|  |TAMS 0x0000000082300000, 0x0000000082200000| Untracked 
|  35|0x0000000082300000, 0x0000000082400000, 0x0000000082400000|100%|HS|  |TAMS 0x0000000082400000, 0x0000000082300000| Complete 
|  36|0x0000000082400000, 0x0000000082500000, 0x0000000082500000|100%|HS|  |TAMS 0x0000000082500000, 0x0000000082400000| Complete 
|  37|0x0000000082500000, 0x0000000082600000, 0x0000000082600000|100%| O|  |TAMS 0x0000000082600000, 0x0000000082500000| Untracked 
|  38|0x0000000082600000, 0x0000000082700000, 0x0000000082700000|100%| O|  |TAMS 0x0000000082700000, 0x0000000082600000| Untracked 
|  39|0x0000000082700000, 0x0000000082800000, 0x0000000082800000|100%|HS|  |TAMS 0x0000000082800000, 0x0000000082700000| Complete 
|  40|0x0000000082800000, 0x0000000082900000, 0x0000000082900000|100%| O|  |TAMS 0x0000000082800000, 0x0000000082800000| Untracked 
|  41|0x0000000082900000, 0x0000000082a00000, 0x0000000082a00000|100%| O|  |TAMS 0x0000000082a00000, 0x0000000082900000| Untracked 
|  42|0x0000000082a00000, 0x0000000082b00000, 0x0000000082b00000|100%| O|  |TAMS 0x0000000082ab1e00, 0x0000000082a00000| Untracked 
|  43|0x0000000082b00000, 0x0000000082c00000, 0x0000000082c00000|100%| O|  |TAMS 0x0000000082b00000, 0x0000000082b00000| Untracked 
|  44|0x0000000082c00000, 0x0000000082cb0000, 0x0000000082d00000| 68%| O|  |TAMS 0x0000000082c00000, 0x0000000082c00000| Untracked 
|  45|0x0000000082d00000, 0x0000000082d00000, 0x0000000082e00000|  0%| F|  |TAMS 0x0000000082d00000, 0x0000000082d00000| Untracked 
|  46|0x0000000082e00000, 0x0000000082e00000, 0x0000000082f00000|  0%| F|  |TAMS 0x0000000082e00000, 0x0000000082e00000| Untracked 
|  47|0x0000000082f00000, 0x0000000082f00000, 0x0000000083000000|  0%| F|  |TAMS 0x0000000082f00000, 0x0000000082f00000| Untracked 
|  48|0x0000000083000000, 0x0000000083000000, 0x0000000083100000|  0%| F|  |TAMS 0x0000000083000000, 0x0000000083000000| Untracked 
|  49|0x0000000083100000, 0x0000000083100000, 0x0000000083200000|  0%| F|  |TAMS 0x0000000083100000, 0x0000000083100000| Untracked 
|  50|0x0000000083200000, 0x0000000083200000, 0x0000000083300000|  0%| F|  |TAMS 0x0000000083200000, 0x0000000083200000| Untracked 
|  51|0x0000000083300000, 0x0000000083300000, 0x0000000083400000|  0%| F|  |TAMS 0x0000000083300000, 0x0000000083300000| Untracked 
|  52|0x0000000083400000, 0x0000000083400000, 0x0000000083500000|  0%| F|  |TAMS 0x0000000083400000, 0x0000000083400000| Untracked 
|  53|0x0000000083500000, 0x0000000083500000, 0x0000000083600000|  0%| F|  |TAMS 0x0000000083500000, 0x0000000083500000| Untracked 
|  54|0x0000000083600000, 0x0000000083600000, 0x0000000083700000|  0%| F|  |TAMS 0x0000000083600000, 0x0000000083600000| Untracked 
|  55|0x0000000083700000, 0x0000000083700000, 0x0000000083800000|  0%| F|  |TAMS 0x0000000083700000, 0x0000000083700000| Untracked 
|  56|0x0000000083800000, 0x0000000083800000, 0x0000000083900000|  0%| F|  |TAMS 0x0000000083800000, 0x0000000083800000| Untracked 
|  57|0x0000000083900000, 0x0000000083900000, 0x0000000083a00000|  0%| F|  |TAMS 0x0000000083900000, 0x0000000083900000| Untracked 
|  58|0x0000000083a00000, 0x0000000083a00000, 0x0000000083b00000|  0%| F|  |TAMS 0x0000000083a00000, 0x0000000083a00000| Untracked 
|  59|0x0000000083b00000, 0x0000000083b00000, 0x0000000083c00000|  0%| F|  |TAMS 0x0000000083b00000, 0x0000000083b00000| Untracked 
|  60|0x0000000083c00000, 0x0000000083c00000, 0x0000000083d00000|  0%| F|  |TAMS 0x0000000083c00000, 0x0000000083c00000| Untracked 
|  61|0x0000000083d00000, 0x0000000083d00000, 0x0000000083e00000|  0%| F|  |TAMS 0x0000000083d00000, 0x0000000083d00000| Untracked 
|  62|0x0000000083e00000, 0x0000000083e3b088, 0x0000000083f00000| 23%| S|CS|TAMS 0x0000000083e00000, 0x0000000083e00000| Complete 
|  63|0x0000000083f00000, 0x0000000084000000, 0x0000000084000000|100%| S|CS|TAMS 0x0000000083f00000, 0x0000000083f00000| Complete 
|  64|0x0000000084000000, 0x0000000084000000, 0x0000000084100000|  0%| F|  |TAMS 0x0000000084000000, 0x0000000084000000| Untracked 
|  65|0x0000000084100000, 0x0000000084100000, 0x0000000084200000|  0%| F|  |TAMS 0x0000000084100000, 0x0000000084100000| Untracked 
|  66|0x0000000084200000, 0x0000000084200000, 0x0000000084300000|  0%| F|  |TAMS 0x0000000084200000, 0x0000000084200000| Untracked 
|  67|0x0000000084300000, 0x0000000084300000, 0x0000000084400000|  0%| F|  |TAMS 0x0000000084300000, 0x0000000084300000| Untracked 
|  68|0x0000000084400000, 0x0000000084400000, 0x0000000084500000|  0%| F|  |TAMS 0x0000000084400000, 0x0000000084400000| Untracked 
|  69|0x0000000084500000, 0x0000000084500000, 0x0000000084600000|  0%| F|  |TAMS 0x0000000084500000, 0x0000000084500000| Untracked 
|  70|0x0000000084600000, 0x0000000084600000, 0x0000000084700000|  0%| F|  |TAMS 0x0000000084600000, 0x0000000084600000| Untracked 
|  71|0x0000000084700000, 0x0000000084700000, 0x0000000084800000|  0%| F|  |TAMS 0x0000000084700000, 0x0000000084700000| Untracked 
| 204|0x000000008cc00000, 0x000000008cc00000, 0x000000008cd00000|  0%| F|  |TAMS 0x000000008cc00000, 0x000000008cc00000| Untracked 
| 205|0x000000008cd00000, 0x000000008cd00000, 0x000000008ce00000|  0%| F|  |TAMS 0x000000008cd00000, 0x000000008cd00000| Untracked 
| 206|0x000000008ce00000, 0x000000008ce00000, 0x000000008cf00000|  0%| F|  |TAMS 0x000000008ce00000, 0x000000008ce00000| Untracked 
| 207|0x000000008cf00000, 0x000000008cf00000, 0x000000008d000000|  0%| F|  |TAMS 0x000000008cf00000, 0x000000008cf00000| Untracked 
| 208|0x000000008d000000, 0x000000008d000000, 0x000000008d100000|  0%| F|  |TAMS 0x000000008d000000, 0x000000008d000000| Untracked 
| 209|0x000000008d100000, 0x000000008d100000, 0x000000008d200000|  0%| F|  |TAMS 0x000000008d100000, 0x000000008d100000| Untracked 
| 210|0x000000008d200000, 0x000000008d2ee600, 0x000000008d300000| 93%| E|  |TAMS 0x000000008d200000, 0x000000008d200000| Complete 
| 211|0x000000008d300000, 0x000000008d400000, 0x000000008d400000|100%| E|CS|TAMS 0x000000008d300000, 0x000000008d300000| Complete 
| 253|0x000000008fd00000, 0x000000008fe00000, 0x000000008fe00000|100%| E|CS|TAMS 0x000000008fd00000, 0x000000008fd00000| Complete 

Card table byte_map: [0x000001cc27cf0000,0x000001cc280f0000] _byte_map_base: 0x000001cc278f0000

Marking Bits (Prev, Next): (CMBitMap*) 0x000001cc15159370, (CMBitMap*) 0x000001cc15159330
 Prev Bits: [0x000001cc2a4f0000, 0x000001cc2c4f0000)
 Next Bits: [0x000001cc284f0000, 0x000001cc2a4f0000)

Polling page: 0x000001cc13290000

Metaspace:

Usage:
  Non-class:     51.05 MB used.
      Class:      7.87 MB used.
       Both:     58.92 MB used.

Virtual space:
  Non-class space:       56.00 MB reserved,      51.31 MB ( 92%) committed,  7 nodes.
      Class space:        1.00 GB reserved,       8.12 MB ( <1%) committed,  1 nodes.
             Both:        1.05 GB reserved,      59.44 MB (  6%) committed. 

Chunk freelists:
   Non-Class:  3.73 MB
       Class:  3.86 MB
        Both:  7.59 MB

MaxMetaspaceSize: unlimited
CompressedClassSpaceSize: 1.00 GB
Initial GC threshold: 21.00 MB
Current GC threshold: 94.81 MB
CDS: off
MetaspaceReclaimPolicy: balanced
 - commit_granule_bytes: 65536.
 - commit_granule_words: 8192.
 - virtual_space_node_default_size: 1048576.
 - enlarge_chunks_in_place: 1.
 - new_chunks_are_fully_committed: 0.
 - uncommit_free_chunks: 1.
 - use_allocation_guard: 0.
 - handle_deallocations: 1.


Internal statistics:

num_allocs_failed_limit: 6.
num_arena_births: 674.
num_arena_deaths: 0.
num_vsnodes_births: 8.
num_vsnodes_deaths: 0.
num_space_committed: 951.
num_space_uncommitted: 0.
num_chunks_returned_to_freelist: 6.
num_chunks_taken_from_freelist: 2692.
num_chunk_merges: 3.
num_chunk_splits: 1784.
num_chunks_enlarged: 1218.
num_purges: 0.
num_inconsistent_stats: 0.

CodeHeap 'non-profiled nmethods': size=120000Kb used=2774Kb max_used=3450Kb free=117225Kb
 bounds [0x000001cc20090000, 0x000001cc20410000, 0x000001cc275c0000]
CodeHeap 'profiled nmethods': size=120000Kb used=9905Kb max_used=11499Kb free=110094Kb
 bounds [0x000001cc185c0000, 0x000001cc19100000, 0x000001cc1faf0000]
CodeHeap 'non-nmethods': size=5760Kb used=2335Kb max_used=2444Kb free=3424Kb
 bounds [0x000001cc1faf0000, 0x000001cc1fd60000, 0x000001cc20090000]
 total_blobs=6159 nmethods=5305 adapters=765
 compilation: enabled
              stopped_count=0, restarted_count=0
 full_count=0

Compilation events (20 events):
Event: 11.578 Thread 0x000001cc2f8a9460 6121       3       org.gradle.internal.operations.DefaultBuildOperationRunner::assertParentRunning (47 bytes)
Event: 11.579 Thread 0x000001cc2f8a9460 nmethod 6121 0x000001cc18bc5210 code [0x000001cc18bc54a0, 0x000001cc18bc62f8]
Event: 11.579 Thread 0x000001cc2f8a9460 6122       3       org.gradle.internal.operations.CurrentBuildOperationRef::set (23 bytes)
Event: 11.579 Thread 0x000001cc2f8a9460 nmethod 6122 0x000001cc18978d10 code [0x000001cc18978ee0, 0x000001cc189791d8]
Event: 11.579 Thread 0x000001cc2f8a9460 6123       3       org.gradle.internal.operations.BuildOperationState::setRunning (9 bytes)
Event: 11.580 Thread 0x000001cc2f8a9460 nmethod 6123 0x000001cc18c68e10 code [0x000001cc18c68fa0, 0x000001cc18c69178]
Event: 11.580 Thread 0x000001cc2f8a9460 6124       3       org.gradle.internal.operations.logging.LoggingBuildOperationProgressBroadcaster::onOutput (105 bytes)
Event: 11.580 Thread 0x000001cc2f8a9460 nmethod 6124 0x000001cc185c0010 code [0x000001cc185c0220, 0x000001cc185c0c98]
Event: 11.586 Thread 0x000001cc2f8a9460 6125       3       sun.invoke.util.VerifyAccess$1::<init> (15 bytes)
Event: 11.586 Thread 0x000001cc2f8a9460 nmethod 6125 0x000001cc18c73010 code [0x000001cc18c731c0, 0x000001cc18c733d8]
Event: 11.586 Thread 0x000001cc2f8a9460 6126       3       sun.invoke.util.VerifyAccess$1::run (5 bytes)
Event: 11.586 Thread 0x000001cc2f8a9460 nmethod 6126 0x000001cc18d7b690 code [0x000001cc18d7b840, 0x000001cc18d7ba48]
Event: 11.587 Thread 0x000001cc2f8a9460 6127       3       org.gradle.api.internal.DefaultDomainObjectCollection::getMutationGuard (10 bytes)
Event: 11.587 Thread 0x000001cc2f8a9460 nmethod 6127 0x000001cc18925c90 code [0x000001cc18925e40, 0x000001cc18926008]
Event: 11.591 Thread 0x000001cc2f8a9460 6128       3       org.gradle.internal.instantiation.generator.AsmBackedClassGenerator$ClassBuilderImpl$$Lambda$121/0x000000010026e420::<init> (50 bytes)
Event: 11.591 Thread 0x000001cc2f8a9460 nmethod 6128 0x000001cc18b25e10 code [0x000001cc18b25fc0, 0x000001cc18b26378]
Event: 11.591 Thread 0x000001cc2f8a9460 6129       3       org.gradle.internal.instantiation.generator.AsmBackedClassGenerator$ClassBuilderImpl::addSetter (9 bytes)
Event: 11.591 Thread 0x000001cc2f8a9460 nmethod 6129 0x000001cc18be5c90 code [0x000001cc18be5e40, 0x000001cc18be5f88]
Event: 11.592 Thread 0x000001cc2f8a9460 6130       3       org.gradle.internal.instantiation.generator.AsmBackedClassGenerator$ClassBuilderImpl::addSetter (16 bytes)
Event: 11.592 Thread 0x000001cc2f8a9460 nmethod 6130 0x000001cc188f3590 code [0x000001cc188f37a0, 0x000001cc188f3e98]

GC Heap History (20 events):
Event: 7.504 GC heap before
{Heap before GC invocations=11 (full 0):
 garbage-first heap   total 68608K, used 51437K [0x0000000080000000, 0x0000000100000000)
  region size 1024K, 24 young (24576K), 3 survivors (3072K)
 Metaspace       used 45001K, committed 45504K, reserved 1089536K
  class space    used 5857K, committed 6080K, reserved 1048576K
}
Event: 7.509 GC heap after
{Heap after GC invocations=12 (full 0):
 garbage-first heap   total 68608K, used 31150K [0x0000000080000000, 0x0000000100000000)
  region size 1024K, 2 young (2048K), 2 survivors (2048K)
 Metaspace       used 45001K, committed 45504K, reserved 1089536K
  class space    used 5857K, committed 6080K, reserved 1048576K
}
Event: 8.007 GC heap before
{Heap before GC invocations=12 (full 0):
 garbage-first heap   total 68608K, used 52654K [0x0000000080000000, 0x0000000100000000)
  region size 1024K, 23 young (23552K), 2 survivors (2048K)
 Metaspace       used 47646K, committed 48128K, reserved 1097728K
  class space    used 6303K, committed 6528K, reserved 1048576K
}
Event: 8.010 GC heap after
{Heap after GC invocations=13 (full 0):
 garbage-first heap   total 68608K, used 32567K [0x0000000080000000, 0x0000000100000000)
  region size 1024K, 3 young (3072K), 3 survivors (3072K)
 Metaspace       used 47646K, committed 48128K, reserved 1097728K
  class space    used 6303K, committed 6528K, reserved 1048576K
}
Event: 8.412 GC heap before
{Heap before GC invocations=13 (full 0):
 garbage-first heap   total 68608K, used 53047K [0x0000000080000000, 0x0000000100000000)
  region size 1024K, 23 young (23552K), 3 survivors (3072K)
 Metaspace       used 50598K, committed 51008K, reserved 1097728K
  class space    used 6783K, committed 6976K, reserved 1048576K
}
Event: 8.416 GC heap after
{Heap after GC invocations=14 (full 0):
 garbage-first heap   total 68608K, used 33615K [0x0000000080000000, 0x0000000100000000)
  region size 1024K, 3 young (3072K), 3 survivors (3072K)
 Metaspace       used 50598K, committed 51008K, reserved 1097728K
  class space    used 6783K, committed 6976K, reserved 1048576K
}
Event: 9.322 GC heap before
{Heap before GC invocations=14 (full 0):
 garbage-first heap   total 68608K, used 54095K [0x0000000080000000, 0x0000000100000000)
  region size 1024K, 23 young (23552K), 3 survivors (3072K)
 Metaspace       used 52686K, committed 53120K, reserved 1097728K
  class space    used 7047K, committed 7232K, reserved 1048576K
}
Event: 9.327 GC heap after
{Heap after GC invocations=15 (full 0):
 garbage-first heap   total 68608K, used 35308K [0x0000000080000000, 0x0000000100000000)
  region size 1024K, 3 young (3072K), 3 survivors (3072K)
 Metaspace       used 52686K, committed 53120K, reserved 1097728K
  class space    used 7047K, committed 7232K, reserved 1048576K
}
Event: 9.837 GC heap before
{Heap before GC invocations=16 (full 0):
 garbage-first heap   total 68608K, used 54764K [0x0000000080000000, 0x0000000100000000)
  region size 1024K, 22 young (22528K), 3 survivors (3072K)
 Metaspace       used 53257K, committed 53760K, reserved 1097728K
  class space    used 7150K, committed 7360K, reserved 1048576K
}
Event: 9.842 GC heap after
{Heap after GC invocations=17 (full 0):
 garbage-first heap   total 82944K, used 36994K [0x0000000080000000, 0x0000000100000000)
  region size 1024K, 3 young (3072K), 3 survivors (3072K)
 Metaspace       used 53257K, committed 53760K, reserved 1097728K
  class space    used 7150K, committed 7360K, reserved 1048576K
}
Event: 9.888 GC heap before
{Heap before GC invocations=17 (full 0):
 garbage-first heap   total 82944K, used 39042K [0x0000000080000000, 0x0000000100000000)
  region size 1024K, 5 young (5120K), 3 survivors (3072K)
 Metaspace       used 53298K, committed 53760K, reserved 1097728K
  class space    used 7151K, committed 7360K, reserved 1048576K
}
Event: 9.891 GC heap after
{Heap after GC invocations=18 (full 0):
 garbage-first heap   total 82944K, used 38145K [0x0000000080000000, 0x0000000100000000)
  region size 1024K, 3 young (3072K), 3 survivors (3072K)
 Metaspace       used 53298K, committed 53760K, reserved 1097728K
  class space    used 7151K, committed 7360K, reserved 1048576K
}
Event: 9.939 GC heap before
{Heap before GC invocations=18 (full 0):
 garbage-first heap   total 82944K, used 40193K [0x0000000080000000, 0x0000000100000000)
  region size 1024K, 5 young (5120K), 3 survivors (3072K)
 Metaspace       used 53382K, committed 53824K, reserved 1097728K
  class space    used 7159K, committed 7360K, reserved 1048576K
}
Event: 9.943 GC heap after
{Heap after GC invocations=19 (full 0):
 garbage-first heap   total 82944K, used 40356K [0x0000000080000000, 0x0000000100000000)
  region size 1024K, 2 young (2048K), 2 survivors (2048K)
 Metaspace       used 53382K, committed 53824K, reserved 1097728K
  class space    used 7159K, committed 7360K, reserved 1048576K
}
Event: 10.472 GC heap before
{Heap before GC invocations=20 (full 0):
 garbage-first heap   total 82944K, used 59812K [0x0000000080000000, 0x0000000100000000)
  region size 1024K, 20 young (20480K), 2 survivors (2048K)
 Metaspace       used 55110K, committed 55616K, reserved 1097728K
  class space    used 7390K, committed 7616K, reserved 1048576K
}
Event: 10.476 GC heap after
{Heap after GC invocations=21 (full 0):
 garbage-first heap   total 82944K, used 45000K [0x0000000080000000, 0x0000000100000000)
  region size 1024K, 3 young (3072K), 3 survivors (3072K)
 Metaspace       used 55110K, committed 55616K, reserved 1097728K
  class space    used 7390K, committed 7616K, reserved 1048576K
}
Event: 11.040 GC heap before
{Heap before GC invocations=21 (full 0):
 garbage-first heap   total 82944K, used 61384K [0x0000000080000000, 0x0000000100000000)
  region size 1024K, 19 young (19456K), 3 survivors (3072K)
 Metaspace       used 57394K, committed 57920K, reserved 1105920K
  class space    used 7694K, committed 7936K, reserved 1048576K
}
Event: 11.043 GC heap after
{Heap after GC invocations=22 (full 0):
 garbage-first heap   total 82944K, used 45954K [0x0000000080000000, 0x0000000100000000)
  region size 1024K, 1 young (1024K), 1 survivors (1024K)
 Metaspace       used 57394K, committed 57920K, reserved 1105920K
  class space    used 7694K, committed 7936K, reserved 1048576K
}
Event: 11.566 GC heap before
{Heap before GC invocations=23 (full 0):
 garbage-first heap   total 82944K, used 61314K [0x0000000080000000, 0x0000000100000000)
  region size 1024K, 17 young (17408K), 1 survivors (1024K)
 Metaspace       used 60076K, committed 60608K, reserved 1105920K
  class space    used 8013K, committed 8256K, reserved 1048576K
}
Event: 11.569 GC heap after
{Heap after GC invocations=24 (full 0):
 garbage-first heap   total 82944K, used 46253K [0x0000000080000000, 0x0000000100000000)
  region size 1024K, 2 young (2048K), 2 survivors (2048K)
 Metaspace       used 60076K, committed 60608K, reserved 1105920K
  class space    used 8013K, committed 8256K, reserved 1048576K
}

Dll operation events (2 events):
Event: 0.005 Loaded shared library D:\android studio\jbr\bin\java.dll
Event: 0.399 Loaded shared library D:\android studio\jbr\bin\verify.dll

Deoptimization events (20 events):
Event: 10.941 Thread 0x000001cc3099c4d0 Uncommon trap: trap_request=0xffffffde fr.pc=0x000001cc20310880 relative=0x00000000000003a0
Event: 10.941 Thread 0x000001cc3099c4d0 Uncommon trap: reason=class_check action=maybe_recompile pc=0x000001cc20310880 method=java.util.stream.AbstractPipeline.copyIntoWithCancel(Ljava/util/stream/Sink;Ljava/util/Spliterator;)Z @ 32 c2
Event: 10.941 Thread 0x000001cc3099c4d0 DEOPT PACKING pc=0x000001cc20310880 sp=0x0000005c8bcf6760
Event: 10.941 Thread 0x000001cc3099c4d0 DEOPT UNPACKING pc=0x000001cc1fb469a3 sp=0x0000005c8bcf6620 mode 2
Event: 11.506 Thread 0x000001cc3099c4d0 Uncommon trap: trap_request=0xffffffde fr.pc=0x000001cc201a873c relative=0x000000000000003c
Event: 11.506 Thread 0x000001cc3099c4d0 Uncommon trap: reason=class_check action=maybe_recompile pc=0x000001cc201a873c method=java.lang.StringConcatHelper.stringOf(Ljava/lang/Object;)Ljava/lang/String; @ 5 c2
Event: 11.506 Thread 0x000001cc3099c4d0 DEOPT PACKING pc=0x000001cc201a873c sp=0x0000005c8bcf77c0
Event: 11.506 Thread 0x000001cc3099c4d0 DEOPT UNPACKING pc=0x000001cc1fb469a3 sp=0x0000005c8bcf7758 mode 2
Event: 11.506 Thread 0x000001cc3099c4d0 Uncommon trap: trap_request=0xffffffde fr.pc=0x000001cc201a873c relative=0x000000000000003c
Event: 11.506 Thread 0x000001cc3099c4d0 Uncommon trap: reason=class_check action=maybe_recompile pc=0x000001cc201a873c method=java.lang.StringConcatHelper.stringOf(Ljava/lang/Object;)Ljava/lang/String; @ 5 c2
Event: 11.506 Thread 0x000001cc3099c4d0 DEOPT PACKING pc=0x000001cc201a873c sp=0x0000005c8bcf77c0
Event: 11.506 Thread 0x000001cc3099c4d0 DEOPT UNPACKING pc=0x000001cc1fb469a3 sp=0x0000005c8bcf7758 mode 2
Event: 11.506 Thread 0x000001cc3099c4d0 Uncommon trap: trap_request=0xffffffde fr.pc=0x000001cc201a873c relative=0x000000000000003c
Event: 11.506 Thread 0x000001cc3099c4d0 Uncommon trap: reason=class_check action=maybe_recompile pc=0x000001cc201a873c method=java.lang.StringConcatHelper.stringOf(Ljava/lang/Object;)Ljava/lang/String; @ 5 c2
Event: 11.506 Thread 0x000001cc3099c4d0 DEOPT PACKING pc=0x000001cc201a873c sp=0x0000005c8bcf77c0
Event: 11.506 Thread 0x000001cc3099c4d0 DEOPT UNPACKING pc=0x000001cc1fb469a3 sp=0x0000005c8bcf7758 mode 2
Event: 11.506 Thread 0x000001cc3099c4d0 Uncommon trap: trap_request=0xffffffde fr.pc=0x000001cc201a873c relative=0x000000000000003c
Event: 11.506 Thread 0x000001cc3099c4d0 Uncommon trap: reason=class_check action=maybe_recompile pc=0x000001cc201a873c method=java.lang.StringConcatHelper.stringOf(Ljava/lang/Object;)Ljava/lang/String; @ 5 c2
Event: 11.506 Thread 0x000001cc3099c4d0 DEOPT PACKING pc=0x000001cc201a873c sp=0x0000005c8bcf77c0
Event: 11.506 Thread 0x000001cc3099c4d0 DEOPT UNPACKING pc=0x000001cc1fb469a3 sp=0x0000005c8bcf7758 mode 2

Classes unloaded (0 events):
No events

Classes redefined (0 events):
No events

Internal exceptions (20 events):
Event: 8.892 Thread 0x000001cc3099c4d0 Exception <a 'java/lang/NoSuchMethodError'{0x000000008cc7d098}: 'java.lang.Object java.lang.invoke.DirectMethodHandle$Holder.newInvokeSpecial(java.lang.Object, java.lang.Object, java.lang.Object, java.lang.Object, java.lang.Object, int)'> (0x000000008cc7d098) 
thrown [s\src\hotspot\share\interpreter\linkResolver.cpp, line 771]
Event: 8.893 Thread 0x000001cc3099c4d0 Exception <a 'java/lang/NoSuchMethodError'{0x000000008cc826f0}: 'java.lang.Object java.lang.invoke.DirectMethodHandle$Holder.invokeSpecial(java.lang.Object, java.lang.Object, java.lang.Object, java.lang.Object, java.lang.Object, java.lang.Object, int)'> (0x000000008cc826f0) 
thrown [s\src\hotspot\share\interpreter\linkResolver.cpp, line 771]
Event: 8.918 Thread 0x000001cc3099c4d0 Exception <a 'java/lang/NoSuchMethodError'{0x0000000083951998}: 'void java.lang.invoke.DirectMethodHandle$Holder.invokeStatic(java.lang.Object, java.lang.Object, java.lang.Object, int, java.lang.Object)'> (0x0000000083951998) 
thrown [s\src\hotspot\share\interpreter\linkResolver.cpp, line 771]
Event: 9.667 Thread 0x000001cc3099c4d0 Exception <a 'java/lang/NoSuchMethodError'{0x000000008359a370}: 'long java.lang.invoke.DirectMethodHandle$Holder.invokeVirtual(java.lang.Object, java.lang.Object)'> (0x000000008359a370) 
thrown [s\src\hotspot\share\interpreter\linkResolver.cpp, line 771]
Event: 9.673 Thread 0x000001cc32b4e090 Exception <a 'java/lang/NoSuchMethodError'{0x00000000835ca0c8}: static Lorg/gradle/internal/build/event/types/DefaultOperationFinishedProgressEvent;.<clinit>()V> (0x00000000835ca0c8) 
thrown [s\src\hotspot\share\prims\jni.cpp, line 1108]
Event: 9.677 Thread 0x000001cc32b4e090 Exception <a 'java/lang/NoSuchMethodError'{0x0000000083405618}: static Lorg/gradle/internal/build/event/types/DefaultProjectConfigurationSuccessResult;.<clinit>()V> (0x0000000083405618) 
thrown [s\src\hotspot\share\prims\jni.cpp, line 1108]
Event: 9.677 Thread 0x000001cc32b4e090 Exception <a 'java/lang/NoSuchMethodError'{0x0000000083406b68}: static Lorg/gradle/internal/build/event/types/AbstractProjectConfigurationResult;.<clinit>()V> (0x0000000083406b68) 
thrown [s\src\hotspot\share\prims\jni.cpp, line 1108]
Event: 9.677 Thread 0x000001cc32b4e090 Exception <a 'java/lang/NoSuchMethodError'{0x00000000834082b0}: static Lorg/gradle/internal/build/event/types/AbstractOperationResult;.<clinit>()V> (0x00000000834082b0) 
thrown [s\src\hotspot\share\prims\jni.cpp, line 1108]
Event: 9.677 Thread 0x000001cc32b4e090 Exception <a 'java/lang/NoSuchMethodError'{0x0000000083409700}: static Lorg/gradle/internal/build/event/types/AbstractResult;.<clinit>()V> (0x0000000083409700) 
thrown [s\src\hotspot\share\prims\jni.cpp, line 1108]
Event: 9.680 Thread 0x000001cc32b4e090 Exception <a 'java/lang/NoSuchMethodError'{0x00000000834214b0}: static Lorg/gradle/internal/build/event/types/DefaultPluginApplicationResult;.<clinit>()V> (0x00000000834214b0) 
thrown [s\src\hotspot\share\prims\jni.cpp, line 1108]
Event: 9.682 Thread 0x000001cc32b4e090 Exception <a 'java/lang/NoSuchMethodError'{0x000000008342d818}: static Lorg/gradle/internal/build/event/types/DefaultBinaryPluginIdentifier;.<clinit>()V> (0x000000008342d818) 
thrown [s\src\hotspot\share\prims\jni.cpp, line 1108]
Event: 9.694 Thread 0x000001cc32b4e090 Exception <a 'java/lang/NoSuchMethodError'{0x00000000834d2278}: static Lorg/gradle/internal/build/event/types/DefaultScriptPluginIdentifier;.<clinit>()V> (0x00000000834d2278) 
thrown [s\src\hotspot\share\prims\jni.cpp, line 1108]
Event: 9.875 Thread 0x000001cc3099c4d0 Implicit null exception at 0x000001cc20388812 to 0x000001cc20388e88
Event: 9.876 Thread 0x000001cc3099c4d0 Implicit null exception at 0x000001cc20387994 to 0x000001cc20388028
Event: 10.055 Thread 0x000001cc3099c4d0 Exception <a 'java/lang/ClassNotFoundException'{0x000000008cd95340}: org/gradle/api/internal/plugins/DefaultObjectConfigurationActionBeanInfo> (0x000000008cd95340) 
thrown [s\src\hotspot\share\classfile\systemDictionary.cpp, line 256]
Event: 10.058 Thread 0x000001cc3099c4d0 Exception <a 'java/lang/ClassNotFoundException'{0x000000008cda9198}: org/gradle/api/internal/plugins/DefaultObjectConfigurationActionCustomizer> (0x000000008cda9198) 
thrown [s\src\hotspot\share\classfile\systemDictionary.cpp, line 256]
Event: 10.409 Thread 0x000001cc3099c4d0 Exception <a 'java/lang/NoSuchMethodError'{0x0000000083e81030}: 'java.lang.Object java.lang.invoke.DirectMethodHandle$Holder.newInvokeSpecial(java.lang.Object, java.lang.Object, java.lang.Object, java.lang.Object, int)'> (0x0000000083e81030) 
thrown [s\src\hotspot\share\interpreter\linkResolver.cpp, line 771]
Event: 10.409 Thread 0x000001cc3099c4d0 Exception <a 'java/lang/NoSuchMethodError'{0x0000000083e866c8}: 'java.lang.Object java.lang.invoke.DirectMethodHandle$Holder.invokeSpecial(java.lang.Object, java.lang.Object, java.lang.Object, java.lang.Object, java.lang.Object, int)'> (0x0000000083e866c8) 
thrown [s\src\hotspot\share\interpreter\linkResolver.cpp, line 771]
Event: 10.410 Thread 0x000001cc3099c4d0 Exception <a 'java/lang/NoSuchMethodError'{0x0000000083e8b448}: 'java.lang.Object java.lang.invoke.Invokers$Holder.linkToTargetMethod(java.lang.Object, java.lang.Object, java.lang.Object, int, java.lang.Object)'> (0x0000000083e8b448) 
thrown [s\src\hotspot\share\interpreter\linkResolver.cpp, line 771]
Event: 10.849 Thread 0x000001cc3099c4d0 Exception <a 'java/lang/NoSuchMethodError'{0x000000008451ed20}: 'int java.lang.invoke.DirectMethodHandle$Holder.invokeInterface(java.lang.Object, java.lang.Object, java.lang.Object, java.lang.Object)'> (0x000000008451ed20) 
thrown [s\src\hotspot\share\interpreter\linkResolver.cpp, line 771]

VM Operations (20 events):
Event: 10.472 Executing VM operation: G1CollectForAllocation
Event: 10.476 Executing VM operation: G1CollectForAllocation done
Event: 10.834 Executing VM operation: HandshakeAllThreads
Event: 10.835 Executing VM operation: HandshakeAllThreads done
Event: 10.847 Executing VM operation: HandshakeAllThreads
Event: 10.847 Executing VM operation: HandshakeAllThreads done
Event: 10.888 Executing VM operation: HandshakeAllThreads
Event: 10.888 Executing VM operation: HandshakeAllThreads done
Event: 10.925 Executing VM operation: HandshakeAllThreads
Event: 10.937 Executing VM operation: HandshakeAllThreads done
Event: 11.040 Executing VM operation: G1CollectForAllocation
Event: 11.043 Executing VM operation: G1CollectForAllocation done
Event: 11.105 Executing VM operation: G1Concurrent
Event: 11.111 Executing VM operation: G1Concurrent done
Event: 11.140 Executing VM operation: G1Concurrent
Event: 11.140 Executing VM operation: G1Concurrent done
Event: 11.165 Executing VM operation: HandshakeAllThreads
Event: 11.165 Executing VM operation: HandshakeAllThreads done
Event: 11.566 Executing VM operation: G1CollectForAllocation
Event: 11.569 Executing VM operation: G1CollectForAllocation done

Events (20 events):
Event: 11.270 loading class java/time/format/DateTimeFormatterBuilder$ZoneIdPrinterParser
Event: 11.271 loading class java/time/format/DateTimeFormatterBuilder$ZoneIdPrinterParser done
Event: 11.271 loading class java/time/format/DateTimeFormatterBuilder$StringLiteralPrinterParser
Event: 11.271 loading class java/time/format/DateTimeFormatterBuilder$StringLiteralPrinterParser done
Event: 11.271 loading class java/time/format/DateTimeFormatterBuilder$InstantPrinterParser
Event: 11.271 loading class java/time/format/DateTimeFormatterBuilder$InstantPrinterParser done
Event: 11.271 loading class java/time/format/DateTimeTextProvider$LocaleStore
Event: 11.271 loading class java/time/format/DateTimeTextProvider$LocaleStore done
Event: 11.272 loading class java/time/format/DateTimeTextProvider
Event: 11.272 loading class java/time/format/DateTimeTextProvider done
Event: 11.272 loading class java/time/format/DateTimeTextProvider$1
Event: 11.272 loading class java/time/format/DateTimeTextProvider$1 done
Event: 11.272 loading class java/time/format/DateTimeFormatterBuilder$1
Event: 11.272 loading class java/time/format/DateTimeFormatterBuilder$1 done
Event: 11.272 loading class java/time/format/DateTimeFormatterBuilder$TextPrinterParser
Event: 11.273 loading class java/time/format/DateTimeFormatterBuilder$TextPrinterParser done
Event: 11.274 loading class java/util/concurrent/Executors$DefaultThreadFactory
Event: 11.274 loading class java/util/concurrent/Executors$DefaultThreadFactory done
Event: 11.509 loading class java/util/regex/Pattern$1
Event: 11.509 loading class java/util/regex/Pattern$1 done


Dynamic libraries:
0x00007ff740860000 - 0x00007ff74086a000 	D:\android studio\jbr\bin\java.exe
0x00007ff90b190000 - 0x00007ff90b3a7000 	C:\WINDOWS\SYSTEM32\ntdll.dll
0x00007ff90a140000 - 0x00007ff90a204000 	C:\WINDOWS\System32\KERNEL32.DLL
0x00007ff908650000 - 0x00007ff9089f6000 	C:\WINDOWS\System32\KERNELBASE.dll
0x00007ff908a00000 - 0x00007ff908b11000 	C:\WINDOWS\System32\ucrtbase.dll
0x00007ff8d1400000 - 0x00007ff8d1417000 	D:\android studio\jbr\bin\jli.dll
0x00007ff8dcd40000 - 0x00007ff8dcd5b000 	D:\android studio\jbr\bin\VCRUNTIME140.dll
0x00007ff909a80000 - 0x00007ff909c2d000 	C:\WINDOWS\System32\USER32.dll
0x00007ff908d50000 - 0x00007ff908d76000 	C:\WINDOWS\System32\win32u.dll
0x00007ff908fe0000 - 0x00007ff909009000 	C:\WINDOWS\System32\GDI32.dll
0x00007ff8eb760000 - 0x00007ff8eb9f3000 	C:\WINDOWS\WinSxS\amd64_microsoft.windows.common-controls_6595b64144ccf1df_6.0.22621.2361_none_2712ced57382f843\COMCTL32.dll
0x00007ff908c30000 - 0x00007ff908d48000 	C:\WINDOWS\System32\gdi32full.dll
0x00007ff909e70000 - 0x00007ff909f17000 	C:\WINDOWS\System32\msvcrt.dll
0x00007ff908b20000 - 0x00007ff908bba000 	C:\WINDOWS\System32\msvcp_win.dll
0x00007ff909150000 - 0x00007ff909181000 	C:\WINDOWS\System32\IMM32.DLL
0x00007ff8ddfe0000 - 0x00007ff8ddfec000 	D:\android studio\jbr\bin\vcruntime140_1.dll
0x00007ff8ca730000 - 0x00007ff8ca7bd000 	D:\android studio\jbr\bin\msvcp140.dll
0x00007ff87b270000 - 0x00007ff87bede000 	D:\android studio\jbr\bin\server\jvm.dll
0x00007ff90ab20000 - 0x00007ff90abd0000 	C:\WINDOWS\System32\ADVAPI32.dll
0x00007ff90a3c0000 - 0x00007ff90a466000 	C:\WINDOWS\System32\sechost.dll
0x00007ff909010000 - 0x00007ff909127000 	C:\WINDOWS\System32\RPCRT4.dll
0x00007ff8ef8b0000 - 0x00007ff8ef8b9000 	C:\WINDOWS\SYSTEM32\WSOCK32.dll
0x00007ff901cd0000 - 0x00007ff901d04000 	C:\WINDOWS\SYSTEM32\WINMM.dll
0x00007ff90a470000 - 0x00007ff90a4e1000 	C:\WINDOWS\System32\WS2_32.dll
0x00007ff902630000 - 0x00007ff90263a000 	C:\WINDOWS\SYSTEM32\VERSION.dll
0x00007ff907550000 - 0x00007ff907568000 	C:\WINDOWS\SYSTEM32\kernel.appcore.dll
0x00007ff8f1970000 - 0x00007ff8f197a000 	D:\android studio\jbr\bin\jimage.dll
0x00007ff905e80000 - 0x00007ff9060ae000 	C:\WINDOWS\SYSTEM32\DBGHELP.DLL
0x00007ff90a550000 - 0x00007ff90a8da000 	C:\WINDOWS\System32\combase.dll
0x00007ff908f00000 - 0x00007ff908fd7000 	C:\WINDOWS\System32\OLEAUT32.dll
0x00007ff8ef090000 - 0x00007ff8ef0c2000 	C:\WINDOWS\SYSTEM32\dbgcore.DLL
0x00007ff908510000 - 0x00007ff90858a000 	C:\WINDOWS\System32\bcryptPrimitives.dll
0x00007ff8c9010000 - 0x00007ff8c9035000 	D:\android studio\jbr\bin\java.dll
0x00007ff8df4c0000 - 0x00007ff8df4d8000 	D:\android studio\jbr\bin\zip.dll
0x00007ff909220000 - 0x00007ff909a78000 	C:\WINDOWS\System32\SHELL32.dll
0x00007ff906470000 - 0x00007ff906d62000 	C:\WINDOWS\SYSTEM32\windows.storage.dll
0x00007ff906330000 - 0x00007ff90646e000 	C:\WINDOWS\SYSTEM32\wintypes.dll
0x00007ff909ca0000 - 0x00007ff909d93000 	C:\WINDOWS\System32\SHCORE.dll
0x00007ff90a4f0000 - 0x00007ff90a54e000 	C:\WINDOWS\System32\shlwapi.dll
0x00007ff908440000 - 0x00007ff908466000 	C:\WINDOWS\SYSTEM32\profapi.dll
0x00007ff8ddd20000 - 0x00007ff8ddd39000 	D:\android studio\jbr\bin\net.dll
0x00007ff901690000 - 0x00007ff9017c7000 	C:\WINDOWS\SYSTEM32\WINHTTP.dll
0x00007ff9079d0000 - 0x00007ff907a39000 	C:\WINDOWS\system32\mswsock.dll
0x00007ff8d9af0000 - 0x00007ff8d9b06000 	D:\android studio\jbr\bin\nio.dll
0x00007ff8f1950000 - 0x00007ff8f1960000 	D:\android studio\jbr\bin\verify.dll
0x00007ff8eef40000 - 0x00007ff8eef67000 	C:\Users\hachem safae\.gradle\native\68d5fa5c4cc2d200863cafc0d521ce42e7d3e7ee720ec0a83991735586a16f82\windows-amd64\native-platform.dll
0x00007ff88f970000 - 0x00007ff88fab4000 	C:\Users\hachem safae\.gradle\native\e376f236ea51e6404a007f0833ffe2c6e607c4080706a723a18a27aeea778392\windows-amd64\native-platform-file-events.dll
0x00007ff8ee0a0000 - 0x00007ff8ee0a9000 	D:\android studio\jbr\bin\management.dll
0x00007ff8ebc20000 - 0x00007ff8ebc2b000 	D:\android studio\jbr\bin\management_ext.dll
0x00007ff908ef0000 - 0x00007ff908ef8000 	C:\WINDOWS\System32\PSAPI.DLL
0x00007ff907c30000 - 0x00007ff907c4b000 	C:\WINDOWS\SYSTEM32\CRYPTSP.dll
0x00007ff9074b0000 - 0x00007ff9074e5000 	C:\WINDOWS\system32\rsaenh.dll
0x00007ff907ac0000 - 0x00007ff907aec000 	C:\WINDOWS\SYSTEM32\USERENV.dll
0x00007ff907de0000 - 0x00007ff907e08000 	C:\WINDOWS\SYSTEM32\bcrypt.dll
0x00007ff907c20000 - 0x00007ff907c2c000 	C:\WINDOWS\SYSTEM32\CRYPTBASE.dll
0x00007ff906fd0000 - 0x00007ff906ffd000 	C:\WINDOWS\SYSTEM32\IPHLPAPI.DLL
0x00007ff909140000 - 0x00007ff909149000 	C:\WINDOWS\System32\NSI.dll
0x00007ff901520000 - 0x00007ff901539000 	C:\WINDOWS\SYSTEM32\dhcpcsvc6.DLL
0x00007ff901460000 - 0x00007ff90147f000 	C:\WINDOWS\SYSTEM32\dhcpcsvc.DLL
0x00007ff907040000 - 0x00007ff907139000 	C:\WINDOWS\SYSTEM32\DNSAPI.dll
0x00007ff8e1780000 - 0x00007ff8e1788000 	C:\WINDOWS\system32\wshunix.dll

dbghelp: loaded successfully - version: 4.0.5 - missing functions: none
symbol engine: initialized successfully - sym options: 0x614 - pdb path: .;D:\android studio\jbr\bin;C:\WINDOWS\SYSTEM32;C:\WINDOWS\WinSxS\amd64_microsoft.windows.common-controls_6595b64144ccf1df_6.0.22621.2361_none_2712ced57382f843;D:\android studio\jbr\bin\server;C:\Users\hachem safae\.gradle\native\68d5fa5c4cc2d200863cafc0d521ce42e7d3e7ee720ec0a83991735586a16f82\windows-amd64;C:\Users\hachem safae\.gradle\native\e376f236ea51e6404a007f0833ffe2c6e607c4080706a723a18a27aeea778392\windows-amd64

VM Arguments:
jvm_args: --add-opens=java.base/java.util=ALL-UNNAMED --add-opens=java.base/java.lang=ALL-UNNAMED --add-opens=java.base/java.lang.invoke=ALL-UNNAMED --add-opens=java.prefs/java.util.prefs=ALL-UNNAMED --add-opens=java.base/java.nio.charset=ALL-UNNAMED --add-opens=java.base/java.net=ALL-UNNAMED --add-opens=java.base/java.util.concurrent.atomic=ALL-UNNAMED -Xmx2048m -Dfile.encoding=UTF-8 -Duser.country=FR -Duser.language=fr -Duser.variant 
java_command: org.gradle.launcher.daemon.bootstrap.GradleDaemon 8.0
java_class_path (initial): C:\Users\hachem safae\.gradle\wrapper\dists\gradle-8.0-bin\ca5e32bp14vu59qr306oxotwh\gradle-8.0\lib\gradle-launcher-8.0.jar
Launcher Type: SUN_STANDARD

[Global flags]
     intx CICompilerCount                          = 4                                         {product} {ergonomic}
     uint ConcGCThreads                            = 2                                         {product} {ergonomic}
     uint G1ConcRefinementThreads                  = 8                                         {product} {ergonomic}
   size_t G1HeapRegionSize                         = 1048576                                   {product} {ergonomic}
    uintx GCDrainStackTargetSize                   = 64                                        {product} {ergonomic}
   size_t InitialHeapSize                          = 266338304                                 {product} {ergonomic}
   size_t MarkStackSize                            = 4194304                                   {product} {ergonomic}
   size_t MaxHeapSize                              = 2147483648                                {product} {command line}
   size_t MaxNewSize                               = 1287651328                                {product} {ergonomic}
   size_t MinHeapDeltaBytes                        = 1048576                                   {product} {ergonomic}
   size_t MinHeapSize                              = 8388608                                   {product} {ergonomic}
    uintx NonNMethodCodeHeapSize                   = 5839372                                {pd product} {ergonomic}
    uintx NonProfiledCodeHeapSize                  = 122909434                              {pd product} {ergonomic}
    uintx ProfiledCodeHeapSize                     = 122909434                              {pd product} {ergonomic}
    uintx ReservedCodeCacheSize                    = 251658240                              {pd product} {ergonomic}
     bool SegmentedCodeCache                       = true                                      {product} {ergonomic}
   size_t SoftMaxHeapSize                          = 2147483648                             {manageable} {ergonomic}
     bool UseCompressedClassPointers               = true                           {product lp64_product} {ergonomic}
     bool UseCompressedOops                        = true                           {product lp64_product} {ergonomic}
     bool UseG1GC                                  = true                                      {product} {ergonomic}
     bool UseLargePagesIndividualAllocation        = false                                  {pd product} {ergonomic}

Logging:
Log output configuration:
 #0: stdout all=warning uptime,level,tags
 #1: stderr all=off uptime,level,tags

Environment Variables:
JAVA_HOME=C:\Program Files\Java\jdk-17
PATH=C:\Program Files (x86)\Common Files\Oracle\Java\javapath;C:\Program Files (x86)\VMware\VMware Workstation\bin\;D:\oraclexe\app\oracle\product\11.2.0\server\bin;C:\Program Files\Common Files\Oracle\Java\javapath;C:\WINDOWS\system32;C:\WINDOWS;C:\WINDOWS\System32\Wbem;C:\WINDOWS\System32\WindowsPowerShell\v1.0\;C:\WINDOWS\System32\OpenSSH\;c:\Program Files (x86)\Microsoft SQL Server\100\Tools\Binn\;c:\Program Files\Microsoft SQL Server\100\Tools\Binn\;c:\Program Files\Microsoft SQL Server\100\DTS\Binn\;D:\java_jdk 8\bin;C:\Program Files\Java\jdk-17\bin;C:\Program Files\Java\jdk-11\bin;C:\Program Files\Java\jdk-19\bin;C:\Program Files\Common Files\Oracle\Java\javapath;C:\ProgramData\ComposerSetup\bin;D:\XAAMP\php\php.exe;D:\xamp\php;C:\Program Files\wkhtmltopdf\bin;D:\node;C:\Program Files\Git\cmd;C:\Program Files\nodejs\;C:\Program Files\MongoDB\Server\6.0\bin;D:\XAAMP\php;C:\Program Files\Java\apache-maven-3.9.5\bin;C:\Users\hachem safae\AppData\Local\Programs\Python\Python310\Scripts\;C:\Users\hachem safae\AppData\Local\Programs\Python\Python310\;C:\Program Files\MySQL\MySQL Shell 8.0\bin\;C:\Users\hachem safae\AppData\Local\Microsoft\WindowsApps;C:\Users\hachem safae\AppData\Roaming\Dashlane\6.2007.0.32704\bin\Firefox_Extension\{442718d9-475e-452a-b3e1-fb1ee16b8e9f}\components;C:\Users\hachem safae\AppData\Roaming\Dashlane\6.2007.0.32704\ucrt;C:\Users\hachem safae\AppData\Roaming\Dashlane\6.2007.0.32704\bin\Qt;C:\Users\hachem safae\AppData\Roaming\Dashlane\6.2007.0.32704\bin\Ssl;C:\Program Files\JetBrains\IntelliJ IDEA Community Edition 2020.2.2\bin;C:\Users\hachem safae\AppData\Local\Microsoft\WindowsApps;C:\Users\hachem safae\AppData\Local\Programs\Microsoft VS Code\bin;C:\Program Files\IntelliJ IDEA Community Edition 2022.3.2\bin;;C:\Users\hachem safae\AppData\Local\ComposerSetup\bin;C:\Users\hachem safae\AppData\Roaming\Composer\vendor\bin;C:\Users\hachem safae\AppData\Roaming\npm;D:\android2\platform-tools;D:\XAAMP\php;C:\wamp64\bin\php\php5.6.40;C:\;C:\Prog
USERNAME=hachem safae
OS=Windows_NT
PROCESSOR_IDENTIFIER=Intel64 Family 6 Model 142 Stepping 12, GenuineIntel
TMP=C:\Users\HACHEM~1\AppData\Local\Temp
TEMP=C:\Users\HACHEM~1\AppData\Local\Temp


JNI global refs:
JNI global refs: 28, weak refs: 0

JNI global refs memory usage: 843, weak refs: 841


---------------  S Y S T E M  ---------------

OS:
 Windows 11 , 64 bit Build 22621 (10.0.22621.2428)
OS uptime: 0 days 7:17 hours

CPU: total 8 (initial active 8) (4 cores per cpu, 2 threads per core) family 6 model 142 stepping 12 microcode 0xf6, cx8, cmov, fxsr, ht, mmx, 3dnowpref, sse, sse2, sse3, ssse3, sse4.1, sse4.2, popcnt, lzcnt, tsc, tscinvbit, avx, avx2, aes, erms, clmul, bmi1, bmi2, adx, fma, vzeroupper, clflush, clflushopt

Memory: 4k page, system-wide physical 16194M (2668M free)
TotalPageFile size 18242M (AvailPageFile size 1M)
current process WorkingSet (physical memory assigned to process): 277M, peak: 280M
current process commit charge ("private bytes"): 314M, peak: 394M

vm_info: OpenJDK 64-Bit Server VM (17.0.6+0-b2043.56-10027231) for windows-amd64 JRE (17.0.6+0-b2043.56-10027231), built on Apr 28 2023 00:43:19 by "androidbuild" with MS VC++ 16.10 / 16.11 (VS2019)

END.
